ERROR: Unable to locate a modulefile for 'cudatoolkit/12.4'
[2025-05-10 14:55:09] Python version: Python 3.12.7
PyTorch version: 2.5.1
CUDA available: False
CUDA version: 12.4
[2025-05-10 14:55:14] CUDA not installed or GPUs not available.
[2025-05-10 14:55:14] Running iteration 1 of 10000
model id 119145
LOSS 119145: 67.89192962646484
LOSS 119145: 2195.92138671875
LOSS 119145: 128.69940185546875
LOSS 119145: 39.910316467285156
LOSS 119145: 27.17906951904297
LOSS 119145: 20.72859001159668
LOSS 119145: 16.736419677734375
LOSS 119145: 14.36815071105957
LOSS 119145: 12.456283569335938
LOSS 119145: 11.555400848388672
LOSS 119145: 10.677591323852539
LOSS 119145: 10.203173637390137
LOSS 119145: 9.792499542236328
LOSS 119145: 9.524530410766602
LOSS 119145: 9.274063110351562
LOSS 119145: 9.073707580566406
LOSS 119145: 8.941922187805176
LOSS 119145: 8.771902084350586
LOSS 119145: 8.57951545715332
LOSS 119145: 8.493343353271484
LOSS 119145: 8.499435424804688
LOSS 119145: 8.36453628540039
LOSS 119145: 8.326814651489258
LOSS 119145: 8.178972244262695
LOSS 119145: 8.139291763305664
LOSS 119145: 8.044942855834961
LOSS 119145: 8.06104850769043
LOSS 119145: 7.970401763916016
LOSS 119145: 7.88002872467041
LOSS 119145: 7.863008499145508
LOSS 119145: 7.845357894897461
LOSS 119145: 7.750883102416992
LOSS 119145: 7.761229991912842
LOSS 119145: 7.645062446594238
LOSS 119145: 7.610417366027832
LOSS 119145: 7.548581600189209
LOSS 119145: 7.457432270050049
LOSS 119145: 7.411425590515137
LOSS 119145: 7.453782558441162
LOSS 119145: 7.434474945068359
LOSS 119145: 7.342368125915527
LOSS 119145: 7.272902011871338
LOSS 119145: 7.263177871704102
LOSS 119145: 7.251690864562988
LOSS 119145: 7.15097713470459
LOSS 119145: 7.146551609039307
LOSS 119145: 7.03492546081543
LOSS 119145: 7.028348922729492
LOSS 119145: 7.080645561218262
LOSS 119145: 6.975775718688965
LOSS 119145: 6.961336135864258
LOSS 119145: 6.913863658905029
LOSS 119145: 6.996437072753906
LOSS 119145: 6.832575798034668
LOSS 119145: 6.835083484649658
LOSS 119145: 6.779394626617432
LOSS 119145: 6.763689041137695
LOSS 119145: 6.704065322875977
LOSS 119145: 6.74185848236084
LOSS 119145: 6.667885780334473
LOSS 119145: 6.624904155731201
LOSS 119145: 6.631962776184082
LOSS 119145: 6.6403350830078125
LOSS 119145: 6.563213348388672
LOSS 119145: 6.537818908691406
LOSS 119145: 6.476650238037109
LOSS 119145: 6.458589553833008
LOSS 119145: 6.423851490020752
LOSS 119145: 6.405776500701904
LOSS 119145: 6.435235977172852
LOSS 119145: 6.4254865646362305
LOSS 119145: 6.355313777923584
LOSS 119145: 6.3327484130859375
LOSS 119145: 6.307406902313232
LOSS 119145: 6.317371368408203
LOSS 119145: 6.24656867980957
LOSS 119145: 6.219411849975586
LOSS 119145: 6.223185062408447
LOSS 119145: 6.201905250549316
LOSS 119145: 6.165891647338867
LOSS 119145: 6.1384382247924805
LOSS 119145: 6.07703161239624
LOSS 119145: 6.054501533508301
LOSS 119145: 6.058424949645996
LOSS 119145: 6.020029067993164
LOSS 119145: 6.0169501304626465
LOSS 119145: 5.994938850402832
LOSS 119145: 5.953693389892578
LOSS 119145: 5.993044853210449
LOSS 119145: 5.911138534545898
LOSS 119145: 5.874530792236328
LOSS 119145: 5.85532283782959
LOSS 119145: 5.8336992263793945
LOSS 119145: 5.840542793273926
LOSS 119145: 5.816729545593262
LOSS 119145: 5.82269287109375
LOSS 119145: 5.746598720550537
LOSS 119145: 5.736424446105957
LOSS 119145: 5.745912551879883
LOSS 119145: 5.705022811889648
LOSS 119145: 5.656436920166016
LOSS 119145: 5.668708801269531
LOSS 119145: 5.6504106521606445
LOSS 119145: 5.608142852783203
LOSS 119145: 5.5547356605529785
LOSS 119145: 5.584844589233398
LOSS 119145: 5.553794860839844
LOSS 119145: 5.596327781677246
LOSS 119145: 5.529682159423828
LOSS 119145: 5.5070576667785645
LOSS 119145: 5.539084434509277
LOSS 119145: 5.506600379943848
LOSS 119145: 5.497544288635254
LOSS 119145: 5.416014671325684
LOSS 119145: 5.463286399841309
LOSS 119145: 5.402050971984863
LOSS 119145: 5.4058308601379395
LOSS 119145: 5.397671699523926
LOSS 119145: 5.371090888977051
LOSS 119145: 5.343381404876709
LOSS 119145: 5.348946571350098
LOSS 119145: 5.279975414276123
LOSS 119145: 5.300085067749023
LOSS 119145: 5.335785388946533
LOSS 119145: 5.264873504638672
LOSS 119145: 5.213447570800781
LOSS 119145: 5.232766151428223
LOSS 119145: 5.184377193450928
LOSS 119145: 5.232142448425293
LOSS 119145: 5.167156219482422
LOSS 119145: 5.222811222076416
LOSS 119145: 5.125186920166016
LOSS 119145: 5.196996212005615
LOSS 119145: 5.08577823638916
LOSS 119145: 5.077476501464844
LOSS 119145: 5.079514980316162
LOSS 119145: 5.049988746643066
LOSS 119145: 5.08989953994751
LOSS 119145: 5.024168968200684
LOSS 119145: 5.021757125854492
LOSS 119145: 5.048401355743408
LOSS 119145: 4.991983890533447
LOSS 119145: 5.019703388214111
LOSS 119145: 4.981461524963379
LOSS 119145: 5.009799957275391
LOSS 119145: 4.948111534118652
LOSS 119145: 4.930614471435547
LOSS 119145: 4.9322710037231445
LOSS 119145: 4.9220123291015625
LOSS 119145: 4.863913536071777
LOSS 119145: 4.885045051574707
LOSS 119145: 4.875953674316406
LOSS 119145: 4.868203163146973
LOSS 119145: 4.829341411590576
LOSS 119145: 4.876075744628906
LOSS 119145: 4.82942533493042
LOSS 119145: 4.803534984588623
LOSS 119145: 4.849644184112549
LOSS 119145: 4.805715560913086
LOSS 119145: 4.782118797302246
LOSS 119145: 4.75205135345459
LOSS 119145: 4.761248588562012
LOSS 119145: 4.764901161193848
LOSS 119145: 4.742193222045898
LOSS 119145: 4.737133979797363
LOSS 119145: 4.715456008911133
LOSS 119145: 4.650454521179199
LOSS 119145: 4.69736385345459
LOSS 119145: 4.6416144371032715
LOSS 119145: 4.669585227966309
LOSS 119145: 4.665194034576416
LOSS 119145: 4.644593238830566
LOSS 119145: 4.605709075927734
LOSS 119145: 4.638227462768555
LOSS 119145: 4.613795280456543
LOSS 119145: 4.5858259201049805
LOSS 119145: 4.590843200683594
LOSS 119145: 4.537407875061035
LOSS 119145: 4.571850776672363
LOSS 119145: 4.562175273895264
LOSS 119145: 4.530411720275879
LOSS 119145: 4.529600620269775
LOSS 119145: 4.520691394805908
LOSS 119145: 4.540168285369873
LOSS 119145: 4.513280868530273
LOSS 119145: 4.468957901000977
LOSS 119145: 4.451359748840332
LOSS 119145: 4.464733123779297
LOSS 119145: 4.482760429382324
LOSS 119145: 4.445296764373779
LOSS 119145: 4.469097137451172
LOSS 119145: 4.435873985290527
LOSS 119145: 4.420577049255371
LOSS 119145: 4.4327263832092285
LOSS 119145: 4.39912223815918
LOSS 119145: 4.414787292480469
LOSS 119145: 4.404434680938721
LOSS 119145: 4.3435773849487305
LOSS 119145: 4.385512828826904
LOSS 119145: 4.340707778930664
LOSS 119145: 4.346959590911865
LOSS 119145: 4.359946250915527
LOSS 119145: 4.353933334350586
LOSS 119145: 4.3693647384643555
LOSS 119145: 4.325553894042969
LOSS 119145: 4.333953380584717
LOSS 119145: 4.3420820236206055
LOSS 119145: 4.290543079376221
LOSS 119145: 4.311219215393066
LOSS 119145: 4.2549872398376465
LOSS 119145: 4.275683879852295
LOSS 119145: 4.265303611755371
LOSS 119145: 4.259158134460449
LOSS 119145: 4.289956092834473
LOSS 119145: 4.263038158416748
LOSS 119145: 4.241487503051758
LOSS 119145: 4.2262678146362305
LOSS 119145: 4.212584018707275
LOSS 119145: 4.191134452819824
LOSS 119145: 4.193721771240234
LOSS 119145: 4.174482345581055
LOSS 119145: 4.189905166625977
LOSS 119145: 4.151569843292236
LOSS 119145: 4.12476921081543
LOSS 119145: 4.150995254516602
LOSS 119145: 4.158563613891602
LOSS 119145: 4.175297737121582
LOSS 119145: 4.123856544494629
LOSS 119145: 4.10741662979126
LOSS 119145: 4.139853477478027
LOSS 119145: 4.08455228805542
LOSS 119145: 4.145960807800293
LOSS 119145: 4.0785722732543945
LOSS 119145: 4.097373962402344
LOSS 119145: 4.077434062957764
LOSS 119145: 4.054615497589111
LOSS 119145: 4.055834770202637
LOSS 119145: 4.069637298583984
LOSS 119145: 4.079529762268066
LOSS 119145: 4.0582733154296875
LOSS 119145: 4.021786689758301
LOSS 119145: 4.053962707519531
LOSS 119145: 4.018535137176514
LOSS 119145: 3.9985013008117676
LOSS 119145: 4.061077117919922
LOSS 119145: 4.0029802322387695
LOSS 119145: 3.9852969646453857
LOSS 119145: 4.002968788146973
LOSS 119145: 3.979240655899048
LOSS 119145: 3.991915702819824
LOSS 119145: 3.979671001434326
LOSS 119145: 4.0180511474609375
LOSS 119145: 3.983377695083618
LOSS 119145: 3.964118480682373
LOSS 119145: 3.9272029399871826
LOSS 119145: 3.978353977203369
LOSS 119145: 3.933901786804199
LOSS 119145: 3.937617540359497
LOSS 119145: 3.918158531188965
LOSS 119145: 3.940359592437744
LOSS 119145: 3.912990093231201
LOSS 119145: 3.9151694774627686
LOSS 119145: 3.9224512577056885
LOSS 119145: 3.9194183349609375
LOSS 119145: 3.9262197017669678
LOSS 119145: 3.9116125106811523
LOSS 119145: 3.8688435554504395
LOSS 119145: 3.8811964988708496
LOSS 119145: 3.8723034858703613
LOSS 119145: 3.865116596221924
LOSS 119145: 3.8518333435058594
LOSS 119145: 3.8528175354003906
LOSS 119145: 3.869223117828369
LOSS 119145: 3.815155506134033
LOSS 119145: 3.831021785736084
LOSS 119145: 3.8508310317993164
LOSS 119145: 3.827909469604492
LOSS 119145: 3.81315016746521
LOSS 119145: 3.830901622772217
LOSS 119145: 3.767740488052368
LOSS 119145: 3.8197884559631348
LOSS 119145: 3.777071237564087
LOSS 119145: 3.8135108947753906
LOSS 119145: 3.811474323272705
LOSS 119145: 3.803982734680176
LOSS 119145: 3.8095498085021973
LOSS 119145: 3.787046194076538
LOSS 119145: 3.776416301727295
LOSS 119145: 3.7737746238708496
LOSS 119145: 3.772315740585327
LOSS 119145: 3.769455909729004
LOSS 119145: 3.7403712272644043
LOSS 119145: 3.7407026290893555
LOSS 119145: 3.7617454528808594
LOSS 119145: 3.7344179153442383
LOSS 119145: 3.720797300338745
LOSS 119145: 3.7133212089538574
LOSS 119145: 3.7308099269866943
LOSS 119145: 3.7246382236480713
LOSS 119145: 3.6868791580200195
LOSS 119145: 3.6931490898132324
LOSS 119145: 3.6670384407043457
LOSS 119145: 3.6941423416137695
LOSS 119145: 3.6918601989746094
LOSS 119145: 3.6740007400512695
LOSS 119145: 3.7086963653564453
LOSS 119145: 3.6596908569335938
LOSS 119145: 3.6530303955078125
LOSS 119145: 3.674105167388916
LOSS 119145: 3.6863574981689453
LOSS 119145: 3.6484079360961914
LOSS 119145: 3.654735565185547
LOSS 119145: 3.63917875289917
LOSS 119145: 3.6379048824310303
LOSS 119145: 3.6418890953063965
LOSS 119145: 3.646815061569214
LOSS 119145: 3.631044864654541
LOSS 119145: 3.6569089889526367
LOSS 119145: 3.633694648742676
LOSS 119145: 3.6343393325805664
LOSS 119145: 3.6220335960388184
LOSS 119145: 3.612804412841797
LOSS 119145: 3.617048740386963
LOSS 119145: 3.5905351638793945
LOSS 119145: 3.6057684421539307
LOSS 119145: 3.5967025756835938
LOSS 119145: 3.609139919281006
LOSS 119145: 3.5773980617523193
LOSS 119145: 3.5922224521636963
LOSS 119145: 3.576401710510254
LOSS 119145: 3.5681283473968506
LOSS 119145: 3.581759452819824
LOSS 119145: 3.5638012886047363
LOSS 119145: 3.5680131912231445
LOSS 119145: 3.546637773513794
LOSS 119145: 3.5697033405303955
LOSS 119145: 3.582319736480713
LOSS 119145: 3.539557456970215
LOSS 119145: 3.505828857421875
LOSS 119145: 3.542635440826416
LOSS 119145: 3.5596251487731934
LOSS 119145: 3.533323287963867
LOSS 119145: 3.50763201713562
LOSS 119145: 3.510079860687256
LOSS 119145: 3.538593292236328
LOSS 119145: 3.4948225021362305
LOSS 119145: 3.5177993774414062
LOSS 119145: 3.501703977584839
LOSS 119145: 3.5118231773376465
LOSS 119145: 3.495943546295166
LOSS 119145: 3.4856081008911133
LOSS 119145: 3.50297212600708
LOSS 119145: 3.4770708084106445
LOSS 119145: 3.491008758544922
LOSS 119145: 3.4834671020507812
LOSS 119145: 3.47287654876709
LOSS 119145: 3.481764316558838
LOSS 119145: 3.4648919105529785
LOSS 119145: 3.4946906566619873
LOSS 119145: 3.460692882537842
LOSS 119145: 3.4701926708221436
LOSS 119145: 3.433842182159424
LOSS 119145: 3.4731132984161377
LOSS 119145: 3.4819388389587402
LOSS 119145: 3.4483680725097656
LOSS 119145: 3.4666919708251953
LOSS 119145: 3.44150447845459
LOSS 119145: 3.435573101043701
LOSS 119145: 3.4407236576080322
LOSS 119145: 3.4244742393493652
LOSS 119145: 3.4586844444274902
LOSS 119145: 3.4183602333068848
LOSS 119145: 3.421853542327881
LOSS 119145: 3.42862606048584
LOSS 119145: 3.391632556915283
LOSS 119145: 3.4175326824188232
LOSS 119145: 3.4053022861480713
LOSS 119145: 3.3880834579467773
LOSS 119145: 3.4132299423217773
LOSS 119145: 3.4084935188293457
LOSS 119145: 3.365917205810547
LOSS 119145: 3.388561725616455
LOSS 119145: 3.379112958908081
LOSS 119145: 3.371011257171631
LOSS 119145: 3.3682568073272705
LOSS 119145: 3.373408317565918
LOSS 119145: 3.3494856357574463
LOSS 119145: 3.374910831451416
LOSS 119145: 3.3508448600769043
LOSS 119145: 3.371865749359131
LOSS 119145: 3.3695778846740723
LOSS 119145: 3.3623507022857666
LOSS 119145: 3.361938238143921
LOSS 119145: 3.38033390045166
LOSS 119145: 3.3657050132751465
LOSS 119145: 3.3368289470672607
LOSS 119145: 3.3536179065704346
LOSS 119145: 3.374760627746582
LOSS 119145: 3.3529720306396484
LOSS 119145: 3.358405590057373
LOSS 119145: 3.3302054405212402
LOSS 119145: 3.3205208778381348
LOSS 119145: 3.315110683441162
LOSS 119145: 3.3363685607910156
LOSS 119145: 3.3286430835723877
LOSS 119145: 3.3085074424743652
LOSS 119145: 3.3482751846313477
LOSS 119145: 3.3303661346435547
LOSS 119145: 3.312039375305176
LOSS 119145: 3.305703639984131
LOSS 119145: 3.2760541439056396
LOSS 119145: 3.320742130279541
LOSS 119145: 3.3103039264678955
LOSS 119145: 3.287700653076172
LOSS 119145: 3.2990736961364746
LOSS 119145: 3.2858824729919434
LOSS 119145: 3.272960662841797
LOSS 119145: 3.2710280418395996
LOSS 119145: 3.291795253753662
LOSS 119145: 3.2994608879089355
LOSS 119145: 3.2634549140930176
LOSS 119145: 3.287435531616211
LOSS 119145: 3.285573720932007
LOSS 119145: 3.293156623840332
LOSS 119145: 3.2804155349731445
LOSS 119145: 3.260112762451172
LOSS 119145: 3.2632765769958496
LOSS 119145: 3.260794162750244
LOSS 119145: 3.2633554935455322
LOSS 119145: 3.266138792037964
LOSS 119145: 3.2482032775878906
LOSS 119145: 3.2654056549072266
LOSS 119145: 3.290886878967285
LOSS 119145: 3.221423625946045
LOSS 119145: 3.2651920318603516
LOSS 119145: 3.242849349975586
LOSS 119145: 3.239713668823242
LOSS 119145: 3.236175060272217
LOSS 119145: 3.2443394660949707
LOSS 119145: 3.2342782020568848
LOSS 119145: 3.2259583473205566
LOSS 119145: 3.2246012687683105
LOSS 119145: 3.2180559635162354
LOSS 119145: 3.1875293254852295
LOSS 119145: 3.2075605392456055
LOSS 119145: 3.1997060775756836
LOSS 119145: 3.20072340965271
LOSS 119145: 3.2109293937683105
LOSS 119145: 3.2192397117614746
LOSS 119145: 3.212369680404663
LOSS 119145: 3.196371555328369
LOSS 119145: 3.2281365394592285
LOSS 119145: 3.2290291786193848
LOSS 119145: 3.1659913063049316
LOSS 119145: 3.2105469703674316
LOSS 119145: 3.216564893722534
LOSS 119145: 3.1887736320495605
LOSS 119145: 3.1789817810058594
LOSS 119145: 3.2106900215148926
LOSS 119145: 3.150969982147217
LOSS 119145: 3.1739444732666016
LOSS 119145: 3.1654717922210693
LOSS 119145: 3.1677169799804688
LOSS 119145: 3.1724534034729004
LOSS 119145: 3.1900815963745117
LOSS 119145: 3.1467695236206055
LOSS 119145: 3.154780387878418
LOSS 119145: 3.147594451904297
LOSS 119145: 3.165942668914795
LOSS 119145: 3.167011260986328
LOSS 119145: 3.1295573711395264
LOSS 119145: 3.167269706726074
LOSS 119145: 3.1664962768554688
LOSS 119145: 3.1273627281188965
LOSS 119145: 3.1531479358673096
LOSS 119145: 3.166480541229248
LOSS 119145: 3.118460178375244
LOSS 119145: 3.1468605995178223
LOSS 119145: 3.162161350250244
LOSS 119145: 3.1506497859954834
LOSS 119145: 3.1144697666168213
LOSS 119145: 3.1131510734558105
LOSS 119145: 3.153764009475708
LOSS 119145: 3.1262893676757812
LOSS 119145: 3.156820058822632
LOSS 119145: 3.144724130630493
LOSS 119145: 3.1491994857788086
LOSS 119145: 3.124145030975342
LOSS 119145: 3.128457546234131
LOSS 119145: 3.099916934967041
LOSS 119145: 3.095261335372925
LOSS 119145: 3.114591598510742
LOSS 119145: 3.0918307304382324
LOSS 119145: 3.114738941192627
LOSS 119145: 3.124250650405884
LOSS 119145: 3.134469509124756
LOSS 119145: 3.1058757305145264
LOSS 119145: 3.073974132537842
LOSS 119145: 3.0991272926330566
LOSS 119145: 3.084529399871826
LOSS 119145: 3.0965218544006348
LOSS 119145: 3.0825843811035156
LOSS 119145: 3.0764830112457275
LOSS 119145: 3.110029697418213
LOSS 119145: 3.113499641418457
LOSS 119145: 3.0871739387512207
LOSS 119145: 3.0831923484802246
LOSS 119145: 3.1054446697235107
LOSS 119145: 3.08138370513916
LOSS 119145: 3.0738141536712646
LOSS 119145: 3.0907859802246094
LOSS 119145: 3.0906546115875244
LOSS 119145: 3.0851192474365234
LOSS 119145: 3.061924457550049
LOSS 119145: 3.069307804107666
LOSS 119145: 3.0522077083587646
LOSS 119145: 3.046969413757324
LOSS 119145: 3.074984550476074
LOSS 119145: 3.084273099899292
LOSS 119145: 3.0662407875061035
LOSS 119145: 3.039973735809326
LOSS 119145: 3.0413904190063477
LOSS 119145: 3.071683406829834
LOSS 119145: 3.0250625610351562
LOSS 119145: 3.0491693019866943
LOSS 119145: 3.046996593475342
LOSS 119145: 3.0645086765289307
LOSS 119145: 3.018618583679199
LOSS 119145: 3.0292651653289795
LOSS 119145: 3.0429279804229736
LOSS 119145: 3.048027992248535
LOSS 119145: 3.022407293319702
LOSS 119145: 3.0337963104248047
LOSS 119145: 3.039656639099121
LOSS 119145: 3.045722484588623
LOSS 119145: 3.0176568031311035
LOSS 119145: 3.0066874027252197
LOSS 119145: 3.0223681926727295
LOSS 119145: 3.018442153930664
LOSS 119145: 3.024458408355713
LOSS 119145: 2.9981696605682373
LOSS 119145: 3.006618022918701
LOSS 119145: 3.037590980529785
LOSS 119145: 3.0013985633850098
LOSS 119145: 3.0023012161254883
LOSS 119145: 3.0099401473999023
LOSS 119145: 3.0187861919403076
LOSS 119145: 3.021879196166992
LOSS 119145: 3.0037407875061035
LOSS 119145: 2.991814136505127
LOSS 119145: 3.002239227294922
LOSS 119145: 3.0209314823150635
LOSS 119145: 2.9907889366149902
LOSS 119145: 2.9899096488952637
LOSS 119145: 3.003051996231079
LOSS 119145: 2.979064702987671
LOSS 119145: 2.995800495147705
LOSS 119145: 3.0109333992004395
LOSS 119145: 3.005666494369507
LOSS 119145: 2.9567079544067383
LOSS 119145: 2.958509922027588
LOSS 119145: 2.9964280128479004
LOSS 119145: 2.9870834350585938
LOSS 119145: 2.9757509231567383
LOSS 119145: 3.00329327583313
LOSS 119145: 2.9919846057891846
LOSS 119145: 2.993974447250366
LOSS 119145: 2.9783692359924316
LOSS 119145: 2.9808902740478516
LOSS 119145: 2.9662575721740723
LOSS 119145: 2.9748363494873047
LOSS 119145: 2.96838116645813
LOSS 119145: 2.9614949226379395
LOSS 119145: 2.983017921447754
LOSS 119145: 2.9668567180633545
LOSS 119145: 2.963125705718994
LOSS 119145: 2.9518539905548096
LOSS 119145: 2.968418598175049
LOSS 119145: 2.9511778354644775
LOSS 119145: 2.9575629234313965
LOSS 119145: 2.944645881652832
LOSS 119145: 2.971538782119751
LOSS 119145: 2.9434475898742676
LOSS 119145: 2.9609274864196777
LOSS 119145: 2.9594221115112305
LOSS 119145: 2.9424867630004883
LOSS 119145: 2.970865249633789
LOSS 119145: 2.956681489944458
LOSS 119145: 2.954221248626709
LOSS 119145: 2.9374351501464844
LOSS 119145: 2.9494519233703613
LOSS 119145: 2.9353156089782715
LOSS 119145: 2.945730209350586
LOSS 119145: 2.9464011192321777
LOSS 119145: 2.935385227203369
LOSS 119145: 2.930323600769043
LOSS 119145: 2.937542200088501
LOSS 119145: 2.9422237873077393
LOSS 119145: 2.925638437271118
LOSS 119145: 2.921266555786133
LOSS 119145: 2.9186997413635254
LOSS 119145: 2.920177459716797
LOSS 119145: 2.9261274337768555
LOSS 119145: 2.9167580604553223
LOSS 119145: 2.928685188293457
LOSS 119145: 2.933044910430908
LOSS 119145: 2.899667739868164
LOSS 119145: 2.909775733947754
LOSS 119145: 2.9152305126190186
LOSS 119145: 2.9129505157470703
LOSS 119145: 2.8996376991271973
LOSS 119145: 2.8994174003601074
LOSS 119145: 2.9126133918762207
LOSS 119145: 2.939124584197998
LOSS 119145: 2.908437967300415
LOSS 119145: 2.8973450660705566
LOSS 119145: 2.904489517211914
LOSS 119145: 2.8983407020568848
LOSS 119145: 2.893101215362549
LOSS 119145: 2.907526969909668
LOSS 119145: 2.8762316703796387
LOSS 119145: 2.8960418701171875
LOSS 119145: 2.8948395252227783
LOSS 119145: 2.885498285293579
LOSS 119145: 2.8963541984558105
LOSS 119145: 2.907425880432129
LOSS 119145: 2.895658493041992
LOSS 119145: 2.923985481262207
LOSS 119145: 2.8919899463653564
LOSS 119145: 2.892592430114746
LOSS 119145: 2.894932746887207
LOSS 119145: 2.8824212551116943
LOSS 119145: 2.875429153442383
LOSS 119145: 2.880671977996826
LOSS 119145: 2.8702383041381836
LOSS 119145: 2.8849706649780273
LOSS 119145: 2.8779916763305664
LOSS 119145: 2.8571934700012207
LOSS 119145: 2.869515895843506
LOSS 119145: 2.8768815994262695
LOSS 119145: 2.871997356414795
LOSS 119145: 2.8694229125976562
LOSS 119145: 2.8676259517669678
LOSS 119145: 2.8717105388641357
LOSS 119145: 2.8811287879943848
LOSS 119145: 2.8677024841308594
LOSS 119145: 2.8705241680145264
LOSS 119145: 2.850466012954712
LOSS 119145: 2.8528928756713867
LOSS 119145: 2.853006362915039
LOSS 119145: 2.854048728942871
LOSS 119145: 2.8702995777130127
LOSS 119145: 2.8658032417297363
LOSS 119145: 2.8710837364196777
LOSS 119145: 2.8577511310577393
LOSS 119145: 2.8495750427246094
LOSS 119145: 2.8494925498962402
LOSS 119145: 2.848259449005127
LOSS 119145: 2.8537681102752686
LOSS 119145: 2.825942277908325
LOSS 119145: 2.8380990028381348
LOSS 119145: 2.8516180515289307
LOSS 119145: 2.83795428276062
LOSS 119145: 2.8482656478881836
LOSS 119145: 2.8519835472106934
LOSS 119145: 2.83388090133667
LOSS 119145: 2.8198914527893066
LOSS 119145: 2.8622560501098633
LOSS 119145: 2.817889928817749
LOSS 119145: 2.8327455520629883
LOSS 119145: 2.8369250297546387
LOSS 119145: 2.813283920288086
LOSS 119145: 2.8359885215759277
LOSS 119145: 2.8046038150787354
LOSS 119145: 2.8010873794555664
LOSS 119145: 2.814108371734619
LOSS 119145: 2.824788808822632
LOSS 119145: 2.8049402236938477
LOSS 119145: 2.8171768188476562
LOSS 119145: 2.830078125
LOSS 119145: 2.818272590637207
LOSS 119145: 2.829472064971924
LOSS 119145: 2.815512180328369
LOSS 119145: 2.7994635105133057
LOSS 119145: 2.828152894973755
LOSS 119145: 2.812934398651123
LOSS 119145: 2.808317184448242
LOSS 119145: 2.8142244815826416
LOSS 119145: 2.8069324493408203
LOSS 119145: 2.7955527305603027
LOSS 119145: 2.8004796504974365
LOSS 119145: 2.8051505088806152
LOSS 119145: 2.809335231781006
LOSS 119145: 2.8131465911865234
LOSS 119145: 2.8192715644836426
LOSS 119145: 2.7683122158050537
LOSS 119145: 2.7924747467041016
LOSS 119145: 2.804478168487549
LOSS 119145: 2.782839298248291
LOSS 119145: 2.798396110534668
LOSS 119145: 2.8001656532287598
LOSS 119145: 2.7978858947753906
LOSS 119145: 2.7963945865631104
LOSS 119145: 2.7959446907043457
LOSS 119145: 2.8258352279663086
LOSS 119145: 2.800713062286377
LOSS 119145: 2.79746675491333
LOSS 119145: 2.7878308296203613
LOSS 119145: 2.7723946571350098
LOSS 119145: 2.801602363586426
LOSS 119145: 2.7792673110961914
LOSS 119145: 2.7782363891601562
LOSS 119145: 2.8135485649108887
LOSS 119145: 2.7830231189727783
LOSS 119145: 2.7754430770874023
LOSS 119145: 2.7702624797821045
LOSS 119145: 2.7879042625427246
LOSS 119145: 2.785078763961792
LOSS 119145: 2.773894786834717
LOSS 119145: 2.7710695266723633
LOSS 119145: 2.783964157104492
LOSS 119145: 2.783029079437256
LOSS 119145: 2.7738280296325684
LOSS 119145: 2.7500758171081543
LOSS 119145: 2.754796028137207
LOSS 119145: 2.7771527767181396
LOSS 119145: 2.776031970977783
LOSS 119145: 2.7691235542297363
LOSS 119145: 2.781174659729004
LOSS 119145: 2.7603402137756348
LOSS 119145: 2.7702555656433105
LOSS 119145: 2.7709734439849854
LOSS 119145: 2.7686243057250977
LOSS 119145: 2.773068904876709
LOSS 119145: 2.7388572692871094
LOSS 119145: 2.752688407897949
LOSS 119145: 2.77587890625
LOSS 119145: 2.762204647064209
LOSS 119145: 2.747745990753174
LOSS 119145: 2.7683820724487305
LOSS 119145: 2.764247417449951
LOSS 119145: 2.7573299407958984
LOSS 119145: 2.746513843536377
LOSS 119145: 2.738976001739502
LOSS 119145: 2.758192539215088
LOSS 119145: 2.753453016281128
LOSS 119145: 2.75217342376709
LOSS 119145: 2.7402005195617676
LOSS 119145: 2.7096800804138184
LOSS 119145: 2.7499008178710938
LOSS 119145: 2.730699062347412
LOSS 119145: 2.7320494651794434
LOSS 119145: 2.7326207160949707
LOSS 119145: 2.7227306365966797
LOSS 119145: 2.7467832565307617
LOSS 119145: 2.722670793533325
LOSS 119145: 2.7579054832458496
LOSS 119145: 2.755911350250244
LOSS 119145: 2.7307369709014893
LOSS 119145: 2.7007036209106445
LOSS 119145: 2.7309250831604004
LOSS 119145: 2.7153711318969727
LOSS 119145: 2.7169761657714844
LOSS 119145: 2.7393829822540283
LOSS 119145: 2.743055582046509
LOSS 119145: 2.7429349422454834
LOSS 119145: 2.717533588409424
LOSS 119145: 2.724911689758301
LOSS 119145: 2.7182650566101074
LOSS 119145: 2.7279093265533447
LOSS 119145: 2.7462244033813477
LOSS 119145: 2.7178049087524414
LOSS 119145: 2.730656147003174
LOSS 119145: 2.7208213806152344
LOSS 119145: 2.690230369567871
LOSS 119145: 2.748216390609741
LOSS 119145: 2.6854798793792725
LOSS 119145: 2.702620506286621
LOSS 119145: 2.7338109016418457
LOSS 119145: 2.7184181213378906
LOSS 119145: 2.691127061843872
LOSS 119145: 2.714256763458252
LOSS 119145: 2.7044358253479004
LOSS 119145: 2.696479082107544
LOSS 119145: 2.7170934677124023
LOSS 119145: 2.6999716758728027
LOSS 119145: 2.705878496170044
LOSS 119145: 2.7075557708740234
LOSS 119145: 2.7090959548950195
LOSS 119145: 2.696869373321533
LOSS 119145: 2.693218231201172
LOSS 119145: 2.6907973289489746
LOSS 119145: 2.690154552459717
LOSS 119145: 2.689255475997925
LOSS 119145: 2.690013885498047
LOSS 119145: 2.7171502113342285
LOSS 119145: 2.6986348628997803
LOSS 119145: 2.7148075103759766
LOSS 119145: 2.688347816467285
LOSS 119145: 2.7082266807556152
LOSS 119145: 2.6849942207336426
LOSS 119145: 2.725220203399658
LOSS 119145: 2.6921310424804688
LOSS 119145: 2.6927099227905273
LOSS 119145: 2.6852431297302246
LOSS 119145: 2.691542863845825
LOSS 119145: 2.704169750213623
LOSS 119145: 2.7055208683013916
LOSS 119145: 2.6735363006591797
LOSS 119145: 2.6544885635375977
LOSS 119145: 2.668102264404297
LOSS 119145: 2.723437786102295
LOSS 119145: 2.7114100456237793
LOSS 119145: 2.671123504638672
LOSS 119145: 2.6771368980407715
LOSS 119145: 2.679441452026367
LOSS 119145: 2.6810779571533203
LOSS 119145: 2.7032699584960938
LOSS 119145: 2.6736745834350586
LOSS 119145: 2.68556547164917
LOSS 119145: 2.678335666656494
LOSS 119145: 2.6680705547332764
LOSS 119145: 2.694657325744629
LOSS 119145: 2.6694231033325195
LOSS 119145: 2.6558475494384766
LOSS 119145: 2.6739673614501953
LOSS 119145: 2.6466593742370605
LOSS 119145: 2.666285991668701
LOSS 119145: 2.6882128715515137
LOSS 119145: 2.670321464538574
LOSS 119145: 2.6604976654052734
LOSS 119145: 2.6599135398864746
LOSS 119145: 2.6659035682678223
LOSS 119145: 2.639432907104492
LOSS 119145: 2.6881513595581055
LOSS 119145: 2.674203872680664
LOSS 119145: 2.6830875873565674
LOSS 119145: 2.670424222946167
LOSS 119145: 2.660918712615967
LOSS 119145: 2.647050380706787
LOSS 119145: 2.6530685424804688
LOSS 119145: 2.6759281158447266
LOSS 119145: 2.6523425579071045
LOSS 119145: 2.6493823528289795
LOSS 119145: 2.6564321517944336
LOSS 119145: 2.6659939289093018
LOSS 119145: 2.6731491088867188
LOSS 119145: 2.6723861694335938
LOSS 119145: 2.6392929553985596
LOSS 119145: 2.663273811340332
LOSS 119145: 2.6329739093780518
LOSS 119145: 2.6529417037963867
LOSS 119145: 2.6671252250671387
LOSS 119145: 2.65566086769104
LOSS 119145: 2.646387815475464
LOSS 119145: 2.672356605529785
LOSS 119145: 2.663245677947998
LOSS 119145: 2.6319901943206787
LOSS 119145: 2.6571288108825684
LOSS 119145: 2.649226188659668
LOSS 119145: 2.659236431121826
LOSS 119145: 2.6482057571411133
LOSS 119145: 2.632122039794922
LOSS 119145: 2.6601972579956055
LOSS 119145: 2.673081398010254
LOSS 119145: 2.630237579345703
LOSS 119145: 2.6499276161193848
LOSS 119145: 2.6476662158966064
LOSS 119145: 2.6388306617736816
LOSS 119145: 2.617520332336426
LOSS 119145: 2.658945083618164
LOSS 119145: 2.6312685012817383
LOSS 119145: 2.6284947395324707
LOSS 119145: 2.630072593688965
LOSS 119145: 2.6224842071533203
LOSS 119145: 2.6120529174804688
LOSS 119145: 2.625549793243408
LOSS 119145: 2.631884813308716
LOSS 119145: 2.628688335418701
LOSS 119145: 2.6107969284057617
LOSS 119145: 2.612846851348877
LOSS 119145: 2.609849452972412
LOSS 119145: 2.6481752395629883
LOSS 119145: 2.675229549407959
LOSS 119145: 2.638429641723633
LOSS 119145: 2.5990653038024902
LOSS 119145: 2.6449739933013916
LOSS 119145: 2.6220040321350098
LOSS 119145: 2.5909175872802734
LOSS 119145: 2.618852138519287
LOSS 119145: 2.619009494781494
LOSS 119145: 2.609323024749756
LOSS 119145: 2.619004249572754
LOSS 119145: 2.6171481609344482
LOSS 119145: 2.6047301292419434
LOSS 119145: 2.605340003967285
LOSS 119145: 2.6186330318450928
LOSS 119145: 2.612881898880005
LOSS 119145: 2.5964667797088623
LOSS 119145: 2.622340679168701
LOSS 119145: 2.611001491546631
LOSS 119145: 2.6081767082214355
LOSS 119145: 2.5738518238067627
LOSS 119145: 2.609614849090576
LOSS 119145: 2.6064534187316895
LOSS 119145: 2.6122303009033203
LOSS 119145: 2.601860523223877
LOSS 119145: 2.5991225242614746
LOSS 119145: 2.586557149887085
LOSS 119145: 2.5969021320343018
LOSS 119145: 2.6141371726989746
LOSS 119145: 2.5949971675872803
LOSS 119145: 2.607036590576172
LOSS 119145: 2.586927890777588
LOSS 119145: 2.6061501502990723
LOSS 119145: 2.599733829498291
LOSS 119145: 2.595219135284424
LOSS 119145: 2.5967822074890137
LOSS 119145: 2.598517894744873
LOSS 119145: 2.5941405296325684
LOSS 119145: 2.6065807342529297
LOSS 119145: 2.5919322967529297
LOSS 119145: 2.611579418182373
LOSS 119145: 2.6065430641174316
LOSS 119145: 2.58115816116333
LOSS 119145: 2.569089889526367
LOSS 119145: 2.5857186317443848
LOSS 119145: 2.5842907428741455
LOSS 119145: 2.593775510787964
LOSS 119145: 2.589127779006958
LOSS 119145: 2.5740745067596436
LOSS 119145: 2.592803955078125
LOSS 119145: 2.559826135635376
LOSS 119145: 2.5751047134399414
LOSS 119145: 2.5667009353637695
LOSS 119145: 2.5688676834106445
LOSS 119145: 2.585719347000122
LOSS 119145: 2.5565338134765625
LOSS 119145: 2.5735011100769043
LOSS 119145: 2.607407569885254
LOSS 119145: 2.569565773010254
LOSS 119145: 2.5830836296081543
LOSS 119145: 2.5775890350341797
LOSS 119145: 2.557511806488037
LOSS 119145: 2.577874183654785
LOSS 119145: 2.5680289268493652
LOSS 119145: 2.600234031677246
LOSS 119145: 2.5766894817352295
LOSS 119145: 2.552278995513916
LOSS 119145: 2.573906898498535
LOSS 119145: 2.556901216506958
LOSS 119145: 2.595179557800293
LOSS 119145: 2.577274799346924
LOSS 119145: 2.558321475982666
LOSS 119145: 2.544295310974121
LOSS 119145: 2.5400943756103516
LOSS 119145: 2.5621209144592285
LOSS 119145: 2.5706491470336914
LOSS 119145: 2.5353941917419434
LOSS 119145: 2.5379419326782227
LOSS 119145: 2.5644211769104004
LOSS 119145: 2.5628819465637207
LOSS 119145: 2.5672574043273926
LOSS 119145: 2.5549235343933105
LOSS 119145: 2.5581297874450684
LOSS 119145: 2.5708248615264893
LOSS 119145: 2.5332677364349365
LOSS 119145: 2.559040069580078
LOSS 119145: 2.559110641479492
LOSS 119145: 2.5632598400115967
LOSS 119145: 2.56001877784729
LOSS 119145: 2.541759729385376
LOSS 119145: 2.575927734375
LOSS 119145: 2.5353646278381348
LOSS 119145: 2.5601468086242676
LOSS 119145: 2.5670859813690186
LOSS 119145: 2.538154125213623
LOSS 119145: 2.558345317840576
LOSS 119145: 2.566314935684204
LOSS 119145: 2.542541980743408
LOSS 119145: 2.5399343967437744
LOSS 119145: 2.5443360805511475
LOSS 119145: 2.528461217880249
LOSS 119145: 2.567483425140381
LOSS 119145: 2.5460987091064453
LOSS 119145: 2.5537328720092773
LOSS 119145: 2.5361201763153076
LOSS 119145: 2.5270016193389893
LOSS 119145: 2.5274605751037598
LOSS 119145: 2.541229248046875
LOSS 119145: 2.531041145324707
LOSS 119145: 2.5213046073913574
LOSS 119145: 2.5372869968414307
LOSS 119145: 2.5469112396240234
LOSS 119145: 2.52010440826416
LOSS 119145: 2.5571250915527344
LOSS 119145: 2.547816753387451
LOSS 119145: 2.534046173095703
LOSS 119145: 2.5373849868774414
LOSS 119145: 2.528299331665039
LOSS 119145: 2.5324923992156982
LOSS 119145: 2.5179662704467773
LOSS 119145: 2.551175117492676
LOSS 119145: 2.5314249992370605
LOSS 119145: 2.524392604827881
LOSS 119145: 2.556558609008789
LOSS 119145: 2.5163440704345703
LOSS 119145: 2.5261247158050537
LOSS 119145: 2.518566131591797
LOSS 119145: 2.533796787261963
LOSS 119145: 2.5188064575195312
LOSS 119145: 2.535825252532959
LOSS 119145: 2.5266687870025635
LOSS 119145: 2.507671356201172
LOSS 119145: 2.5205764770507812
LOSS 119145: 2.532651662826538
LOSS 119145: 2.5140509605407715
LOSS 119145: 2.527825355529785
LOSS 119145: 2.5071263313293457
LOSS 119145: 2.5204334259033203
LOSS 119145: 2.5471396446228027
LOSS 119145: 2.514906406402588
LOSS 119145: 2.5157310962677
LOSS 119145: 2.5285892486572266
LOSS 119145: 2.511143207550049
LOSS 119145: 2.503251791000366
LOSS 119145: 2.513422727584839
LOSS 119145: 2.513141632080078
LOSS 119145: 2.5005223751068115
LOSS 119145: 2.5096118450164795
LOSS 119145: 2.5085926055908203
LOSS 119145: 2.508371114730835
LOSS 119145: 2.5151617527008057
LOSS 119145: 2.5198493003845215
LOSS 119145: 2.5307388305664062
LOSS 119145: 2.5211198329925537
LOSS 119145: 2.528240203857422
LOSS 119145: 2.5121307373046875
LOSS 119145: 2.5141453742980957
LOSS 119145: 2.5056705474853516
LOSS 119145: 2.5224223136901855
LOSS 119145: 2.521106719970703
LOSS 119145: 2.505875587463379
LOSS 119145: 2.515054702758789
LOSS 119145: 2.500322103500366
LOSS 119145: 2.50331711769104
LOSS 119145: 2.510303497314453
LOSS 119145: 2.5027999877929688
LOSS 119145: 2.5123534202575684
LOSS 119145: 2.5001330375671387
LOSS 119145: 2.504786491394043
LOSS 119145: 2.5063562393188477
LOSS 119145: 2.4954450130462646
LOSS 119145: 2.5137524604797363
LOSS 119145: 2.516275405883789
LOSS 119145: 2.503549814224243
LOSS 119145: 2.5073556900024414
LOSS 119145: 2.501471519470215
LOSS 119145: 2.5112993717193604
LOSS 119145: 2.5054192543029785
LOSS 119145: 2.490945816040039
LOSS 119145: 2.4974124431610107
LOSS 119145: 2.5025134086608887
LOSS 119145: 2.5019431114196777
LOSS 119145: 2.488964080810547
LOSS 119145: 2.499718427658081
LOSS 119145: 2.4857940673828125
LOSS 119145: 2.5137338638305664
LOSS 119145: 2.4973349571228027
LOSS 119145: 2.5045151710510254
LOSS 119145: 2.4742817878723145
LOSS 119145: 2.4652342796325684
LOSS 119145: 2.483741044998169
LOSS 119145: 2.490365982055664
LOSS 119145: 2.5074610710144043
LOSS 119145: 2.4710636138916016
LOSS 119145: 2.487978458404541
LOSS 119145: 2.487863063812256
LOSS 119145: 2.4811439514160156
LOSS 119145: 2.4752697944641113
LOSS 119145: 2.487394332885742
LOSS 119145: 2.4702553749084473
LOSS 119145: 2.489206314086914
LOSS 119145: 2.4943771362304688
LOSS 119145: 2.4819087982177734
LOSS 119145: 2.466266632080078
LOSS 119145: 2.5147006511688232
LOSS 119145: 2.4882583618164062
LOSS 119145: 2.476503372192383
LOSS 119145: 2.479724407196045
LOSS 119145: 2.486684560775757
LOSS 119145: 2.467560052871704
LOSS 119145: 2.4865882396698
LOSS 119145: 2.470980644226074
LOSS 119145: 2.477783441543579
LOSS 119145: 2.4733991622924805
LOSS 119145: 2.46437406539917
LOSS 119145: 2.491230010986328
LOSS 119145: 2.465284824371338
LOSS 119145: 2.4855570793151855
LOSS 119145: 2.4682505130767822
LOSS 119145: 2.451174020767212
LOSS 119145: 2.452071189880371
LOSS 119145: 2.4711055755615234
LOSS 119145: 2.465181827545166
LOSS 119145: 2.4788994789123535
LOSS 119145: 2.4449238777160645
LOSS 119145: 2.467275381088257
LOSS 119145: 2.470475196838379
LOSS 119145: 2.485344886779785
LOSS 119145: 2.4756932258605957
LOSS 119145: 2.4750349521636963
LOSS 119145: 2.4614999294281006
LOSS 119145: 2.486463785171509
LOSS 119145: 2.496509552001953
LOSS 119145: 2.464843273162842
LOSS 119145: 2.4669361114501953
LOSS 119145: 2.4501593112945557
LOSS 119145: 2.454538345336914
LOSS 119145: 2.4649176597595215
LOSS 119145: 2.4573755264282227
LOSS 119145: 2.4409592151641846
LOSS 119145: 2.4526383876800537
LOSS 119145: 2.474722385406494
LOSS 119145: 2.4519333839416504
LOSS 119145: 2.449639081954956
LOSS 119145: 2.467885971069336
LOSS 119145: 2.4596118927001953
LOSS 119145: 2.4685122966766357
LOSS 119145: 2.463871717453003
LOSS 119145: 2.4759652614593506
LOSS 119145: 2.4532344341278076
LOSS 119145: 2.455197334289551
LOSS 119145: 2.4387269020080566
LOSS 119145: 2.447253704071045
LOSS 119145: 2.461507797241211
LOSS 119145: 2.463833808898926
LOSS 119145: 2.465238332748413
LOSS 119145: 2.4585180282592773
LOSS 119145: 2.4633188247680664
LOSS 119145: 2.440371036529541
LOSS 119145: 2.456493377685547
LOSS 119145: 2.428140640258789
LOSS 119145: 2.436664581298828
LOSS 119145: 2.4439644813537598
LOSS 119145: 2.4436583518981934
LOSS 119145: 2.4312918186187744
LOSS 119145: 2.443298101425171
LOSS 119145: 2.450864315032959
LOSS 119145: 2.4489846229553223
LOSS 119145: 2.4334449768066406
LOSS 119145: 2.440037250518799
LOSS 119145: 2.420442581176758
LOSS 119145: 2.446425199508667
LOSS 119145: 2.4269070625305176
LOSS 119145: 2.421865940093994
LOSS 119145: 2.4209182262420654
LOSS 119145: 2.4335687160491943
LOSS 119145: 2.4301443099975586
LOSS 119145: 2.436471939086914
LOSS 119145: 2.4399447441101074
LOSS 119145: 2.421842098236084
LOSS 119145: 2.445499897003174
LOSS 119145: 2.45387601852417
LOSS 119145: 2.4191346168518066
LOSS 119145: 2.44136381149292
LOSS 119145: 2.430938243865967
LOSS 119145: 2.4331789016723633
LOSS 119145: 2.437187433242798
LOSS 119145: 2.4377284049987793
LOSS 119145: 2.43997859954834
LOSS 119145: 2.4392616748809814
LOSS 119145: 2.425477981567383
LOSS 119145: 2.438141107559204
LOSS 119145: 2.4339873790740967
LOSS 119145: 2.422494888305664
LOSS 119145: 2.439476490020752
LOSS 119145: 2.418315887451172
LOSS 119145: 2.4384303092956543
LOSS 119145: 2.409536838531494
LOSS 119145: 2.427595615386963
LOSS 119145: 2.443655014038086
LOSS 119145: 2.4147567749023438
LOSS 119145: 2.4281768798828125
LOSS 119145: 2.4212307929992676
LOSS 119145: 2.41690993309021
LOSS 119145: 2.4029059410095215
LOSS 119145: 2.4034080505371094
LOSS 119145: 2.419492244720459
LOSS 119145: 2.421776533126831
LOSS 119145: 2.426941156387329
LOSS 119145: 2.444186210632324
LOSS 119145: 2.432068347930908
LOSS 119145: 2.403660297393799
LOSS 119145: 2.4168481826782227
LOSS 119145: 2.40997052192688
LOSS 119145: 2.4259443283081055
LOSS 119145: 2.400369882583618
LOSS 119145: 2.4227066040039062
LOSS 119145: 2.4420299530029297
LOSS 119145: 2.4086837768554688
LOSS 119145: 2.4276082515716553
LOSS 119145: 2.3978214263916016
LOSS 119145: 2.3988537788391113
LOSS 119145: 2.4036502838134766
LOSS 119145: 2.4182076454162598
LOSS 119145: 2.39607572555542
LOSS 119145: 2.4279098510742188
LOSS 119145: 2.4067187309265137
LOSS 119145: 2.3965988159179688
LOSS 119145: 2.3813750743865967
LOSS 119145: 2.4057483673095703
LOSS 119145: 2.418435573577881
LOSS 119145: 2.414468765258789
LOSS 119145: 2.4041786193847656
LOSS 119145: 2.3994224071502686
LOSS 119145: 2.4324214458465576
LOSS 119145: 2.414238929748535
LOSS 119145: 2.4166646003723145
LOSS 119145: 2.3891310691833496
LOSS 119145: 2.404115676879883
LOSS 119145: 2.4161970615386963
LOSS 119145: 2.4037890434265137
LOSS 119145: 2.388401508331299
LOSS 119145: 2.3902440071105957
LOSS 119145: 2.4036598205566406
LOSS 119145: 2.3935165405273438
LOSS 119145: 2.4168925285339355
LOSS 119145: 2.393864154815674
LOSS 119145: 2.3927364349365234
LOSS 119145: 2.3973159790039062
LOSS 119145: 2.3917927742004395
LOSS 119145: 2.3994553089141846
LOSS 119145: 2.383713483810425
LOSS 119145: 2.3887572288513184
LOSS 119145: 2.3979265689849854
LOSS 119145: 2.3923871517181396
LOSS 119145: 2.4098246097564697
LOSS 119145: 2.416809558868408
LOSS 119145: 2.397909164428711
LOSS 119145: 2.376737594604492
LOSS 119145: 2.3902859687805176
LOSS 119145: 2.4174580574035645
LOSS 119145: 2.3789844512939453
LOSS 119145: 2.4172720909118652
LOSS 119145: 2.3856725692749023
LOSS 119145: 2.403134346008301
LOSS 119145: 2.3976247310638428
LOSS 119145: 2.3976144790649414
LOSS 119145: 2.3917393684387207
LOSS 119145: 2.4011423587799072
LOSS 119145: 2.3872487545013428
LOSS 119145: 2.382390022277832
LOSS 119145: 2.3967061042785645
LOSS 119145: 2.3997180461883545
LOSS 119145: 2.393888473510742
LOSS 119145: 2.3901681900024414
LOSS 119145: 2.384369373321533
LOSS 119145: 2.382361888885498
LOSS 119145: 2.3788185119628906
LOSS 119145: 2.3940329551696777
LOSS 119145: 2.377042770385742
LOSS 119145: 2.389228343963623
LOSS 119145: 2.372647285461426
LOSS 119145: 2.3879356384277344
LOSS 119145: 2.382441520690918
LOSS 119145: 2.3767902851104736
LOSS 119145: 2.364502191543579
LOSS 119145: 2.3875813484191895
LOSS 119145: 2.374901294708252
LOSS 119145: 2.3924670219421387
LOSS 119145: 2.369365692138672
LOSS 119145: 2.3823201656341553
LOSS 119145: 2.3797450065612793
LOSS 119145: 2.4115562438964844
LOSS 119145: 2.3807053565979004
LOSS 119145: 2.377821445465088
LOSS 119145: 2.3798508644104004
LOSS 119145: 2.3673315048217773
LOSS 119145: 2.3862595558166504
LOSS 119145: 2.3846006393432617
LOSS 119145: 2.373197317123413
LOSS 119145: 2.341702938079834
LOSS 119145: 2.3497304916381836
LOSS 119145: 2.3674156665802
LOSS 119145: 2.3621268272399902
LOSS 119145: 2.363706111907959
LOSS 119145: 2.3539605140686035
LOSS 119145: 2.395831346511841
LOSS 119145: 2.3816452026367188
LOSS 119145: 2.3797426223754883
LOSS 119145: 2.363367795944214
LOSS 119145: 2.3712358474731445
LOSS 119145: 2.391185998916626
LOSS 119145: 2.3788657188415527
LOSS 119145: 2.3689770698547363
LOSS 119145: 2.3762857913970947
LOSS 119145: 2.36958384513855
LOSS 119145: 2.3555350303649902
LOSS 119145: 2.349118709564209
LOSS 119145: 2.370187520980835
LOSS 119145: 2.374457359313965
LOSS 119145: 2.3627068996429443
LOSS 119145: 2.3662869930267334
LOSS 119145: 2.3788199424743652
LOSS 119145: 2.3390963077545166
LOSS 119145: 2.364287853240967
LOSS 119145: 2.3696813583374023
LOSS 119145: 2.3654651641845703
LOSS 119145: 2.3672688007354736
LOSS 119145: 2.3501791954040527
LOSS 119145: 2.3610100746154785
LOSS 119145: 2.32936954498291
LOSS 119145: 2.351304531097412
LOSS 119145: 2.369595527648926
LOSS 119145: 2.346313714981079
LOSS 119145: 2.354954957962036
LOSS 119145: 2.362373113632202
LOSS 119145: 2.3689990043640137
LOSS 119145: 2.3449807167053223
LOSS 119145: 2.355560302734375
LOSS 119145: 2.3570475578308105
LOSS 119145: 2.354325771331787
LOSS 119145: 2.3478283882141113
LOSS 119145: 2.360766649246216
LOSS 119145: 2.362936496734619
LOSS 119145: 2.360954761505127
LOSS 119145: 2.3392934799194336
LOSS 119145: 2.335690498352051
LOSS 119145: 2.329908847808838
LOSS 119145: 2.329479932785034
LOSS 119145: 2.352238655090332
LOSS 119145: 2.356706142425537
LOSS 119145: 2.358524799346924
LOSS 119145: 2.3531718254089355
LOSS 119145: 2.3536646366119385
LOSS 119145: 2.368224620819092
LOSS 119145: 2.3358612060546875
LOSS 119145: 2.3468008041381836
LOSS 119145: 2.3644936084747314
LOSS 119145: 2.3453731536865234
LOSS 119145: 2.3349523544311523
LOSS 119145: 2.3378825187683105
LOSS 119145: 2.3584494590759277
LOSS 119145: 2.3481199741363525
LOSS 119145: 2.3521385192871094
LOSS 119145: 2.3456263542175293
LOSS 119145: 2.3232598304748535
LOSS 119145: 2.32366943359375
LOSS 119145: 2.377075433731079
LOSS 119145: 2.3455138206481934
LOSS 119145: 2.309370279312134
LOSS 119145: 2.344449520111084
LOSS 119145: 2.3404035568237305
LOSS 119145: 2.3405227661132812
LOSS 119145: 2.3507885932922363
LOSS 119145: 2.348358631134033
LOSS 119145: 2.3532400131225586
LOSS 119145: 2.358525514602661
LOSS 119145: 2.3625288009643555
LOSS 119145: 2.3445940017700195
LOSS 119145: 2.3277199268341064
LOSS 119145: 2.350299835205078
LOSS 119145: 2.3328442573547363
LOSS 119145: 2.333362579345703
LOSS 119145: 2.335616111755371
LOSS 119145: 2.3151962757110596
LOSS 119145: 2.353875160217285
LOSS 119145: 2.358889579772949
LOSS 119145: 2.3143441677093506
LOSS 119145: 2.335690498352051
LOSS 119145: 2.315539598464966
LOSS 119145: 2.331467866897583
LOSS 119145: 2.3505492210388184
LOSS 119145: 2.3374178409576416
LOSS 119145: 2.340318441390991
LOSS 119145: 2.340094804763794
LOSS 119145: 2.318376302719116
LOSS 119145: 2.3253016471862793
LOSS 119145: 2.3199939727783203
LOSS 119145: 2.3362414836883545
LOSS 119145: 2.328890800476074
LOSS 119145: 2.3254013061523438
LOSS 119145: 2.34185791015625
LOSS 119145: 2.307806968688965
LOSS 119145: 2.3059909343719482
LOSS 119145: 2.337371826171875
LOSS 119145: 2.314729690551758
LOSS 119145: 2.327322006225586
LOSS 119145: 2.3329148292541504
LOSS 119145: 2.313786506652832
LOSS 119145: 2.3294677734375
LOSS 119145: 2.3222618103027344
LOSS 119145: 2.313192129135132
LOSS 119145: 2.2976770401000977
LOSS 119145: 2.3104605674743652
LOSS 119145: 2.320687770843506
LOSS 119145: 2.3103342056274414
LOSS 119145: 2.3254754543304443
LOSS 119145: 2.319674491882324
LOSS 119145: 2.320960521697998
LOSS 119145: 2.323653221130371
LOSS 119145: 2.322821617126465
LOSS 119145: 2.3135671615600586
LOSS 119145: 2.3248257637023926
LOSS 119145: 2.324155330657959
LOSS 119145: 2.306241273880005
LOSS 119145: 2.3297104835510254
LOSS 119145: 2.303365707397461
LOSS 119145: 2.287233829498291
LOSS 119145: 2.3048200607299805
LOSS 119145: 2.296294689178467
LOSS 119145: 2.322305202484131
LOSS 119145: 2.305943012237549
LOSS 119145: 2.3145976066589355
LOSS 119145: 2.334338665008545
LOSS 119145: 2.3030893802642822
LOSS 119145: 2.306401491165161
LOSS 119145: 2.3111519813537598
LOSS 119145: 2.306295871734619
LOSS 119145: 2.310351610183716
LOSS 119145: 2.2956972122192383
LOSS 119145: 2.3040032386779785
LOSS 119145: 2.3026680946350098
LOSS 119145: 2.305877685546875
LOSS 119145: 2.2971134185791016
LOSS 119145: 2.3102731704711914
LOSS 119145: 2.304267406463623
LOSS 119145: 2.31065034866333
LOSS 119145: 2.3033175468444824
LOSS 119145: 2.3111181259155273
LOSS 119145: 2.3038625717163086
LOSS 119145: 2.2996106147766113
LOSS 119145: 2.301420211791992
LOSS 119145: 2.2984163761138916
LOSS 119145: 2.320918560028076
LOSS 119145: 2.299900531768799
LOSS 119145: 2.299260377883911
LOSS 119145: 2.29917049407959
LOSS 119145: 2.2893810272216797
LOSS 119145: 2.321104049682617
LOSS 119145: 2.2978172302246094
LOSS 119145: 2.3085460662841797
LOSS 119145: 2.286336898803711
LOSS 119145: 2.289788246154785
LOSS 119145: 2.30539608001709
LOSS 119145: 2.305513381958008
LOSS 119145: 2.2893218994140625
LOSS 119145: 2.3062667846679688
LOSS 119145: 2.296987295150757
LOSS 119145: 2.295745849609375
LOSS 119145: 2.2885632514953613
LOSS 119145: 2.2598814964294434
LOSS 119145: 2.2847201824188232
LOSS 119145: 2.2948622703552246
LOSS 119145: 2.297253131866455
LOSS 119145: 2.279574394226074
LOSS 119145: 2.2937421798706055
LOSS 119145: 2.2977705001831055
LOSS 119145: 2.3075621128082275
LOSS 119145: 2.2716264724731445
LOSS 119145: 2.3052895069122314
LOSS 119145: 2.2739005088806152
LOSS 119145: 2.2608275413513184
LOSS 119145: 2.3077759742736816
LOSS 119145: 2.299746036529541
LOSS 119145: 2.3013508319854736
LOSS 119145: 2.2879762649536133
LOSS 119145: 2.2826244831085205
LOSS 119145: 2.276587963104248
LOSS 119145: 2.3124794960021973
LOSS 119145: 2.2628049850463867
LOSS 119145: 2.301748275756836
LOSS 119145: 2.2909445762634277
LOSS 119145: 2.2955684661865234
LOSS 119145: 2.295485496520996
LOSS 119145: 2.318995475769043
LOSS 119145: 2.2864301204681396
LOSS 119145: 2.2918131351470947
LOSS 119145: 2.2852840423583984
LOSS 119145: 2.2703330516815186
LOSS 119145: 2.2909722328186035
LOSS 119145: 2.288266181945801
LOSS 119145: 2.2821555137634277
LOSS 119145: 2.2718141078948975
LOSS 119145: 2.290278673171997
LOSS 119145: 2.2851414680480957
LOSS 119145: 2.290745258331299
LOSS 119145: 2.2592668533325195
LOSS 119145: 2.2806320190429688
LOSS 119145: 2.2837278842926025
LOSS 119145: 2.269782066345215
LOSS 119145: 2.2880711555480957
LOSS 119145: 2.270249366760254
LOSS 119145: 2.28389835357666
LOSS 119145: 2.2741074562072754
LOSS 119145: 2.2825779914855957
LOSS 119145: 2.275038719177246
LOSS 119145: 2.2744712829589844
LOSS 119145: 2.2648539543151855
LOSS 119145: 2.266669273376465
LOSS 119145: 2.2815942764282227
LOSS 119145: 2.259730815887451
LOSS 119145: 2.286816120147705
LOSS 119145: 2.2442445755004883
LOSS 119145: 2.2720444202423096
LOSS 119145: 2.2847135066986084
LOSS 119145: 2.246772527694702
LOSS 119145: 2.2780919075012207
LOSS 119145: 2.2692294120788574
LOSS 119145: 2.264462471008301
LOSS 119145: 2.2639517784118652
LOSS 119145: 2.2680203914642334
LOSS 119145: 2.290480136871338
LOSS 119145: 2.2705583572387695
LOSS 119145: 2.2784264087677
LOSS 119145: 2.272765636444092
LOSS 119145: 2.258823871612549
LOSS 119145: 2.273898124694824
LOSS 119145: 2.2689456939697266
LOSS 119145: 2.2364389896392822
LOSS 119145: 2.2517552375793457
LOSS 119145: 2.2634263038635254
LOSS 119145: 2.2867696285247803
LOSS 119145: 2.276026725769043
LOSS 119145: 2.256545066833496
LOSS 119145: 2.2773454189300537
LOSS 119145: 2.263695240020752
LOSS 119145: 2.2713308334350586
LOSS 119145: 2.267343044281006
LOSS 119145: 2.2733817100524902
LOSS 119145: 2.2656025886535645
LOSS 119145: 2.261544704437256
LOSS 119145: 2.254901885986328
LOSS 119145: 2.2734804153442383
LOSS 119145: 2.262946128845215
LOSS 119145: 2.281364917755127
LOSS 119145: 2.2670464515686035
LOSS 119145: 2.264704942703247
LOSS 119145: 2.232570171356201
LOSS 119145: 2.262155532836914
LOSS 119145: 2.269108295440674
LOSS 119145: 2.2696642875671387
LOSS 119145: 2.2452006340026855
LOSS 119145: 2.254344940185547
LOSS 119145: 2.252255916595459
LOSS 119145: 2.2521374225616455
LOSS 119145: 2.256082534790039
LOSS 119145: 2.249821662902832
LOSS 119145: 2.25929594039917
LOSS 119145: 2.264481544494629
LOSS 119145: 2.2476348876953125
LOSS 119145: 2.2445781230926514
LOSS 119145: 2.2411556243896484
LOSS 119145: 2.267254114151001
LOSS 119145: 2.280087471008301
LOSS 119145: 2.260141372680664
LOSS 119145: 2.253779411315918
LOSS 119145: 2.26822829246521
LOSS 119145: 2.2394723892211914
LOSS 119145: 2.252068042755127
LOSS 119145: 2.2588601112365723
LOSS 119145: 2.2515945434570312
LOSS 119145: 2.263702392578125
LOSS 119145: 2.2609832286834717
LOSS 119145: 2.261068344116211
LOSS 119145: 2.2544384002685547
LOSS 119145: 2.2520651817321777
LOSS 119145: 2.2432241439819336
LOSS 119145: 2.2685835361480713
LOSS 119145: 2.2563328742980957
LOSS 119145: 2.23410964012146
LOSS 119145: 2.227654457092285
LOSS 119145: 2.2348923683166504
LOSS 119145: 2.263441562652588
LOSS 119145: 2.24481201171875
LOSS 119145: 2.261477470397949
LOSS 119145: 2.2589926719665527
LOSS 119145: 2.242313861846924
LOSS 119145: 2.2485854625701904
LOSS 119145: 2.2438039779663086
LOSS 119145: 2.260646343231201
LOSS 119145: 2.2445106506347656
LOSS 119145: 2.2437686920166016
LOSS 119145: 2.2466177940368652
LOSS 119145: 2.258694887161255
LOSS 119145: 2.244478464126587
LOSS 119145: 2.2541985511779785
LOSS 119145: 2.2610483169555664
LOSS 119145: 2.2495670318603516
LOSS 119145: 2.241617202758789
LOSS 119145: 2.245978832244873
LOSS 119145: 2.2364277839660645
LOSS 119145: 2.2256288528442383
LOSS 119145: 2.2237436771392822
LOSS 119145: 2.21291446685791
LOSS 119145: 2.2276830673217773
LOSS 119145: 2.2441518306732178
LOSS 119145: 2.2368640899658203
LOSS 119145: 2.2372918128967285
LOSS 119145: 2.24107027053833
LOSS 119145: 2.23817777633667
LOSS 119145: 2.230790138244629
LOSS 119145: 2.2421836853027344
LOSS 119145: 2.242534637451172
LOSS 119145: 2.2291712760925293
LOSS 119145: 2.247246265411377
LOSS 119145: 2.2447519302368164
LOSS 119145: 2.2171473503112793
LOSS 119145: 2.2184669971466064
LOSS 119145: 2.2672524452209473
LOSS 119145: 2.2387046813964844
LOSS 119145: 2.2380728721618652
LOSS 119145: 2.219158887863159
LOSS 119145: 2.241122245788574
LOSS 119145: 2.225376844406128
LOSS 119145: 2.2335267066955566
LOSS 119145: 2.243429183959961
LOSS 119145: 2.2333898544311523
LOSS 119145: 2.230020523071289
LOSS 119145: 2.240665912628174
LOSS 119145: 2.2315468788146973
LOSS 119145: 2.2416672706604004
LOSS 119145: 2.2337684631347656
LOSS 119145: 2.2240631580352783
LOSS 119145: 2.2292912006378174
LOSS 119145: 2.24189829826355
LOSS 119145: 2.2259817123413086
LOSS 119145: 2.2330331802368164
LOSS 119145: 2.2390780448913574
LOSS 119145: 2.2245616912841797
LOSS 119145: 2.2213997840881348
LOSS 119145: 2.216360330581665
LOSS 119145: 2.2267227172851562
LOSS 119145: 2.2220988273620605
LOSS 119145: 2.2216134071350098
LOSS 119145: 2.2027595043182373
LOSS 119145: 2.2279281616210938
LOSS 119145: 2.227510452270508
LOSS 119145: 2.2346229553222656
LOSS 119145: 2.219395160675049
LOSS 119145: 2.219470500946045
LOSS 119145: 2.2282588481903076
LOSS 119145: 2.214556932449341
LOSS 119145: 2.220914840698242
LOSS 119145: 2.2187464237213135
LOSS 119145: 2.2160792350769043
LOSS 119145: 2.236524820327759
LOSS 119145: 2.238420248031616
LOSS 119145: 2.2311172485351562
LOSS 119145: 2.2299060821533203
LOSS 119145: 2.2060441970825195
LOSS 119145: 2.221883535385132
LOSS 119145: 2.218212127685547
LOSS 119145: 2.215545415878296
LOSS 119145: 2.220005512237549
LOSS 119145: 2.1943821907043457
LOSS 119145: 2.2259230613708496
LOSS 119145: 2.210439682006836
LOSS 119145: 2.2090864181518555
LOSS 119145: 2.209439754486084
LOSS 119145: 2.2226624488830566
LOSS 119145: 2.2201218605041504
LOSS 119145: 2.213240623474121
LOSS 119145: 2.2169198989868164
LOSS 119145: 2.2312636375427246
LOSS 119145: 2.191150665283203
LOSS 119145: 2.200615406036377
LOSS 119145: 2.204625129699707
LOSS 119145: 2.2019765377044678
LOSS 119145: 2.1921896934509277
LOSS 119145: 2.217312812805176
LOSS 119145: 2.2027194499969482
LOSS 119145: 2.2020363807678223
LOSS 119145: 2.2103872299194336
LOSS 119145: 2.213578701019287
LOSS 119145: 2.205904960632324
LOSS 119145: 2.202359676361084
LOSS 119145: 2.2037744522094727
LOSS 119145: 2.2126548290252686
LOSS 119145: 2.210939407348633
LOSS 119145: 2.196530342102051
LOSS 119145: 2.2232890129089355
LOSS 119145: 2.2085890769958496
LOSS 119145: 2.209012746810913
LOSS 119145: 2.1922879219055176
LOSS 119145: 2.2042832374572754
LOSS 119145: 2.210594892501831
LOSS 119145: 2.210092067718506
LOSS 119145: 2.189797878265381
LOSS 119145: 2.2043447494506836
LOSS 119145: 2.2264957427978516
LOSS 119145: 2.196197509765625
LOSS 119145: 2.205341339111328
LOSS 119145: 2.2050256729125977
LOSS 119145: 2.195585250854492
LOSS 119145: 2.2095935344696045
LOSS 119145: 2.1995186805725098
LOSS 119145: 2.211721181869507
LOSS 119145: 2.193838596343994
LOSS 119145: 2.204899311065674
LOSS 119145: 2.2100167274475098
LOSS 119145: 2.193000316619873
LOSS 119145: 2.2106003761291504
LOSS 119145: 2.199151039123535
LOSS 119145: 2.207977294921875
LOSS 119145: 2.1892714500427246
LOSS 119145: 2.1798107624053955
LOSS 119145: 2.1987013816833496
LOSS 119145: 2.1838290691375732
LOSS 119145: 2.192622184753418
LOSS 119145: 2.2136435508728027
LOSS 119145: 2.2150301933288574
LOSS 119145: 2.183513641357422
LOSS 119145: 2.1789755821228027
LOSS 119145: 2.184870719909668
LOSS 119145: 2.209292411804199
LOSS 119145: 2.1937966346740723
LOSS 119145: 2.1832993030548096
LOSS 119145: 2.195005416870117
LOSS 119145: 2.1861765384674072
LOSS 119145: 2.1951918601989746
LOSS 119145: 2.205322742462158
LOSS 119145: 2.1874451637268066
LOSS 119145: 2.1892545223236084
LOSS 119145: 2.1892752647399902
LOSS 119145: 2.179457664489746
LOSS 119145: 2.190000295639038
LOSS 119145: 2.2024800777435303
LOSS 119145: 2.2071115970611572
LOSS 119145: 2.196218490600586
LOSS 119145: 2.193460702896118
LOSS 119145: 2.175731658935547
LOSS 119145: 2.19881272315979
LOSS 119145: 2.180522918701172
LOSS 119145: 2.1847193241119385
LOSS 119145: 2.1838979721069336
LOSS 119145: 2.188669204711914
LOSS 119145: 2.190650463104248
LOSS 119145: 2.197051763534546
LOSS 119145: 2.175131320953369
LOSS 119145: 2.1939945220947266
LOSS 119145: 2.1848578453063965
LOSS 119145: 2.175672769546509
LOSS 119145: 2.183610439300537
LOSS 119145: 2.1981420516967773
LOSS 119145: 2.2048065662384033
LOSS 119145: 2.1876790523529053
LOSS 119145: 2.192286968231201
LOSS 119145: 2.1656861305236816
LOSS 119145: 2.175983428955078
LOSS 119145: 2.181042194366455
LOSS 119145: 2.1634268760681152
LOSS 119145: 2.2139735221862793
LOSS 119145: 2.1894030570983887
LOSS 119145: 2.178520917892456
LOSS 119145: 2.2003049850463867
LOSS 119145: 2.1832094192504883
LOSS 119145: 2.183293104171753
LOSS 119145: 2.1770434379577637
LOSS 119145: 2.1895132064819336
LOSS 119145: 2.165095567703247
LOSS 119145: 2.1837449073791504
LOSS 119145: 2.192526340484619
LOSS 119145: 2.157205581665039
LOSS 119145: 2.181257486343384
LOSS 119145: 2.177946090698242
LOSS 119145: 2.1869332790374756
LOSS 119145: 2.1823184490203857
LOSS 119145: 2.1791701316833496
LOSS 119145: 2.1971428394317627
LOSS 119145: 2.18788480758667
LOSS 119145: 2.189823627471924
LOSS 119145: 2.175311803817749
LOSS 119145: 2.1749539375305176
LOSS 119145: 2.175560474395752
LOSS 119145: 2.1840980052948
LOSS 119145: 2.1911263465881348
LOSS 119145: 2.177940607070923
LOSS 119145: 2.1742188930511475
LOSS 119145: 2.178177833557129
LOSS 119145: 2.1760916709899902
LOSS 119145: 2.1731204986572266
LOSS 119145: 2.166606903076172
LOSS 119145: 2.160858631134033
LOSS 119145: 2.192758560180664
LOSS 119145: 2.174839496612549
LOSS 119145: 2.1719727516174316
LOSS 119145: 2.1650404930114746
LOSS 119145: 2.1783132553100586
LOSS 119145: 2.1812801361083984
LOSS 119145: 2.177828311920166
LOSS 119145: 2.1691036224365234
LOSS 119145: 2.1875219345092773
LOSS 119145: 2.1755998134613037
LOSS 119145: 2.1609740257263184
LOSS 119145: 2.1620633602142334
LOSS 119145: 2.1671087741851807
LOSS 119145: 2.174942970275879
LOSS 119145: 2.1619088649749756
LOSS 119145: 2.1689815521240234
LOSS 119145: 2.175018787384033
LOSS 119145: 2.1723427772521973
LOSS 119145: 2.166447877883911
LOSS 119145: 2.170132875442505
LOSS 119145: 2.1662230491638184
LOSS 119145: 2.1746304035186768
LOSS 119145: 2.164175510406494
LOSS 119145: 2.1845319271087646
LOSS 119145: 2.162078380584717
LOSS 119145: 2.1593966484069824
LOSS 119145: 2.155606269836426
LOSS 119145: 2.1745314598083496
LOSS 119145: 2.148686408996582
LOSS 119145: 2.1618058681488037
LOSS 119145: 2.155667781829834
LOSS 119145: 2.1500930786132812
LOSS 119145: 2.175034523010254
LOSS 119145: 2.1590499877929688
LOSS 119145: 2.1542396545410156
LOSS 119145: 2.1520581245422363
LOSS 119145: 2.1372432708740234
LOSS 119145: 2.1534547805786133
LOSS 119145: 2.1683878898620605
LOSS 119145: 2.1486544609069824
LOSS 119145: 2.180227756500244
LOSS 119145: 2.151719331741333
LOSS 119145: 2.1434950828552246
LOSS 119145: 2.161027431488037
LOSS 119145: 2.153867244720459
LOSS 119145: 2.154627799987793
LOSS 119145: 2.156193256378174
LOSS 119145: 2.1711251735687256
LOSS 119145: 2.146848440170288
LOSS 119145: 2.16570782661438
LOSS 119145: 2.1451504230499268
LOSS 119145: 2.1544675827026367
LOSS 119145: 2.1445727348327637
LOSS 119145: 2.1543798446655273
LOSS 119145: 2.131488800048828
LOSS 119145: 2.1618123054504395
LOSS 119145: 2.1669816970825195
LOSS 119145: 2.155172824859619
LOSS 119145: 2.155900716781616
LOSS 119145: 2.165201187133789
LOSS 119145: 2.1793642044067383
LOSS 119145: 2.1597847938537598
LOSS 119145: 2.1475398540496826
LOSS 119145: 2.1560745239257812
LOSS 119145: 2.1556763648986816
LOSS 119145: 2.142828941345215
LOSS 119145: 2.1720504760742188
LOSS 119145: 2.1699249744415283
LOSS 119145: 2.157097101211548
LOSS 119145: 2.132582187652588
LOSS 119145: 2.14003324508667
LOSS 119145: 2.149695873260498
LOSS 119145: 2.1617283821105957
LOSS 119145: 2.1475977897644043
LOSS 119145: 2.1528022289276123
LOSS 119145: 2.1633095741271973
LOSS 119145: 2.1438984870910645
LOSS 119145: 2.1530489921569824
LOSS 119145: 2.143759250640869
LOSS 119145: 2.1376829147338867
LOSS 119145: 2.139679431915283
LOSS 119145: 2.1490895748138428
LOSS 119145: 2.1717376708984375
LOSS 119145: 2.1658010482788086
LOSS 119145: 2.118851661682129
LOSS 119145: 2.1562576293945312
LOSS 119145: 2.114598035812378
LOSS 119145: 2.1434192657470703
LOSS 119145: 2.147245407104492
LOSS 119145: 2.166945219039917
LOSS 119145: 2.154897689819336
LOSS 119145: 2.151214122772217
LOSS 119145: 2.1495070457458496
LOSS 119145: 2.1396408081054688
LOSS 119145: 2.140148639678955
LOSS 119145: 2.1377625465393066
LOSS 119145: 2.1299257278442383
LOSS 119145: 2.1515414714813232
LOSS 119145: 2.1436400413513184
LOSS 119145: 2.1473441123962402
LOSS 119145: 2.1704413890838623
LOSS 119145: 2.1518850326538086
LOSS 119145: 2.140531539916992
LOSS 119145: 2.141524314880371
LOSS 119145: 2.134995937347412
LOSS 119145: 2.126736640930176
LOSS 119145: 2.1251537799835205
LOSS 119145: 2.1368091106414795
LOSS 119145: 2.14418625831604
LOSS 119145: 2.1380112171173096
LOSS 119145: 2.1524879932403564
LOSS 119145: 2.113725185394287
LOSS 119145: 2.1377406120300293
LOSS 119145: 2.1328787803649902
LOSS 119145: 2.1279921531677246
LOSS 119145: 2.143101453781128
LOSS 119145: 2.133357524871826
LOSS 119145: 2.1227688789367676
LOSS 119145: 2.121708393096924
LOSS 119145: 2.1372435092926025
LOSS 119145: 2.131688117980957
LOSS 119145: 2.151470899581909
LOSS 119145: 2.1288418769836426
LOSS 119145: 2.153520345687866
LOSS 119145: 2.144465208053589
LOSS 119145: 2.1298606395721436
LOSS 119145: 2.148468494415283
LOSS 119145: 2.1256890296936035
LOSS 119145: 2.1186656951904297
LOSS 119145: 2.140488862991333
LOSS 119145: 2.122164249420166
LOSS 119145: 2.131481647491455
LOSS 119145: 2.1484663486480713
LOSS 119145: 2.1464993953704834
LOSS 119145: 2.1246824264526367
LOSS 119145: 2.1357812881469727
LOSS 119145: 2.1222755908966064
LOSS 119145: 2.1271238327026367
LOSS 119145: 2.1145596504211426
LOSS 119145: 2.143012285232544
LOSS 119145: 2.1347875595092773
LOSS 119145: 2.1227540969848633
LOSS 119145: 2.1327407360076904
LOSS 119145: 2.1179299354553223
LOSS 119145: 2.127298355102539
LOSS 119145: 2.125562906265259
LOSS 119145: 2.1208178997039795
LOSS 119145: 2.116083860397339
LOSS 119145: 2.116847515106201
LOSS 119145: 2.1324589252471924
LOSS 119145: 2.1426730155944824
LOSS 119145: 2.122300148010254
LOSS 119145: 2.110417366027832
LOSS 119145: 2.1429665088653564
LOSS 119145: 2.1151819229125977
LOSS 119145: 2.120016098022461
LOSS 119145: 2.1288294792175293
LOSS 119145: 2.1183719635009766
LOSS 119145: 2.1414313316345215
LOSS 119145: 2.133406400680542
LOSS 119145: 2.115394353866577
LOSS 119145: 2.1318304538726807
LOSS 119145: 2.124030113220215
LOSS 119145: 2.1218185424804688
LOSS 119145: 2.119539260864258
LOSS 119145: 2.1177432537078857
LOSS 119145: 2.138458251953125
LOSS 119145: 2.124105453491211
LOSS 119145: 2.1349005699157715
LOSS 119145: 2.114739179611206
LOSS 119145: 2.123785972595215
LOSS 119145: 2.1291613578796387
LOSS 119145: 2.1113638877868652
LOSS 119145: 2.114635944366455
LOSS 119145: 2.116752862930298
LOSS 119145: 2.123140811920166
LOSS 119145: 2.136950731277466
LOSS 119145: 2.125502347946167
LOSS 119145: 2.1204657554626465
LOSS 119145: 2.105877637863159
LOSS 119145: 2.115556240081787
LOSS 119145: 2.1392502784729004
LOSS 119145: 2.1258912086486816
LOSS 119145: 2.11679744720459
LOSS 119145: 2.1204493045806885
LOSS 119145: 2.1061415672302246
LOSS 119145: 2.114044189453125
LOSS 119145: 2.1160125732421875
LOSS 119145: 2.1297574043273926
LOSS 119145: 2.118293285369873
LOSS 119145: 2.1238157749176025
LOSS 119145: 2.1257638931274414
LOSS 119145: 2.1121928691864014
LOSS 119145: 2.1236467361450195
LOSS 119145: 2.1296606063842773
LOSS 119145: 2.110163450241089
LOSS 119145: 2.105475902557373
LOSS 119145: 2.1246447563171387
LOSS 119145: 2.0978140830993652
LOSS 119145: 2.1304771900177
LOSS 119145: 2.107171058654785
LOSS 119145: 2.126253128051758
LOSS 119145: 2.106229305267334
LOSS 119145: 2.095377206802368
LOSS 119145: 2.103433847427368
LOSS 119145: 2.0984251499176025
LOSS 119145: 2.1157190799713135
LOSS 119145: 2.1134467124938965
LOSS 119145: 2.1083474159240723
LOSS 119145: 2.1136326789855957
LOSS 119145: 2.1213831901550293
LOSS 119145: 2.108565092086792
LOSS 119145: 2.109264373779297
LOSS 119145: 2.1145527362823486
LOSS 119145: 2.117544412612915
[2025-05-10 16:49:20] Running iteration 2 of 10000
