ERROR: Unable to locate a modulefile for 'cudatoolkit/12.4'
[2025-05-10 14:27:44] Python version: Python 3.12.7
PyTorch version: 2.5.1
CUDA available: False
CUDA version: 12.4
[2025-05-10 14:27:51] CUDA not installed or GPUs not available.
[2025-05-10 14:27:51] Running iteration 1 of 10000
[2025-05-10 14:27:58] Running iteration 2 of 10000
[2025-05-10 14:28:02] Running iteration 3 of 10000
[2025-05-10 14:28:06] Running iteration 4 of 10000
[2025-05-10 14:28:09] Running iteration 5 of 10000
[2025-05-10 14:28:13] Running iteration 6 of 10000
[2025-05-10 14:28:16] Running iteration 7 of 10000
[2025-05-10 14:28:20] Running iteration 8 of 10000
[2025-05-10 14:28:23] Running iteration 9 of 10000
[2025-05-10 14:28:27] Running iteration 10 of 10000
[2025-05-10 14:28:30] Running iteration 11 of 10000
[2025-05-10 14:28:33] Running iteration 12 of 10000
[2025-05-10 14:28:37] Running iteration 13 of 10000
[2025-05-10 14:28:40] Running iteration 14 of 10000
[2025-05-10 14:28:44] Running iteration 15 of 10000
[2025-05-10 14:28:47] Running iteration 16 of 10000
[2025-05-10 14:28:51] Running iteration 17 of 10000
[2025-05-10 14:28:54] Running iteration 18 of 10000
[2025-05-10 14:28:58] Running iteration 19 of 10000
[2025-05-10 14:29:01] Running iteration 20 of 10000
[2025-05-10 14:29:05] Running iteration 21 of 10000
[2025-05-10 14:29:08] Running iteration 22 of 10000
[2025-05-10 14:29:12] Running iteration 23 of 10000
model id 174205
LOSS 174205: 69.81890869140625
LOSS 174205: 1921.2236328125
LOSS 174205: 221.9105224609375
LOSS 174205: 71.54068756103516
LOSS 174205: 33.393836975097656
LOSS 174205: 22.299983978271484
LOSS 174205: 17.776443481445312
LOSS 174205: 15.385805130004883
LOSS 174205: 13.90644645690918
LOSS 174205: 13.098819732666016
LOSS 174205: 12.326240539550781
LOSS 174205: 11.994255065917969
LOSS 174205: 11.527417182922363
LOSS 174205: 11.245647430419922
LOSS 174205: 10.828268051147461
LOSS 174205: 10.515161514282227
LOSS 174205: 10.289048194885254
LOSS 174205: 9.994319915771484
LOSS 174205: 9.88216781616211
LOSS 174205: 9.698026657104492
LOSS 174205: 9.637638092041016
LOSS 174205: 9.448564529418945
LOSS 174205: 9.30543041229248
LOSS 174205: 9.056682586669922
LOSS 174205: 9.03078842163086
LOSS 174205: 8.86844253540039
LOSS 174205: 8.79417610168457
LOSS 174205: 8.74460220336914
LOSS 174205: 8.614984512329102
LOSS 174205: 8.48768424987793
LOSS 174205: 8.414419174194336
LOSS 174205: 8.307320594787598
LOSS 174205: 8.262212753295898
LOSS 174205: 8.121139526367188
LOSS 174205: 8.116683959960938
LOSS 174205: 8.076494216918945
LOSS 174205: 7.998100280761719
LOSS 174205: 7.941844940185547
LOSS 174205: 7.860058784484863
LOSS 174205: 7.77633810043335
LOSS 174205: 7.788475036621094
LOSS 174205: 7.673990249633789
LOSS 174205: 7.713679313659668
LOSS 174205: 7.595865249633789
LOSS 174205: 7.545701503753662
LOSS 174205: 7.466898441314697
LOSS 174205: 7.486856460571289
LOSS 174205: 7.39547061920166
LOSS 174205: 7.36805534362793
LOSS 174205: 7.328076362609863
LOSS 174205: 7.235481262207031
LOSS 174205: 7.292474746704102
LOSS 174205: 7.274169921875
LOSS 174205: 7.148094177246094
LOSS 174205: 7.193300247192383
LOSS 174205: 7.089990615844727
LOSS 174205: 7.103429794311523
LOSS 174205: 7.045498847961426
LOSS 174205: 7.055881500244141
LOSS 174205: 7.058271408081055
LOSS 174205: 6.980742454528809
LOSS 174205: 6.945212364196777
LOSS 174205: 6.982573509216309
LOSS 174205: 6.878067493438721
LOSS 174205: 6.920307159423828
LOSS 174205: 6.822447776794434
LOSS 174205: 6.868569374084473
LOSS 174205: 6.758111476898193
LOSS 174205: 6.783455848693848
LOSS 174205: 6.736936092376709
LOSS 174205: 6.770476818084717
LOSS 174205: 6.707671165466309
LOSS 174205: 6.738790512084961
LOSS 174205: 6.669483184814453
LOSS 174205: 6.668614387512207
LOSS 174205: 6.629092216491699
LOSS 174205: 6.622686386108398
LOSS 174205: 6.632913589477539
LOSS 174205: 6.594087600708008
LOSS 174205: 6.586034774780273
LOSS 174205: 6.507575511932373
LOSS 174205: 6.414088726043701
LOSS 174205: 6.515198707580566
LOSS 174205: 6.453330993652344
LOSS 174205: 6.467682361602783
LOSS 174205: 6.401372909545898
LOSS 174205: 6.412328720092773
LOSS 174205: 6.389627933502197
LOSS 174205: 6.3812785148620605
LOSS 174205: 6.315925121307373
LOSS 174205: 6.382014274597168
LOSS 174205: 6.314539432525635
LOSS 174205: 6.273402214050293
LOSS 174205: 6.304158687591553
LOSS 174205: 6.278974533081055
LOSS 174205: 6.306609153747559
LOSS 174205: 6.2706403732299805
LOSS 174205: 6.163054466247559
LOSS 174205: 6.185671806335449
LOSS 174205: 6.115134239196777
LOSS 174205: 6.147274017333984
LOSS 174205: 6.178239822387695
LOSS 174205: 6.136430740356445
LOSS 174205: 6.11540412902832
LOSS 174205: 6.038071155548096
LOSS 174205: 6.077165603637695
LOSS 174205: 6.055074691772461
LOSS 174205: 6.0512847900390625
LOSS 174205: 6.014155387878418
LOSS 174205: 6.017759323120117
LOSS 174205: 5.967441558837891
LOSS 174205: 6.01472282409668
LOSS 174205: 5.993392467498779
LOSS 174205: 5.908836364746094
LOSS 174205: 5.98428201675415
LOSS 174205: 5.911787033081055
LOSS 174205: 5.939524173736572
LOSS 174205: 5.8672776222229
LOSS 174205: 5.859891891479492
LOSS 174205: 5.855290412902832
LOSS 174205: 5.8301286697387695
LOSS 174205: 5.834354400634766
LOSS 174205: 5.8115010261535645
LOSS 174205: 5.760632514953613
LOSS 174205: 5.735943794250488
LOSS 174205: 5.745417594909668
LOSS 174205: 5.741313457489014
LOSS 174205: 5.759788990020752
LOSS 174205: 5.679922103881836
LOSS 174205: 5.674898147583008
LOSS 174205: 5.722515106201172
LOSS 174205: 5.671098709106445
LOSS 174205: 5.629035472869873
LOSS 174205: 5.6733784675598145
LOSS 174205: 5.5670013427734375
LOSS 174205: 5.635002136230469
LOSS 174205: 5.634903430938721
LOSS 174205: 5.634512901306152
LOSS 174205: 5.602510452270508
LOSS 174205: 5.606427192687988
LOSS 174205: 5.522480010986328
LOSS 174205: 5.531888008117676
LOSS 174205: 5.577115535736084
LOSS 174205: 5.529144287109375
LOSS 174205: 5.532137870788574
LOSS 174205: 5.543407440185547
LOSS 174205: 5.5033111572265625
LOSS 174205: 5.398294448852539
LOSS 174205: 5.534738540649414
LOSS 174205: 5.513134479522705
LOSS 174205: 5.407491683959961
LOSS 174205: 5.454113483428955
LOSS 174205: 5.376202583312988
LOSS 174205: 5.423410415649414
LOSS 174205: 5.401785373687744
LOSS 174205: 5.405415058135986
LOSS 174205: 5.362709999084473
LOSS 174205: 5.379024505615234
LOSS 174205: 5.336420059204102
LOSS 174205: 5.292893886566162
LOSS 174205: 5.340849876403809
LOSS 174205: 5.3333539962768555
LOSS 174205: 5.320857048034668
LOSS 174205: 5.290884494781494
LOSS 174205: 5.332666397094727
LOSS 174205: 5.267993450164795
LOSS 174205: 5.3013129234313965
LOSS 174205: 5.169288635253906
LOSS 174205: 5.238944053649902
LOSS 174205: 5.2619147300720215
LOSS 174205: 5.203615665435791
LOSS 174205: 5.274698257446289
LOSS 174205: 5.19868803024292
LOSS 174205: 5.164707183837891
LOSS 174205: 5.13692569732666
LOSS 174205: 5.203972816467285
LOSS 174205: 5.106064319610596
LOSS 174205: 5.196625709533691
LOSS 174205: 5.1431779861450195
LOSS 174205: 5.131688117980957
LOSS 174205: 5.081557273864746
LOSS 174205: 5.133241653442383
LOSS 174205: 5.150688171386719
LOSS 174205: 5.045683860778809
LOSS 174205: 5.098750114440918
LOSS 174205: 5.0913286209106445
LOSS 174205: 5.061556339263916
LOSS 174205: 5.0369696617126465
LOSS 174205: 5.0472517013549805
LOSS 174205: 5.044961929321289
LOSS 174205: 5.088860034942627
LOSS 174205: 4.968720436096191
LOSS 174205: 4.993145942687988
LOSS 174205: 4.998595237731934
LOSS 174205: 4.990682601928711
LOSS 174205: 4.960869789123535
LOSS 174205: 4.952342987060547
LOSS 174205: 4.987492561340332
LOSS 174205: 5.021329879760742
LOSS 174205: 4.968785762786865
LOSS 174205: 4.856213092803955
LOSS 174205: 4.911318778991699
LOSS 174205: 4.90128231048584
LOSS 174205: 4.912198066711426
LOSS 174205: 4.9093122482299805
LOSS 174205: 4.870908737182617
LOSS 174205: 4.851718902587891
LOSS 174205: 4.872933387756348
LOSS 174205: 4.865632057189941
LOSS 174205: 4.87562370300293
LOSS 174205: 4.863002777099609
LOSS 174205: 4.8230719566345215
LOSS 174205: 4.785834312438965
LOSS 174205: 4.805136203765869
LOSS 174205: 4.8248491287231445
LOSS 174205: 4.81803560256958
LOSS 174205: 4.788173198699951
LOSS 174205: 4.7654500007629395
LOSS 174205: 4.776193141937256
LOSS 174205: 4.798327445983887
LOSS 174205: 4.765613079071045
LOSS 174205: 4.726751327514648
LOSS 174205: 4.753868579864502
LOSS 174205: 4.742404937744141
LOSS 174205: 4.7519073486328125
LOSS 174205: 4.711848258972168
LOSS 174205: 4.683167934417725
LOSS 174205: 4.77097225189209
LOSS 174205: 4.73452615737915
LOSS 174205: 4.70297384262085
LOSS 174205: 4.665595054626465
LOSS 174205: 4.648033618927002
LOSS 174205: 4.6293559074401855
LOSS 174205: 4.697789192199707
LOSS 174205: 4.649859428405762
LOSS 174205: 4.660068035125732
LOSS 174205: 4.679487228393555
LOSS 174205: 4.6547136306762695
LOSS 174205: 4.720783233642578
LOSS 174205: 4.617012023925781
LOSS 174205: 4.687473297119141
LOSS 174205: 4.700736999511719
LOSS 174205: 4.570259094238281
LOSS 174205: 4.539629936218262
LOSS 174205: 4.589006423950195
LOSS 174205: 4.537322521209717
LOSS 174205: 4.619131088256836
LOSS 174205: 4.572458267211914
LOSS 174205: 4.564078330993652
LOSS 174205: 4.554126739501953
LOSS 174205: 4.560274124145508
LOSS 174205: 4.52894401550293
LOSS 174205: 4.537580966949463
LOSS 174205: 4.554800987243652
LOSS 174205: 4.56477165222168
LOSS 174205: 4.470979690551758
LOSS 174205: 4.532326698303223
LOSS 174205: 4.519725799560547
LOSS 174205: 4.498803615570068
LOSS 174205: 4.512212753295898
LOSS 174205: 4.456415176391602
LOSS 174205: 4.446699142456055
LOSS 174205: 4.498676776885986
LOSS 174205: 4.504795551300049
LOSS 174205: 4.482571601867676
LOSS 174205: 4.462964057922363
LOSS 174205: 4.406347274780273
LOSS 174205: 4.39435338973999
LOSS 174205: 4.491242408752441
LOSS 174205: 4.441062927246094
LOSS 174205: 4.440657615661621
LOSS 174205: 4.450479507446289
LOSS 174205: 4.397265434265137
LOSS 174205: 4.419126510620117
LOSS 174205: 4.434337615966797
LOSS 174205: 4.380155563354492
LOSS 174205: 4.402935028076172
LOSS 174205: 4.35446310043335
LOSS 174205: 4.355512619018555
LOSS 174205: 4.357595920562744
LOSS 174205: 4.374717712402344
LOSS 174205: 4.330357074737549
LOSS 174205: 4.315671920776367
LOSS 174205: 4.360832214355469
LOSS 174205: 4.316020488739014
LOSS 174205: 4.371701240539551
LOSS 174205: 4.36995792388916
LOSS 174205: 4.335768699645996
LOSS 174205: 4.344663619995117
LOSS 174205: 4.334233283996582
LOSS 174205: 4.32288932800293
LOSS 174205: 4.349132537841797
LOSS 174205: 4.295175552368164
LOSS 174205: 4.317969799041748
LOSS 174205: 4.262988090515137
LOSS 174205: 4.256030082702637
LOSS 174205: 4.289397239685059
LOSS 174205: 4.242510795593262
LOSS 174205: 4.253366947174072
LOSS 174205: 4.255735874176025
LOSS 174205: 4.277046203613281
LOSS 174205: 4.2538862228393555
LOSS 174205: 4.256256103515625
LOSS 174205: 4.242145538330078
LOSS 174205: 4.232296943664551
LOSS 174205: 4.241077423095703
LOSS 174205: 4.2647480964660645
LOSS 174205: 4.228755950927734
LOSS 174205: 4.188105583190918
LOSS 174205: 4.247110366821289
LOSS 174205: 4.214987754821777
LOSS 174205: 4.207972526550293
LOSS 174205: 4.1839280128479
LOSS 174205: 4.193103790283203
LOSS 174205: 4.198370456695557
LOSS 174205: 4.180051803588867
LOSS 174205: 4.1761155128479
LOSS 174205: 4.16472053527832
LOSS 174205: 4.1799635887146
LOSS 174205: 4.151272773742676
LOSS 174205: 4.1206159591674805
LOSS 174205: 4.1664018630981445
LOSS 174205: 4.1379218101501465
LOSS 174205: 4.173250198364258
LOSS 174205: 4.134264945983887
LOSS 174205: 4.139552116394043
LOSS 174205: 4.128595352172852
LOSS 174205: 4.1027936935424805
LOSS 174205: 4.142575740814209
LOSS 174205: 4.106261730194092
LOSS 174205: 4.113039493560791
LOSS 174205: 4.104798316955566
LOSS 174205: 4.101269721984863
LOSS 174205: 4.120665073394775
LOSS 174205: 4.084372520446777
LOSS 174205: 4.044902801513672
LOSS 174205: 4.1106858253479
LOSS 174205: 4.079987525939941
LOSS 174205: 4.060549736022949
LOSS 174205: 4.051974773406982
LOSS 174205: 4.090958118438721
LOSS 174205: 4.050756931304932
LOSS 174205: 4.07573127746582
LOSS 174205: 4.0833353996276855
LOSS 174205: 4.095735549926758
LOSS 174205: 4.064841270446777
LOSS 174205: 4.014094829559326
LOSS 174205: 4.045360565185547
LOSS 174205: 4.012910842895508
LOSS 174205: 4.0474042892456055
LOSS 174205: 4.0409345626831055
LOSS 174205: 4.028875827789307
LOSS 174205: 4.015077590942383
LOSS 174205: 4.047478675842285
LOSS 174205: 4.0153679847717285
LOSS 174205: 3.995755910873413
LOSS 174205: 4.017394065856934
LOSS 174205: 4.0117034912109375
LOSS 174205: 3.9608688354492188
LOSS 174205: 3.988776206970215
LOSS 174205: 3.9811675548553467
LOSS 174205: 4.013859272003174
LOSS 174205: 3.9370245933532715
LOSS 174205: 4.013879299163818
LOSS 174205: 3.9761409759521484
LOSS 174205: 3.9643025398254395
LOSS 174205: 3.977947950363159
LOSS 174205: 3.947572708129883
LOSS 174205: 3.9088566303253174
LOSS 174205: 3.9821109771728516
LOSS 174205: 3.9433157444000244
LOSS 174205: 3.929030656814575
LOSS 174205: 3.9221038818359375
LOSS 174205: 3.967243194580078
LOSS 174205: 3.9397242069244385
LOSS 174205: 3.996950149536133
LOSS 174205: 3.946019172668457
LOSS 174205: 3.978041410446167
LOSS 174205: 3.942783832550049
LOSS 174205: 3.9570319652557373
LOSS 174205: 3.922916889190674
LOSS 174205: 3.9504408836364746
LOSS 174205: 3.8859567642211914
LOSS 174205: 3.9248528480529785
LOSS 174205: 3.90761661529541
LOSS 174205: 3.8909692764282227
LOSS 174205: 3.898932933807373
LOSS 174205: 3.864279270172119
LOSS 174205: 3.8824214935302734
LOSS 174205: 3.8762011528015137
LOSS 174205: 3.902891159057617
LOSS 174205: 3.884124279022217
LOSS 174205: 3.8717756271362305
LOSS 174205: 3.892261505126953
LOSS 174205: 3.8873050212860107
LOSS 174205: 3.854409694671631
LOSS 174205: 3.827503204345703
LOSS 174205: 3.8338422775268555
LOSS 174205: 3.8656091690063477
LOSS 174205: 3.8138680458068848
LOSS 174205: 3.849820375442505
LOSS 174205: 3.889291286468506
LOSS 174205: 3.8207740783691406
LOSS 174205: 3.844334840774536
LOSS 174205: 3.828373432159424
LOSS 174205: 3.85990571975708
LOSS 174205: 3.8486509323120117
LOSS 174205: 3.820143699645996
LOSS 174205: 3.7994699478149414
LOSS 174205: 3.790970802307129
LOSS 174205: 3.822218418121338
LOSS 174205: 3.814884662628174
LOSS 174205: 3.8282299041748047
LOSS 174205: 3.783379316329956
LOSS 174205: 3.8117318153381348
LOSS 174205: 3.802567958831787
LOSS 174205: 3.837989568710327
LOSS 174205: 3.798825740814209
LOSS 174205: 3.813992500305176
LOSS 174205: 3.7793874740600586
LOSS 174205: 3.813267230987549
LOSS 174205: 3.7753052711486816
LOSS 174205: 3.780385732650757
LOSS 174205: 3.7890191078186035
LOSS 174205: 3.7734928131103516
LOSS 174205: 3.785461187362671
LOSS 174205: 3.7309422492980957
LOSS 174205: 3.765820026397705
LOSS 174205: 3.7710514068603516
LOSS 174205: 3.7850167751312256
LOSS 174205: 3.7633817195892334
LOSS 174205: 3.797929048538208
LOSS 174205: 3.757995128631592
LOSS 174205: 3.7483344078063965
LOSS 174205: 3.7765722274780273
LOSS 174205: 3.7194294929504395
LOSS 174205: 3.7544000148773193
LOSS 174205: 3.7190701961517334
LOSS 174205: 3.7048375606536865
LOSS 174205: 3.7235605716705322
LOSS 174205: 3.733163833618164
LOSS 174205: 3.7239723205566406
LOSS 174205: 3.731510639190674
LOSS 174205: 3.7203893661499023
LOSS 174205: 3.7157015800476074
LOSS 174205: 3.749319076538086
LOSS 174205: 3.7154080867767334
LOSS 174205: 3.685250759124756
LOSS 174205: 3.7318952083587646
LOSS 174205: 3.7022480964660645
LOSS 174205: 3.709048271179199
LOSS 174205: 3.6752772331237793
LOSS 174205: 3.7041385173797607
LOSS 174205: 3.696381092071533
LOSS 174205: 3.6945860385894775
LOSS 174205: 3.6417503356933594
LOSS 174205: 3.6878466606140137
LOSS 174205: 3.6932997703552246
LOSS 174205: 3.674531936645508
LOSS 174205: 3.6709113121032715
LOSS 174205: 3.701073169708252
LOSS 174205: 3.642770528793335
LOSS 174205: 3.6952242851257324
LOSS 174205: 3.6508779525756836
LOSS 174205: 3.640427827835083
LOSS 174205: 3.664393663406372
LOSS 174205: 3.6747021675109863
LOSS 174205: 3.655000925064087
LOSS 174205: 3.6145501136779785
LOSS 174205: 3.6524670124053955
LOSS 174205: 3.638559341430664
LOSS 174205: 3.6794233322143555
LOSS 174205: 3.6680288314819336
LOSS 174205: 3.6127724647521973
LOSS 174205: 3.630298137664795
LOSS 174205: 3.661557197570801
LOSS 174205: 3.6109166145324707
LOSS 174205: 3.6265869140625
LOSS 174205: 3.598707914352417
LOSS 174205: 3.6178598403930664
LOSS 174205: 3.587965488433838
LOSS 174205: 3.6320815086364746
LOSS 174205: 3.6354246139526367
LOSS 174205: 3.5874061584472656
LOSS 174205: 3.5986757278442383
LOSS 174205: 3.5886149406433105
LOSS 174205: 3.5702388286590576
LOSS 174205: 3.5732054710388184
LOSS 174205: 3.5962204933166504
LOSS 174205: 3.620342254638672
LOSS 174205: 3.609807014465332
LOSS 174205: 3.6344902515411377
LOSS 174205: 3.6010029315948486
LOSS 174205: 3.6038756370544434
LOSS 174205: 3.5903525352478027
LOSS 174205: 3.5588836669921875
LOSS 174205: 3.5936737060546875
LOSS 174205: 3.598081111907959
LOSS 174205: 3.5335679054260254
LOSS 174205: 3.60548734664917
LOSS 174205: 3.5971288681030273
LOSS 174205: 3.5637199878692627
LOSS 174205: 3.538602828979492
LOSS 174205: 3.57189679145813
LOSS 174205: 3.599501609802246
LOSS 174205: 3.5490102767944336
LOSS 174205: 3.573554277420044
LOSS 174205: 3.5672457218170166
LOSS 174205: 3.567361354827881
LOSS 174205: 3.5479893684387207
LOSS 174205: 3.553659439086914
LOSS 174205: 3.525254011154175
LOSS 174205: 3.557650566101074
LOSS 174205: 3.5501558780670166
LOSS 174205: 3.52135968208313
LOSS 174205: 3.5427322387695312
LOSS 174205: 3.561995506286621
LOSS 174205: 3.5447683334350586
LOSS 174205: 3.522648811340332
LOSS 174205: 3.5544991493225098
LOSS 174205: 3.5404245853424072
LOSS 174205: 3.5074429512023926
LOSS 174205: 3.5616519451141357
LOSS 174205: 3.4897890090942383
LOSS 174205: 3.4842095375061035
LOSS 174205: 3.554384708404541
LOSS 174205: 3.524904727935791
LOSS 174205: 3.4831833839416504
LOSS 174205: 3.5477423667907715
LOSS 174205: 3.5059213638305664
LOSS 174205: 3.497417449951172
LOSS 174205: 3.5240578651428223
LOSS 174205: 3.522946834564209
LOSS 174205: 3.490654945373535
LOSS 174205: 3.50655460357666
LOSS 174205: 3.528397560119629
LOSS 174205: 3.4988131523132324
LOSS 174205: 3.4957196712493896
LOSS 174205: 3.4803271293640137
LOSS 174205: 3.4629812240600586
LOSS 174205: 3.4895524978637695
LOSS 174205: 3.4982805252075195
LOSS 174205: 3.5094494819641113
LOSS 174205: 3.447671890258789
LOSS 174205: 3.486449718475342
LOSS 174205: 3.4831299781799316
LOSS 174205: 3.4804041385650635
LOSS 174205: 3.507646083831787
LOSS 174205: 3.506150722503662
LOSS 174205: 3.4611544609069824
LOSS 174205: 3.4463024139404297
LOSS 174205: 3.4578142166137695
LOSS 174205: 3.4485888481140137
LOSS 174205: 3.4057648181915283
LOSS 174205: 3.4770584106445312
LOSS 174205: 3.4536046981811523
LOSS 174205: 3.450211524963379
LOSS 174205: 3.458963394165039
LOSS 174205: 3.4788742065429688
LOSS 174205: 3.481499195098877
LOSS 174205: 3.4685277938842773
LOSS 174205: 3.44465970993042
LOSS 174205: 3.437565803527832
LOSS 174205: 3.433135509490967
LOSS 174205: 3.4164035320281982
LOSS 174205: 3.431262969970703
LOSS 174205: 3.455852508544922
LOSS 174205: 3.446687936782837
LOSS 174205: 3.4228310585021973
LOSS 174205: 3.430752992630005
LOSS 174205: 3.4468228816986084
LOSS 174205: 3.442812919616699
LOSS 174205: 3.42329740524292
LOSS 174205: 3.4211525917053223
LOSS 174205: 3.481703758239746
LOSS 174205: 3.412464141845703
LOSS 174205: 3.4255261421203613
LOSS 174205: 3.4091193675994873
LOSS 174205: 3.43432879447937
LOSS 174205: 3.401240825653076
LOSS 174205: 3.414013385772705
LOSS 174205: 3.401092052459717
LOSS 174205: 3.4064626693725586
LOSS 174205: 3.4044859409332275
LOSS 174205: 3.3537585735321045
LOSS 174205: 3.408092975616455
LOSS 174205: 3.416182279586792
LOSS 174205: 3.4121952056884766
LOSS 174205: 3.4189090728759766
LOSS 174205: 3.389662981033325
LOSS 174205: 3.3987197875976562
LOSS 174205: 3.3842990398406982
LOSS 174205: 3.382768154144287
LOSS 174205: 3.4099392890930176
LOSS 174205: 3.3901782035827637
LOSS 174205: 3.4123265743255615
LOSS 174205: 3.3943371772766113
LOSS 174205: 3.3871917724609375
LOSS 174205: 3.397874593734741
LOSS 174205: 3.409553050994873
LOSS 174205: 3.363165855407715
LOSS 174205: 3.3897390365600586
LOSS 174205: 3.392216682434082
LOSS 174205: 3.359656810760498
LOSS 174205: 3.384674310684204
LOSS 174205: 3.356034755706787
LOSS 174205: 3.3555502891540527
LOSS 174205: 3.3701233863830566
LOSS 174205: 3.36434006690979
LOSS 174205: 3.3644800186157227
LOSS 174205: 3.3901424407958984
LOSS 174205: 3.366150379180908
LOSS 174205: 3.3412351608276367
LOSS 174205: 3.360736608505249
LOSS 174205: 3.3666200637817383
LOSS 174205: 3.380913734436035
LOSS 174205: 3.3294568061828613
LOSS 174205: 3.347088575363159
LOSS 174205: 3.361722946166992
LOSS 174205: 3.3688793182373047
LOSS 174205: 3.329246997833252
LOSS 174205: 3.3319478034973145
LOSS 174205: 3.3609135150909424
LOSS 174205: 3.35048246383667
LOSS 174205: 3.3249502182006836
LOSS 174205: 3.3056092262268066
LOSS 174205: 3.3272199630737305
LOSS 174205: 3.3745222091674805
LOSS 174205: 3.3197073936462402
LOSS 174205: 3.351867198944092
LOSS 174205: 3.3272180557250977
LOSS 174205: 3.334521770477295
LOSS 174205: 3.3424558639526367
LOSS 174205: 3.3003580570220947
LOSS 174205: 3.334137439727783
LOSS 174205: 3.3329691886901855
LOSS 174205: 3.299192428588867
LOSS 174205: 3.321417808532715
LOSS 174205: 3.334129810333252
LOSS 174205: 3.3234362602233887
LOSS 174205: 3.3224780559539795
LOSS 174205: 3.3497657775878906
LOSS 174205: 3.315396785736084
LOSS 174205: 3.295905113220215
LOSS 174205: 3.3184924125671387
LOSS 174205: 3.3246073722839355
LOSS 174205: 3.3008999824523926
LOSS 174205: 3.3290061950683594
LOSS 174205: 3.2734336853027344
LOSS 174205: 3.3020081520080566
LOSS 174205: 3.3073854446411133
LOSS 174205: 3.265925407409668
LOSS 174205: 3.297337055206299
LOSS 174205: 3.2712278366088867
LOSS 174205: 3.296052932739258
LOSS 174205: 3.2852630615234375
LOSS 174205: 3.2855749130249023
LOSS 174205: 3.275214195251465
LOSS 174205: 3.2937493324279785
LOSS 174205: 3.2825775146484375
LOSS 174205: 3.285919666290283
LOSS 174205: 3.297785520553589
LOSS 174205: 3.2995715141296387
LOSS 174205: 3.2869505882263184
LOSS 174205: 3.304713726043701
LOSS 174205: 3.256283760070801
LOSS 174205: 3.2722883224487305
LOSS 174205: 3.2776851654052734
LOSS 174205: 3.2793164253234863
LOSS 174205: 3.2576441764831543
LOSS 174205: 3.2713236808776855
LOSS 174205: 3.2770156860351562
LOSS 174205: 3.247267246246338
LOSS 174205: 3.2676467895507812
LOSS 174205: 3.2449893951416016
LOSS 174205: 3.2667245864868164
LOSS 174205: 3.2795376777648926
LOSS 174205: 3.2561402320861816
LOSS 174205: 3.2448058128356934
LOSS 174205: 3.2362122535705566
LOSS 174205: 3.263528347015381
LOSS 174205: 3.2651138305664062
LOSS 174205: 3.2461838722229004
LOSS 174205: 3.2477264404296875
LOSS 174205: 3.2685556411743164
LOSS 174205: 3.2318644523620605
LOSS 174205: 3.2714595794677734
LOSS 174205: 3.2417354583740234
LOSS 174205: 3.227234363555908
LOSS 174205: 3.267080307006836
LOSS 174205: 3.2731027603149414
LOSS 174205: 3.240638256072998
LOSS 174205: 3.2542712688446045
LOSS 174205: 3.2400054931640625
LOSS 174205: 3.231682300567627
LOSS 174205: 3.23576021194458
LOSS 174205: 3.21341872215271
LOSS 174205: 3.2220749855041504
LOSS 174205: 3.236825942993164
LOSS 174205: 3.2243094444274902
LOSS 174205: 3.2368805408477783
LOSS 174205: 3.2532544136047363
LOSS 174205: 3.2003183364868164
LOSS 174205: 3.197526454925537
LOSS 174205: 3.276637077331543
LOSS 174205: 3.2331461906433105
LOSS 174205: 3.2295072078704834
LOSS 174205: 3.249605178833008
LOSS 174205: 3.2410969734191895
LOSS 174205: 3.2267284393310547
LOSS 174205: 3.236452102661133
LOSS 174205: 3.2219839096069336
LOSS 174205: 3.2286829948425293
LOSS 174205: 3.2431938648223877
LOSS 174205: 3.225212574005127
LOSS 174205: 3.204397439956665
LOSS 174205: 3.218909740447998
LOSS 174205: 3.203779935836792
LOSS 174205: 3.2042994499206543
LOSS 174205: 3.2175140380859375
LOSS 174205: 3.2073845863342285
LOSS 174205: 3.1974568367004395
LOSS 174205: 3.1770596504211426
LOSS 174205: 3.2236320972442627
LOSS 174205: 3.2282633781433105
LOSS 174205: 3.188363552093506
LOSS 174205: 3.181729793548584
LOSS 174205: 3.1724491119384766
LOSS 174205: 3.2107810974121094
LOSS 174205: 3.1782407760620117
LOSS 174205: 3.1824092864990234
LOSS 174205: 3.175917148590088
LOSS 174205: 3.1993026733398438
LOSS 174205: 3.2106292247772217
LOSS 174205: 3.1770949363708496
LOSS 174205: 3.1983489990234375
LOSS 174205: 3.173544406890869
LOSS 174205: 3.169628143310547
LOSS 174205: 3.156012535095215
LOSS 174205: 3.191253662109375
LOSS 174205: 3.172853946685791
LOSS 174205: 3.1947946548461914
LOSS 174205: 3.1873412132263184
LOSS 174205: 3.189046859741211
LOSS 174205: 3.188688278198242
LOSS 174205: 3.1718554496765137
LOSS 174205: 3.163757562637329
LOSS 174205: 3.1431751251220703
LOSS 174205: 3.1822667121887207
LOSS 174205: 3.1684229373931885
LOSS 174205: 3.1502418518066406
LOSS 174205: 3.1572115421295166
LOSS 174205: 3.1694090366363525
LOSS 174205: 3.1632606983184814
LOSS 174205: 3.1757514476776123
LOSS 174205: 3.1762213706970215
LOSS 174205: 3.1508312225341797
LOSS 174205: 3.162402868270874
LOSS 174205: 3.156583309173584
LOSS 174205: 3.166651964187622
LOSS 174205: 3.1998610496520996
LOSS 174205: 3.177792549133301
LOSS 174205: 3.147836923599243
LOSS 174205: 3.1332945823669434
LOSS 174205: 3.172607660293579
LOSS 174205: 3.179462432861328
LOSS 174205: 3.133319616317749
LOSS 174205: 3.1084959506988525
LOSS 174205: 3.166797637939453
LOSS 174205: 3.1664702892303467
LOSS 174205: 3.118784189224243
LOSS 174205: 3.150063991546631
LOSS 174205: 3.1394550800323486
LOSS 174205: 3.1000189781188965
LOSS 174205: 3.130558967590332
LOSS 174205: 3.138889789581299
LOSS 174205: 3.1204795837402344
LOSS 174205: 3.1395821571350098
LOSS 174205: 3.1565184593200684
LOSS 174205: 3.1446499824523926
LOSS 174205: 3.1120829582214355
LOSS 174205: 3.099443197250366
LOSS 174205: 3.0917632579803467
LOSS 174205: 3.175283193588257
LOSS 174205: 3.1031179428100586
LOSS 174205: 3.146812677383423
LOSS 174205: 3.149777412414551
LOSS 174205: 3.130310297012329
LOSS 174205: 3.1025993824005127
LOSS 174205: 3.135733127593994
LOSS 174205: 3.1161162853240967
LOSS 174205: 3.1157851219177246
LOSS 174205: 3.1271495819091797
LOSS 174205: 3.131019353866577
LOSS 174205: 3.1082887649536133
LOSS 174205: 3.111665725708008
LOSS 174205: 3.0975751876831055
LOSS 174205: 3.1311564445495605
LOSS 174205: 3.1076698303222656
LOSS 174205: 3.1422481536865234
LOSS 174205: 3.109743118286133
LOSS 174205: 3.111534595489502
LOSS 174205: 3.094909191131592
LOSS 174205: 3.107573986053467
LOSS 174205: 3.1122021675109863
LOSS 174205: 3.107384204864502
LOSS 174205: 3.1056432723999023
LOSS 174205: 3.0972647666931152
LOSS 174205: 3.121605157852173
LOSS 174205: 3.1399753093719482
LOSS 174205: 3.127854824066162
LOSS 174205: 3.1134767532348633
LOSS 174205: 3.1096134185791016
LOSS 174205: 3.118891954421997
LOSS 174205: 3.1076135635375977
LOSS 174205: 3.088566780090332
LOSS 174205: 3.1186771392822266
LOSS 174205: 3.0905301570892334
LOSS 174205: 3.1191022396087646
LOSS 174205: 3.0934600830078125
LOSS 174205: 3.109189510345459
LOSS 174205: 3.079503059387207
LOSS 174205: 3.091439962387085
LOSS 174205: 3.1161394119262695
LOSS 174205: 3.0682334899902344
LOSS 174205: 3.1079697608947754
LOSS 174205: 3.0606024265289307
LOSS 174205: 3.062694549560547
LOSS 174205: 3.0764713287353516
LOSS 174205: 3.1045799255371094
LOSS 174205: 3.0788497924804688
LOSS 174205: 3.1118688583374023
LOSS 174205: 3.0923514366149902
LOSS 174205: 3.076502561569214
LOSS 174205: 3.1060233116149902
LOSS 174205: 3.116776466369629
LOSS 174205: 3.087757110595703
LOSS 174205: 3.1071548461914062
LOSS 174205: 3.095785617828369
LOSS 174205: 3.082906723022461
LOSS 174205: 3.0936150550842285
LOSS 174205: 3.1039538383483887
LOSS 174205: 3.079267740249634
LOSS 174205: 3.075608253479004
LOSS 174205: 3.071321964263916
LOSS 174205: 3.085329532623291
LOSS 174205: 3.0790300369262695
LOSS 174205: 3.0667014122009277
LOSS 174205: 3.0720059871673584
LOSS 174205: 3.056840181350708
LOSS 174205: 3.053723096847534
LOSS 174205: 3.046255111694336
LOSS 174205: 3.043269634246826
LOSS 174205: 3.0804638862609863
LOSS 174205: 3.0903382301330566
LOSS 174205: 3.074100971221924
LOSS 174205: 3.0924291610717773
LOSS 174205: 3.0373740196228027
LOSS 174205: 3.074157238006592
LOSS 174205: 3.0526108741760254
LOSS 174205: 3.064478874206543
LOSS 174205: 3.046578884124756
LOSS 174205: 3.058992862701416
LOSS 174205: 3.054551124572754
LOSS 174205: 3.0767359733581543
LOSS 174205: 3.032764434814453
LOSS 174205: 3.030327796936035
LOSS 174205: 3.0598275661468506
LOSS 174205: 3.076373338699341
LOSS 174205: 3.069521903991699
LOSS 174205: 3.0548770427703857
LOSS 174205: 3.0470454692840576
LOSS 174205: 3.0572638511657715
LOSS 174205: 3.0640106201171875
LOSS 174205: 3.027035713195801
LOSS 174205: 3.0454320907592773
LOSS 174205: 3.0275769233703613
LOSS 174205: 3.052945137023926
LOSS 174205: 3.0489635467529297
LOSS 174205: 3.0491623878479004
LOSS 174205: 3.018095016479492
LOSS 174205: 3.0250940322875977
LOSS 174205: 3.022813558578491
LOSS 174205: 3.0157556533813477
LOSS 174205: 3.057027816772461
LOSS 174205: 3.0507895946502686
LOSS 174205: 3.0565872192382812
LOSS 174205: 3.052175521850586
LOSS 174205: 3.0296106338500977
LOSS 174205: 3.048342227935791
LOSS 174205: 3.0297417640686035
LOSS 174205: 3.060976028442383
LOSS 174205: 3.044654369354248
LOSS 174205: 3.0225396156311035
LOSS 174205: 3.04013729095459
LOSS 174205: 3.0609312057495117
LOSS 174205: 3.029031276702881
LOSS 174205: 3.033745050430298
LOSS 174205: 3.0144405364990234
LOSS 174205: 3.036278486251831
LOSS 174205: 3.018009662628174
LOSS 174205: 3.0058608055114746
LOSS 174205: 3.026759624481201
LOSS 174205: 3.0115418434143066
LOSS 174205: 3.042159080505371
LOSS 174205: 3.0613136291503906
LOSS 174205: 3.0455870628356934
LOSS 174205: 3.0466363430023193
LOSS 174205: 3.0279369354248047
LOSS 174205: 3.031834602355957
LOSS 174205: 3.0151445865631104
LOSS 174205: 3.029087543487549
LOSS 174205: 3.006293773651123
LOSS 174205: 3.047753095626831
LOSS 174205: 3.025575637817383
LOSS 174205: 2.995791435241699
LOSS 174205: 3.0219202041625977
LOSS 174205: 3.028243064880371
LOSS 174205: 3.0076422691345215
LOSS 174205: 2.9859611988067627
LOSS 174205: 3.0175108909606934
LOSS 174205: 3.0326499938964844
LOSS 174205: 3.0010530948638916
LOSS 174205: 3.0040078163146973
LOSS 174205: 2.9977383613586426
LOSS 174205: 3.00382137298584
LOSS 174205: 2.9977710247039795
LOSS 174205: 3.0148682594299316
LOSS 174205: 2.9920167922973633
LOSS 174205: 3.0160815715789795
LOSS 174205: 3.034595012664795
LOSS 174205: 2.9837658405303955
LOSS 174205: 2.9810218811035156
LOSS 174205: 3.0126209259033203
LOSS 174205: 2.9945566654205322
LOSS 174205: 3.0068674087524414
LOSS 174205: 3.005937099456787
LOSS 174205: 2.991846799850464
LOSS 174205: 3.0226240158081055
LOSS 174205: 3.004572868347168
LOSS 174205: 3.0358667373657227
LOSS 174205: 2.995840072631836
LOSS 174205: 2.9773404598236084
LOSS 174205: 2.9925379753112793
LOSS 174205: 3.0203068256378174
LOSS 174205: 2.9792816638946533
LOSS 174205: 3.0066027641296387
LOSS 174205: 2.9842772483825684
LOSS 174205: 2.9965052604675293
LOSS 174205: 2.9696271419525146
LOSS 174205: 2.9855244159698486
LOSS 174205: 2.957791805267334
LOSS 174205: 2.9888432025909424
LOSS 174205: 2.969033718109131
LOSS 174205: 2.9749112129211426
LOSS 174205: 2.9656219482421875
LOSS 174205: 2.9793689250946045
LOSS 174205: 2.9797203540802
LOSS 174205: 3.0298776626586914
LOSS 174205: 2.982790946960449
LOSS 174205: 2.9920969009399414
LOSS 174205: 2.980509042739868
LOSS 174205: 3.0117673873901367
LOSS 174205: 2.964076519012451
LOSS 174205: 2.978253126144409
LOSS 174205: 2.98179292678833
LOSS 174205: 2.965088367462158
LOSS 174205: 2.9601268768310547
LOSS 174205: 2.9867467880249023
LOSS 174205: 2.97145414352417
LOSS 174205: 2.9763412475585938
LOSS 174205: 2.97383451461792
LOSS 174205: 2.9774792194366455
LOSS 174205: 2.955599308013916
LOSS 174205: 2.956728458404541
LOSS 174205: 2.971801280975342
LOSS 174205: 2.9778103828430176
LOSS 174205: 2.9950127601623535
LOSS 174205: 2.9786009788513184
LOSS 174205: 2.9843971729278564
LOSS 174205: 2.976998805999756
LOSS 174205: 2.96323299407959
LOSS 174205: 2.9961438179016113
LOSS 174205: 2.970856189727783
LOSS 174205: 2.946979284286499
LOSS 174205: 2.9491169452667236
LOSS 174205: 2.9761853218078613
LOSS 174205: 2.9256534576416016
LOSS 174205: 2.961404323577881
LOSS 174205: 2.9532885551452637
LOSS 174205: 2.979872226715088
LOSS 174205: 2.972562789916992
LOSS 174205: 2.969723701477051
LOSS 174205: 2.950819969177246
LOSS 174205: 2.9601988792419434
LOSS 174205: 2.968019962310791
LOSS 174205: 2.94614839553833
LOSS 174205: 2.9464190006256104
LOSS 174205: 2.947214126586914
LOSS 174205: 2.987135887145996
LOSS 174205: 2.948838710784912
LOSS 174205: 2.9568819999694824
LOSS 174205: 2.9577884674072266
LOSS 174205: 2.9446544647216797
LOSS 174205: 2.9874987602233887
LOSS 174205: 2.9249823093414307
LOSS 174205: 2.952054977416992
LOSS 174205: 2.9516489505767822
LOSS 174205: 2.946192979812622
LOSS 174205: 2.9374027252197266
LOSS 174205: 2.9319496154785156
LOSS 174205: 2.9330990314483643
LOSS 174205: 2.9419045448303223
LOSS 174205: 2.9557456970214844
LOSS 174205: 2.945660352706909
LOSS 174205: 2.9238319396972656
LOSS 174205: 2.9743971824645996
LOSS 174205: 2.9200239181518555
LOSS 174205: 2.9340410232543945
LOSS 174205: 2.9429287910461426
LOSS 174205: 2.9283270835876465
LOSS 174205: 2.9166712760925293
LOSS 174205: 2.9661900997161865
LOSS 174205: 2.964080810546875
LOSS 174205: 2.9568610191345215
LOSS 174205: 2.932460069656372
LOSS 174205: 2.8935301303863525
LOSS 174205: 2.946747064590454
LOSS 174205: 2.934171199798584
LOSS 174205: 2.9513092041015625
LOSS 174205: 2.9475502967834473
LOSS 174205: 2.90874981880188
LOSS 174205: 2.9662787914276123
LOSS 174205: 2.9549570083618164
LOSS 174205: 2.9423463344573975
LOSS 174205: 2.9227426052093506
LOSS 174205: 2.912886619567871
LOSS 174205: 2.946537494659424
LOSS 174205: 2.9131598472595215
LOSS 174205: 2.9260053634643555
LOSS 174205: 2.9370107650756836
LOSS 174205: 2.9324235916137695
LOSS 174205: 2.9214675426483154
LOSS 174205: 2.914660930633545
LOSS 174205: 2.909497022628784
LOSS 174205: 2.9392337799072266
LOSS 174205: 2.934906005859375
LOSS 174205: 2.9131016731262207
LOSS 174205: 2.922816276550293
LOSS 174205: 2.937824010848999
LOSS 174205: 2.898726463317871
LOSS 174205: 2.9195923805236816
LOSS 174205: 2.9065194129943848
LOSS 174205: 2.909417152404785
LOSS 174205: 2.9046854972839355
LOSS 174205: 2.930649757385254
LOSS 174205: 2.8986542224884033
LOSS 174205: 2.9235568046569824
LOSS 174205: 2.938061475753784
LOSS 174205: 2.9296512603759766
LOSS 174205: 2.9055638313293457
LOSS 174205: 2.9231207370758057
LOSS 174205: 2.9174392223358154
LOSS 174205: 2.91003155708313
LOSS 174205: 2.8805317878723145
LOSS 174205: 2.9307215213775635
LOSS 174205: 2.927006721496582
LOSS 174205: 2.9014785289764404
LOSS 174205: 2.901695728302002
LOSS 174205: 2.9504237174987793
LOSS 174205: 2.9083595275878906
LOSS 174205: 2.8814961910247803
LOSS 174205: 2.922170639038086
LOSS 174205: 2.907255172729492
LOSS 174205: 2.8674681186676025
LOSS 174205: 2.8988428115844727
LOSS 174205: 2.8831405639648438
LOSS 174205: 2.903796434402466
LOSS 174205: 2.9083621501922607
LOSS 174205: 2.914658546447754
LOSS 174205: 2.8782589435577393
LOSS 174205: 2.924163341522217
LOSS 174205: 2.896031618118286
LOSS 174205: 2.8829567432403564
LOSS 174205: 2.90897274017334
LOSS 174205: 2.8757996559143066
LOSS 174205: 2.9097814559936523
LOSS 174205: 2.9215965270996094
LOSS 174205: 2.8642892837524414
LOSS 174205: 2.902596950531006
LOSS 174205: 2.9021029472351074
LOSS 174205: 2.8932180404663086
LOSS 174205: 2.868086338043213
LOSS 174205: 2.8876216411590576
LOSS 174205: 2.885894298553467
LOSS 174205: 2.8764548301696777
LOSS 174205: 2.886056423187256
LOSS 174205: 2.875772476196289
LOSS 174205: 2.893629550933838
LOSS 174205: 2.894709348678589
LOSS 174205: 2.8747034072875977
LOSS 174205: 2.896267890930176
LOSS 174205: 2.91017484664917
LOSS 174205: 2.894777297973633
LOSS 174205: 2.8747963905334473
LOSS 174205: 2.894035816192627
LOSS 174205: 2.8760921955108643
LOSS 174205: 2.878246545791626
LOSS 174205: 2.8792996406555176
LOSS 174205: 2.8749523162841797
LOSS 174205: 2.8949098587036133
LOSS 174205: 2.893111228942871
LOSS 174205: 2.863246440887451
LOSS 174205: 2.920494556427002
LOSS 174205: 2.8525571823120117
LOSS 174205: 2.8734359741210938
LOSS 174205: 2.885952949523926
LOSS 174205: 2.8745603561401367
LOSS 174205: 2.858691930770874
LOSS 174205: 2.9106736183166504
LOSS 174205: 2.860513210296631
LOSS 174205: 2.8919014930725098
LOSS 174205: 2.884016513824463
LOSS 174205: 2.883272409439087
LOSS 174205: 2.8920392990112305
LOSS 174205: 2.871389150619507
LOSS 174205: 2.860680341720581
LOSS 174205: 2.8864433765411377
LOSS 174205: 2.8445167541503906
LOSS 174205: 2.904865264892578
LOSS 174205: 2.8636069297790527
LOSS 174205: 2.88076114654541
LOSS 174205: 2.882096290588379
LOSS 174205: 2.849536657333374
LOSS 174205: 2.860231876373291
LOSS 174205: 2.856757879257202
LOSS 174205: 2.868304967880249
LOSS 174205: 2.892754554748535
LOSS 174205: 2.8751511573791504
LOSS 174205: 2.885892868041992
LOSS 174205: 2.865260124206543
LOSS 174205: 2.8563578128814697
LOSS 174205: 2.8576221466064453
LOSS 174205: 2.8850066661834717
LOSS 174205: 2.87929630279541
LOSS 174205: 2.877315044403076
LOSS 174205: 2.8485350608825684
LOSS 174205: 2.831474781036377
LOSS 174205: 2.8457741737365723
LOSS 174205: 2.8592746257781982
LOSS 174205: 2.8657355308532715
LOSS 174205: 2.8619980812072754
LOSS 174205: 2.855121374130249
LOSS 174205: 2.8633546829223633
LOSS 174205: 2.8642730712890625
LOSS 174205: 2.827218532562256
LOSS 174205: 2.826328754425049
LOSS 174205: 2.8264377117156982
LOSS 174205: 2.879791259765625
LOSS 174205: 2.8302669525146484
LOSS 174205: 2.8672127723693848
LOSS 174205: 2.8757941722869873
LOSS 174205: 2.838399887084961
LOSS 174205: 2.855527639389038
LOSS 174205: 2.8332762718200684
LOSS 174205: 2.8590102195739746
LOSS 174205: 2.8561062812805176
LOSS 174205: 2.86517071723938
LOSS 174205: 2.8567843437194824
LOSS 174205: 2.819861888885498
LOSS 174205: 2.8424272537231445
LOSS 174205: 2.8731720447540283
LOSS 174205: 2.8464345932006836
LOSS 174205: 2.8778953552246094
LOSS 174205: 2.8559162616729736
LOSS 174205: 2.8650107383728027
LOSS 174205: 2.8443727493286133
LOSS 174205: 2.8625807762145996
LOSS 174205: 2.82558012008667
LOSS 174205: 2.830349922180176
LOSS 174205: 2.841374397277832
LOSS 174205: 2.8558220863342285
LOSS 174205: 2.8361148834228516
LOSS 174205: 2.860720634460449
LOSS 174205: 2.8601725101470947
LOSS 174205: 2.843830108642578
LOSS 174205: 2.8454980850219727
LOSS 174205: 2.8362221717834473
LOSS 174205: 2.8338966369628906
LOSS 174205: 2.865776300430298
LOSS 174205: 2.8382158279418945
LOSS 174205: 2.8563923835754395
LOSS 174205: 2.8456337451934814
LOSS 174205: 2.833921432495117
LOSS 174205: 2.848388195037842
LOSS 174205: 2.83117413520813
LOSS 174205: 2.845059394836426
LOSS 174205: 2.834805488586426
LOSS 174205: 2.8457698822021484
LOSS 174205: 2.811368465423584
LOSS 174205: 2.829463005065918
LOSS 174205: 2.7921242713928223
LOSS 174205: 2.8396997451782227
LOSS 174205: 2.8242392539978027
LOSS 174205: 2.8552236557006836
LOSS 174205: 2.824937582015991
LOSS 174205: 2.8043136596679688
LOSS 174205: 2.839324474334717
LOSS 174205: 2.84490704536438
LOSS 174205: 2.819791793823242
LOSS 174205: 2.833312511444092
LOSS 174205: 2.831761598587036
LOSS 174205: 2.8275063037872314
LOSS 174205: 2.832585573196411
LOSS 174205: 2.811635971069336
LOSS 174205: 2.8307485580444336
LOSS 174205: 2.8269095420837402
LOSS 174205: 2.8338985443115234
LOSS 174205: 2.8185667991638184
LOSS 174205: 2.785663366317749
LOSS 174205: 2.8116865158081055
LOSS 174205: 2.8065171241760254
LOSS 174205: 2.828037738800049
LOSS 174205: 2.8257102966308594
LOSS 174205: 2.8244426250457764
LOSS 174205: 2.8026623725891113
LOSS 174205: 2.832068920135498
LOSS 174205: 2.8102688789367676
LOSS 174205: 2.798919677734375
LOSS 174205: 2.8161377906799316
LOSS 174205: 2.843127727508545
LOSS 174205: 2.825090169906616
LOSS 174205: 2.8312084674835205
LOSS 174205: 2.8374600410461426
LOSS 174205: 2.8089475631713867
LOSS 174205: 2.821674346923828
LOSS 174205: 2.828333854675293
LOSS 174205: 2.7990314960479736
LOSS 174205: 2.7907540798187256
LOSS 174205: 2.815784454345703
LOSS 174205: 2.80458927154541
LOSS 174205: 2.7955069541931152
LOSS 174205: 2.8365015983581543
LOSS 174205: 2.8183813095092773
LOSS 174205: 2.8436403274536133
LOSS 174205: 2.821821689605713
LOSS 174205: 2.8347291946411133
LOSS 174205: 2.8287391662597656
LOSS 174205: 2.8120107650756836
LOSS 174205: 2.812274932861328
LOSS 174205: 2.792961835861206
LOSS 174205: 2.824247360229492
LOSS 174205: 2.8077518939971924
LOSS 174205: 2.7745299339294434
LOSS 174205: 2.805767297744751
LOSS 174205: 2.819387435913086
LOSS 174205: 2.7928600311279297
LOSS 174205: 2.786231517791748
LOSS 174205: 2.8197360038757324
LOSS 174205: 2.810426712036133
LOSS 174205: 2.8186941146850586
LOSS 174205: 2.8145499229431152
LOSS 174205: 2.8014028072357178
LOSS 174205: 2.8082542419433594
LOSS 174205: 2.813192844390869
LOSS 174205: 2.7929890155792236
LOSS 174205: 2.801971912384033
LOSS 174205: 2.804286241531372
LOSS 174205: 2.8003625869750977
LOSS 174205: 2.804170846939087
LOSS 174205: 2.806091547012329
LOSS 174205: 2.816685199737549
LOSS 174205: 2.797424793243408
LOSS 174205: 2.815357208251953
LOSS 174205: 2.7801146507263184
LOSS 174205: 2.8033924102783203
LOSS 174205: 2.77451753616333
LOSS 174205: 2.7801194190979004
LOSS 174205: 2.824801206588745
LOSS 174205: 2.8085014820098877
LOSS 174205: 2.8061118125915527
LOSS 174205: 2.7921156883239746
LOSS 174205: 2.7814183235168457
LOSS 174205: 2.765394449234009
LOSS 174205: 2.7727198600769043
LOSS 174205: 2.770887851715088
LOSS 174205: 2.7998392581939697
LOSS 174205: 2.8341784477233887
LOSS 174205: 2.785766124725342
LOSS 174205: 2.774991035461426
LOSS 174205: 2.8038439750671387
LOSS 174205: 2.8024446964263916
LOSS 174205: 2.7843666076660156
LOSS 174205: 2.759730815887451
LOSS 174205: 2.7775015830993652
LOSS 174205: 2.792877674102783
LOSS 174205: 2.7765183448791504
LOSS 174205: 2.7893154621124268
LOSS 174205: 2.7799293994903564
LOSS 174205: 2.8037264347076416
LOSS 174205: 2.7763335704803467
LOSS 174205: 2.778904914855957
LOSS 174205: 2.780923366546631
LOSS 174205: 2.793832778930664
LOSS 174205: 2.7883801460266113
LOSS 174205: 2.778988838195801
LOSS 174205: 2.778634786605835
LOSS 174205: 2.7507681846618652
LOSS 174205: 2.7878212928771973
LOSS 174205: 2.8044822216033936
LOSS 174205: 2.762862205505371
LOSS 174205: 2.741365432739258
LOSS 174205: 2.789755344390869
LOSS 174205: 2.780658721923828
LOSS 174205: 2.771455764770508
LOSS 174205: 2.7880897521972656
LOSS 174205: 2.76784086227417
LOSS 174205: 2.792635679244995
LOSS 174205: 2.797183036804199
LOSS 174205: 2.78725266456604
LOSS 174205: 2.780885696411133
LOSS 174205: 2.786919355392456
LOSS 174205: 2.7735037803649902
LOSS 174205: 2.7890896797180176
LOSS 174205: 2.774681568145752
LOSS 174205: 2.7787508964538574
LOSS 174205: 2.783757209777832
LOSS 174205: 2.776876449584961
LOSS 174205: 2.770292282104492
LOSS 174205: 2.7705841064453125
LOSS 174205: 2.762629985809326
LOSS 174205: 2.7559914588928223
LOSS 174205: 2.8062758445739746
LOSS 174205: 2.764406204223633
LOSS 174205: 2.7895288467407227
LOSS 174205: 2.767413377761841
LOSS 174205: 2.7675254344940186
LOSS 174205: 2.7609291076660156
LOSS 174205: 2.763528823852539
LOSS 174205: 2.7833869457244873
LOSS 174205: 2.784421920776367
LOSS 174205: 2.7880163192749023
LOSS 174205: 2.7679102420806885
LOSS 174205: 2.783400535583496
LOSS 174205: 2.751768112182617
LOSS 174205: 2.760873794555664
LOSS 174205: 2.7920103073120117
LOSS 174205: 2.7718520164489746
LOSS 174205: 2.7992262840270996
LOSS 174205: 2.764951229095459
LOSS 174205: 2.743110179901123
LOSS 174205: 2.7578697204589844
LOSS 174205: 2.760260581970215
LOSS 174205: 2.7543468475341797
LOSS 174205: 2.7759757041931152
LOSS 174205: 2.764657974243164
LOSS 174205: 2.779634475708008
LOSS 174205: 2.765824794769287
LOSS 174205: 2.7674341201782227
LOSS 174205: 2.7630348205566406
LOSS 174205: 2.7998762130737305
LOSS 174205: 2.720240831375122
LOSS 174205: 2.805868148803711
LOSS 174205: 2.7648348808288574
LOSS 174205: 2.761141061782837
LOSS 174205: 2.753727674484253
LOSS 174205: 2.743081569671631
LOSS 174205: 2.76948881149292
LOSS 174205: 2.77181339263916
LOSS 174205: 2.7306017875671387
LOSS 174205: 2.7568907737731934
LOSS 174205: 2.739694118499756
LOSS 174205: 2.7539889812469482
LOSS 174205: 2.761651039123535
LOSS 174205: 2.7455132007598877
LOSS 174205: 2.7918920516967773
LOSS 174205: 2.7420380115509033
LOSS 174205: 2.7381434440612793
LOSS 174205: 2.7645843029022217
LOSS 174205: 2.7306160926818848
LOSS 174205: 2.7488036155700684
LOSS 174205: 2.742929458618164
LOSS 174205: 2.734112024307251
LOSS 174205: 2.739133358001709
LOSS 174205: 2.773731231689453
LOSS 174205: 2.7354397773742676
LOSS 174205: 2.752197742462158
LOSS 174205: 2.7355942726135254
LOSS 174205: 2.7375831604003906
LOSS 174205: 2.7489190101623535
LOSS 174205: 2.7302134037017822
LOSS 174205: 2.7351584434509277
LOSS 174205: 2.7326083183288574
LOSS 174205: 2.7189269065856934
LOSS 174205: 2.7524609565734863
LOSS 174205: 2.760528564453125
LOSS 174205: 2.7536163330078125
LOSS 174205: 2.7330422401428223
LOSS 174205: 2.7197399139404297
LOSS 174205: 2.7628746032714844
LOSS 174205: 2.7675886154174805
LOSS 174205: 2.7417945861816406
LOSS 174205: 2.7412214279174805
LOSS 174205: 2.7497854232788086
LOSS 174205: 2.7523341178894043
LOSS 174205: 2.736191749572754
LOSS 174205: 2.750761032104492
LOSS 174205: 2.7477176189422607
LOSS 174205: 2.7315750122070312
LOSS 174205: 2.7472243309020996
LOSS 174205: 2.745232582092285
LOSS 174205: 2.7444677352905273
LOSS 174205: 2.727247714996338
LOSS 174205: 2.752810478210449
LOSS 174205: 2.7190518379211426
LOSS 174205: 2.730278968811035
LOSS 174205: 2.7200748920440674
LOSS 174205: 2.732682704925537
LOSS 174205: 2.7191519737243652
LOSS 174205: 2.732740879058838
LOSS 174205: 2.7235634326934814
LOSS 174205: 2.7424142360687256
LOSS 174205: 2.735804796218872
LOSS 174205: 2.731119394302368
LOSS 174205: 2.7107200622558594
LOSS 174205: 2.750781774520874
LOSS 174205: 2.738783836364746
LOSS 174205: 2.720121383666992
LOSS 174205: 2.7018542289733887
LOSS 174205: 2.753624200820923
LOSS 174205: 2.7211081981658936
LOSS 174205: 2.7083771228790283
LOSS 174205: 2.721590042114258
LOSS 174205: 2.7254090309143066
LOSS 174205: 2.722872495651245
LOSS 174205: 2.7467989921569824
LOSS 174205: 2.7459769248962402
LOSS 174205: 2.760537624359131
LOSS 174205: 2.7354040145874023
LOSS 174205: 2.7167234420776367
LOSS 174205: 2.7293243408203125
LOSS 174205: 2.700896739959717
LOSS 174205: 2.747634172439575
LOSS 174205: 2.711815118789673
LOSS 174205: 2.744431257247925
LOSS 174205: 2.756621837615967
LOSS 174205: 2.7652878761291504
LOSS 174205: 2.7257437705993652
LOSS 174205: 2.7353951930999756
LOSS 174205: 2.7256550788879395
LOSS 174205: 2.7081680297851562
LOSS 174205: 2.763364553451538
LOSS 174205: 2.697882652282715
LOSS 174205: 2.71779203414917
LOSS 174205: 2.7415637969970703
LOSS 174205: 2.6944878101348877
LOSS 174205: 2.7149970531463623
LOSS 174205: 2.730733871459961
LOSS 174205: 2.6875433921813965
LOSS 174205: 2.723975658416748
LOSS 174205: 2.6980435848236084
LOSS 174205: 2.709933280944824
LOSS 174205: 2.719806432723999
LOSS 174205: 2.744196891784668
LOSS 174205: 2.7114033699035645
LOSS 174205: 2.6903738975524902
LOSS 174205: 2.714963436126709
LOSS 174205: 2.731516122817993
LOSS 174205: 2.6939258575439453
LOSS 174205: 2.7416160106658936
LOSS 174205: 2.708483934402466
LOSS 174205: 2.705784320831299
LOSS 174205: 2.7185726165771484
LOSS 174205: 2.7269883155822754
LOSS 174205: 2.71032452583313
LOSS 174205: 2.7257320880889893
LOSS 174205: 2.7009267807006836
LOSS 174205: 2.688145160675049
LOSS 174205: 2.7227280139923096
LOSS 174205: 2.7104103565216064
LOSS 174205: 2.721682548522949
LOSS 174205: 2.702911138534546
LOSS 174205: 2.707821846008301
LOSS 174205: 2.6992807388305664
LOSS 174205: 2.7158703804016113
LOSS 174205: 2.7058897018432617
LOSS 174205: 2.73453426361084
LOSS 174205: 2.7142105102539062
LOSS 174205: 2.7298436164855957
LOSS 174205: 2.7039499282836914
LOSS 174205: 2.702597141265869
LOSS 174205: 2.7010529041290283
LOSS 174205: 2.7143163681030273
LOSS 174205: 2.696773052215576
LOSS 174205: 2.6992974281311035
LOSS 174205: 2.7033538818359375
LOSS 174205: 2.7152881622314453
LOSS 174205: 2.705690622329712
LOSS 174205: 2.727660655975342
LOSS 174205: 2.6909537315368652
LOSS 174205: 2.711299180984497
LOSS 174205: 2.6934871673583984
LOSS 174205: 2.7067246437072754
LOSS 174205: 2.6904795169830322
LOSS 174205: 2.6993885040283203
LOSS 174205: 2.7212653160095215
LOSS 174205: 2.704925537109375
LOSS 174205: 2.6983094215393066
LOSS 174205: 2.70534348487854
LOSS 174205: 2.7120532989501953
LOSS 174205: 2.7149224281311035
LOSS 174205: 2.688192844390869
LOSS 174205: 2.7082571983337402
LOSS 174205: 2.721094846725464
LOSS 174205: 2.709524631500244
LOSS 174205: 2.6767916679382324
LOSS 174205: 2.6808948516845703
LOSS 174205: 2.678351879119873
LOSS 174205: 2.7065188884735107
LOSS 174205: 2.701864719390869
LOSS 174205: 2.6634321212768555
LOSS 174205: 2.6881613731384277
LOSS 174205: 2.687037467956543
LOSS 174205: 2.6966471672058105
LOSS 174205: 2.7100820541381836
LOSS 174205: 2.698373794555664
LOSS 174205: 2.712714195251465
LOSS 174205: 2.6698060035705566
LOSS 174205: 2.7153797149658203
LOSS 174205: 2.7081100940704346
LOSS 174205: 2.690725564956665
LOSS 174205: 2.671705961227417
LOSS 174205: 2.6999337673187256
LOSS 174205: 2.720090866088867
LOSS 174205: 2.695685863494873
LOSS 174205: 2.685483932495117
LOSS 174205: 2.6885032653808594
LOSS 174205: 2.6739087104797363
LOSS 174205: 2.6696414947509766
LOSS 174205: 2.700634717941284
LOSS 174205: 2.6781699657440186
LOSS 174205: 2.6960108280181885
LOSS 174205: 2.6714959144592285
LOSS 174205: 2.678614616394043
LOSS 174205: 2.7019567489624023
LOSS 174205: 2.6797380447387695
LOSS 174205: 2.701727867126465
LOSS 174205: 2.6816835403442383
LOSS 174205: 2.7051286697387695
LOSS 174205: 2.681276321411133
LOSS 174205: 2.6973347663879395
LOSS 174205: 2.696268081665039
LOSS 174205: 2.7110366821289062
LOSS 174205: 2.6991515159606934
LOSS 174205: 2.696442127227783
LOSS 174205: 2.7184481620788574
LOSS 174205: 2.6735939979553223
LOSS 174205: 2.695358991622925
LOSS 174205: 2.695140838623047
LOSS 174205: 2.702495574951172
LOSS 174205: 2.6981215476989746
LOSS 174205: 2.672017812728882
LOSS 174205: 2.681370258331299
LOSS 174205: 2.7040157318115234
LOSS 174205: 2.7117366790771484
LOSS 174205: 2.6837570667266846
LOSS 174205: 2.690136671066284
LOSS 174205: 2.6716346740722656
LOSS 174205: 2.682448387145996
LOSS 174205: 2.663752794265747
LOSS 174205: 2.672107219696045
LOSS 174205: 2.6745550632476807
LOSS 174205: 2.654111385345459
LOSS 174205: 2.660597801208496
LOSS 174205: 2.6852364540100098
LOSS 174205: 2.6741256713867188
LOSS 174205: 2.6537513732910156
LOSS 174205: 2.675807476043701
LOSS 174205: 2.6709468364715576
LOSS 174205: 2.652078866958618
LOSS 174205: 2.6734731197357178
LOSS 174205: 2.6994118690490723
LOSS 174205: 2.6841320991516113
LOSS 174205: 2.6567649841308594
LOSS 174205: 2.658754348754883
LOSS 174205: 2.6910240650177
LOSS 174205: 2.674649715423584
LOSS 174205: 2.676027774810791
LOSS 174205: 2.672348976135254
LOSS 174205: 2.6574182510375977
LOSS 174205: 2.6419484615325928
LOSS 174205: 2.6857008934020996
LOSS 174205: 2.658679485321045
LOSS 174205: 2.687908411026001
LOSS 174205: 2.7009801864624023
LOSS 174205: 2.649918556213379
LOSS 174205: 2.6941988468170166
LOSS 174205: 2.6392126083374023
LOSS 174205: 2.6706743240356445
LOSS 174205: 2.6928939819335938
LOSS 174205: 2.6678836345672607
LOSS 174205: 2.6697869300842285
LOSS 174205: 2.650275707244873
LOSS 174205: 2.6562325954437256
LOSS 174205: 2.700472831726074
LOSS 174205: 2.640231132507324
LOSS 174205: 2.666844367980957
LOSS 174205: 2.6433229446411133
LOSS 174205: 2.6416263580322266
LOSS 174205: 2.638490915298462
LOSS 174205: 2.654432773590088
LOSS 174205: 2.674708366394043
LOSS 174205: 2.6704843044281006
LOSS 174205: 2.6723995208740234
LOSS 174205: 2.6767189502716064
LOSS 174205: 2.6766676902770996
LOSS 174205: 2.6635475158691406
LOSS 174205: 2.6464641094207764
LOSS 174205: 2.6531248092651367
LOSS 174205: 2.6522090435028076
LOSS 174205: 2.670956611633301
LOSS 174205: 2.675227403640747
LOSS 174205: 2.6439523696899414
LOSS 174205: 2.651240348815918
LOSS 174205: 2.65518856048584
LOSS 174205: 2.6733713150024414
LOSS 174205: 2.647693157196045
LOSS 174205: 2.681180477142334
LOSS 174205: 2.6483354568481445
LOSS 174205: 2.6717281341552734
LOSS 174205: 2.6638264656066895
LOSS 174205: 2.6846299171447754
LOSS 174205: 2.6770694255828857
LOSS 174205: 2.6461634635925293
LOSS 174205: 2.6529312133789062
LOSS 174205: 2.649458885192871
LOSS 174205: 2.678493022918701
LOSS 174205: 2.650153875350952
LOSS 174205: 2.6559934616088867
LOSS 174205: 2.6695163249969482
LOSS 174205: 2.674853801727295
LOSS 174205: 2.647852897644043
LOSS 174205: 2.6429672241210938
LOSS 174205: 2.6531035900115967
LOSS 174205: 2.6862258911132812
LOSS 174205: 2.6316349506378174
LOSS 174205: 2.6529555320739746
LOSS 174205: 2.639313220977783
LOSS 174205: 2.71634578704834
LOSS 174205: 2.6443142890930176
LOSS 174205: 2.6398494243621826
LOSS 174205: 2.6601197719573975
LOSS 174205: 2.6629910469055176
LOSS 174205: 2.6280581951141357
LOSS 174205: 2.6483500003814697
LOSS 174205: 2.666806697845459
LOSS 174205: 2.6405718326568604
LOSS 174205: 2.643188953399658
LOSS 174205: 2.673215389251709
LOSS 174205: 2.6375269889831543
LOSS 174205: 2.6645307540893555
LOSS 174205: 2.641770839691162
LOSS 174205: 2.634124755859375
LOSS 174205: 2.6460719108581543
LOSS 174205: 2.640782356262207
LOSS 174205: 2.6778993606567383
LOSS 174205: 2.631972312927246
LOSS 174205: 2.660195827484131
LOSS 174205: 2.6697254180908203
LOSS 174205: 2.639216423034668
LOSS 174205: 2.6231322288513184
LOSS 174205: 2.651096820831299
LOSS 174205: 2.6404433250427246
LOSS 174205: 2.634915351867676
LOSS 174205: 2.6261658668518066
LOSS 174205: 2.6398215293884277
LOSS 174205: 2.6657862663269043
LOSS 174205: 2.651029586791992
LOSS 174205: 2.649735450744629
LOSS 174205: 2.634389877319336
LOSS 174205: 2.643263816833496
LOSS 174205: 2.6721959114074707
LOSS 174205: 2.6256096363067627
LOSS 174205: 2.643604278564453
LOSS 174205: 2.6470954418182373
LOSS 174205: 2.650073528289795
LOSS 174205: 2.6657707691192627
LOSS 174205: 2.6376779079437256
LOSS 174205: 2.6027162075042725
LOSS 174205: 2.646289825439453
LOSS 174205: 2.6475086212158203
LOSS 174205: 2.6342551708221436
LOSS 174205: 2.625269889831543
LOSS 174205: 2.64272403717041
LOSS 174205: 2.6482558250427246
LOSS 174205: 2.6099138259887695
LOSS 174205: 2.647202491760254
LOSS 174205: 2.6299502849578857
LOSS 174205: 2.6148836612701416
LOSS 174205: 2.6506407260894775
LOSS 174205: 2.6406283378601074
LOSS 174205: 2.654655933380127
LOSS 174205: 2.6124813556671143
LOSS 174205: 2.6326956748962402
LOSS 174205: 2.630725860595703
LOSS 174205: 2.628274440765381
LOSS 174205: 2.6569223403930664
LOSS 174205: 2.6110546588897705
LOSS 174205: 2.6394591331481934
LOSS 174205: 2.61253023147583
LOSS 174205: 2.6244187355041504
LOSS 174205: 2.652703285217285
LOSS 174205: 2.638759136199951
LOSS 174205: 2.626267194747925
LOSS 174205: 2.637026786804199
LOSS 174205: 2.6214075088500977
LOSS 174205: 2.6363017559051514
LOSS 174205: 2.6377272605895996
LOSS 174205: 2.6720404624938965
LOSS 174205: 2.636641025543213
LOSS 174205: 2.6270956993103027
LOSS 174205: 2.621420383453369
LOSS 174205: 2.6434812545776367
LOSS 174205: 2.632336139678955
LOSS 174205: 2.6100568771362305
LOSS 174205: 2.6382651329040527
LOSS 174205: 2.6057887077331543
LOSS 174205: 2.6596932411193848
LOSS 174205: 2.6216635704040527
LOSS 174205: 2.6124114990234375
LOSS 174205: 2.6445565223693848
LOSS 174205: 2.6272311210632324
LOSS 174205: 2.6232104301452637
LOSS 174205: 2.642564296722412
LOSS 174205: 2.617231845855713
LOSS 174205: 2.6307270526885986
LOSS 174205: 2.6303796768188477
LOSS 174205: 2.629143714904785
LOSS 174205: 2.629331111907959
LOSS 174205: 2.6366631984710693
LOSS 174205: 2.6037235260009766
LOSS 174205: 2.6172468662261963
LOSS 174205: 2.625326633453369
LOSS 174205: 2.651148796081543
LOSS 174205: 2.62601375579834
LOSS 174205: 2.619473457336426
LOSS 174205: 2.6175825595855713
LOSS 174205: 2.604929208755493
LOSS 174205: 2.628054618835449
LOSS 174205: 2.613978385925293
LOSS 174205: 2.6266093254089355
LOSS 174205: 2.641831874847412
LOSS 174205: 2.64548921585083
LOSS 174205: 2.6064324378967285
LOSS 174205: 2.659830331802368
LOSS 174205: 2.619044303894043
LOSS 174205: 2.614192008972168
LOSS 174205: 2.621638774871826
LOSS 174205: 2.6136105060577393
LOSS 174205: 2.6393303871154785
LOSS 174205: 2.6202967166900635
LOSS 174205: 2.598532199859619
LOSS 174205: 2.601677417755127
LOSS 174205: 2.5956459045410156
LOSS 174205: 2.60994815826416
LOSS 174205: 2.6011223793029785
LOSS 174205: 2.6229166984558105
LOSS 174205: 2.6125354766845703
LOSS 174205: 2.6122491359710693
LOSS 174205: 2.6106386184692383
LOSS 174205: 2.6018176078796387
LOSS 174205: 2.6183395385742188
LOSS 174205: 2.6115264892578125
LOSS 174205: 2.600001811981201
LOSS 174205: 2.601968288421631
LOSS 174205: 2.6457343101501465
LOSS 174205: 2.6201024055480957
LOSS 174205: 2.6421594619750977
LOSS 174205: 2.6151633262634277
LOSS 174205: 2.589428424835205
LOSS 174205: 2.655151844024658
LOSS 174205: 2.602341651916504
LOSS 174205: 2.5832366943359375
LOSS 174205: 2.6230313777923584
LOSS 174205: 2.6031370162963867
LOSS 174205: 2.603632688522339
LOSS 174205: 2.6096878051757812
LOSS 174205: 2.6058766841888428
LOSS 174205: 2.6175475120544434
LOSS 174205: 2.6027064323425293
LOSS 174205: 2.6064352989196777
LOSS 174205: 2.6024961471557617
LOSS 174205: 2.617137908935547
LOSS 174205: 2.6433682441711426
LOSS 174205: 2.6220691204071045
LOSS 174205: 2.6137828826904297
LOSS 174205: 2.6271843910217285
LOSS 174205: 2.6064445972442627
LOSS 174205: 2.5908288955688477
LOSS 174205: 2.5970993041992188
LOSS 174205: 2.591712474822998
LOSS 174205: 2.6156485080718994
LOSS 174205: 2.610462188720703
LOSS 174205: 2.6135878562927246
LOSS 174205: 2.60133695602417
LOSS 174205: 2.599064588546753
LOSS 174205: 2.5956571102142334
LOSS 174205: 2.6140975952148438
LOSS 174205: 2.588855028152466
LOSS 174205: 2.5935423374176025
LOSS 174205: 2.6077842712402344
LOSS 174205: 2.613236427307129
LOSS 174205: 2.6255087852478027
LOSS 174205: 2.594477653503418
LOSS 174205: 2.6177496910095215
LOSS 174205: 2.586212396621704
LOSS 174205: 2.585735559463501
LOSS 174205: 2.6059954166412354
LOSS 174205: 2.5959877967834473
LOSS 174205: 2.598153591156006
LOSS 174205: 2.5906448364257812
LOSS 174205: 2.600961685180664
LOSS 174205: 2.6435914039611816
LOSS 174205: 2.61076021194458
LOSS 174205: 2.589733123779297
LOSS 174205: 2.6273415088653564
LOSS 174205: 2.615281105041504
LOSS 174205: 2.5891666412353516
LOSS 174205: 2.588205337524414
LOSS 174205: 2.6045584678649902
LOSS 174205: 2.6172778606414795
LOSS 174205: 2.622225761413574
LOSS 174205: 2.595273494720459
LOSS 174205: 2.5988776683807373
LOSS 174205: 2.60526180267334
LOSS 174205: 2.5915446281433105
LOSS 174205: 2.5864996910095215
LOSS 174205: 2.588397979736328
LOSS 174205: 2.593442678451538
LOSS 174205: 2.572258949279785
LOSS 174205: 2.5822396278381348
LOSS 174205: 2.620776891708374
LOSS 174205: 2.589179515838623
LOSS 174205: 2.591132640838623
LOSS 174205: 2.594627857208252
LOSS 174205: 2.6414456367492676
LOSS 174205: 2.5796384811401367
LOSS 174205: 2.606388807296753
LOSS 174205: 2.603749990463257
LOSS 174205: 2.598618984222412
LOSS 174205: 2.587789535522461
LOSS 174205: 2.592531204223633
LOSS 174205: 2.5676145553588867
LOSS 174205: 2.6010141372680664
LOSS 174205: 2.5809764862060547
LOSS 174205: 2.595797538757324
LOSS 174205: 2.6216025352478027
LOSS 174205: 2.60502552986145
LOSS 174205: 2.6043641567230225
LOSS 174205: 2.5697102546691895
LOSS 174205: 2.5984668731689453
LOSS 174205: 2.6033668518066406
LOSS 174205: 2.609295129776001
LOSS 174205: 2.5651049613952637
LOSS 174205: 2.576901435852051
LOSS 174205: 2.5991437435150146
LOSS 174205: 2.5876073837280273
LOSS 174205: 2.5902509689331055
LOSS 174205: 2.5989956855773926
LOSS 174205: 2.6062145233154297
LOSS 174205: 2.5809664726257324
LOSS 174205: 2.576932430267334
LOSS 174205: 2.5890393257141113
LOSS 174205: 2.5741140842437744
LOSS 174205: 2.5721077919006348
LOSS 174205: 2.570134162902832
LOSS 174205: 2.5957603454589844
LOSS 174205: 2.5575311183929443
LOSS 174205: 2.623164653778076
LOSS 174205: 2.599475383758545
LOSS 174205: 2.5646142959594727
LOSS 174205: 2.568674087524414
LOSS 174205: 2.601637363433838
LOSS 174205: 2.6057040691375732
LOSS 174205: 2.587124824523926
LOSS 174205: 2.5873799324035645
LOSS 174205: 2.5630691051483154
LOSS 174205: 2.5764873027801514
LOSS 174205: 2.581533908843994
LOSS 174205: 2.5853586196899414
LOSS 174205: 2.5574488639831543
LOSS 174205: 2.562171459197998
LOSS 174205: 2.5718493461608887
LOSS 174205: 2.5674891471862793
LOSS 174205: 2.590362548828125
LOSS 174205: 2.577275276184082
LOSS 174205: 2.5953421592712402
LOSS 174205: 2.5779194831848145
LOSS 174205: 2.5902042388916016
LOSS 174205: 2.5956716537475586
LOSS 174205: 2.6008079051971436
LOSS 174205: 2.5811774730682373
LOSS 174205: 2.6124367713928223
LOSS 174205: 2.566676139831543
LOSS 174205: 2.5656869411468506
LOSS 174205: 2.569308280944824
LOSS 174205: 2.562422037124634
LOSS 174205: 2.5678248405456543
LOSS 174205: 2.587944507598877
LOSS 174205: 2.582742691040039
LOSS 174205: 2.569154739379883
LOSS 174205: 2.5838613510131836
LOSS 174205: 2.5729689598083496
LOSS 174205: 2.5936074256896973
LOSS 174205: 2.584357261657715
LOSS 174205: 2.5951929092407227
LOSS 174205: 2.560274600982666
LOSS 174205: 2.566553831100464
LOSS 174205: 2.5862646102905273
LOSS 174205: 2.5851564407348633
LOSS 174205: 2.5653531551361084
LOSS 174205: 2.6005287170410156
LOSS 174205: 2.576197624206543
LOSS 174205: 2.593012809753418
LOSS 174205: 2.5810680389404297
LOSS 174205: 2.5809433460235596
LOSS 174205: 2.581122636795044
LOSS 174205: 2.5824685096740723
LOSS 174205: 2.5627739429473877
LOSS 174205: 2.551565408706665
LOSS 174205: 2.578439235687256
LOSS 174205: 2.564481258392334
LOSS 174205: 2.564020872116089
LOSS 174205: 2.5673985481262207
LOSS 174205: 2.5665557384490967
LOSS 174205: 2.5684947967529297
LOSS 174205: 2.6070826053619385
LOSS 174205: 2.55479097366333
LOSS 174205: 2.5455965995788574
LOSS 174205: 2.558825969696045
LOSS 174205: 2.5973191261291504
LOSS 174205: 2.5803215503692627
LOSS 174205: 2.5738110542297363
LOSS 174205: 2.555901527404785
LOSS 174205: 2.577059745788574
LOSS 174205: 2.5809905529022217
LOSS 174205: 2.5697317123413086
LOSS 174205: 2.587118148803711
LOSS 174205: 2.567244052886963
LOSS 174205: 2.5731658935546875
LOSS 174205: 2.5435376167297363
LOSS 174205: 2.5729236602783203
LOSS 174205: 2.568751335144043
LOSS 174205: 2.578457832336426
LOSS 174205: 2.5541491508483887
LOSS 174205: 2.5865888595581055
LOSS 174205: 2.5694634914398193
LOSS 174205: 2.5693259239196777
LOSS 174205: 2.56058406829834
LOSS 174205: 2.5530083179473877
LOSS 174205: 2.558263063430786
LOSS 174205: 2.5811147689819336
LOSS 174205: 2.5851078033447266
LOSS 174205: 2.5918493270874023
LOSS 174205: 2.568998336791992
LOSS 174205: 2.5356903076171875
LOSS 174205: 2.5789098739624023
LOSS 174205: 2.584066867828369
LOSS 174205: 2.561089038848877
LOSS 174205: 2.5442018508911133
LOSS 174205: 2.549267530441284
LOSS 174205: 2.5945968627929688
LOSS 174205: 2.552727460861206
LOSS 174205: 2.5580697059631348
LOSS 174205: 2.568816900253296
LOSS 174205: 2.5476417541503906
LOSS 174205: 2.5387134552001953
LOSS 174205: 2.571117401123047
LOSS 174205: 2.5706019401550293
LOSS 174205: 2.561706066131592
LOSS 174205: 2.5733113288879395
LOSS 174205: 2.5772414207458496
LOSS 174205: 2.5480265617370605
LOSS 174205: 2.538257598876953
LOSS 174205: 2.588679313659668
LOSS 174205: 2.5644402503967285
LOSS 174205: 2.5687403678894043
LOSS 174205: 2.5692520141601562
LOSS 174205: 2.5523204803466797
LOSS 174205: 2.5242834091186523
LOSS 174205: 2.570274829864502
LOSS 174205: 2.5955259799957275
LOSS 174205: 2.5877230167388916
LOSS 174205: 2.5769972801208496
LOSS 174205: 2.5750603675842285
LOSS 174205: 2.5493521690368652
LOSS 174205: 2.5498909950256348
LOSS 174205: 2.5340728759765625
LOSS 174205: 2.562058448791504
LOSS 174205: 2.5408973693847656
[2025-05-10 16:41:35] Running iteration 24 of 10000
