ERROR: Unable to locate a modulefile for 'cudatoolkit/12.4'
[2025-05-10 14:28:19] Python version: Python 3.12.7
PyTorch version: 2.5.1
CUDA available: False
CUDA version: 12.4
[2025-05-10 14:28:24] CUDA not installed or GPUs not available.
[2025-05-10 14:28:24] Running iteration 1 of 10000
[2025-05-10 14:28:28] Running iteration 2 of 10000
[2025-05-10 14:28:31] Running iteration 3 of 10000
[2025-05-10 14:28:35] Running iteration 4 of 10000
[2025-05-10 14:28:38] Running iteration 5 of 10000
[2025-05-10 14:28:42] Running iteration 6 of 10000
[2025-05-10 14:28:45] Running iteration 7 of 10000
[2025-05-10 14:28:48] Running iteration 8 of 10000
[2025-05-10 14:28:52] Running iteration 9 of 10000
[2025-05-10 14:28:55] Running iteration 10 of 10000
[2025-05-10 14:28:59] Running iteration 11 of 10000
[2025-05-10 14:29:02] Running iteration 12 of 10000
[2025-05-10 14:29:06] Running iteration 13 of 10000
[2025-05-10 14:29:09] Running iteration 14 of 10000
model id 271366
LOSS 271366: 70.46802520751953
LOSS 271366: 1902.70556640625
LOSS 271366: 221.99632263183594
LOSS 271366: 72.46273803710938
LOSS 271366: 33.58182144165039
LOSS 271366: 22.999305725097656
LOSS 271366: 18.709964752197266
LOSS 271366: 16.031526565551758
LOSS 271366: 14.524560928344727
LOSS 271366: 13.577009201049805
LOSS 271366: 12.95823860168457
LOSS 271366: 12.274707794189453
LOSS 271366: 12.045995712280273
LOSS 271366: 11.596246719360352
LOSS 271366: 11.417394638061523
LOSS 271366: 11.067428588867188
LOSS 271366: 10.892763137817383
LOSS 271366: 10.635087966918945
LOSS 271366: 10.477928161621094
LOSS 271366: 10.290361404418945
LOSS 271366: 10.100992202758789
LOSS 271366: 9.91197395324707
LOSS 271366: 9.864248275756836
LOSS 271366: 9.648664474487305
LOSS 271366: 9.555203437805176
LOSS 271366: 9.381477355957031
LOSS 271366: 9.308767318725586
LOSS 271366: 9.23060417175293
LOSS 271366: 9.130302429199219
LOSS 271366: 9.018763542175293
LOSS 271366: 8.969720840454102
LOSS 271366: 8.8829345703125
LOSS 271366: 8.826972961425781
LOSS 271366: 8.709115982055664
LOSS 271366: 8.658062934875488
LOSS 271366: 8.574738502502441
LOSS 271366: 8.572748184204102
LOSS 271366: 8.522282600402832
LOSS 271366: 8.553586959838867
LOSS 271366: 8.40951919555664
LOSS 271366: 8.322856903076172
LOSS 271366: 8.309676170349121
LOSS 271366: 8.247547149658203
LOSS 271366: 8.238346099853516
LOSS 271366: 8.123807907104492
LOSS 271366: 8.168801307678223
LOSS 271366: 8.070539474487305
LOSS 271366: 8.112380981445312
LOSS 271366: 8.000968933105469
LOSS 271366: 8.039764404296875
LOSS 271366: 7.951277732849121
LOSS 271366: 7.941551685333252
LOSS 271366: 7.858926296234131
LOSS 271366: 7.815055847167969
LOSS 271366: 7.832303047180176
LOSS 271366: 7.794232368469238
LOSS 271366: 7.730751991271973
LOSS 271366: 7.757136821746826
LOSS 271366: 7.653205871582031
LOSS 271366: 7.688061714172363
LOSS 271366: 7.6363959312438965
LOSS 271366: 7.614471435546875
LOSS 271366: 7.549710273742676
LOSS 271366: 7.596342086791992
LOSS 271366: 7.593528747558594
LOSS 271366: 7.510658264160156
LOSS 271366: 7.469358921051025
LOSS 271366: 7.487249851226807
LOSS 271366: 7.437914848327637
LOSS 271366: 7.442949295043945
LOSS 271366: 7.377764701843262
LOSS 271366: 7.390952110290527
LOSS 271366: 7.32832145690918
LOSS 271366: 7.3360748291015625
LOSS 271366: 7.312125205993652
LOSS 271366: 7.347140312194824
LOSS 271366: 7.31326150894165
LOSS 271366: 7.268243789672852
LOSS 271366: 7.291972637176514
LOSS 271366: 7.300920486450195
LOSS 271366: 7.238425254821777
LOSS 271366: 7.184966564178467
LOSS 271366: 7.17668342590332
LOSS 271366: 7.196061134338379
LOSS 271366: 7.142245292663574
LOSS 271366: 7.132881164550781
LOSS 271366: 7.152423858642578
LOSS 271366: 7.147637367248535
LOSS 271366: 7.086274147033691
LOSS 271366: 7.067505836486816
LOSS 271366: 7.0497636795043945
LOSS 271366: 6.999340534210205
LOSS 271366: 7.076240539550781
LOSS 271366: 7.035901069641113
LOSS 271366: 6.964885234832764
LOSS 271366: 7.028602600097656
LOSS 271366: 6.928279876708984
LOSS 271366: 6.94561767578125
LOSS 271366: 6.898918628692627
LOSS 271366: 6.929529190063477
LOSS 271366: 6.861323356628418
LOSS 271366: 6.867741107940674
LOSS 271366: 6.907299995422363
LOSS 271366: 6.887825965881348
LOSS 271366: 6.799799919128418
LOSS 271366: 6.771170616149902
LOSS 271366: 6.776268005371094
LOSS 271366: 6.777432918548584
LOSS 271366: 6.768891334533691
LOSS 271366: 6.7532525062561035
LOSS 271366: 6.730643272399902
LOSS 271366: 6.738149642944336
LOSS 271366: 6.7192606925964355
LOSS 271366: 6.718109130859375
LOSS 271366: 6.6799726486206055
LOSS 271366: 6.674676895141602
LOSS 271366: 6.705005645751953
LOSS 271366: 6.595277786254883
LOSS 271366: 6.640903949737549
LOSS 271366: 6.595870494842529
LOSS 271366: 6.536876201629639
LOSS 271366: 6.642596244812012
LOSS 271366: 6.600494384765625
LOSS 271366: 6.569291114807129
LOSS 271366: 6.521580696105957
LOSS 271366: 6.537683963775635
LOSS 271366: 6.578502655029297
LOSS 271366: 6.560968399047852
LOSS 271366: 6.497683525085449
LOSS 271366: 6.501358985900879
LOSS 271366: 6.5074310302734375
LOSS 271366: 6.470653533935547
LOSS 271366: 6.422337532043457
LOSS 271366: 6.491180896759033
LOSS 271366: 6.527560710906982
LOSS 271366: 6.46259880065918
LOSS 271366: 6.350939750671387
LOSS 271366: 6.397682189941406
LOSS 271366: 6.389090061187744
LOSS 271366: 6.414264678955078
LOSS 271366: 6.375723838806152
LOSS 271366: 6.38956880569458
LOSS 271366: 6.334907531738281
LOSS 271366: 6.278246879577637
LOSS 271366: 6.318055152893066
LOSS 271366: 6.31343936920166
LOSS 271366: 6.330027103424072
LOSS 271366: 6.229408264160156
LOSS 271366: 6.235511302947998
LOSS 271366: 6.25288200378418
LOSS 271366: 6.245293140411377
LOSS 271366: 6.278916358947754
LOSS 271366: 6.22412109375
LOSS 271366: 6.257794380187988
LOSS 271366: 6.193228244781494
LOSS 271366: 6.146123886108398
LOSS 271366: 6.231393337249756
LOSS 271366: 6.156948089599609
LOSS 271366: 6.143702507019043
LOSS 271366: 6.16213846206665
LOSS 271366: 6.165787696838379
LOSS 271366: 6.187600135803223
LOSS 271366: 6.085686206817627
LOSS 271366: 6.123601913452148
LOSS 271366: 6.138394355773926
LOSS 271366: 6.1525115966796875
LOSS 271366: 6.063533306121826
LOSS 271366: 6.110670566558838
LOSS 271366: 6.0306396484375
LOSS 271366: 6.098777770996094
LOSS 271366: 6.035501956939697
LOSS 271366: 6.100595474243164
LOSS 271366: 6.0284881591796875
LOSS 271366: 6.015474319458008
LOSS 271366: 6.0612640380859375
LOSS 271366: 6.068558692932129
LOSS 271366: 6.035713195800781
LOSS 271366: 5.984479904174805
LOSS 271366: 5.984241485595703
LOSS 271366: 5.936078071594238
LOSS 271366: 5.957086563110352
LOSS 271366: 5.890753746032715
LOSS 271366: 5.929793834686279
LOSS 271366: 5.916500091552734
LOSS 271366: 5.901854515075684
LOSS 271366: 5.882596969604492
LOSS 271366: 5.952510833740234
LOSS 271366: 5.878225326538086
LOSS 271366: 5.880760192871094
LOSS 271366: 5.891386985778809
LOSS 271366: 5.902536392211914
LOSS 271366: 5.9289350509643555
LOSS 271366: 5.856058120727539
LOSS 271366: 5.828428268432617
LOSS 271366: 5.894250869750977
LOSS 271366: 5.85482120513916
LOSS 271366: 5.825660705566406
LOSS 271366: 5.801572799682617
LOSS 271366: 5.83381462097168
LOSS 271366: 5.785121917724609
LOSS 271366: 5.800823211669922
LOSS 271366: 5.799081802368164
LOSS 271366: 5.771555423736572
LOSS 271366: 5.788342475891113
LOSS 271366: 5.779083251953125
LOSS 271366: 5.747858047485352
LOSS 271366: 5.75736141204834
LOSS 271366: 5.717133045196533
LOSS 271366: 5.713985443115234
LOSS 271366: 5.718964576721191
LOSS 271366: 5.736780166625977
LOSS 271366: 5.730952262878418
LOSS 271366: 5.715595245361328
LOSS 271366: 5.687163352966309
LOSS 271366: 5.69804048538208
LOSS 271366: 5.697768211364746
LOSS 271366: 5.648138046264648
LOSS 271366: 5.645909309387207
LOSS 271366: 5.660492897033691
LOSS 271366: 5.654688835144043
LOSS 271366: 5.64674186706543
LOSS 271366: 5.669449806213379
LOSS 271366: 5.636776924133301
LOSS 271366: 5.6331682205200195
LOSS 271366: 5.593453407287598
LOSS 271366: 5.634694576263428
LOSS 271366: 5.595790863037109
LOSS 271366: 5.6088104248046875
LOSS 271366: 5.56923770904541
LOSS 271366: 5.620450973510742
LOSS 271366: 5.584995269775391
LOSS 271366: 5.584003448486328
LOSS 271366: 5.553588390350342
LOSS 271366: 5.499774932861328
LOSS 271366: 5.543603897094727
LOSS 271366: 5.537192344665527
LOSS 271366: 5.529971122741699
LOSS 271366: 5.553224563598633
LOSS 271366: 5.518906116485596
LOSS 271366: 5.496715545654297
LOSS 271366: 5.564151287078857
LOSS 271366: 5.466902732849121
LOSS 271366: 5.473860740661621
LOSS 271366: 5.452960014343262
LOSS 271366: 5.429703235626221
LOSS 271366: 5.447687149047852
LOSS 271366: 5.436679840087891
LOSS 271366: 5.443036079406738
LOSS 271366: 5.421235084533691
LOSS 271366: 5.435513973236084
LOSS 271366: 5.465272903442383
LOSS 271366: 5.478955268859863
LOSS 271366: 5.383579254150391
LOSS 271366: 5.4416046142578125
LOSS 271366: 5.451035499572754
LOSS 271366: 5.424293518066406
LOSS 271366: 5.4109697341918945
LOSS 271366: 5.425833702087402
LOSS 271366: 5.4152655601501465
LOSS 271366: 5.417577743530273
LOSS 271366: 5.3685173988342285
LOSS 271366: 5.399656295776367
LOSS 271366: 5.311302185058594
LOSS 271366: 5.386987686157227
LOSS 271366: 5.335824966430664
LOSS 271366: 5.365670204162598
LOSS 271366: 5.389883041381836
LOSS 271366: 5.364072322845459
LOSS 271366: 5.345284461975098
LOSS 271366: 5.352243423461914
LOSS 271366: 5.3237104415893555
LOSS 271366: 5.292736053466797
LOSS 271366: 5.310973644256592
LOSS 271366: 5.323044776916504
LOSS 271366: 5.351004600524902
LOSS 271366: 5.33600378036499
LOSS 271366: 5.301024436950684
LOSS 271366: 5.278743267059326
LOSS 271366: 5.273460388183594
LOSS 271366: 5.266025543212891
LOSS 271366: 5.284279823303223
LOSS 271366: 5.270695209503174
LOSS 271366: 5.2686967849731445
LOSS 271366: 5.2952494621276855
LOSS 271366: 5.291205406188965
LOSS 271366: 5.255392074584961
LOSS 271366: 5.237718105316162
LOSS 271366: 5.271308898925781
LOSS 271366: 5.252993583679199
LOSS 271366: 5.222756385803223
LOSS 271366: 5.283112525939941
LOSS 271366: 5.247235298156738
LOSS 271366: 5.236117362976074
LOSS 271366: 5.161883354187012
LOSS 271366: 5.210598945617676
LOSS 271366: 5.236278533935547
LOSS 271366: 5.174892425537109
LOSS 271366: 5.177338600158691
LOSS 271366: 5.159512519836426
LOSS 271366: 5.161620140075684
LOSS 271366: 5.136610984802246
LOSS 271366: 5.188431739807129
LOSS 271366: 5.130521774291992
LOSS 271366: 5.137920379638672
LOSS 271366: 5.138575553894043
LOSS 271366: 5.1685590744018555
LOSS 271366: 5.133452415466309
LOSS 271366: 5.106080055236816
LOSS 271366: 5.146327972412109
LOSS 271366: 5.113886833190918
LOSS 271366: 5.1277899742126465
LOSS 271366: 5.114636421203613
LOSS 271366: 5.148462295532227
LOSS 271366: 5.129948139190674
LOSS 271366: 5.074862480163574
LOSS 271366: 5.134664535522461
LOSS 271366: 5.097965240478516
LOSS 271366: 5.089877128601074
LOSS 271366: 5.077393531799316
LOSS 271366: 5.075348377227783
LOSS 271366: 5.081295967102051
LOSS 271366: 5.058047771453857
LOSS 271366: 5.057635307312012
LOSS 271366: 5.071664810180664
LOSS 271366: 5.060759544372559
LOSS 271366: 5.052618026733398
LOSS 271366: 5.06079626083374
LOSS 271366: 5.0582427978515625
LOSS 271366: 5.093915939331055
LOSS 271366: 5.060203552246094
LOSS 271366: 5.041118144989014
LOSS 271366: 5.065855026245117
LOSS 271366: 5.045463562011719
LOSS 271366: 4.990168571472168
LOSS 271366: 4.9770708084106445
LOSS 271366: 5.027090072631836
LOSS 271366: 5.031082630157471
LOSS 271366: 5.02300500869751
LOSS 271366: 4.9661359786987305
LOSS 271366: 4.996598720550537
LOSS 271366: 4.9866814613342285
LOSS 271366: 5.006688117980957
LOSS 271366: 4.948446750640869
LOSS 271366: 5.0188727378845215
LOSS 271366: 4.948896408081055
LOSS 271366: 4.976677894592285
LOSS 271366: 4.970976829528809
LOSS 271366: 4.976588249206543
LOSS 271366: 4.986171722412109
LOSS 271366: 4.988748073577881
LOSS 271366: 4.935002326965332
LOSS 271366: 4.914251327514648
LOSS 271366: 4.918213844299316
LOSS 271366: 4.959585189819336
LOSS 271366: 4.966348171234131
LOSS 271366: 4.922380447387695
LOSS 271366: 4.943584442138672
LOSS 271366: 4.931619644165039
LOSS 271366: 4.93658447265625
LOSS 271366: 4.933356285095215
LOSS 271366: 4.9305338859558105
LOSS 271366: 4.902172088623047
LOSS 271366: 4.890529155731201
LOSS 271366: 4.9113006591796875
LOSS 271366: 4.840987682342529
LOSS 271366: 4.919643402099609
LOSS 271366: 4.870670318603516
LOSS 271366: 4.920942306518555
LOSS 271366: 4.9255290031433105
LOSS 271366: 4.859652996063232
LOSS 271366: 4.914422035217285
LOSS 271366: 4.866387844085693
LOSS 271366: 4.879709243774414
LOSS 271366: 4.885499000549316
LOSS 271366: 4.865110397338867
LOSS 271366: 4.826592922210693
LOSS 271366: 4.879690170288086
LOSS 271366: 4.854798316955566
LOSS 271366: 4.866466045379639
LOSS 271366: 4.866427898406982
LOSS 271366: 4.861950397491455
LOSS 271366: 4.788509368896484
LOSS 271366: 4.834372520446777
LOSS 271366: 4.8435516357421875
LOSS 271366: 4.833839416503906
LOSS 271366: 4.84672737121582
LOSS 271366: 4.791233062744141
LOSS 271366: 4.805816173553467
LOSS 271366: 4.796195030212402
LOSS 271366: 4.811293601989746
LOSS 271366: 4.810190200805664
LOSS 271366: 4.807001113891602
LOSS 271366: 4.7984161376953125
LOSS 271366: 4.801259994506836
LOSS 271366: 4.81005334854126
LOSS 271366: 4.817673683166504
LOSS 271366: 4.78577184677124
LOSS 271366: 4.7344465255737305
LOSS 271366: 4.789764881134033
LOSS 271366: 4.7695770263671875
LOSS 271366: 4.790022850036621
LOSS 271366: 4.7522382736206055
LOSS 271366: 4.742593288421631
LOSS 271366: 4.770464897155762
LOSS 271366: 4.728442192077637
LOSS 271366: 4.740124225616455
LOSS 271366: 4.760190963745117
LOSS 271366: 4.755220413208008
LOSS 271366: 4.741894721984863
LOSS 271366: 4.732183456420898
LOSS 271366: 4.730893135070801
LOSS 271366: 4.747993469238281
LOSS 271366: 4.747143745422363
LOSS 271366: 4.686550140380859
LOSS 271366: 4.70328426361084
LOSS 271366: 4.710596561431885
LOSS 271366: 4.704506874084473
LOSS 271366: 4.6915812492370605
LOSS 271366: 4.72451639175415
LOSS 271366: 4.677549362182617
LOSS 271366: 4.697504043579102
LOSS 271366: 4.6916303634643555
LOSS 271366: 4.73829460144043
LOSS 271366: 4.7070159912109375
LOSS 271366: 4.686285972595215
LOSS 271366: 4.693173408508301
LOSS 271366: 4.717167854309082
LOSS 271366: 4.673567771911621
LOSS 271366: 4.700841903686523
LOSS 271366: 4.723204612731934
LOSS 271366: 4.685154914855957
LOSS 271366: 4.6672139167785645
LOSS 271366: 4.658500671386719
LOSS 271366: 4.685643196105957
LOSS 271366: 4.640870094299316
LOSS 271366: 4.655510425567627
LOSS 271366: 4.685060024261475
LOSS 271366: 4.642938613891602
LOSS 271366: 4.6619954109191895
LOSS 271366: 4.639561653137207
LOSS 271366: 4.618237495422363
LOSS 271366: 4.682826042175293
LOSS 271366: 4.667597770690918
LOSS 271366: 4.614154815673828
LOSS 271366: 4.630834579467773
LOSS 271366: 4.628182888031006
LOSS 271366: 4.615507125854492
LOSS 271366: 4.595297813415527
LOSS 271366: 4.608471870422363
LOSS 271366: 4.646651268005371
LOSS 271366: 4.6292266845703125
LOSS 271366: 4.623684883117676
LOSS 271366: 4.575270652770996
LOSS 271366: 4.613283157348633
LOSS 271366: 4.574583530426025
LOSS 271366: 4.577770233154297
LOSS 271366: 4.606873989105225
LOSS 271366: 4.6046881675720215
LOSS 271366: 4.5977325439453125
LOSS 271366: 4.580328941345215
LOSS 271366: 4.55184268951416
LOSS 271366: 4.588184833526611
LOSS 271366: 4.601234436035156
LOSS 271366: 4.592220306396484
LOSS 271366: 4.631535530090332
LOSS 271366: 4.556562423706055
LOSS 271366: 4.572906494140625
LOSS 271366: 4.581178665161133
LOSS 271366: 4.552087783813477
LOSS 271366: 4.5954484939575195
LOSS 271366: 4.539061069488525
LOSS 271366: 4.53812837600708
LOSS 271366: 4.52699089050293
LOSS 271366: 4.529050350189209
LOSS 271366: 4.554161071777344
LOSS 271366: 4.5480146408081055
LOSS 271366: 4.546626567840576
LOSS 271366: 4.544507026672363
LOSS 271366: 4.520829200744629
LOSS 271366: 4.503575325012207
LOSS 271366: 4.540239334106445
LOSS 271366: 4.555001735687256
LOSS 271366: 4.5504469871521
LOSS 271366: 4.514215469360352
LOSS 271366: 4.506575107574463
LOSS 271366: 4.51114559173584
LOSS 271366: 4.477317810058594
LOSS 271366: 4.51956033706665
LOSS 271366: 4.556169033050537
LOSS 271366: 4.569925308227539
LOSS 271366: 4.472716808319092
LOSS 271366: 4.518463611602783
LOSS 271366: 4.53212833404541
LOSS 271366: 4.492408752441406
LOSS 271366: 4.455039024353027
LOSS 271366: 4.494341850280762
LOSS 271366: 4.463587760925293
LOSS 271366: 4.48901891708374
LOSS 271366: 4.507203102111816
LOSS 271366: 4.489691257476807
LOSS 271366: 4.488681793212891
LOSS 271366: 4.455602645874023
LOSS 271366: 4.495008945465088
LOSS 271366: 4.473752975463867
LOSS 271366: 4.485771179199219
LOSS 271366: 4.44318962097168
LOSS 271366: 4.475759506225586
LOSS 271366: 4.452930450439453
LOSS 271366: 4.482605457305908
LOSS 271366: 4.449148654937744
LOSS 271366: 4.458005905151367
LOSS 271366: 4.484539985656738
LOSS 271366: 4.459421634674072
LOSS 271366: 4.476229190826416
LOSS 271366: 4.482954025268555
LOSS 271366: 4.413617134094238
LOSS 271366: 4.453078746795654
LOSS 271366: 4.4532084465026855
LOSS 271366: 4.465583324432373
LOSS 271366: 4.421910285949707
LOSS 271366: 4.404610633850098
LOSS 271366: 4.405896186828613
LOSS 271366: 4.461592197418213
LOSS 271366: 4.432225227355957
LOSS 271366: 4.460898399353027
LOSS 271366: 4.421411514282227
LOSS 271366: 4.464258670806885
LOSS 271366: 4.429608345031738
LOSS 271366: 4.44189453125
LOSS 271366: 4.434290885925293
LOSS 271366: 4.413249969482422
LOSS 271366: 4.3921098709106445
LOSS 271366: 4.431982517242432
LOSS 271366: 4.377764701843262
LOSS 271366: 4.402103424072266
LOSS 271366: 4.402883529663086
LOSS 271366: 4.386670112609863
LOSS 271366: 4.398515701293945
LOSS 271366: 4.438026428222656
LOSS 271366: 4.372402191162109
LOSS 271366: 4.402495384216309
LOSS 271366: 4.412016868591309
LOSS 271366: 4.380861282348633
LOSS 271366: 4.385231018066406
LOSS 271366: 4.36339807510376
LOSS 271366: 4.356836318969727
LOSS 271366: 4.354452133178711
LOSS 271366: 4.376037120819092
LOSS 271366: 4.383286476135254
LOSS 271366: 4.386750221252441
LOSS 271366: 4.380539417266846
LOSS 271366: 4.378422737121582
LOSS 271366: 4.374781608581543
LOSS 271366: 4.324122428894043
LOSS 271366: 4.360100746154785
LOSS 271366: 4.365890979766846
LOSS 271366: 4.36927604675293
LOSS 271366: 4.338262557983398
LOSS 271366: 4.333797454833984
LOSS 271366: 4.367343902587891
LOSS 271366: 4.34024715423584
LOSS 271366: 4.360973358154297
LOSS 271366: 4.301425933837891
LOSS 271366: 4.290236473083496
LOSS 271366: 4.374877452850342
LOSS 271366: 4.354928970336914
LOSS 271366: 4.366460800170898
LOSS 271366: 4.328968048095703
LOSS 271366: 4.351789951324463
LOSS 271366: 4.343311786651611
LOSS 271366: 4.34715461730957
LOSS 271366: 4.309922695159912
LOSS 271366: 4.321658611297607
LOSS 271366: 4.340718746185303
LOSS 271366: 4.324643135070801
LOSS 271366: 4.315042018890381
LOSS 271366: 4.320023536682129
LOSS 271366: 4.300412654876709
LOSS 271366: 4.294806003570557
LOSS 271366: 4.333930969238281
LOSS 271366: 4.329980850219727
LOSS 271366: 4.281787872314453
LOSS 271366: 4.331188201904297
LOSS 271366: 4.328243255615234
LOSS 271366: 4.310551643371582
LOSS 271366: 4.309174537658691
LOSS 271366: 4.29094123840332
LOSS 271366: 4.317359924316406
LOSS 271366: 4.25434684753418
LOSS 271366: 4.278985023498535
LOSS 271366: 4.272830009460449
LOSS 271366: 4.282142639160156
LOSS 271366: 4.308897018432617
LOSS 271366: 4.277194023132324
LOSS 271366: 4.253262996673584
LOSS 271366: 4.272928237915039
LOSS 271366: 4.284212589263916
LOSS 271366: 4.259303092956543
LOSS 271366: 4.244636535644531
LOSS 271366: 4.233271598815918
LOSS 271366: 4.28148078918457
LOSS 271366: 4.271592140197754
LOSS 271366: 4.238293647766113
LOSS 271366: 4.236362457275391
LOSS 271366: 4.251863479614258
LOSS 271366: 4.2315216064453125
LOSS 271366: 4.209440231323242
LOSS 271366: 4.265209197998047
LOSS 271366: 4.2651824951171875
LOSS 271366: 4.250387668609619
LOSS 271366: 4.230319023132324
LOSS 271366: 4.233205795288086
LOSS 271366: 4.201546669006348
LOSS 271366: 4.243508338928223
LOSS 271366: 4.268895626068115
LOSS 271366: 4.24856424331665
LOSS 271366: 4.219575881958008
LOSS 271366: 4.245255470275879
LOSS 271366: 4.2172136306762695
LOSS 271366: 4.2363481521606445
LOSS 271366: 4.228460311889648
LOSS 271366: 4.246140956878662
LOSS 271366: 4.224248886108398
LOSS 271366: 4.219268798828125
LOSS 271366: 4.204267978668213
LOSS 271366: 4.193298816680908
LOSS 271366: 4.248355865478516
LOSS 271366: 4.267383098602295
LOSS 271366: 4.195931434631348
LOSS 271366: 4.212482452392578
LOSS 271366: 4.214534759521484
LOSS 271366: 4.21633243560791
LOSS 271366: 4.211492538452148
LOSS 271366: 4.248442649841309
LOSS 271366: 4.203000068664551
LOSS 271366: 4.2243194580078125
LOSS 271366: 4.228819847106934
LOSS 271366: 4.229974746704102
LOSS 271366: 4.17952299118042
LOSS 271366: 4.220365524291992
LOSS 271366: 4.201347351074219
LOSS 271366: 4.222286701202393
LOSS 271366: 4.191470623016357
LOSS 271366: 4.228237628936768
LOSS 271366: 4.192985534667969
LOSS 271366: 4.202976226806641
LOSS 271366: 4.14599609375
LOSS 271366: 4.167800426483154
LOSS 271366: 4.202023029327393
LOSS 271366: 4.173038482666016
LOSS 271366: 4.160387992858887
LOSS 271366: 4.170642375946045
LOSS 271366: 4.1778059005737305
LOSS 271366: 4.164167881011963
LOSS 271366: 4.15065860748291
LOSS 271366: 4.128783226013184
LOSS 271366: 4.17889404296875
LOSS 271366: 4.1719865798950195
LOSS 271366: 4.160397529602051
LOSS 271366: 4.174261569976807
LOSS 271366: 4.149776458740234
LOSS 271366: 4.154466152191162
LOSS 271366: 4.156940460205078
LOSS 271366: 4.1532745361328125
LOSS 271366: 4.184569358825684
LOSS 271366: 4.144675254821777
LOSS 271366: 4.154660224914551
LOSS 271366: 4.130947113037109
LOSS 271366: 4.1491570472717285
LOSS 271366: 4.177951812744141
LOSS 271366: 4.144044876098633
LOSS 271366: 4.125258445739746
LOSS 271366: 4.161006450653076
LOSS 271366: 4.147358417510986
LOSS 271366: 4.155065059661865
LOSS 271366: 4.168770790100098
LOSS 271366: 4.168025970458984
LOSS 271366: 4.147491455078125
LOSS 271366: 4.140308380126953
LOSS 271366: 4.145026683807373
LOSS 271366: 4.168794631958008
LOSS 271366: 4.150232315063477
LOSS 271366: 4.135890007019043
LOSS 271366: 4.100995063781738
LOSS 271366: 4.150981903076172
LOSS 271366: 4.112499713897705
LOSS 271366: 4.132975101470947
LOSS 271366: 4.120180130004883
LOSS 271366: 4.126858234405518
LOSS 271366: 4.139509201049805
LOSS 271366: 4.108445167541504
LOSS 271366: 4.134503364562988
LOSS 271366: 4.096872806549072
LOSS 271366: 4.126026153564453
LOSS 271366: 4.11069393157959
LOSS 271366: 4.111220359802246
LOSS 271366: 4.138625144958496
LOSS 271366: 4.1082000732421875
LOSS 271366: 4.098909378051758
LOSS 271366: 4.059009552001953
LOSS 271366: 4.115122318267822
LOSS 271366: 4.097546577453613
LOSS 271366: 4.103893280029297
LOSS 271366: 4.1051225662231445
LOSS 271366: 4.1316986083984375
LOSS 271366: 4.121435165405273
LOSS 271366: 4.104162216186523
LOSS 271366: 4.130773067474365
LOSS 271366: 4.099106788635254
LOSS 271366: 4.084179878234863
LOSS 271366: 4.097616195678711
LOSS 271366: 4.075624942779541
LOSS 271366: 4.055983543395996
LOSS 271366: 4.099310874938965
LOSS 271366: 4.075072765350342
LOSS 271366: 4.067380905151367
LOSS 271366: 4.092082977294922
LOSS 271366: 4.088404655456543
LOSS 271366: 4.065951824188232
LOSS 271366: 4.0682172775268555
LOSS 271366: 4.057590007781982
LOSS 271366: 4.0947489738464355
LOSS 271366: 4.097617149353027
LOSS 271366: 4.046542167663574
LOSS 271366: 4.068181991577148
LOSS 271366: 4.089210033416748
LOSS 271366: 4.062948226928711
LOSS 271366: 4.043215274810791
LOSS 271366: 4.072508811950684
LOSS 271366: 4.067087650299072
LOSS 271366: 4.056377410888672
LOSS 271366: 4.048153877258301
LOSS 271366: 4.062877655029297
LOSS 271366: 4.036114692687988
LOSS 271366: 4.063973903656006
LOSS 271366: 4.04108190536499
LOSS 271366: 4.019109725952148
LOSS 271366: 4.048501014709473
LOSS 271366: 4.073857307434082
LOSS 271366: 4.029970645904541
LOSS 271366: 4.045040130615234
LOSS 271366: 4.028186798095703
LOSS 271366: 4.040692329406738
LOSS 271366: 4.068482398986816
LOSS 271366: 4.026963710784912
LOSS 271366: 4.079477310180664
LOSS 271366: 4.064241409301758
LOSS 271366: 4.057494640350342
LOSS 271366: 4.02235221862793
LOSS 271366: 4.005479335784912
LOSS 271366: 4.0633134841918945
LOSS 271366: 4.038561820983887
LOSS 271366: 4.065981864929199
LOSS 271366: 4.038260459899902
LOSS 271366: 4.035120487213135
LOSS 271366: 4.045995712280273
LOSS 271366: 4.057317733764648
LOSS 271366: 4.044889450073242
LOSS 271366: 4.0259480476379395
LOSS 271366: 4.0538434982299805
LOSS 271366: 4.012423515319824
LOSS 271366: 4.014957427978516
LOSS 271366: 4.035788059234619
LOSS 271366: 4.051056385040283
LOSS 271366: 3.9967575073242188
LOSS 271366: 4.017574310302734
LOSS 271366: 4.037071228027344
LOSS 271366: 4.0257697105407715
LOSS 271366: 3.98708438873291
LOSS 271366: 4.01481819152832
LOSS 271366: 3.980801582336426
LOSS 271366: 3.987952709197998
LOSS 271366: 4.034511566162109
LOSS 271366: 3.97385573387146
LOSS 271366: 4.005753040313721
LOSS 271366: 3.962583541870117
LOSS 271366: 4.001246452331543
LOSS 271366: 3.9735264778137207
LOSS 271366: 4.002242088317871
LOSS 271366: 4.004484176635742
LOSS 271366: 3.990668535232544
LOSS 271366: 4.000743865966797
LOSS 271366: 4.001720428466797
LOSS 271366: 4.006945610046387
LOSS 271366: 3.966231107711792
LOSS 271366: 3.9933996200561523
LOSS 271366: 3.977470874786377
LOSS 271366: 4.009466171264648
LOSS 271366: 4.007160663604736
LOSS 271366: 3.9858498573303223
LOSS 271366: 4.015902519226074
LOSS 271366: 3.9687938690185547
LOSS 271366: 3.9605026245117188
LOSS 271366: 3.991257667541504
LOSS 271366: 3.9513094425201416
LOSS 271366: 3.9562482833862305
LOSS 271366: 3.9710962772369385
LOSS 271366: 3.9568052291870117
LOSS 271366: 3.9812755584716797
LOSS 271366: 3.926168918609619
LOSS 271366: 4.000041484832764
LOSS 271366: 3.94496750831604
LOSS 271366: 3.954712152481079
LOSS 271366: 3.9456305503845215
LOSS 271366: 3.9440741539001465
LOSS 271366: 3.9635772705078125
LOSS 271366: 3.9589121341705322
LOSS 271366: 3.940230369567871
LOSS 271366: 3.95516300201416
LOSS 271366: 3.9407243728637695
LOSS 271366: 3.9589052200317383
LOSS 271366: 3.9333908557891846
LOSS 271366: 3.940171718597412
LOSS 271366: 3.9805445671081543
LOSS 271366: 3.9843831062316895
LOSS 271366: 3.952035427093506
LOSS 271366: 3.9431705474853516
LOSS 271366: 3.975475549697876
LOSS 271366: 3.9537343978881836
LOSS 271366: 3.932652473449707
LOSS 271366: 3.9254300594329834
LOSS 271366: 3.915649175643921
LOSS 271366: 3.9358303546905518
LOSS 271366: 3.9597830772399902
LOSS 271366: 3.9305572509765625
LOSS 271366: 3.9559712409973145
LOSS 271366: 3.951690196990967
LOSS 271366: 3.947239875793457
LOSS 271366: 3.9702348709106445
LOSS 271366: 3.929858922958374
LOSS 271366: 3.9112462997436523
LOSS 271366: 3.947505474090576
LOSS 271366: 3.931426525115967
LOSS 271366: 3.949875831604004
LOSS 271366: 3.9402809143066406
LOSS 271366: 3.9472198486328125
LOSS 271366: 3.923676013946533
LOSS 271366: 3.906087636947632
LOSS 271366: 3.939547538757324
LOSS 271366: 3.930205821990967
LOSS 271366: 3.9087228775024414
LOSS 271366: 3.9334545135498047
LOSS 271366: 3.9217162132263184
LOSS 271366: 3.9088294506073
LOSS 271366: 3.900524616241455
LOSS 271366: 3.8999624252319336
LOSS 271366: 3.921079635620117
LOSS 271366: 3.908240556716919
LOSS 271366: 3.9008920192718506
LOSS 271366: 3.9290733337402344
LOSS 271366: 3.9226255416870117
LOSS 271366: 3.89652156829834
LOSS 271366: 3.902132511138916
LOSS 271366: 3.9141769409179688
LOSS 271366: 3.9008517265319824
LOSS 271366: 3.928403377532959
LOSS 271366: 3.893348217010498
LOSS 271366: 3.916487216949463
LOSS 271366: 3.9209556579589844
LOSS 271366: 3.8938698768615723
LOSS 271366: 3.864983558654785
LOSS 271366: 3.89788818359375
LOSS 271366: 3.9064841270446777
LOSS 271366: 3.8766112327575684
LOSS 271366: 3.898160457611084
LOSS 271366: 3.913550853729248
LOSS 271366: 3.8681623935699463
LOSS 271366: 3.875380277633667
LOSS 271366: 3.888942241668701
LOSS 271366: 3.8768608570098877
LOSS 271366: 3.858736276626587
LOSS 271366: 3.874697685241699
LOSS 271366: 3.8811917304992676
LOSS 271366: 3.8643927574157715
LOSS 271366: 3.855894088745117
LOSS 271366: 3.89178466796875
LOSS 271366: 3.8706679344177246
LOSS 271366: 3.8642325401306152
LOSS 271366: 3.842231035232544
LOSS 271366: 3.866744041442871
LOSS 271366: 3.8937644958496094
LOSS 271366: 3.8806610107421875
LOSS 271366: 3.851757049560547
LOSS 271366: 3.8378748893737793
LOSS 271366: 3.857027053833008
LOSS 271366: 3.840696334838867
LOSS 271366: 3.8797950744628906
LOSS 271366: 3.888170003890991
LOSS 271366: 3.859724998474121
LOSS 271366: 3.8739709854125977
LOSS 271366: 3.867401123046875
LOSS 271366: 3.8804829120635986
LOSS 271366: 3.889613628387451
LOSS 271366: 3.874211311340332
LOSS 271366: 3.8696088790893555
LOSS 271366: 3.8759994506835938
LOSS 271366: 3.8388302326202393
LOSS 271366: 3.8853759765625
LOSS 271366: 3.874807357788086
LOSS 271366: 3.879732608795166
LOSS 271366: 3.8759055137634277
LOSS 271366: 3.8734097480773926
LOSS 271366: 3.853053569793701
LOSS 271366: 3.865835189819336
LOSS 271366: 3.8585524559020996
LOSS 271366: 3.861595630645752
LOSS 271366: 3.8433001041412354
LOSS 271366: 3.8555233478546143
LOSS 271366: 3.845937728881836
LOSS 271366: 3.821072816848755
LOSS 271366: 3.850497245788574
LOSS 271366: 3.866345167160034
LOSS 271366: 3.847562313079834
LOSS 271366: 3.840055465698242
LOSS 271366: 3.8691327571868896
LOSS 271366: 3.847095489501953
LOSS 271366: 3.8293638229370117
LOSS 271366: 3.834719181060791
LOSS 271366: 3.7985000610351562
LOSS 271366: 3.8562657833099365
LOSS 271366: 3.8232884407043457
LOSS 271366: 3.852367877960205
LOSS 271366: 3.816901206970215
LOSS 271366: 3.8399367332458496
LOSS 271366: 3.833803653717041
LOSS 271366: 3.8406267166137695
LOSS 271366: 3.8449320793151855
LOSS 271366: 3.834397315979004
LOSS 271366: 3.812040328979492
LOSS 271366: 3.798910140991211
LOSS 271366: 3.8318233489990234
LOSS 271366: 3.8300161361694336
LOSS 271366: 3.8241982460021973
LOSS 271366: 3.8622777462005615
LOSS 271366: 3.821592330932617
LOSS 271366: 3.784667491912842
LOSS 271366: 3.8001341819763184
LOSS 271366: 3.792050361633301
LOSS 271366: 3.8403477668762207
LOSS 271366: 3.8448684215545654
LOSS 271366: 3.8084001541137695
LOSS 271366: 3.8179469108581543
LOSS 271366: 3.808274507522583
LOSS 271366: 3.8253746032714844
LOSS 271366: 3.8648130893707275
LOSS 271366: 3.7881412506103516
LOSS 271366: 3.784515380859375
LOSS 271366: 3.8350770473480225
LOSS 271366: 3.7986621856689453
LOSS 271366: 3.8272080421447754
LOSS 271366: 3.8323326110839844
LOSS 271366: 3.8302083015441895
LOSS 271366: 3.801386833190918
LOSS 271366: 3.781167984008789
LOSS 271366: 3.798124313354492
LOSS 271366: 3.775587320327759
LOSS 271366: 3.8146591186523438
LOSS 271366: 3.8046998977661133
LOSS 271366: 3.806580066680908
LOSS 271366: 3.8204784393310547
LOSS 271366: 3.784636974334717
LOSS 271366: 3.7857537269592285
LOSS 271366: 3.8268370628356934
LOSS 271366: 3.75044584274292
LOSS 271366: 3.8450934886932373
LOSS 271366: 3.7719616889953613
LOSS 271366: 3.789520740509033
LOSS 271366: 3.7923214435577393
LOSS 271366: 3.770822048187256
LOSS 271366: 3.8205740451812744
LOSS 271366: 3.770130157470703
LOSS 271366: 3.816279411315918
LOSS 271366: 3.811027765274048
LOSS 271366: 3.803767681121826
LOSS 271366: 3.8075027465820312
LOSS 271366: 3.796041488647461
LOSS 271366: 3.801097869873047
LOSS 271366: 3.7922534942626953
LOSS 271366: 3.7891416549682617
LOSS 271366: 3.8285980224609375
LOSS 271366: 3.813096046447754
LOSS 271366: 3.7769007682800293
LOSS 271366: 3.760498046875
LOSS 271366: 3.8039121627807617
LOSS 271366: 3.758082389831543
LOSS 271366: 3.7655489444732666
LOSS 271366: 3.7890028953552246
LOSS 271366: 3.758202075958252
LOSS 271366: 3.753530502319336
LOSS 271366: 3.789675712585449
LOSS 271366: 3.7384824752807617
LOSS 271366: 3.7955474853515625
LOSS 271366: 3.7619566917419434
LOSS 271366: 3.7845349311828613
LOSS 271366: 3.76191782951355
LOSS 271366: 3.776698589324951
LOSS 271366: 3.7725086212158203
LOSS 271366: 3.746588706970215
LOSS 271366: 3.7644708156585693
LOSS 271366: 3.7909581661224365
LOSS 271366: 3.798243284225464
LOSS 271366: 3.7645790576934814
LOSS 271366: 3.7735815048217773
LOSS 271366: 3.7453622817993164
LOSS 271366: 3.747513771057129
LOSS 271366: 3.7544593811035156
LOSS 271366: 3.802995204925537
LOSS 271366: 3.743155002593994
LOSS 271366: 3.758148670196533
LOSS 271366: 3.7796950340270996
LOSS 271366: 3.754502773284912
LOSS 271366: 3.7673726081848145
LOSS 271366: 3.7130746841430664
LOSS 271366: 3.74690318107605
LOSS 271366: 3.7223048210144043
LOSS 271366: 3.737429618835449
LOSS 271366: 3.7640881538391113
LOSS 271366: 3.7321033477783203
LOSS 271366: 3.719054698944092
LOSS 271366: 3.7358016967773438
LOSS 271366: 3.7106447219848633
LOSS 271366: 3.7524139881134033
LOSS 271366: 3.7278709411621094
LOSS 271366: 3.7535881996154785
LOSS 271366: 3.7293097972869873
LOSS 271366: 3.728980541229248
LOSS 271366: 3.691291332244873
LOSS 271366: 3.762932300567627
LOSS 271366: 3.7313337326049805
LOSS 271366: 3.724027156829834
LOSS 271366: 3.772162914276123
LOSS 271366: 3.7563352584838867
LOSS 271366: 3.716153860092163
LOSS 271366: 3.6991641521453857
LOSS 271366: 3.7556161880493164
LOSS 271366: 3.727970600128174
LOSS 271366: 3.7544004917144775
LOSS 271366: 3.731149673461914
LOSS 271366: 3.720573902130127
LOSS 271366: 3.718916893005371
LOSS 271366: 3.7223522663116455
LOSS 271366: 3.7462100982666016
LOSS 271366: 3.7400758266448975
LOSS 271366: 3.7425785064697266
LOSS 271366: 3.679703712463379
LOSS 271366: 3.731410026550293
LOSS 271366: 3.716761589050293
LOSS 271366: 3.751371145248413
LOSS 271366: 3.7297556400299072
LOSS 271366: 3.703970193862915
LOSS 271366: 3.7309415340423584
LOSS 271366: 3.7228848934173584
LOSS 271366: 3.7097296714782715
LOSS 271366: 3.75433349609375
LOSS 271366: 3.7412965297698975
LOSS 271366: 3.7046098709106445
LOSS 271366: 3.6850903034210205
LOSS 271366: 3.7180585861206055
LOSS 271366: 3.71117901802063
LOSS 271366: 3.6883816719055176
LOSS 271366: 3.7065253257751465
LOSS 271366: 3.7113308906555176
LOSS 271366: 3.7276711463928223
LOSS 271366: 3.7258460521698
LOSS 271366: 3.7010951042175293
LOSS 271366: 3.7268195152282715
LOSS 271366: 3.70650315284729
LOSS 271366: 3.6797397136688232
LOSS 271366: 3.677097797393799
LOSS 271366: 3.7038381099700928
LOSS 271366: 3.7109456062316895
LOSS 271366: 3.706878185272217
LOSS 271366: 3.7036216259002686
LOSS 271366: 3.705394744873047
LOSS 271366: 3.6831791400909424
LOSS 271366: 3.6974782943725586
LOSS 271366: 3.7026901245117188
LOSS 271366: 3.704779624938965
LOSS 271366: 3.687971591949463
LOSS 271366: 3.712801456451416
LOSS 271366: 3.696981430053711
LOSS 271366: 3.7050437927246094
LOSS 271366: 3.6967973709106445
LOSS 271366: 3.666390895843506
LOSS 271366: 3.6882591247558594
LOSS 271366: 3.710930347442627
LOSS 271366: 3.6934285163879395
LOSS 271366: 3.67915415763855
LOSS 271366: 3.689511299133301
LOSS 271366: 3.687610626220703
LOSS 271366: 3.705289602279663
LOSS 271366: 3.6744613647460938
LOSS 271366: 3.664278984069824
LOSS 271366: 3.650312900543213
LOSS 271366: 3.665416717529297
LOSS 271366: 3.6719956398010254
LOSS 271366: 3.709872245788574
LOSS 271366: 3.674299478530884
LOSS 271366: 3.701042652130127
LOSS 271366: 3.6715431213378906
LOSS 271366: 3.690216541290283
LOSS 271366: 3.6880931854248047
LOSS 271366: 3.679518461227417
LOSS 271366: 3.6563215255737305
LOSS 271366: 3.689995288848877
LOSS 271366: 3.7181124687194824
LOSS 271366: 3.686903476715088
LOSS 271366: 3.668109655380249
LOSS 271366: 3.6781067848205566
LOSS 271366: 3.650301456451416
LOSS 271366: 3.6950430870056152
LOSS 271366: 3.682288885116577
LOSS 271366: 3.6686534881591797
LOSS 271366: 3.6886491775512695
LOSS 271366: 3.655132532119751
LOSS 271366: 3.639430046081543
LOSS 271366: 3.6608028411865234
LOSS 271366: 3.6607131958007812
LOSS 271366: 3.6427407264709473
LOSS 271366: 3.68609619140625
LOSS 271366: 3.702500820159912
LOSS 271366: 3.6547937393188477
LOSS 271366: 3.6589789390563965
LOSS 271366: 3.6554205417633057
LOSS 271366: 3.6526331901550293
LOSS 271366: 3.672712802886963
LOSS 271366: 3.659083604812622
LOSS 271366: 3.642185926437378
LOSS 271366: 3.6912484169006348
LOSS 271366: 3.677265167236328
LOSS 271366: 3.6482603549957275
LOSS 271366: 3.6744120121002197
LOSS 271366: 3.641885757446289
LOSS 271366: 3.639333724975586
LOSS 271366: 3.6735270023345947
LOSS 271366: 3.6403613090515137
LOSS 271366: 3.6830995082855225
LOSS 271366: 3.662186622619629
LOSS 271366: 3.676006317138672
LOSS 271366: 3.6712493896484375
LOSS 271366: 3.7125632762908936
LOSS 271366: 3.6513419151306152
LOSS 271366: 3.6379244327545166
LOSS 271366: 3.615936517715454
LOSS 271366: 3.6598963737487793
LOSS 271366: 3.621490716934204
LOSS 271366: 3.6637213230133057
LOSS 271366: 3.616969108581543
LOSS 271366: 3.63338303565979
LOSS 271366: 3.650071620941162
LOSS 271366: 3.6254923343658447
LOSS 271366: 3.6083197593688965
LOSS 271366: 3.646482467651367
LOSS 271366: 3.630265712738037
LOSS 271366: 3.6476125717163086
LOSS 271366: 3.6306962966918945
LOSS 271366: 3.6412353515625
LOSS 271366: 3.605577230453491
LOSS 271366: 3.637117862701416
LOSS 271366: 3.6556830406188965
LOSS 271366: 3.61981463432312
LOSS 271366: 3.623344659805298
LOSS 271366: 3.629699230194092
LOSS 271366: 3.6506810188293457
LOSS 271366: 3.6693005561828613
LOSS 271366: 3.5952091217041016
LOSS 271366: 3.6339986324310303
LOSS 271366: 3.6422693729400635
LOSS 271366: 3.6354541778564453
LOSS 271366: 3.6596741676330566
LOSS 271366: 3.628568649291992
LOSS 271366: 3.6236729621887207
LOSS 271366: 3.635188341140747
LOSS 271366: 3.6474661827087402
LOSS 271366: 3.59348201751709
LOSS 271366: 3.636862277984619
LOSS 271366: 3.6359715461730957
LOSS 271366: 3.6221275329589844
LOSS 271366: 3.6140551567077637
LOSS 271366: 3.615318536758423
LOSS 271366: 3.5988261699676514
LOSS 271366: 3.615835666656494
LOSS 271366: 3.6375732421875
LOSS 271366: 3.6407928466796875
LOSS 271366: 3.634366750717163
LOSS 271366: 3.6274988651275635
LOSS 271366: 3.6397366523742676
LOSS 271366: 3.618436336517334
LOSS 271366: 3.6461660861968994
LOSS 271366: 3.6264805793762207
LOSS 271366: 3.640573501586914
LOSS 271366: 3.653569221496582
LOSS 271366: 3.6142187118530273
LOSS 271366: 3.6384496688842773
LOSS 271366: 3.586709499359131
LOSS 271366: 3.6280205249786377
LOSS 271366: 3.65021014213562
LOSS 271366: 3.617493152618408
LOSS 271366: 3.5999321937561035
LOSS 271366: 3.6214094161987305
LOSS 271366: 3.599278211593628
LOSS 271366: 3.582521915435791
LOSS 271366: 3.607725143432617
LOSS 271366: 3.606405019760132
LOSS 271366: 3.6213648319244385
LOSS 271366: 3.5894689559936523
LOSS 271366: 3.6371848583221436
LOSS 271366: 3.6067004203796387
LOSS 271366: 3.6289291381835938
LOSS 271366: 3.591144561767578
LOSS 271366: 3.6069490909576416
LOSS 271366: 3.5968849658966064
LOSS 271366: 3.611154079437256
LOSS 271366: 3.5904955863952637
LOSS 271366: 3.606566905975342
LOSS 271366: 3.6228694915771484
LOSS 271366: 3.6041102409362793
LOSS 271366: 3.605858564376831
LOSS 271366: 3.5820343494415283
LOSS 271366: 3.594853162765503
LOSS 271366: 3.621614456176758
LOSS 271366: 3.587137222290039
LOSS 271366: 3.5925405025482178
LOSS 271366: 3.600613594055176
LOSS 271366: 3.588000774383545
LOSS 271366: 3.609586000442505
LOSS 271366: 3.6178083419799805
LOSS 271366: 3.5989317893981934
LOSS 271366: 3.6183605194091797
LOSS 271366: 3.584846019744873
LOSS 271366: 3.5553526878356934
LOSS 271366: 3.584930181503296
LOSS 271366: 3.5853164196014404
LOSS 271366: 3.5877976417541504
LOSS 271366: 3.6167306900024414
LOSS 271366: 3.5952532291412354
LOSS 271366: 3.5729823112487793
LOSS 271366: 3.590181350708008
LOSS 271366: 3.59285044670105
LOSS 271366: 3.5730860233306885
LOSS 271366: 3.596703290939331
LOSS 271366: 3.6017916202545166
LOSS 271366: 3.5979561805725098
LOSS 271366: 3.5723862648010254
LOSS 271366: 3.5824880599975586
LOSS 271366: 3.578416109085083
LOSS 271366: 3.5824947357177734
LOSS 271366: 3.578242540359497
LOSS 271366: 3.568711757659912
LOSS 271366: 3.568059206008911
LOSS 271366: 3.570039749145508
LOSS 271366: 3.587536096572876
LOSS 271366: 3.5797622203826904
LOSS 271366: 3.5945022106170654
LOSS 271366: 3.6077682971954346
LOSS 271366: 3.582479476928711
LOSS 271366: 3.5865285396575928
LOSS 271366: 3.579319953918457
LOSS 271366: 3.5598297119140625
LOSS 271366: 3.5763373374938965
LOSS 271366: 3.55995512008667
LOSS 271366: 3.5565037727355957
LOSS 271366: 3.578944206237793
LOSS 271366: 3.5736680030822754
LOSS 271366: 3.574530601501465
LOSS 271366: 3.5263805389404297
LOSS 271366: 3.545520782470703
LOSS 271366: 3.571383476257324
LOSS 271366: 3.560823440551758
LOSS 271366: 3.560837984085083
LOSS 271366: 3.5669989585876465
LOSS 271366: 3.546098232269287
LOSS 271366: 3.6028318405151367
LOSS 271366: 3.5792112350463867
LOSS 271366: 3.560757637023926
LOSS 271366: 3.569611072540283
LOSS 271366: 3.5774452686309814
LOSS 271366: 3.569483757019043
LOSS 271366: 3.5524158477783203
LOSS 271366: 3.5743038654327393
LOSS 271366: 3.567647933959961
LOSS 271366: 3.5564959049224854
LOSS 271366: 3.5415658950805664
LOSS 271366: 3.5685324668884277
LOSS 271366: 3.572892665863037
LOSS 271366: 3.5337324142456055
LOSS 271366: 3.5485000610351562
LOSS 271366: 3.534569263458252
LOSS 271366: 3.55657958984375
LOSS 271366: 3.5730552673339844
LOSS 271366: 3.5776474475860596
LOSS 271366: 3.5252628326416016
LOSS 271366: 3.5371010303497314
LOSS 271366: 3.582828998565674
LOSS 271366: 3.550849437713623
LOSS 271366: 3.551187515258789
LOSS 271366: 3.5425493717193604
LOSS 271366: 3.559920310974121
LOSS 271366: 3.5754828453063965
LOSS 271366: 3.5554237365722656
LOSS 271366: 3.544661521911621
LOSS 271366: 3.5367813110351562
LOSS 271366: 3.5646023750305176
LOSS 271366: 3.5420126914978027
LOSS 271366: 3.5596232414245605
LOSS 271366: 3.5100979804992676
LOSS 271366: 3.559969425201416
LOSS 271366: 3.5489487648010254
LOSS 271366: 3.552605152130127
LOSS 271366: 3.5461981296539307
LOSS 271366: 3.5562009811401367
LOSS 271366: 3.515101671218872
LOSS 271366: 3.5263423919677734
LOSS 271366: 3.546351909637451
LOSS 271366: 3.535612106323242
LOSS 271366: 3.562521457672119
LOSS 271366: 3.547680377960205
LOSS 271366: 3.536146879196167
LOSS 271366: 3.5271077156066895
LOSS 271366: 3.5313167572021484
LOSS 271366: 3.528744697570801
LOSS 271366: 3.527409553527832
LOSS 271366: 3.5271267890930176
LOSS 271366: 3.5196614265441895
LOSS 271366: 3.5315937995910645
LOSS 271366: 3.5247230529785156
LOSS 271366: 3.539201259613037
LOSS 271366: 3.513709783554077
LOSS 271366: 3.511674404144287
LOSS 271366: 3.5519564151763916
LOSS 271366: 3.557929515838623
LOSS 271366: 3.4821765422821045
LOSS 271366: 3.500181198120117
LOSS 271366: 3.5091934204101562
LOSS 271366: 3.554373264312744
LOSS 271366: 3.528654098510742
LOSS 271366: 3.515976667404175
LOSS 271366: 3.5187745094299316
LOSS 271366: 3.518281936645508
LOSS 271366: 3.5128707885742188
LOSS 271366: 3.5296688079833984
LOSS 271366: 3.5402493476867676
LOSS 271366: 3.4989511966705322
LOSS 271366: 3.5324594974517822
LOSS 271366: 3.525743007659912
LOSS 271366: 3.5319743156433105
LOSS 271366: 3.5021443367004395
LOSS 271366: 3.4759299755096436
LOSS 271366: 3.523866653442383
LOSS 271366: 3.5177202224731445
LOSS 271366: 3.5319809913635254
LOSS 271366: 3.543292760848999
LOSS 271366: 3.507093906402588
LOSS 271366: 3.529958486557007
LOSS 271366: 3.521559000015259
LOSS 271366: 3.4809515476226807
LOSS 271366: 3.5254485607147217
LOSS 271366: 3.5126020908355713
LOSS 271366: 3.5230445861816406
LOSS 271366: 3.5221824645996094
LOSS 271366: 3.534162998199463
LOSS 271366: 3.520582675933838
LOSS 271366: 3.5569396018981934
LOSS 271366: 3.517578601837158
LOSS 271366: 3.5070605278015137
LOSS 271366: 3.505594253540039
LOSS 271366: 3.5080814361572266
LOSS 271366: 3.505004644393921
LOSS 271366: 3.5077686309814453
LOSS 271366: 3.5258383750915527
LOSS 271366: 3.538422107696533
LOSS 271366: 3.515883445739746
LOSS 271366: 3.511554718017578
LOSS 271366: 3.4965951442718506
LOSS 271366: 3.5213422775268555
LOSS 271366: 3.504518508911133
LOSS 271366: 3.4872729778289795
LOSS 271366: 3.4952893257141113
LOSS 271366: 3.535991668701172
LOSS 271366: 3.5040078163146973
LOSS 271366: 3.4724783897399902
LOSS 271366: 3.482919216156006
LOSS 271366: 3.5008463859558105
LOSS 271366: 3.5085983276367188
LOSS 271366: 3.500136375427246
LOSS 271366: 3.5115294456481934
LOSS 271366: 3.4569685459136963
LOSS 271366: 3.483091354370117
LOSS 271366: 3.503506660461426
LOSS 271366: 3.5240161418914795
LOSS 271366: 3.486355781555176
LOSS 271366: 3.5111382007598877
LOSS 271366: 3.5032777786254883
LOSS 271366: 3.489557981491089
LOSS 271366: 3.5165205001831055
LOSS 271366: 3.518171787261963
LOSS 271366: 3.4921798706054688
LOSS 271366: 3.5135648250579834
LOSS 271366: 3.5197839736938477
LOSS 271366: 3.480048894882202
LOSS 271366: 3.501267433166504
LOSS 271366: 3.5250816345214844
LOSS 271366: 3.4986281394958496
LOSS 271366: 3.488112449645996
LOSS 271366: 3.473018169403076
LOSS 271366: 3.467432975769043
LOSS 271366: 3.502880573272705
LOSS 271366: 3.4832305908203125
LOSS 271366: 3.491773843765259
LOSS 271366: 3.5086135864257812
LOSS 271366: 3.4934163093566895
LOSS 271366: 3.489969253540039
LOSS 271366: 3.5050127506256104
LOSS 271366: 3.4838521480560303
LOSS 271366: 3.4520668983459473
LOSS 271366: 3.4748117923736572
LOSS 271366: 3.497859001159668
LOSS 271366: 3.467928409576416
LOSS 271366: 3.4970502853393555
LOSS 271366: 3.4759654998779297
LOSS 271366: 3.49180269241333
LOSS 271366: 3.5107483863830566
LOSS 271366: 3.506878614425659
LOSS 271366: 3.479124069213867
LOSS 271366: 3.4733564853668213
LOSS 271366: 3.4535696506500244
LOSS 271366: 3.461097240447998
LOSS 271366: 3.4895403385162354
LOSS 271366: 3.4972362518310547
LOSS 271366: 3.498077154159546
LOSS 271366: 3.471482515335083
LOSS 271366: 3.453406810760498
LOSS 271366: 3.4734268188476562
LOSS 271366: 3.4686527252197266
LOSS 271366: 3.4561209678649902
LOSS 271366: 3.5123348236083984
LOSS 271366: 3.4698798656463623
LOSS 271366: 3.449800968170166
LOSS 271366: 3.4842114448547363
LOSS 271366: 3.5026206970214844
LOSS 271366: 3.4974541664123535
LOSS 271366: 3.4835381507873535
LOSS 271366: 3.480032444000244
LOSS 271366: 3.4893364906311035
LOSS 271366: 3.4783387184143066
LOSS 271366: 3.4909987449645996
LOSS 271366: 3.461974620819092
LOSS 271366: 3.468888759613037
LOSS 271366: 3.46090030670166
LOSS 271366: 3.4749770164489746
LOSS 271366: 3.490856170654297
LOSS 271366: 3.487497329711914
LOSS 271366: 3.472519874572754
LOSS 271366: 3.483865737915039
LOSS 271366: 3.453676700592041
LOSS 271366: 3.4796977043151855
LOSS 271366: 3.4406847953796387
LOSS 271366: 3.4465091228485107
LOSS 271366: 3.4805092811584473
LOSS 271366: 3.4811267852783203
LOSS 271366: 3.483762264251709
LOSS 271366: 3.464262008666992
LOSS 271366: 3.484421730041504
LOSS 271366: 3.452951431274414
LOSS 271366: 3.454852819442749
LOSS 271366: 3.4591546058654785
LOSS 271366: 3.4595322608947754
LOSS 271366: 3.443411350250244
LOSS 271366: 3.4496138095855713
LOSS 271366: 3.4645776748657227
LOSS 271366: 3.451033353805542
LOSS 271366: 3.442781448364258
LOSS 271366: 3.4720425605773926
LOSS 271366: 3.467155933380127
LOSS 271366: 3.485752820968628
LOSS 271366: 3.4690163135528564
LOSS 271366: 3.4367737770080566
LOSS 271366: 3.457085371017456
LOSS 271366: 3.4716849327087402
LOSS 271366: 3.4611706733703613
LOSS 271366: 3.4276485443115234
LOSS 271366: 3.4398539066314697
LOSS 271366: 3.438293933868408
LOSS 271366: 3.4505670070648193
LOSS 271366: 3.4532840251922607
LOSS 271366: 3.4462087154388428
LOSS 271366: 3.4583442211151123
LOSS 271366: 3.461256980895996
LOSS 271366: 3.4601006507873535
LOSS 271366: 3.4442882537841797
LOSS 271366: 3.44144344329834
LOSS 271366: 3.439122200012207
LOSS 271366: 3.473914861679077
LOSS 271366: 3.455810785293579
LOSS 271366: 3.4263081550598145
LOSS 271366: 3.4515457153320312
LOSS 271366: 3.429508686065674
LOSS 271366: 3.461236000061035
LOSS 271366: 3.460129737854004
LOSS 271366: 3.450627326965332
LOSS 271366: 3.4339561462402344
LOSS 271366: 3.430109739303589
LOSS 271366: 3.4393844604492188
LOSS 271366: 3.4342758655548096
LOSS 271366: 3.4602394104003906
LOSS 271366: 3.4147515296936035
LOSS 271366: 3.4713611602783203
LOSS 271366: 3.420579433441162
LOSS 271366: 3.4482665061950684
LOSS 271366: 3.440185785293579
LOSS 271366: 3.403491973876953
LOSS 271366: 3.4267680644989014
LOSS 271366: 3.42397141456604
LOSS 271366: 3.4513421058654785
LOSS 271366: 3.429685115814209
LOSS 271366: 3.414766550064087
LOSS 271366: 3.4514145851135254
LOSS 271366: 3.4282894134521484
LOSS 271366: 3.405357599258423
LOSS 271366: 3.417830467224121
LOSS 271366: 3.4373013973236084
LOSS 271366: 3.418482780456543
LOSS 271366: 3.4131722450256348
LOSS 271366: 3.446599006652832
LOSS 271366: 3.4430997371673584
LOSS 271366: 3.467026948928833
LOSS 271366: 3.4383933544158936
LOSS 271366: 3.4449706077575684
LOSS 271366: 3.4614944458007812
LOSS 271366: 3.4287867546081543
LOSS 271366: 3.44797945022583
LOSS 271366: 3.4540977478027344
LOSS 271366: 3.4084081649780273
LOSS 271366: 3.4284186363220215
LOSS 271366: 3.392777919769287
LOSS 271366: 3.4113006591796875
LOSS 271366: 3.4350476264953613
LOSS 271366: 3.4146969318389893
LOSS 271366: 3.43213152885437
LOSS 271366: 3.4439663887023926
LOSS 271366: 3.4436826705932617
LOSS 271366: 3.3964085578918457
LOSS 271366: 3.4284896850585938
LOSS 271366: 3.441883087158203
LOSS 271366: 3.4471311569213867
LOSS 271366: 3.4316277503967285
LOSS 271366: 3.433180093765259
LOSS 271366: 3.396907329559326
LOSS 271366: 3.419654369354248
LOSS 271366: 3.427016019821167
LOSS 271366: 3.4268288612365723
LOSS 271366: 3.420569896697998
LOSS 271366: 3.435715436935425
LOSS 271366: 3.4361486434936523
LOSS 271366: 3.4293408393859863
LOSS 271366: 3.3953232765197754
LOSS 271366: 3.410935401916504
LOSS 271366: 3.4015467166900635
LOSS 271366: 3.393221378326416
LOSS 271366: 3.436363935470581
LOSS 271366: 3.4131221771240234
LOSS 271366: 3.4015989303588867
LOSS 271366: 3.419806480407715
LOSS 271366: 3.4245996475219727
LOSS 271366: 3.420987129211426
LOSS 271366: 3.4214959144592285
LOSS 271366: 3.425589084625244
LOSS 271366: 3.3819687366485596
LOSS 271366: 3.432882785797119
LOSS 271366: 3.3937652111053467
LOSS 271366: 3.4217634201049805
LOSS 271366: 3.4094834327697754
LOSS 271366: 3.384629726409912
LOSS 271366: 3.4063339233398438
LOSS 271366: 3.3924503326416016
LOSS 271366: 3.419586658477783
LOSS 271366: 3.41115665435791
LOSS 271366: 3.4339356422424316
LOSS 271366: 3.4095311164855957
LOSS 271366: 3.417962074279785
LOSS 271366: 3.3884105682373047
LOSS 271366: 3.3970022201538086
LOSS 271366: 3.413501739501953
LOSS 271366: 3.4335453510284424
LOSS 271366: 3.4499783515930176
LOSS 271366: 3.401906967163086
LOSS 271366: 3.398400068283081
LOSS 271366: 3.393793821334839
LOSS 271366: 3.400749444961548
LOSS 271366: 3.400636672973633
LOSS 271366: 3.4118943214416504
LOSS 271366: 3.4347128868103027
LOSS 271366: 3.3999462127685547
LOSS 271366: 3.398960590362549
LOSS 271366: 3.412036895751953
LOSS 271366: 3.428459644317627
LOSS 271366: 3.3912949562072754
LOSS 271366: 3.387755870819092
LOSS 271366: 3.37315034866333
LOSS 271366: 3.4077563285827637
LOSS 271366: 3.3946964740753174
LOSS 271366: 3.3856115341186523
LOSS 271366: 3.386843681335449
LOSS 271366: 3.3806798458099365
LOSS 271366: 3.374469757080078
LOSS 271366: 3.3701133728027344
LOSS 271366: 3.3863933086395264
LOSS 271366: 3.391935348510742
LOSS 271366: 3.376999855041504
LOSS 271366: 3.428689956665039
LOSS 271366: 3.3813440799713135
LOSS 271366: 3.3794708251953125
LOSS 271366: 3.389869213104248
LOSS 271366: 3.3678321838378906
LOSS 271366: 3.3931360244750977
LOSS 271366: 3.354393482208252
LOSS 271366: 3.362804412841797
LOSS 271366: 3.3758978843688965
LOSS 271366: 3.372535228729248
LOSS 271366: 3.4199352264404297
LOSS 271366: 3.3655333518981934
LOSS 271366: 3.408628225326538
LOSS 271366: 3.4070353507995605
LOSS 271366: 3.3649466037750244
LOSS 271366: 3.385143280029297
LOSS 271366: 3.3905861377716064
LOSS 271366: 3.3826863765716553
LOSS 271366: 3.368088483810425
LOSS 271366: 3.381588935852051
LOSS 271366: 3.3666796684265137
LOSS 271366: 3.378042459487915
LOSS 271366: 3.3709611892700195
LOSS 271366: 3.409419059753418
LOSS 271366: 3.37429141998291
LOSS 271366: 3.3804538249969482
LOSS 271366: 3.3927531242370605
LOSS 271366: 3.3758504390716553
LOSS 271366: 3.4197864532470703
LOSS 271366: 3.4022655487060547
LOSS 271366: 3.4043402671813965
LOSS 271366: 3.3586483001708984
LOSS 271366: 3.3802642822265625
LOSS 271366: 3.3808934688568115
LOSS 271366: 3.373828887939453
LOSS 271366: 3.3991637229919434
LOSS 271366: 3.3768835067749023
LOSS 271366: 3.3642444610595703
LOSS 271366: 3.344451904296875
LOSS 271366: 3.390866756439209
LOSS 271366: 3.385366916656494
LOSS 271366: 3.4092702865600586
LOSS 271366: 3.3719184398651123
LOSS 271366: 3.3802404403686523
LOSS 271366: 3.374783992767334
LOSS 271366: 3.3773865699768066
LOSS 271366: 3.3762426376342773
LOSS 271366: 3.379685878753662
LOSS 271366: 3.37113618850708
LOSS 271366: 3.3406805992126465
LOSS 271366: 3.36297607421875
LOSS 271366: 3.365020751953125
LOSS 271366: 3.3723762035369873
LOSS 271366: 3.391145706176758
LOSS 271366: 3.3418564796447754
LOSS 271366: 3.360677719116211
LOSS 271366: 3.3729119300842285
LOSS 271366: 3.3737688064575195
LOSS 271366: 3.349781036376953
LOSS 271366: 3.3936479091644287
LOSS 271366: 3.3678412437438965
LOSS 271366: 3.378842353820801
LOSS 271366: 3.3667211532592773
LOSS 271366: 3.3802902698516846
LOSS 271366: 3.3788914680480957
LOSS 271366: 3.3738603591918945
LOSS 271366: 3.3845081329345703
LOSS 271366: 3.349914073944092
LOSS 271366: 3.362288236618042
LOSS 271366: 3.377987861633301
LOSS 271366: 3.36075496673584
LOSS 271366: 3.3545241355895996
LOSS 271366: 3.374032735824585
LOSS 271366: 3.3499398231506348
LOSS 271366: 3.376401424407959
LOSS 271366: 3.344712018966675
LOSS 271366: 3.3717098236083984
LOSS 271366: 3.3846521377563477
LOSS 271366: 3.3603758811950684
LOSS 271366: 3.3758766651153564
LOSS 271366: 3.3624722957611084
LOSS 271366: 3.3769659996032715
LOSS 271366: 3.366384506225586
LOSS 271366: 3.370671510696411
LOSS 271366: 3.3750247955322266
LOSS 271366: 3.375368118286133
LOSS 271366: 3.347705841064453
LOSS 271366: 3.348076343536377
LOSS 271366: 3.3636066913604736
LOSS 271366: 3.3311927318573
LOSS 271366: 3.3554906845092773
LOSS 271366: 3.3666090965270996
LOSS 271366: 3.3584017753601074
LOSS 271366: 3.3636183738708496
LOSS 271366: 3.3478939533233643
LOSS 271366: 3.360201358795166
LOSS 271366: 3.323725938796997
LOSS 271366: 3.329195022583008
LOSS 271366: 3.3832814693450928
LOSS 271366: 3.3458750247955322
LOSS 271366: 3.3449034690856934
LOSS 271366: 3.3088629245758057
LOSS 271366: 3.318777084350586
LOSS 271366: 3.3388357162475586
LOSS 271366: 3.345770835876465
LOSS 271366: 3.3248610496520996
LOSS 271366: 3.3385605812072754
LOSS 271366: 3.3592915534973145
LOSS 271366: 3.3603873252868652
LOSS 271366: 3.348607063293457
LOSS 271366: 3.349834442138672
LOSS 271366: 3.3461389541625977
LOSS 271366: 3.3322603702545166
LOSS 271366: 3.353980541229248
LOSS 271366: 3.379152774810791
LOSS 271366: 3.340031623840332
LOSS 271366: 3.353623390197754
LOSS 271366: 3.3289244174957275
LOSS 271366: 3.345947742462158
LOSS 271366: 3.3461415767669678
LOSS 271366: 3.3581535816192627
LOSS 271366: 3.3357553482055664
LOSS 271366: 3.3440401554107666
LOSS 271366: 3.3427534103393555
LOSS 271366: 3.336390972137451
LOSS 271366: 3.344684362411499
LOSS 271366: 3.327026844024658
LOSS 271366: 3.3362953662872314
LOSS 271366: 3.350985050201416
LOSS 271366: 3.360879898071289
LOSS 271366: 3.320309638977051
LOSS 271366: 3.336132526397705
LOSS 271366: 3.348762035369873
LOSS 271366: 3.3174357414245605
LOSS 271366: 3.3364343643188477
LOSS 271366: 3.327533483505249
LOSS 271366: 3.349449634552002
LOSS 271366: 3.315791606903076
LOSS 271366: 3.3339433670043945
LOSS 271366: 3.3642640113830566
LOSS 271366: 3.3045899868011475
LOSS 271366: 3.3128747940063477
LOSS 271366: 3.34975004196167
LOSS 271366: 3.346043825149536
LOSS 271366: 3.3546409606933594
LOSS 271366: 3.3162765502929688
LOSS 271366: 3.3267157077789307
LOSS 271366: 3.329502582550049
LOSS 271366: 3.3127996921539307
LOSS 271366: 3.3583016395568848
LOSS 271366: 3.3343892097473145
LOSS 271366: 3.3368406295776367
LOSS 271366: 3.2944657802581787
LOSS 271366: 3.3158726692199707
LOSS 271366: 3.317676305770874
LOSS 271366: 3.31233549118042
LOSS 271366: 3.336275815963745
LOSS 271366: 3.3155717849731445
LOSS 271366: 3.3553249835968018
LOSS 271366: 3.330277919769287
LOSS 271366: 3.3195953369140625
LOSS 271366: 3.3386878967285156
LOSS 271366: 3.326458692550659
LOSS 271366: 3.315154552459717
LOSS 271366: 3.3168885707855225
LOSS 271366: 3.321902275085449
LOSS 271366: 3.3286540508270264
LOSS 271366: 3.335237503051758
LOSS 271366: 3.323093891143799
LOSS 271366: 3.332880735397339
LOSS 271366: 3.308260917663574
LOSS 271366: 3.3348581790924072
LOSS 271366: 3.3155922889709473
LOSS 271366: 3.3215980529785156
LOSS 271366: 3.30417537689209
LOSS 271366: 3.298630714416504
LOSS 271366: 3.3148555755615234
LOSS 271366: 3.3179931640625
LOSS 271366: 3.304450035095215
LOSS 271366: 3.3288488388061523
LOSS 271366: 3.3046419620513916
LOSS 271366: 3.300590991973877
LOSS 271366: 3.329000949859619
LOSS 271366: 3.329543113708496
LOSS 271366: 3.299212694168091
LOSS 271366: 3.3013217449188232
LOSS 271366: 3.344050884246826
LOSS 271366: 3.317154884338379
LOSS 271366: 3.328014612197876
LOSS 271366: 3.312534809112549
LOSS 271366: 3.318920850753784
LOSS 271366: 3.307333469390869
LOSS 271366: 3.294067144393921
LOSS 271366: 3.332759141921997
LOSS 271366: 3.3185958862304688
LOSS 271366: 3.305305242538452
LOSS 271366: 3.313961982727051
LOSS 271366: 3.3132195472717285
LOSS 271366: 3.309232234954834
LOSS 271366: 3.3291587829589844
LOSS 271366: 3.3023910522460938
LOSS 271366: 3.2907142639160156
LOSS 271366: 3.327120065689087
LOSS 271366: 3.3184103965759277
LOSS 271366: 3.319821357727051
LOSS 271366: 3.314528465270996
LOSS 271366: 3.2844314575195312
LOSS 271366: 3.319751739501953
LOSS 271366: 3.2915892601013184
LOSS 271366: 3.334977149963379
LOSS 271366: 3.334477424621582
LOSS 271366: 3.3429818153381348
LOSS 271366: 3.2987167835235596
LOSS 271366: 3.3021671772003174
LOSS 271366: 3.295228958129883
LOSS 271366: 3.3226590156555176
LOSS 271366: 3.298180103302002
LOSS 271366: 3.3027491569519043
LOSS 271366: 3.310105562210083
LOSS 271366: 3.286736011505127
LOSS 271366: 3.3073065280914307
LOSS 271366: 3.3019027709960938
LOSS 271366: 3.2919816970825195
LOSS 271366: 3.292628765106201
LOSS 271366: 3.3192670345306396
LOSS 271366: 3.323741912841797
LOSS 271366: 3.314971923828125
LOSS 271366: 3.3352739810943604
LOSS 271366: 3.301450729370117
LOSS 271366: 3.311166524887085
LOSS 271366: 3.309952735900879
LOSS 271366: 3.2682414054870605
LOSS 271366: 3.295316696166992
LOSS 271366: 3.2941534519195557
LOSS 271366: 3.29131817817688
LOSS 271366: 3.2952799797058105
LOSS 271366: 3.282062530517578
LOSS 271366: 3.306713342666626
LOSS 271366: 3.2819952964782715
LOSS 271366: 3.293301582336426
LOSS 271366: 3.2841525077819824
LOSS 271366: 3.2675023078918457
LOSS 271366: 3.2955243587493896
LOSS 271366: 3.251528739929199
LOSS 271366: 3.258533000946045
LOSS 271366: 3.283350944519043
LOSS 271366: 3.2810473442077637
LOSS 271366: 3.2873482704162598
LOSS 271366: 3.2865543365478516
LOSS 271366: 3.283822774887085
LOSS 271366: 3.279388904571533
LOSS 271366: 3.2647910118103027
LOSS 271366: 3.3186264038085938
LOSS 271366: 3.2918195724487305
LOSS 271366: 3.265835762023926
LOSS 271366: 3.303976058959961
LOSS 271366: 3.30996036529541
LOSS 271366: 3.2891921997070312
LOSS 271366: 3.2867040634155273
LOSS 271366: 3.305333137512207
LOSS 271366: 3.268551826477051
LOSS 271366: 3.315161943435669
LOSS 271366: 3.303230047225952
LOSS 271366: 3.3012123107910156
LOSS 271366: 3.3051490783691406
LOSS 271366: 3.2767441272735596
LOSS 271366: 3.2767701148986816
LOSS 271366: 3.28825044631958
LOSS 271366: 3.3118417263031006
LOSS 271366: 3.285027503967285
LOSS 271366: 3.3074774742126465
LOSS 271366: 3.2833847999572754
LOSS 271366: 3.304769515991211
LOSS 271366: 3.2774596214294434
LOSS 271366: 3.284008026123047
LOSS 271366: 3.2769322395324707
LOSS 271366: 3.2492971420288086
LOSS 271366: 3.2665727138519287
LOSS 271366: 3.2527358531951904
LOSS 271366: 3.2687430381774902
LOSS 271366: 3.2839415073394775
LOSS 271366: 3.290688991546631
LOSS 271366: 3.2734756469726562
LOSS 271366: 3.2829160690307617
LOSS 271366: 3.290403366088867
LOSS 271366: 3.2630364894866943
LOSS 271366: 3.260709762573242
LOSS 271366: 3.290905714035034
LOSS 271366: 3.2792160511016846
LOSS 271366: 3.2901690006256104
LOSS 271366: 3.2852683067321777
LOSS 271366: 3.2617249488830566
LOSS 271366: 3.2507214546203613
LOSS 271366: 3.2873692512512207
LOSS 271366: 3.2857322692871094
LOSS 271366: 3.278352737426758
LOSS 271366: 3.267282485961914
LOSS 271366: 3.267650604248047
LOSS 271366: 3.247176170349121
LOSS 271366: 3.294361114501953
LOSS 271366: 3.2945151329040527
LOSS 271366: 3.279684066772461
LOSS 271366: 3.2691311836242676
LOSS 271366: 3.263720989227295
LOSS 271366: 3.2795701026916504
LOSS 271366: 3.2384867668151855
LOSS 271366: 3.24678897857666
LOSS 271366: 3.262725591659546
LOSS 271366: 3.2776031494140625
LOSS 271366: 3.270491361618042
LOSS 271366: 3.278660774230957
LOSS 271366: 3.2591633796691895
LOSS 271366: 3.297607421875
LOSS 271366: 3.278034210205078
LOSS 271366: 3.2827818393707275
LOSS 271366: 3.2993838787078857
LOSS 271366: 3.281421184539795
LOSS 271366: 3.253263235092163
LOSS 271366: 3.293114185333252
LOSS 271366: 3.2819910049438477
LOSS 271366: 3.286532402038574
LOSS 271366: 3.2479255199432373
LOSS 271366: 3.2433652877807617
LOSS 271366: 3.28322172164917
LOSS 271366: 3.244082450866699
LOSS 271366: 3.2790799140930176
LOSS 271366: 3.268885612487793
LOSS 271366: 3.2862019538879395
LOSS 271366: 3.250152349472046
LOSS 271366: 3.26456880569458
LOSS 271366: 3.2843217849731445
LOSS 271366: 3.2777786254882812
LOSS 271366: 3.2550995349884033
LOSS 271366: 3.2665207386016846
LOSS 271366: 3.255523443222046
LOSS 271366: 3.2549729347229004
LOSS 271366: 3.2399141788482666
LOSS 271366: 3.2441563606262207
LOSS 271366: 3.256286144256592
LOSS 271366: 3.267756938934326
LOSS 271366: 3.271627426147461
LOSS 271366: 3.259349822998047
LOSS 271366: 3.2610669136047363
LOSS 271366: 3.258991241455078
LOSS 271366: 3.24714732170105
LOSS 271366: 3.2858142852783203
LOSS 271366: 3.272303581237793
LOSS 271366: 3.2977685928344727
LOSS 271366: 3.25634765625
LOSS 271366: 3.2474379539489746
LOSS 271366: 3.259801149368286
LOSS 271366: 3.248507499694824
LOSS 271366: 3.2802395820617676
LOSS 271366: 3.2486541271209717
LOSS 271366: 3.2665438652038574
LOSS 271366: 3.2808680534362793
LOSS 271366: 3.2332959175109863
LOSS 271366: 3.269847869873047
LOSS 271366: 3.2330832481384277
LOSS 271366: 3.239232301712036
LOSS 271366: 3.1995344161987305
LOSS 271366: 3.265610694885254
LOSS 271366: 3.239872455596924
LOSS 271366: 3.256545066833496
LOSS 271366: 3.2514429092407227
LOSS 271366: 3.2360939979553223
LOSS 271366: 3.2603721618652344
LOSS 271366: 3.2467808723449707
LOSS 271366: 3.2356669902801514
LOSS 271366: 3.248687744140625
LOSS 271366: 3.2684683799743652
LOSS 271366: 3.256728172302246
LOSS 271366: 3.264493942260742
LOSS 271366: 3.262744665145874
LOSS 271366: 3.2394473552703857
LOSS 271366: 3.2626214027404785
LOSS 271366: 3.2670018672943115
LOSS 271366: 3.225095272064209
LOSS 271366: 3.2477245330810547
LOSS 271366: 3.2484240531921387
LOSS 271366: 3.2333996295928955
LOSS 271366: 3.244149923324585
LOSS 271366: 3.2482922077178955
LOSS 271366: 3.2753546237945557
LOSS 271366: 3.2202939987182617
LOSS 271366: 3.278860092163086
LOSS 271366: 3.2558951377868652
LOSS 271366: 3.2492051124572754
LOSS 271366: 3.2515718936920166
LOSS 271366: 3.2411041259765625
LOSS 271366: 3.248044967651367
[2025-05-10 16:18:35] Running iteration 15 of 10000
