ERROR: Unable to locate a modulefile for 'cudatoolkit/12.4'
[2025-05-10 14:48:58] Python version: Python 3.12.7
PyTorch version: 2.5.1
CUDA available: False
CUDA version: 12.4
[2025-05-10 14:49:10] CUDA not installed or GPUs not available.
[2025-05-10 14:49:10] Running iteration 1 of 10000
model id 616262
LOSS 616262: 69.58219909667969
LOSS 616262: 2494.55322265625
LOSS 616262: 34.50311279296875
LOSS 616262: 19.81113052368164
LOSS 616262: 16.62250518798828
LOSS 616262: 14.762701988220215
LOSS 616262: 13.610594749450684
LOSS 616262: 12.583412170410156
LOSS 616262: 12.040090560913086
LOSS 616262: 11.454578399658203
LOSS 616262: 11.047895431518555
LOSS 616262: 10.730101585388184
LOSS 616262: 10.327627182006836
LOSS 616262: 10.064204216003418
LOSS 616262: 9.759557723999023
LOSS 616262: 9.560491561889648
LOSS 616262: 9.505776405334473
LOSS 616262: 9.256898880004883
LOSS 616262: 9.03774642944336
LOSS 616262: 8.858894348144531
LOSS 616262: 8.763453483581543
LOSS 616262: 8.514423370361328
LOSS 616262: 8.377422332763672
LOSS 616262: 8.28367805480957
LOSS 616262: 8.110492706298828
LOSS 616262: 8.05770206451416
LOSS 616262: 7.965124130249023
LOSS 616262: 7.8651123046875
LOSS 616262: 7.7065205574035645
LOSS 616262: 7.640296936035156
LOSS 616262: 7.5529561042785645
LOSS 616262: 7.4810028076171875
LOSS 616262: 7.3846845626831055
LOSS 616262: 7.309627532958984
LOSS 616262: 7.238650321960449
LOSS 616262: 7.198037147521973
LOSS 616262: 7.064933776855469
LOSS 616262: 7.115425109863281
LOSS 616262: 6.982205390930176
LOSS 616262: 6.956892967224121
LOSS 616262: 6.86367654800415
LOSS 616262: 6.801377296447754
LOSS 616262: 6.729125022888184
LOSS 616262: 6.705043792724609
LOSS 616262: 6.649691581726074
LOSS 616262: 6.651482582092285
LOSS 616262: 6.632213592529297
LOSS 616262: 6.570943355560303
LOSS 616262: 6.473159313201904
LOSS 616262: 6.51661491394043
LOSS 616262: 6.432672023773193
LOSS 616262: 6.439182758331299
LOSS 616262: 6.283535003662109
LOSS 616262: 6.3043365478515625
LOSS 616262: 6.276947498321533
LOSS 616262: 6.263365745544434
LOSS 616262: 6.218771934509277
LOSS 616262: 6.185588836669922
LOSS 616262: 6.162914276123047
LOSS 616262: 6.134932518005371
LOSS 616262: 6.112104415893555
LOSS 616262: 6.051806449890137
LOSS 616262: 5.993680000305176
LOSS 616262: 5.963651657104492
LOSS 616262: 5.976494789123535
LOSS 616262: 5.986346244812012
LOSS 616262: 5.914396286010742
LOSS 616262: 5.925108909606934
LOSS 616262: 5.858765602111816
LOSS 616262: 5.836007118225098
LOSS 616262: 5.845208168029785
LOSS 616262: 5.851008415222168
LOSS 616262: 5.816399574279785
LOSS 616262: 5.752878189086914
LOSS 616262: 5.723703384399414
LOSS 616262: 5.716589450836182
LOSS 616262: 5.680658340454102
LOSS 616262: 5.690375328063965
LOSS 616262: 5.6639018058776855
LOSS 616262: 5.594922065734863
LOSS 616262: 5.607497215270996
LOSS 616262: 5.637228488922119
LOSS 616262: 5.574223518371582
LOSS 616262: 5.582793235778809
LOSS 616262: 5.564790725708008
LOSS 616262: 5.504411697387695
LOSS 616262: 5.481143474578857
LOSS 616262: 5.466937065124512
LOSS 616262: 5.450929641723633
LOSS 616262: 5.411619186401367
LOSS 616262: 5.418508529663086
LOSS 616262: 5.383817672729492
LOSS 616262: 5.424184799194336
LOSS 616262: 5.359506130218506
LOSS 616262: 5.332930564880371
LOSS 616262: 5.330157279968262
LOSS 616262: 5.363996982574463
LOSS 616262: 5.306460380554199
LOSS 616262: 5.30108642578125
LOSS 616262: 5.293196678161621
LOSS 616262: 5.270363807678223
LOSS 616262: 5.220128059387207
LOSS 616262: 5.233503341674805
LOSS 616262: 5.209772109985352
LOSS 616262: 5.216856956481934
LOSS 616262: 5.18671989440918
LOSS 616262: 5.126464366912842
LOSS 616262: 5.124902725219727
LOSS 616262: 5.132862091064453
LOSS 616262: 5.125611782073975
LOSS 616262: 5.086696624755859
LOSS 616262: 5.091925621032715
LOSS 616262: 5.079727649688721
LOSS 616262: 5.066362380981445
LOSS 616262: 5.067112922668457
LOSS 616262: 5.031801223754883
LOSS 616262: 5.061781883239746
LOSS 616262: 5.026916027069092
LOSS 616262: 4.992551803588867
LOSS 616262: 4.962139129638672
LOSS 616262: 4.970395088195801
LOSS 616262: 4.956634044647217
LOSS 616262: 4.917182922363281
LOSS 616262: 4.910844326019287
LOSS 616262: 4.917409896850586
LOSS 616262: 4.92039680480957
LOSS 616262: 4.8633036613464355
LOSS 616262: 4.874799728393555
LOSS 616262: 4.827761650085449
LOSS 616262: 4.85121488571167
LOSS 616262: 4.786023139953613
LOSS 616262: 4.851253509521484
LOSS 616262: 4.800254821777344
LOSS 616262: 4.797085762023926
LOSS 616262: 4.773105144500732
LOSS 616262: 4.7215471267700195
LOSS 616262: 4.77958869934082
LOSS 616262: 4.736180305480957
LOSS 616262: 4.694901466369629
LOSS 616262: 4.710275650024414
LOSS 616262: 4.724569320678711
LOSS 616262: 4.675877571105957
LOSS 616262: 4.715506553649902
LOSS 616262: 4.677495956420898
LOSS 616262: 4.675860404968262
LOSS 616262: 4.635260581970215
LOSS 616262: 4.649339199066162
LOSS 616262: 4.658046722412109
LOSS 616262: 4.650428295135498
LOSS 616262: 4.6359710693359375
LOSS 616262: 4.608545780181885
LOSS 616262: 4.63337516784668
LOSS 616262: 4.576394081115723
LOSS 616262: 4.569781303405762
LOSS 616262: 4.593547821044922
LOSS 616262: 4.545377731323242
LOSS 616262: 4.537867546081543
LOSS 616262: 4.560992240905762
LOSS 616262: 4.561714172363281
LOSS 616262: 4.506131172180176
LOSS 616262: 4.509452819824219
LOSS 616262: 4.48020076751709
LOSS 616262: 4.502527713775635
LOSS 616262: 4.461121082305908
LOSS 616262: 4.535651683807373
LOSS 616262: 4.4483184814453125
LOSS 616262: 4.440497398376465
LOSS 616262: 4.4205169677734375
LOSS 616262: 4.453524589538574
LOSS 616262: 4.429776191711426
LOSS 616262: 4.408181667327881
LOSS 616262: 4.386236667633057
LOSS 616262: 4.411553382873535
LOSS 616262: 4.394322395324707
LOSS 616262: 4.386585235595703
LOSS 616262: 4.37783145904541
LOSS 616262: 4.365916728973389
LOSS 616262: 4.3458757400512695
LOSS 616262: 4.332587242126465
LOSS 616262: 4.3273491859436035
LOSS 616262: 4.31077766418457
LOSS 616262: 4.32904052734375
LOSS 616262: 4.323798179626465
LOSS 616262: 4.3212480545043945
LOSS 616262: 4.302667617797852
LOSS 616262: 4.298500061035156
LOSS 616262: 4.299720287322998
LOSS 616262: 4.295639991760254
LOSS 616262: 4.277841567993164
LOSS 616262: 4.25452184677124
LOSS 616262: 4.230438232421875
LOSS 616262: 4.227879524230957
LOSS 616262: 4.260248184204102
LOSS 616262: 4.243108749389648
LOSS 616262: 4.196088790893555
LOSS 616262: 4.21550178527832
LOSS 616262: 4.200165271759033
LOSS 616262: 4.1635332107543945
LOSS 616262: 4.21858549118042
LOSS 616262: 4.1929731369018555
LOSS 616262: 4.191831588745117
LOSS 616262: 4.173158645629883
LOSS 616262: 4.148862838745117
LOSS 616262: 4.2086992263793945
LOSS 616262: 4.166905403137207
LOSS 616262: 4.126748085021973
LOSS 616262: 4.1512651443481445
LOSS 616262: 4.143624305725098
LOSS 616262: 4.119479179382324
LOSS 616262: 4.074261665344238
LOSS 616262: 4.097191333770752
LOSS 616262: 4.07284688949585
LOSS 616262: 4.130108833312988
LOSS 616262: 4.0832414627075195
LOSS 616262: 4.098136901855469
LOSS 616262: 4.041703701019287
LOSS 616262: 4.051608085632324
LOSS 616262: 4.061342239379883
LOSS 616262: 4.050800800323486
LOSS 616262: 4.048009872436523
LOSS 616262: 4.045448303222656
LOSS 616262: 4.031124591827393
LOSS 616262: 4.0352678298950195
LOSS 616262: 4.019536972045898
LOSS 616262: 4.02689266204834
LOSS 616262: 4.033230781555176
LOSS 616262: 3.9750595092773438
LOSS 616262: 3.9940571784973145
LOSS 616262: 3.9968068599700928
LOSS 616262: 3.9701852798461914
LOSS 616262: 3.975979804992676
LOSS 616262: 3.9544501304626465
LOSS 616262: 3.9974303245544434
LOSS 616262: 3.958523750305176
LOSS 616262: 3.933450937271118
LOSS 616262: 3.944131374359131
LOSS 616262: 3.942073345184326
LOSS 616262: 3.996469736099243
LOSS 616262: 3.9654831886291504
LOSS 616262: 3.9078269004821777
LOSS 616262: 3.896178722381592
LOSS 616262: 3.9365968704223633
LOSS 616262: 3.948993682861328
LOSS 616262: 3.8675403594970703
LOSS 616262: 3.8954737186431885
LOSS 616262: 3.8936896324157715
LOSS 616262: 3.856494426727295
LOSS 616262: 3.91680908203125
LOSS 616262: 3.8961215019226074
LOSS 616262: 3.8801708221435547
LOSS 616262: 3.861628532409668
LOSS 616262: 3.8693485260009766
LOSS 616262: 3.858560562133789
LOSS 616262: 3.855759620666504
LOSS 616262: 3.867070198059082
LOSS 616262: 3.8369274139404297
LOSS 616262: 3.83979868888855
LOSS 616262: 3.8505849838256836
LOSS 616262: 3.813136577606201
LOSS 616262: 3.813408851623535
LOSS 616262: 3.839932441711426
LOSS 616262: 3.811143398284912
LOSS 616262: 3.797663688659668
LOSS 616262: 3.826822519302368
LOSS 616262: 3.796076774597168
LOSS 616262: 3.770697593688965
LOSS 616262: 3.757823944091797
LOSS 616262: 3.7699286937713623
LOSS 616262: 3.7606287002563477
LOSS 616262: 3.783992290496826
LOSS 616262: 3.7371950149536133
LOSS 616262: 3.7793102264404297
LOSS 616262: 3.7486720085144043
LOSS 616262: 3.7521281242370605
LOSS 616262: 3.7617080211639404
LOSS 616262: 3.720630407333374
LOSS 616262: 3.7078285217285156
LOSS 616262: 3.73398494720459
LOSS 616262: 3.7385246753692627
LOSS 616262: 3.707296848297119
LOSS 616262: 3.687411308288574
LOSS 616262: 3.724449396133423
LOSS 616262: 3.7182374000549316
LOSS 616262: 3.68669056892395
LOSS 616262: 3.687659740447998
LOSS 616262: 3.6869022846221924
LOSS 616262: 3.6597390174865723
LOSS 616262: 3.67462158203125
LOSS 616262: 3.6561777591705322
LOSS 616262: 3.6465983390808105
LOSS 616262: 3.700061321258545
LOSS 616262: 3.64681077003479
LOSS 616262: 3.6605277061462402
LOSS 616262: 3.644613742828369
LOSS 616262: 3.6741485595703125
LOSS 616262: 3.6465225219726562
LOSS 616262: 3.676238536834717
LOSS 616262: 3.6534178256988525
LOSS 616262: 3.6506752967834473
LOSS 616262: 3.6134941577911377
LOSS 616262: 3.6146984100341797
LOSS 616262: 3.6284427642822266
LOSS 616262: 3.604858160018921
LOSS 616262: 3.6108245849609375
LOSS 616262: 3.612811326980591
LOSS 616262: 3.5938758850097656
LOSS 616262: 3.606748104095459
LOSS 616262: 3.645646095275879
LOSS 616262: 3.583609104156494
LOSS 616262: 3.5982232093811035
LOSS 616262: 3.60764217376709
LOSS 616262: 3.624995708465576
LOSS 616262: 3.5648841857910156
LOSS 616262: 3.5773301124572754
LOSS 616262: 3.571782112121582
LOSS 616262: 3.568570613861084
LOSS 616262: 3.5689520835876465
LOSS 616262: 3.5740251541137695
LOSS 616262: 3.573751926422119
LOSS 616262: 3.577719211578369
LOSS 616262: 3.541323661804199
LOSS 616262: 3.5827622413635254
LOSS 616262: 3.5642175674438477
LOSS 616262: 3.523662805557251
LOSS 616262: 3.5401358604431152
LOSS 616262: 3.5590872764587402
LOSS 616262: 3.518960952758789
LOSS 616262: 3.53153920173645
LOSS 616262: 3.524017333984375
LOSS 616262: 3.5388967990875244
LOSS 616262: 3.512383222579956
LOSS 616262: 3.5394949913024902
LOSS 616262: 3.4892430305480957
LOSS 616262: 3.494267225265503
LOSS 616262: 3.4926400184631348
LOSS 616262: 3.508657455444336
LOSS 616262: 3.479806661605835
LOSS 616262: 3.4741954803466797
LOSS 616262: 3.497892379760742
LOSS 616262: 3.4867382049560547
LOSS 616262: 3.530198574066162
LOSS 616262: 3.478531837463379
LOSS 616262: 3.4949822425842285
LOSS 616262: 3.476314067840576
LOSS 616262: 3.4736275672912598
LOSS 616262: 3.481654644012451
LOSS 616262: 3.4428791999816895
LOSS 616262: 3.446800947189331
LOSS 616262: 3.480541229248047
LOSS 616262: 3.460660696029663
LOSS 616262: 3.471648931503296
LOSS 616262: 3.4434499740600586
LOSS 616262: 3.419600248336792
LOSS 616262: 3.4340033531188965
LOSS 616262: 3.424762725830078
LOSS 616262: 3.4088473320007324
LOSS 616262: 3.421261787414551
LOSS 616262: 3.4344258308410645
LOSS 616262: 3.4449102878570557
LOSS 616262: 3.4180994033813477
LOSS 616262: 3.426795482635498
LOSS 616262: 3.4116854667663574
LOSS 616262: 3.3794965744018555
LOSS 616262: 3.416741132736206
LOSS 616262: 3.3927979469299316
LOSS 616262: 3.431112766265869
LOSS 616262: 3.3921985626220703
LOSS 616262: 3.382120132446289
LOSS 616262: 3.4158740043640137
LOSS 616262: 3.394913673400879
LOSS 616262: 3.399460554122925
LOSS 616262: 3.383848190307617
LOSS 616262: 3.3683156967163086
LOSS 616262: 3.38388729095459
LOSS 616262: 3.3650898933410645
LOSS 616262: 3.3622632026672363
LOSS 616262: 3.3846492767333984
LOSS 616262: 3.3792195320129395
LOSS 616262: 3.3575358390808105
LOSS 616262: 3.371511936187744
LOSS 616262: 3.34967041015625
LOSS 616262: 3.361379623413086
LOSS 616262: 3.354018211364746
LOSS 616262: 3.3527228832244873
LOSS 616262: 3.3267111778259277
LOSS 616262: 3.322396755218506
LOSS 616262: 3.3418405055999756
LOSS 616262: 3.329078197479248
LOSS 616262: 3.345580816268921
LOSS 616262: 3.3548007011413574
LOSS 616262: 3.3065099716186523
LOSS 616262: 3.3010001182556152
LOSS 616262: 3.32132625579834
LOSS 616262: 3.310347318649292
LOSS 616262: 3.3130946159362793
LOSS 616262: 3.302030086517334
LOSS 616262: 3.2903428077697754
LOSS 616262: 3.3334059715270996
LOSS 616262: 3.323453664779663
LOSS 616262: 3.3271212577819824
LOSS 616262: 3.3153090476989746
LOSS 616262: 3.301712989807129
LOSS 616262: 3.2980306148529053
LOSS 616262: 3.32566237449646
LOSS 616262: 3.3017797470092773
LOSS 616262: 3.314690589904785
LOSS 616262: 3.2893667221069336
LOSS 616262: 3.2708163261413574
LOSS 616262: 3.2760403156280518
LOSS 616262: 3.2538650035858154
LOSS 616262: 3.2694811820983887
LOSS 616262: 3.2749321460723877
LOSS 616262: 3.256801128387451
LOSS 616262: 3.2855985164642334
LOSS 616262: 3.2707571983337402
LOSS 616262: 3.2642879486083984
LOSS 616262: 3.2545599937438965
LOSS 616262: 3.2725212574005127
LOSS 616262: 3.2310423851013184
LOSS 616262: 3.239542007446289
LOSS 616262: 3.26399564743042
LOSS 616262: 3.27778959274292
LOSS 616262: 3.224196434020996
LOSS 616262: 3.2607576847076416
LOSS 616262: 3.2466161251068115
LOSS 616262: 3.2394556999206543
LOSS 616262: 3.2385950088500977
LOSS 616262: 3.2347073554992676
LOSS 616262: 3.2564778327941895
LOSS 616262: 3.2207512855529785
LOSS 616262: 3.2233471870422363
LOSS 616262: 3.2415833473205566
LOSS 616262: 3.2069668769836426
LOSS 616262: 3.2378852367401123
LOSS 616262: 3.2095398902893066
LOSS 616262: 3.187943458557129
LOSS 616262: 3.199143171310425
LOSS 616262: 3.2114651203155518
LOSS 616262: 3.190247058868408
LOSS 616262: 3.220329761505127
LOSS 616262: 3.2182137966156006
LOSS 616262: 3.1841914653778076
LOSS 616262: 3.186812400817871
LOSS 616262: 3.178962230682373
LOSS 616262: 3.208254337310791
LOSS 616262: 3.2172579765319824
LOSS 616262: 3.1954731941223145
LOSS 616262: 3.1641781330108643
LOSS 616262: 3.1483731269836426
LOSS 616262: 3.2046923637390137
LOSS 616262: 3.1568856239318848
LOSS 616262: 3.182814121246338
LOSS 616262: 3.1751646995544434
LOSS 616262: 3.1588425636291504
LOSS 616262: 3.1740739345550537
LOSS 616262: 3.1639323234558105
LOSS 616262: 3.1635384559631348
LOSS 616262: 3.1408917903900146
LOSS 616262: 3.1899774074554443
LOSS 616262: 3.150357961654663
LOSS 616262: 3.1504149436950684
LOSS 616262: 3.1375651359558105
LOSS 616262: 3.1416196823120117
LOSS 616262: 3.1634790897369385
LOSS 616262: 3.1340224742889404
LOSS 616262: 3.1530542373657227
LOSS 616262: 3.1494364738464355
LOSS 616262: 3.1266298294067383
LOSS 616262: 3.167842388153076
LOSS 616262: 3.1424686908721924
LOSS 616262: 3.1309900283813477
LOSS 616262: 3.118300676345825
LOSS 616262: 3.1350278854370117
LOSS 616262: 3.1252102851867676
LOSS 616262: 3.109135627746582
LOSS 616262: 3.139625072479248
LOSS 616262: 3.117560625076294
LOSS 616262: 3.1266651153564453
LOSS 616262: 3.1319103240966797
LOSS 616262: 3.1403257846832275
LOSS 616262: 3.1328909397125244
LOSS 616262: 3.150496482849121
LOSS 616262: 3.1359829902648926
LOSS 616262: 3.1099958419799805
LOSS 616262: 3.083188056945801
LOSS 616262: 3.1134443283081055
LOSS 616262: 3.135864734649658
LOSS 616262: 3.129366874694824
LOSS 616262: 3.0866518020629883
LOSS 616262: 3.1006712913513184
LOSS 616262: 3.1084704399108887
LOSS 616262: 3.087852954864502
LOSS 616262: 3.093925714492798
LOSS 616262: 3.109950065612793
LOSS 616262: 3.1109280586242676
LOSS 616262: 3.083584785461426
LOSS 616262: 3.0859484672546387
LOSS 616262: 3.127634048461914
LOSS 616262: 3.1013338565826416
LOSS 616262: 3.0727529525756836
LOSS 616262: 3.0588560104370117
LOSS 616262: 3.0676004886627197
LOSS 616262: 3.077974557876587
LOSS 616262: 3.076714038848877
LOSS 616262: 3.0830440521240234
LOSS 616262: 3.064685344696045
LOSS 616262: 3.0786972045898438
LOSS 616262: 3.0549509525299072
LOSS 616262: 3.0709519386291504
LOSS 616262: 3.041999340057373
LOSS 616262: 3.0622220039367676
LOSS 616262: 3.0783679485321045
LOSS 616262: 3.0440785884857178
LOSS 616262: 3.0564208030700684
LOSS 616262: 3.086076259613037
LOSS 616262: 3.078005313873291
LOSS 616262: 3.0534653663635254
LOSS 616262: 3.0566258430480957
LOSS 616262: 3.0453453063964844
LOSS 616262: 3.0871777534484863
LOSS 616262: 3.0252256393432617
LOSS 616262: 3.02008056640625
LOSS 616262: 3.0537288188934326
LOSS 616262: 3.057011127471924
LOSS 616262: 3.024686813354492
LOSS 616262: 3.0346195697784424
LOSS 616262: 3.0241353511810303
LOSS 616262: 3.0026354789733887
LOSS 616262: 3.029172658920288
LOSS 616262: 3.0282177925109863
LOSS 616262: 3.052213191986084
LOSS 616262: 3.0305938720703125
LOSS 616262: 3.0408358573913574
LOSS 616262: 3.047517776489258
LOSS 616262: 3.036372184753418
LOSS 616262: 3.0135574340820312
LOSS 616262: 3.008636951446533
LOSS 616262: 3.0091490745544434
LOSS 616262: 3.019599437713623
LOSS 616262: 3.0146520137786865
LOSS 616262: 3.015134334564209
LOSS 616262: 3.0149574279785156
LOSS 616262: 3.0064752101898193
LOSS 616262: 3.0153768062591553
LOSS 616262: 3.0075953006744385
LOSS 616262: 3.033663749694824
LOSS 616262: 2.975796937942505
LOSS 616262: 3.0064210891723633
LOSS 616262: 3.000678062438965
LOSS 616262: 2.970323085784912
LOSS 616262: 3.0019617080688477
LOSS 616262: 2.991766929626465
LOSS 616262: 2.985640048980713
LOSS 616262: 3.020620346069336
LOSS 616262: 3.024634838104248
LOSS 616262: 3.0018646717071533
LOSS 616262: 2.9781923294067383
LOSS 616262: 2.9523394107818604
LOSS 616262: 3.0109801292419434
LOSS 616262: 2.9784164428710938
LOSS 616262: 2.9842607975006104
LOSS 616262: 2.995948314666748
LOSS 616262: 2.9864401817321777
LOSS 616262: 2.981245994567871
LOSS 616262: 2.9643571376800537
LOSS 616262: 2.949191093444824
LOSS 616262: 2.963277578353882
LOSS 616262: 2.9744927883148193
LOSS 616262: 2.9579310417175293
LOSS 616262: 2.9737131595611572
LOSS 616262: 2.971257209777832
LOSS 616262: 2.972745180130005
LOSS 616262: 2.946382522583008
LOSS 616262: 2.974813461303711
LOSS 616262: 2.9505386352539062
LOSS 616262: 2.9813804626464844
LOSS 616262: 2.955930233001709
LOSS 616262: 2.964705467224121
LOSS 616262: 2.9461331367492676
LOSS 616262: 2.953850746154785
LOSS 616262: 2.9290339946746826
LOSS 616262: 2.9435572624206543
LOSS 616262: 2.9465115070343018
LOSS 616262: 2.9562575817108154
LOSS 616262: 2.9564638137817383
LOSS 616262: 2.9456968307495117
LOSS 616262: 2.938258647918701
LOSS 616262: 2.952669143676758
LOSS 616262: 2.9401297569274902
LOSS 616262: 2.9592700004577637
LOSS 616262: 2.9278621673583984
LOSS 616262: 2.920834541320801
LOSS 616262: 2.92488956451416
LOSS 616262: 2.9326858520507812
LOSS 616262: 2.9309744834899902
LOSS 616262: 2.943190097808838
LOSS 616262: 2.9289960861206055
LOSS 616262: 2.92405366897583
LOSS 616262: 2.9313101768493652
LOSS 616262: 2.9555160999298096
LOSS 616262: 2.923900604248047
LOSS 616262: 2.92912220954895
LOSS 616262: 2.91460919380188
LOSS 616262: 2.9276480674743652
LOSS 616262: 2.8891146183013916
LOSS 616262: 2.9152302742004395
LOSS 616262: 2.9015867710113525
LOSS 616262: 2.901460647583008
LOSS 616262: 2.9059598445892334
LOSS 616262: 2.905336380004883
LOSS 616262: 2.8964476585388184
LOSS 616262: 2.9247684478759766
LOSS 616262: 2.9076037406921387
LOSS 616262: 2.888390064239502
LOSS 616262: 2.914731025695801
LOSS 616262: 2.8865039348602295
LOSS 616262: 2.919808864593506
LOSS 616262: 2.910228967666626
LOSS 616262: 2.9189701080322266
LOSS 616262: 2.873859405517578
LOSS 616262: 2.8929078578948975
LOSS 616262: 2.9438998699188232
LOSS 616262: 2.876356601715088
LOSS 616262: 2.9117701053619385
LOSS 616262: 2.900379180908203
LOSS 616262: 2.873326301574707
LOSS 616262: 2.8809006214141846
LOSS 616262: 2.8730907440185547
LOSS 616262: 2.8878650665283203
LOSS 616262: 2.8609466552734375
LOSS 616262: 2.851414680480957
LOSS 616262: 2.886826992034912
LOSS 616262: 2.873894691467285
LOSS 616262: 2.8449392318725586
LOSS 616262: 2.856809377670288
LOSS 616262: 2.889848232269287
LOSS 616262: 2.896301746368408
LOSS 616262: 2.8904247283935547
LOSS 616262: 2.875854015350342
LOSS 616262: 2.86092472076416
LOSS 616262: 2.855525016784668
LOSS 616262: 2.88486385345459
LOSS 616262: 2.891010284423828
LOSS 616262: 2.857072353363037
LOSS 616262: 2.8673977851867676
LOSS 616262: 2.8835010528564453
LOSS 616262: 2.8753976821899414
LOSS 616262: 2.8541765213012695
LOSS 616262: 2.8718655109405518
LOSS 616262: 2.8623409271240234
LOSS 616262: 2.860553741455078
LOSS 616262: 2.8466901779174805
LOSS 616262: 2.8404457569122314
LOSS 616262: 2.8603172302246094
LOSS 616262: 2.8669934272766113
LOSS 616262: 2.848886013031006
LOSS 616262: 2.837310791015625
LOSS 616262: 2.842291831970215
LOSS 616262: 2.8389477729797363
LOSS 616262: 2.837022066116333
LOSS 616262: 2.8435020446777344
LOSS 616262: 2.839076280593872
LOSS 616262: 2.8282976150512695
LOSS 616262: 2.829451084136963
LOSS 616262: 2.828758716583252
LOSS 616262: 2.836169719696045
LOSS 616262: 2.837769031524658
LOSS 616262: 2.839327573776245
LOSS 616262: 2.838721752166748
LOSS 616262: 2.8128485679626465
LOSS 616262: 2.8316283226013184
LOSS 616262: 2.849200963973999
LOSS 616262: 2.824479579925537
LOSS 616262: 2.8161067962646484
LOSS 616262: 2.8374853134155273
LOSS 616262: 2.8217170238494873
LOSS 616262: 2.819988250732422
LOSS 616262: 2.830636501312256
LOSS 616262: 2.798985004425049
LOSS 616262: 2.8133182525634766
LOSS 616262: 2.808009386062622
LOSS 616262: 2.8173000812530518
LOSS 616262: 2.8361010551452637
LOSS 616262: 2.807979106903076
LOSS 616262: 2.8195440769195557
LOSS 616262: 2.8091325759887695
LOSS 616262: 2.8044586181640625
LOSS 616262: 2.796980381011963
LOSS 616262: 2.829718828201294
LOSS 616262: 2.8297371864318848
LOSS 616262: 2.819157123565674
LOSS 616262: 2.8158812522888184
LOSS 616262: 2.802187442779541
LOSS 616262: 2.8110251426696777
LOSS 616262: 2.810659408569336
LOSS 616262: 2.8024556636810303
LOSS 616262: 2.813288688659668
LOSS 616262: 2.816154956817627
LOSS 616262: 2.8042798042297363
LOSS 616262: 2.7996840476989746
LOSS 616262: 2.792809009552002
LOSS 616262: 2.796898365020752
LOSS 616262: 2.7758562564849854
LOSS 616262: 2.8037683963775635
LOSS 616262: 2.7748570442199707
LOSS 616262: 2.765782356262207
LOSS 616262: 2.8015809059143066
LOSS 616262: 2.8047473430633545
LOSS 616262: 2.797600269317627
LOSS 616262: 2.8029801845550537
LOSS 616262: 2.7901062965393066
LOSS 616262: 2.7683801651000977
LOSS 616262: 2.7991585731506348
LOSS 616262: 2.7829437255859375
LOSS 616262: 2.7948660850524902
LOSS 616262: 2.757775068283081
LOSS 616262: 2.8166990280151367
LOSS 616262: 2.774881362915039
LOSS 616262: 2.7824606895446777
LOSS 616262: 2.7840499877929688
LOSS 616262: 2.769524097442627
LOSS 616262: 2.7643799781799316
LOSS 616262: 2.7865071296691895
LOSS 616262: 2.792227268218994
LOSS 616262: 2.758021354675293
LOSS 616262: 2.771740674972534
LOSS 616262: 2.77677059173584
LOSS 616262: 2.744119167327881
LOSS 616262: 2.787372589111328
LOSS 616262: 2.77763295173645
LOSS 616262: 2.7646846771240234
LOSS 616262: 2.761655807495117
LOSS 616262: 2.7620582580566406
LOSS 616262: 2.7573704719543457
LOSS 616262: 2.7721452713012695
LOSS 616262: 2.7533679008483887
LOSS 616262: 2.7661776542663574
LOSS 616262: 2.750324249267578
LOSS 616262: 2.743272542953491
LOSS 616262: 2.7689414024353027
LOSS 616262: 2.7521438598632812
LOSS 616262: 2.751185894012451
LOSS 616262: 2.738433361053467
LOSS 616262: 2.7486722469329834
LOSS 616262: 2.7456183433532715
LOSS 616262: 2.7556610107421875
LOSS 616262: 2.764225482940674
LOSS 616262: 2.744805097579956
LOSS 616262: 2.741145610809326
LOSS 616262: 2.740832805633545
LOSS 616262: 2.7415454387664795
LOSS 616262: 2.737955093383789
LOSS 616262: 2.7390050888061523
LOSS 616262: 2.7282514572143555
LOSS 616262: 2.7402069568634033
LOSS 616262: 2.7410383224487305
LOSS 616262: 2.7367100715637207
LOSS 616262: 2.738136053085327
LOSS 616262: 2.762535810470581
LOSS 616262: 2.7273592948913574
LOSS 616262: 2.7492551803588867
LOSS 616262: 2.7236177921295166
LOSS 616262: 2.729011058807373
LOSS 616262: 2.7285501956939697
LOSS 616262: 2.7343902587890625
LOSS 616262: 2.7238874435424805
LOSS 616262: 2.714888095855713
LOSS 616262: 2.716944694519043
LOSS 616262: 2.7338476181030273
LOSS 616262: 2.707998752593994
LOSS 616262: 2.7245259284973145
LOSS 616262: 2.732389211654663
LOSS 616262: 2.7361505031585693
LOSS 616262: 2.735017776489258
LOSS 616262: 2.7252063751220703
LOSS 616262: 2.6894636154174805
LOSS 616262: 2.726550817489624
LOSS 616262: 2.7361364364624023
LOSS 616262: 2.7186803817749023
LOSS 616262: 2.7075562477111816
LOSS 616262: 2.719217538833618
LOSS 616262: 2.7233896255493164
LOSS 616262: 2.71688175201416
LOSS 616262: 2.716820001602173
LOSS 616262: 2.715407371520996
LOSS 616262: 2.723543643951416
LOSS 616262: 2.696941375732422
LOSS 616262: 2.708681106567383
LOSS 616262: 2.716581344604492
LOSS 616262: 2.7055537700653076
LOSS 616262: 2.712751626968384
LOSS 616262: 2.7132110595703125
LOSS 616262: 2.704496383666992
LOSS 616262: 2.6914024353027344
LOSS 616262: 2.7012670040130615
LOSS 616262: 2.7119102478027344
LOSS 616262: 2.6863722801208496
LOSS 616262: 2.7024152278900146
LOSS 616262: 2.7074646949768066
LOSS 616262: 2.7067344188690186
LOSS 616262: 2.7175402641296387
LOSS 616262: 2.716965675354004
LOSS 616262: 2.699986696243286
LOSS 616262: 2.6911492347717285
LOSS 616262: 2.692586660385132
LOSS 616262: 2.6803371906280518
LOSS 616262: 2.703423261642456
LOSS 616262: 2.6868808269500732
LOSS 616262: 2.6761016845703125
LOSS 616262: 2.6979775428771973
LOSS 616262: 2.6840872764587402
LOSS 616262: 2.6884689331054688
LOSS 616262: 2.6801462173461914
LOSS 616262: 2.691685199737549
LOSS 616262: 2.687225341796875
LOSS 616262: 2.687680244445801
LOSS 616262: 2.702842950820923
LOSS 616262: 2.678293228149414
LOSS 616262: 2.680460214614868
LOSS 616262: 2.6757726669311523
LOSS 616262: 2.674798011779785
LOSS 616262: 2.6971940994262695
LOSS 616262: 2.6642069816589355
LOSS 616262: 2.665215015411377
LOSS 616262: 2.680288076400757
LOSS 616262: 2.69081449508667
LOSS 616262: 2.6964471340179443
LOSS 616262: 2.6395983695983887
LOSS 616262: 2.672760486602783
LOSS 616262: 2.680736541748047
LOSS 616262: 2.676151752471924
LOSS 616262: 2.6671414375305176
LOSS 616262: 2.667919158935547
LOSS 616262: 2.6589250564575195
LOSS 616262: 2.6693968772888184
LOSS 616262: 2.67952299118042
LOSS 616262: 2.6556458473205566
LOSS 616262: 2.67106294631958
LOSS 616262: 2.671610116958618
LOSS 616262: 2.6795499324798584
LOSS 616262: 2.661498785018921
LOSS 616262: 2.6714162826538086
LOSS 616262: 2.676913022994995
LOSS 616262: 2.6835854053497314
LOSS 616262: 2.6673526763916016
LOSS 616262: 2.6498870849609375
LOSS 616262: 2.648773431777954
LOSS 616262: 2.6665706634521484
LOSS 616262: 2.677048683166504
LOSS 616262: 2.657587766647339
LOSS 616262: 2.667567253112793
LOSS 616262: 2.677344799041748
LOSS 616262: 2.6566154956817627
LOSS 616262: 2.646365165710449
LOSS 616262: 2.6658151149749756
LOSS 616262: 2.6636791229248047
LOSS 616262: 2.6511993408203125
LOSS 616262: 2.666553258895874
LOSS 616262: 2.639423131942749
LOSS 616262: 2.6344375610351562
LOSS 616262: 2.6554160118103027
LOSS 616262: 2.646505832672119
LOSS 616262: 2.6352100372314453
LOSS 616262: 2.6751909255981445
LOSS 616262: 2.649034023284912
LOSS 616262: 2.623757839202881
LOSS 616262: 2.659717559814453
LOSS 616262: 2.6632838249206543
LOSS 616262: 2.6733126640319824
LOSS 616262: 2.645597457885742
LOSS 616262: 2.657494068145752
LOSS 616262: 2.627586841583252
LOSS 616262: 2.633222818374634
LOSS 616262: 2.63547420501709
LOSS 616262: 2.642091751098633
LOSS 616262: 2.6419219970703125
LOSS 616262: 2.6350150108337402
LOSS 616262: 2.610090970993042
LOSS 616262: 2.6391448974609375
LOSS 616262: 2.6297359466552734
LOSS 616262: 2.6306381225585938
LOSS 616262: 2.625735282897949
LOSS 616262: 2.653547763824463
LOSS 616262: 2.6669421195983887
LOSS 616262: 2.6395554542541504
LOSS 616262: 2.6383705139160156
LOSS 616262: 2.627835988998413
LOSS 616262: 2.608128070831299
LOSS 616262: 2.6412911415100098
LOSS 616262: 2.617105007171631
LOSS 616262: 2.63014554977417
LOSS 616262: 2.621516704559326
LOSS 616262: 2.6096343994140625
LOSS 616262: 2.5934410095214844
LOSS 616262: 2.616170644760132
LOSS 616262: 2.6266841888427734
LOSS 616262: 2.6181254386901855
LOSS 616262: 2.6187632083892822
LOSS 616262: 2.607503890991211
LOSS 616262: 2.6427998542785645
LOSS 616262: 2.5996599197387695
LOSS 616262: 2.628953218460083
LOSS 616262: 2.6282825469970703
LOSS 616262: 2.619109630584717
LOSS 616262: 2.630033016204834
LOSS 616262: 2.635193347930908
LOSS 616262: 2.6297848224639893
LOSS 616262: 2.6056888103485107
LOSS 616262: 2.580994129180908
LOSS 616262: 2.584494113922119
LOSS 616262: 2.6116487979888916
LOSS 616262: 2.6038818359375
LOSS 616262: 2.618595838546753
LOSS 616262: 2.6206130981445312
LOSS 616262: 2.600105047225952
LOSS 616262: 2.6071951389312744
LOSS 616262: 2.594252109527588
LOSS 616262: 2.5953803062438965
LOSS 616262: 2.6062819957733154
LOSS 616262: 2.6067135334014893
LOSS 616262: 2.6059138774871826
LOSS 616262: 2.5941030979156494
LOSS 616262: 2.632063865661621
LOSS 616262: 2.6056747436523438
LOSS 616262: 2.602168560028076
LOSS 616262: 2.603325843811035
LOSS 616262: 2.5780539512634277
LOSS 616262: 2.616608142852783
LOSS 616262: 2.5969555377960205
LOSS 616262: 2.5988430976867676
LOSS 616262: 2.5946083068847656
LOSS 616262: 2.606916904449463
LOSS 616262: 2.6084747314453125
LOSS 616262: 2.593188762664795
LOSS 616262: 2.592090129852295
LOSS 616262: 2.596068859100342
LOSS 616262: 2.6010384559631348
LOSS 616262: 2.580911636352539
LOSS 616262: 2.5831918716430664
LOSS 616262: 2.594632148742676
LOSS 616262: 2.5750017166137695
LOSS 616262: 2.6093790531158447
LOSS 616262: 2.576491355895996
LOSS 616262: 2.6062607765197754
LOSS 616262: 2.593508720397949
LOSS 616262: 2.5863494873046875
LOSS 616262: 2.5694503784179688
LOSS 616262: 2.5848326683044434
LOSS 616262: 2.5661425590515137
LOSS 616262: 2.595766544342041
LOSS 616262: 2.595991849899292
LOSS 616262: 2.5933876037597656
LOSS 616262: 2.584378719329834
LOSS 616262: 2.6114110946655273
LOSS 616262: 2.5941720008850098
LOSS 616262: 2.5847408771514893
LOSS 616262: 2.586071014404297
LOSS 616262: 2.59458589553833
LOSS 616262: 2.553490400314331
LOSS 616262: 2.5720086097717285
LOSS 616262: 2.5639562606811523
LOSS 616262: 2.5829291343688965
LOSS 616262: 2.5643372535705566
LOSS 616262: 2.5961313247680664
LOSS 616262: 2.5518648624420166
LOSS 616262: 2.5913290977478027
LOSS 616262: 2.582791328430176
LOSS 616262: 2.5607500076293945
LOSS 616262: 2.5889015197753906
LOSS 616262: 2.5683979988098145
LOSS 616262: 2.571737051010132
LOSS 616262: 2.5475831031799316
LOSS 616262: 2.571910858154297
LOSS 616262: 2.5765581130981445
LOSS 616262: 2.5673513412475586
LOSS 616262: 2.5579397678375244
LOSS 616262: 2.5706100463867188
LOSS 616262: 2.5696916580200195
LOSS 616262: 2.5548653602600098
LOSS 616262: 2.571096181869507
LOSS 616262: 2.5771536827087402
LOSS 616262: 2.556633710861206
LOSS 616262: 2.5678505897521973
LOSS 616262: 2.5774319171905518
LOSS 616262: 2.570345163345337
LOSS 616262: 2.558553457260132
LOSS 616262: 2.5688881874084473
LOSS 616262: 2.575537919998169
LOSS 616262: 2.5468835830688477
LOSS 616262: 2.553925037384033
LOSS 616262: 2.5578088760375977
LOSS 616262: 2.5626652240753174
LOSS 616262: 2.575366258621216
LOSS 616262: 2.549950122833252
LOSS 616262: 2.556999683380127
LOSS 616262: 2.552678108215332
LOSS 616262: 2.5629262924194336
LOSS 616262: 2.5719411373138428
LOSS 616262: 2.5596089363098145
LOSS 616262: 2.558403968811035
LOSS 616262: 2.5457568168640137
LOSS 616262: 2.5421175956726074
LOSS 616262: 2.552807092666626
LOSS 616262: 2.5606067180633545
LOSS 616262: 2.534909963607788
LOSS 616262: 2.553103446960449
LOSS 616262: 2.546088218688965
LOSS 616262: 2.539280891418457
LOSS 616262: 2.5231547355651855
LOSS 616262: 2.566033363342285
LOSS 616262: 2.5650925636291504
LOSS 616262: 2.5184245109558105
LOSS 616262: 2.5357046127319336
LOSS 616262: 2.5468220710754395
LOSS 616262: 2.5417919158935547
LOSS 616262: 2.55460262298584
LOSS 616262: 2.5628087520599365
LOSS 616262: 2.54754638671875
LOSS 616262: 2.5319085121154785
LOSS 616262: 2.526296615600586
LOSS 616262: 2.5248780250549316
LOSS 616262: 2.53344988822937
LOSS 616262: 2.538212299346924
LOSS 616262: 2.530210018157959
LOSS 616262: 2.537445068359375
LOSS 616262: 2.541011095046997
LOSS 616262: 2.5504627227783203
LOSS 616262: 2.5343432426452637
LOSS 616262: 2.5726702213287354
LOSS 616262: 2.5336227416992188
LOSS 616262: 2.5191853046417236
LOSS 616262: 2.541337490081787
LOSS 616262: 2.5202136039733887
LOSS 616262: 2.5355801582336426
LOSS 616262: 2.5300705432891846
LOSS 616262: 2.5524063110351562
LOSS 616262: 2.5143661499023438
LOSS 616262: 2.5272135734558105
LOSS 616262: 2.5315959453582764
LOSS 616262: 2.517106294631958
LOSS 616262: 2.53749418258667
LOSS 616262: 2.5152335166931152
LOSS 616262: 2.525789260864258
LOSS 616262: 2.5307512283325195
LOSS 616262: 2.5387253761291504
LOSS 616262: 2.525315046310425
LOSS 616262: 2.5277600288391113
LOSS 616262: 2.52249813079834
LOSS 616262: 2.5404820442199707
LOSS 616262: 2.5442252159118652
LOSS 616262: 2.520914077758789
LOSS 616262: 2.5284500122070312
LOSS 616262: 2.5245652198791504
LOSS 616262: 2.5165445804595947
LOSS 616262: 2.543154239654541
LOSS 616262: 2.5149354934692383
LOSS 616262: 2.508212089538574
LOSS 616262: 2.5168464183807373
LOSS 616262: 2.519777774810791
LOSS 616262: 2.5291748046875
LOSS 616262: 2.51525616645813
LOSS 616262: 2.5205531120300293
LOSS 616262: 2.5135459899902344
LOSS 616262: 2.5351357460021973
LOSS 616262: 2.5487334728240967
LOSS 616262: 2.5040738582611084
LOSS 616262: 2.5052008628845215
LOSS 616262: 2.514157295227051
LOSS 616262: 2.47554087638855
LOSS 616262: 2.511474370956421
LOSS 616262: 2.510082244873047
LOSS 616262: 2.4990034103393555
LOSS 616262: 2.520979881286621
LOSS 616262: 2.5207862854003906
LOSS 616262: 2.5155601501464844
LOSS 616262: 2.518684148788452
LOSS 616262: 2.5069918632507324
LOSS 616262: 2.5117921829223633
LOSS 616262: 2.5115017890930176
LOSS 616262: 2.504915714263916
LOSS 616262: 2.490485668182373
LOSS 616262: 2.486445426940918
LOSS 616262: 2.5144271850585938
LOSS 616262: 2.521930694580078
LOSS 616262: 2.4958200454711914
LOSS 616262: 2.5036144256591797
LOSS 616262: 2.517685890197754
LOSS 616262: 2.511488914489746
LOSS 616262: 2.4965264797210693
LOSS 616262: 2.4864161014556885
LOSS 616262: 2.474911689758301
LOSS 616262: 2.5132341384887695
LOSS 616262: 2.5127615928649902
LOSS 616262: 2.513504981994629
LOSS 616262: 2.486769199371338
LOSS 616262: 2.481163740158081
LOSS 616262: 2.4918155670166016
LOSS 616262: 2.487731456756592
LOSS 616262: 2.4816555976867676
LOSS 616262: 2.4723968505859375
LOSS 616262: 2.4840526580810547
LOSS 616262: 2.4889228343963623
LOSS 616262: 2.4937360286712646
LOSS 616262: 2.4970531463623047
LOSS 616262: 2.4885339736938477
LOSS 616262: 2.472817897796631
LOSS 616262: 2.506035327911377
LOSS 616262: 2.4889113903045654
LOSS 616262: 2.503668785095215
LOSS 616262: 2.4979028701782227
LOSS 616262: 2.485300064086914
LOSS 616262: 2.474801540374756
LOSS 616262: 2.4828639030456543
LOSS 616262: 2.47652268409729
LOSS 616262: 2.4781296253204346
LOSS 616262: 2.469092845916748
LOSS 616262: 2.4819092750549316
LOSS 616262: 2.4715867042541504
LOSS 616262: 2.4721784591674805
LOSS 616262: 2.4903883934020996
LOSS 616262: 2.487360715866089
LOSS 616262: 2.466116189956665
LOSS 616262: 2.475177764892578
LOSS 616262: 2.466937780380249
LOSS 616262: 2.470031261444092
LOSS 616262: 2.5008249282836914
LOSS 616262: 2.4568800926208496
LOSS 616262: 2.4736242294311523
LOSS 616262: 2.46073055267334
LOSS 616262: 2.4662415981292725
LOSS 616262: 2.4655985832214355
LOSS 616262: 2.463904619216919
LOSS 616262: 2.4678773880004883
LOSS 616262: 2.473254680633545
LOSS 616262: 2.485785961151123
LOSS 616262: 2.485595226287842
LOSS 616262: 2.457716941833496
LOSS 616262: 2.4893507957458496
LOSS 616262: 2.466723918914795
LOSS 616262: 2.4894556999206543
LOSS 616262: 2.4786133766174316
LOSS 616262: 2.4700746536254883
LOSS 616262: 2.498500347137451
LOSS 616262: 2.469712018966675
LOSS 616262: 2.4608592987060547
LOSS 616262: 2.454038619995117
LOSS 616262: 2.471890449523926
LOSS 616262: 2.4906907081604004
LOSS 616262: 2.4577765464782715
LOSS 616262: 2.467161178588867
LOSS 616262: 2.456819534301758
LOSS 616262: 2.468100070953369
LOSS 616262: 2.4359488487243652
LOSS 616262: 2.4803197383880615
LOSS 616262: 2.473541498184204
LOSS 616262: 2.4703502655029297
LOSS 616262: 2.427389621734619
LOSS 616262: 2.4834494590759277
LOSS 616262: 2.4383182525634766
LOSS 616262: 2.4689812660217285
LOSS 616262: 2.470736026763916
LOSS 616262: 2.461854934692383
LOSS 616262: 2.449911117553711
LOSS 616262: 2.446502685546875
LOSS 616262: 2.450786828994751
LOSS 616262: 2.4579741954803467
LOSS 616262: 2.4605424404144287
LOSS 616262: 2.4720094203948975
LOSS 616262: 2.447484016418457
LOSS 616262: 2.4582886695861816
LOSS 616262: 2.4746956825256348
LOSS 616262: 2.4492928981781006
LOSS 616262: 2.4783551692962646
LOSS 616262: 2.45522403717041
LOSS 616262: 2.465482473373413
LOSS 616262: 2.468094825744629
LOSS 616262: 2.4451656341552734
LOSS 616262: 2.4455184936523438
LOSS 616262: 2.463247299194336
LOSS 616262: 2.451098918914795
LOSS 616262: 2.4110169410705566
LOSS 616262: 2.460768699645996
LOSS 616262: 2.4633443355560303
LOSS 616262: 2.410728693008423
LOSS 616262: 2.4489917755126953
LOSS 616262: 2.455970287322998
LOSS 616262: 2.4409518241882324
LOSS 616262: 2.4322242736816406
LOSS 616262: 2.4414844512939453
LOSS 616262: 2.4413421154022217
LOSS 616262: 2.4271650314331055
LOSS 616262: 2.4414021968841553
LOSS 616262: 2.463038206100464
LOSS 616262: 2.450261116027832
LOSS 616262: 2.4579808712005615
LOSS 616262: 2.4452338218688965
LOSS 616262: 2.4459452629089355
LOSS 616262: 2.449863910675049
LOSS 616262: 2.4271891117095947
LOSS 616262: 2.4304323196411133
LOSS 616262: 2.452423095703125
LOSS 616262: 2.41982364654541
LOSS 616262: 2.4362449645996094
LOSS 616262: 2.451078176498413
LOSS 616262: 2.41795015335083
LOSS 616262: 2.438474655151367
LOSS 616262: 2.4240238666534424
LOSS 616262: 2.4319701194763184
LOSS 616262: 2.4241223335266113
LOSS 616262: 2.443176746368408
LOSS 616262: 2.4372010231018066
LOSS 616262: 2.4302899837493896
LOSS 616262: 2.4374756813049316
LOSS 616262: 2.4256889820098877
LOSS 616262: 2.4201834201812744
LOSS 616262: 2.4441680908203125
LOSS 616262: 2.4583213329315186
LOSS 616262: 2.4325575828552246
LOSS 616262: 2.4336414337158203
LOSS 616262: 2.4359078407287598
LOSS 616262: 2.455115795135498
LOSS 616262: 2.4293360710144043
LOSS 616262: 2.4466593265533447
LOSS 616262: 2.41937255859375
LOSS 616262: 2.4098238945007324
LOSS 616262: 2.4213738441467285
LOSS 616262: 2.4236207008361816
LOSS 616262: 2.430799961090088
LOSS 616262: 2.4226644039154053
LOSS 616262: 2.431013584136963
LOSS 616262: 2.4008255004882812
LOSS 616262: 2.4018020629882812
LOSS 616262: 2.429849624633789
LOSS 616262: 2.423064708709717
LOSS 616262: 2.432586669921875
LOSS 616262: 2.4320247173309326
LOSS 616262: 2.429283618927002
LOSS 616262: 2.434502601623535
LOSS 616262: 2.4312891960144043
LOSS 616262: 2.4301958084106445
LOSS 616262: 2.409154176712036
LOSS 616262: 2.4104790687561035
LOSS 616262: 2.428392171859741
LOSS 616262: 2.4185171127319336
LOSS 616262: 2.406965732574463
LOSS 616262: 2.402462959289551
LOSS 616262: 2.4295601844787598
LOSS 616262: 2.4231760501861572
LOSS 616262: 2.42808198928833
LOSS 616262: 2.4417598247528076
LOSS 616262: 2.412954807281494
LOSS 616262: 2.426839590072632
LOSS 616262: 2.384404182434082
LOSS 616262: 2.412754535675049
LOSS 616262: 2.4193472862243652
LOSS 616262: 2.4354448318481445
LOSS 616262: 2.4029245376586914
LOSS 616262: 2.407785415649414
LOSS 616262: 2.4266135692596436
LOSS 616262: 2.4304513931274414
LOSS 616262: 2.416318416595459
LOSS 616262: 2.4101943969726562
LOSS 616262: 2.409498929977417
LOSS 616262: 2.428077459335327
LOSS 616262: 2.4285054206848145
LOSS 616262: 2.408021926879883
LOSS 616262: 2.4229891300201416
LOSS 616262: 2.409078598022461
LOSS 616262: 2.4182534217834473
LOSS 616262: 2.4177393913269043
LOSS 616262: 2.402615547180176
LOSS 616262: 2.4074645042419434
LOSS 616262: 2.4075517654418945
LOSS 616262: 2.385632038116455
LOSS 616262: 2.403803586959839
LOSS 616262: 2.39485502243042
LOSS 616262: 2.411428451538086
LOSS 616262: 2.3877663612365723
LOSS 616262: 2.403561592102051
LOSS 616262: 2.430544137954712
LOSS 616262: 2.3862075805664062
LOSS 616262: 2.4045472145080566
LOSS 616262: 2.413782835006714
LOSS 616262: 2.3927502632141113
LOSS 616262: 2.405069351196289
LOSS 616262: 2.40378475189209
LOSS 616262: 2.3880343437194824
LOSS 616262: 2.4051871299743652
LOSS 616262: 2.3958067893981934
LOSS 616262: 2.3914191722869873
LOSS 616262: 2.4063313007354736
LOSS 616262: 2.389357089996338
LOSS 616262: 2.4001104831695557
LOSS 616262: 2.412050247192383
LOSS 616262: 2.404329299926758
LOSS 616262: 2.398211717605591
LOSS 616262: 2.4198098182678223
LOSS 616262: 2.3845396041870117
LOSS 616262: 2.3905937671661377
LOSS 616262: 2.388488292694092
LOSS 616262: 2.4108619689941406
LOSS 616262: 2.410562038421631
LOSS 616262: 2.383754014968872
LOSS 616262: 2.3876256942749023
LOSS 616262: 2.388272523880005
LOSS 616262: 2.381969451904297
LOSS 616262: 2.3888039588928223
LOSS 616262: 2.3714232444763184
LOSS 616262: 2.38417911529541
LOSS 616262: 2.3903541564941406
LOSS 616262: 2.378109931945801
LOSS 616262: 2.4049525260925293
LOSS 616262: 2.388485908508301
LOSS 616262: 2.3881070613861084
LOSS 616262: 2.3519785404205322
LOSS 616262: 2.389310836791992
LOSS 616262: 2.392906665802002
LOSS 616262: 2.3946409225463867
LOSS 616262: 2.3766889572143555
LOSS 616262: 2.3997693061828613
LOSS 616262: 2.3858940601348877
LOSS 616262: 2.378431797027588
LOSS 616262: 2.3788657188415527
LOSS 616262: 2.400303840637207
LOSS 616262: 2.377192974090576
LOSS 616262: 2.376284599304199
LOSS 616262: 2.392343521118164
LOSS 616262: 2.3860132694244385
LOSS 616262: 2.3768935203552246
LOSS 616262: 2.383556365966797
LOSS 616262: 2.3842415809631348
LOSS 616262: 2.3711345195770264
LOSS 616262: 2.372838020324707
LOSS 616262: 2.367562770843506
LOSS 616262: 2.380704402923584
LOSS 616262: 2.3827853202819824
LOSS 616262: 2.3721537590026855
LOSS 616262: 2.375319480895996
LOSS 616262: 2.3826451301574707
LOSS 616262: 2.375112771987915
LOSS 616262: 2.3746280670166016
LOSS 616262: 2.3676819801330566
LOSS 616262: 2.3704047203063965
LOSS 616262: 2.3701388835906982
LOSS 616262: 2.3930256366729736
LOSS 616262: 2.392483949661255
LOSS 616262: 2.366358757019043
LOSS 616262: 2.3794007301330566
LOSS 616262: 2.382904291152954
LOSS 616262: 2.3804497718811035
LOSS 616262: 2.366590976715088
LOSS 616262: 2.3601322174072266
LOSS 616262: 2.3525452613830566
LOSS 616262: 2.377697467803955
LOSS 616262: 2.3824920654296875
LOSS 616262: 2.3572258949279785
LOSS 616262: 2.3908557891845703
LOSS 616262: 2.382032871246338
LOSS 616262: 2.368586540222168
LOSS 616262: 2.367502450942993
LOSS 616262: 2.3633155822753906
LOSS 616262: 2.344637870788574
LOSS 616262: 2.358161211013794
LOSS 616262: 2.390246629714966
LOSS 616262: 2.376852035522461
LOSS 616262: 2.3631606101989746
LOSS 616262: 2.3641655445098877
LOSS 616262: 2.380488634109497
LOSS 616262: 2.378565549850464
LOSS 616262: 2.358839988708496
LOSS 616262: 2.364961862564087
LOSS 616262: 2.36923885345459
LOSS 616262: 2.358032703399658
LOSS 616262: 2.3582870960235596
LOSS 616262: 2.380227565765381
LOSS 616262: 2.3554959297180176
LOSS 616262: 2.372178316116333
LOSS 616262: 2.3662991523742676
LOSS 616262: 2.3580322265625
LOSS 616262: 2.3519515991210938
LOSS 616262: 2.3666796684265137
LOSS 616262: 2.3567724227905273
LOSS 616262: 2.376678466796875
LOSS 616262: 2.3622469902038574
LOSS 616262: 2.338521718978882
LOSS 616262: 2.3600971698760986
LOSS 616262: 2.378146171569824
LOSS 616262: 2.3505027294158936
LOSS 616262: 2.349301815032959
LOSS 616262: 2.3398237228393555
LOSS 616262: 2.3613336086273193
LOSS 616262: 2.345799684524536
LOSS 616262: 2.364962339401245
LOSS 616262: 2.353299617767334
LOSS 616262: 2.35562801361084
LOSS 616262: 2.3498902320861816
LOSS 616262: 2.339200735092163
LOSS 616262: 2.348174810409546
LOSS 616262: 2.3551530838012695
LOSS 616262: 2.3616788387298584
LOSS 616262: 2.3782598972320557
LOSS 616262: 2.352043390274048
LOSS 616262: 2.348806858062744
LOSS 616262: 2.3356986045837402
LOSS 616262: 2.360258102416992
LOSS 616262: 2.346771478652954
LOSS 616262: 2.3603923320770264
LOSS 616262: 2.357694625854492
LOSS 616262: 2.3508386611938477
LOSS 616262: 2.334251880645752
LOSS 616262: 2.341395139694214
LOSS 616262: 2.351896047592163
LOSS 616262: 2.3550148010253906
LOSS 616262: 2.34561824798584
LOSS 616262: 2.338253974914551
LOSS 616262: 2.3446226119995117
LOSS 616262: 2.354247570037842
LOSS 616262: 2.333649158477783
LOSS 616262: 2.3335351943969727
LOSS 616262: 2.33976411819458
LOSS 616262: 2.3567755222320557
LOSS 616262: 2.340592861175537
LOSS 616262: 2.349360942840576
LOSS 616262: 2.3345723152160645
LOSS 616262: 2.3354458808898926
LOSS 616262: 2.345825672149658
LOSS 616262: 2.3477864265441895
LOSS 616262: 2.321882724761963
LOSS 616262: 2.31819486618042
LOSS 616262: 2.3395113945007324
LOSS 616262: 2.3369085788726807
LOSS 616262: 2.3399600982666016
LOSS 616262: 2.317105770111084
LOSS 616262: 2.3232550621032715
LOSS 616262: 2.345099449157715
LOSS 616262: 2.3344249725341797
LOSS 616262: 2.347954273223877
LOSS 616262: 2.3570568561553955
LOSS 616262: 2.3431339263916016
LOSS 616262: 2.337307929992676
LOSS 616262: 2.3417487144470215
LOSS 616262: 2.3406920433044434
LOSS 616262: 2.3115177154541016
LOSS 616262: 2.330857753753662
LOSS 616262: 2.321476459503174
LOSS 616262: 2.331709146499634
LOSS 616262: 2.341259479522705
LOSS 616262: 2.339341163635254
LOSS 616262: 2.336355686187744
LOSS 616262: 2.3133246898651123
LOSS 616262: 2.3217344284057617
LOSS 616262: 2.319713592529297
LOSS 616262: 2.326540470123291
LOSS 616262: 2.337602138519287
LOSS 616262: 2.3322677612304688
LOSS 616262: 2.320528984069824
LOSS 616262: 2.3341870307922363
LOSS 616262: 2.334871768951416
LOSS 616262: 2.3282933235168457
LOSS 616262: 2.3513236045837402
LOSS 616262: 2.3379313945770264
LOSS 616262: 2.3412742614746094
LOSS 616262: 2.3201053142547607
LOSS 616262: 2.3413355350494385
LOSS 616262: 2.3289456367492676
LOSS 616262: 2.3626508712768555
LOSS 616262: 2.3217554092407227
LOSS 616262: 2.321290969848633
LOSS 616262: 2.3415732383728027
LOSS 616262: 2.3257408142089844
LOSS 616262: 2.306270122528076
LOSS 616262: 2.3382139205932617
LOSS 616262: 2.337590217590332
LOSS 616262: 2.3325719833374023
LOSS 616262: 2.326770305633545
LOSS 616262: 2.3221137523651123
LOSS 616262: 2.337149143218994
LOSS 616262: 2.3222639560699463
LOSS 616262: 2.3139500617980957
LOSS 616262: 2.321366310119629
LOSS 616262: 2.31850528717041
LOSS 616262: 2.3285951614379883
LOSS 616262: 2.316594123840332
LOSS 616262: 2.325284242630005
LOSS 616262: 2.328861951828003
LOSS 616262: 2.3067989349365234
LOSS 616262: 2.304947853088379
LOSS 616262: 2.327552318572998
LOSS 616262: 2.29142427444458
LOSS 616262: 2.3368606567382812
LOSS 616262: 2.3355793952941895
LOSS 616262: 2.3114500045776367
LOSS 616262: 2.3098220825195312
LOSS 616262: 2.324718952178955
LOSS 616262: 2.320923328399658
LOSS 616262: 2.3156423568725586
LOSS 616262: 2.3287501335144043
LOSS 616262: 2.3418378829956055
LOSS 616262: 2.3063135147094727
LOSS 616262: 2.3166399002075195
LOSS 616262: 2.3189005851745605
LOSS 616262: 2.317742347717285
LOSS 616262: 2.317465305328369
LOSS 616262: 2.314415454864502
LOSS 616262: 2.321125030517578
LOSS 616262: 2.329493522644043
LOSS 616262: 2.307922840118408
LOSS 616262: 2.333148241043091
LOSS 616262: 2.297792911529541
LOSS 616262: 2.3007922172546387
LOSS 616262: 2.3090221881866455
LOSS 616262: 2.302736759185791
LOSS 616262: 2.311142683029175
LOSS 616262: 2.3117003440856934
LOSS 616262: 2.3111090660095215
LOSS 616262: 2.3188862800598145
LOSS 616262: 2.3046278953552246
LOSS 616262: 2.315532684326172
LOSS 616262: 2.2980244159698486
LOSS 616262: 2.305449962615967
LOSS 616262: 2.2965519428253174
LOSS 616262: 2.3061444759368896
LOSS 616262: 2.2966928482055664
LOSS 616262: 2.3189940452575684
LOSS 616262: 2.3061022758483887
LOSS 616262: 2.3126564025878906
LOSS 616262: 2.302966594696045
LOSS 616262: 2.311060667037964
LOSS 616262: 2.3210434913635254
LOSS 616262: 2.3051705360412598
LOSS 616262: 2.3045132160186768
LOSS 616262: 2.3050594329833984
LOSS 616262: 2.3041062355041504
LOSS 616262: 2.3008012771606445
LOSS 616262: 2.3149423599243164
LOSS 616262: 2.317747116088867
LOSS 616262: 2.3002772331237793
LOSS 616262: 2.3108153343200684
LOSS 616262: 2.288278579711914
LOSS 616262: 2.325117588043213
LOSS 616262: 2.2966256141662598
LOSS 616262: 2.2932138442993164
LOSS 616262: 2.2966551780700684
LOSS 616262: 2.2867960929870605
LOSS 616262: 2.312162399291992
LOSS 616262: 2.32525897026062
LOSS 616262: 2.298281669616699
LOSS 616262: 2.296452283859253
LOSS 616262: 2.3028130531311035
LOSS 616262: 2.2916340827941895
LOSS 616262: 2.2993955612182617
LOSS 616262: 2.2784669399261475
LOSS 616262: 2.2914328575134277
LOSS 616262: 2.3009839057922363
LOSS 616262: 2.291368007659912
LOSS 616262: 2.3096837997436523
LOSS 616262: 2.279771327972412
LOSS 616262: 2.2855522632598877
LOSS 616262: 2.2928247451782227
LOSS 616262: 2.2897582054138184
LOSS 616262: 2.291288375854492
LOSS 616262: 2.3115930557250977
LOSS 616262: 2.3088479042053223
LOSS 616262: 2.3071465492248535
LOSS 616262: 2.3041563034057617
LOSS 616262: 2.2922701835632324
LOSS 616262: 2.2823867797851562
LOSS 616262: 2.276815891265869
LOSS 616262: 2.2956714630126953
LOSS 616262: 2.2843947410583496
LOSS 616262: 2.315366268157959
LOSS 616262: 2.2905468940734863
LOSS 616262: 2.296443223953247
LOSS 616262: 2.2910313606262207
LOSS 616262: 2.2966606616973877
LOSS 616262: 2.2924695014953613
LOSS 616262: 2.288153648376465
LOSS 616262: 2.3125596046447754
LOSS 616262: 2.291576623916626
LOSS 616262: 2.284493923187256
LOSS 616262: 2.3057188987731934
LOSS 616262: 2.268645763397217
LOSS 616262: 2.2821640968322754
LOSS 616262: 2.288145065307617
LOSS 616262: 2.2960503101348877
LOSS 616262: 2.277052402496338
LOSS 616262: 2.2807745933532715
LOSS 616262: 2.2638192176818848
LOSS 616262: 2.307100296020508
LOSS 616262: 2.2893383502960205
LOSS 616262: 2.283278226852417
LOSS 616262: 2.2835540771484375
LOSS 616262: 2.3037853240966797
LOSS 616262: 2.2705440521240234
LOSS 616262: 2.3026368618011475
LOSS 616262: 2.273291826248169
LOSS 616262: 2.2760181427001953
LOSS 616262: 2.279208183288574
LOSS 616262: 2.2652816772460938
LOSS 616262: 2.2832515239715576
LOSS 616262: 2.2949464321136475
LOSS 616262: 2.2926039695739746
LOSS 616262: 2.276165008544922
LOSS 616262: 2.2708487510681152
LOSS 616262: 2.2710185050964355
LOSS 616262: 2.260037422180176
LOSS 616262: 2.280489444732666
LOSS 616262: 2.277678966522217
LOSS 616262: 2.294665575027466
LOSS 616262: 2.3078360557556152
LOSS 616262: 2.2669172286987305
LOSS 616262: 2.2761998176574707
LOSS 616262: 2.295825958251953
LOSS 616262: 2.2702765464782715
LOSS 616262: 2.275059700012207
LOSS 616262: 2.290043354034424
LOSS 616262: 2.272944927215576
LOSS 616262: 2.2753396034240723
LOSS 616262: 2.2600741386413574
LOSS 616262: 2.2701189517974854
LOSS 616262: 2.281867027282715
LOSS 616262: 2.2554078102111816
LOSS 616262: 2.2676315307617188
LOSS 616262: 2.267566204071045
LOSS 616262: 2.2777538299560547
LOSS 616262: 2.2840657234191895
LOSS 616262: 2.2744555473327637
LOSS 616262: 2.271611213684082
LOSS 616262: 2.2742257118225098
LOSS 616262: 2.267878532409668
LOSS 616262: 2.2629146575927734
LOSS 616262: 2.2727999687194824
LOSS 616262: 2.2859177589416504
LOSS 616262: 2.2691431045532227
LOSS 616262: 2.285066604614258
LOSS 616262: 2.285031795501709
LOSS 616262: 2.275151252746582
LOSS 616262: 2.274507999420166
LOSS 616262: 2.249821424484253
LOSS 616262: 2.2731800079345703
LOSS 616262: 2.269098997116089
LOSS 616262: 2.265385627746582
LOSS 616262: 2.26023268699646
LOSS 616262: 2.269634485244751
LOSS 616262: 2.2772011756896973
LOSS 616262: 2.2673754692077637
LOSS 616262: 2.2628746032714844
LOSS 616262: 2.2757387161254883
LOSS 616262: 2.2640581130981445
LOSS 616262: 2.2550048828125
LOSS 616262: 2.2773079872131348
LOSS 616262: 2.269970417022705
LOSS 616262: 2.261685848236084
LOSS 616262: 2.2673072814941406
LOSS 616262: 2.2661967277526855
LOSS 616262: 2.269444227218628
LOSS 616262: 2.2697572708129883
LOSS 616262: 2.2654104232788086
LOSS 616262: 2.3020050525665283
LOSS 616262: 2.2720541954040527
LOSS 616262: 2.2661094665527344
LOSS 616262: 2.260064125061035
LOSS 616262: 2.2475526332855225
LOSS 616262: 2.276010036468506
LOSS 616262: 2.2549805641174316
LOSS 616262: 2.266744613647461
LOSS 616262: 2.237781524658203
LOSS 616262: 2.2337706089019775
LOSS 616262: 2.2613749504089355
LOSS 616262: 2.2621541023254395
LOSS 616262: 2.259876251220703
LOSS 616262: 2.253650426864624
LOSS 616262: 2.2777323722839355
LOSS 616262: 2.245326519012451
LOSS 616262: 2.260143280029297
LOSS 616262: 2.26511287689209
LOSS 616262: 2.2659707069396973
LOSS 616262: 2.263592481613159
LOSS 616262: 2.2648308277130127
LOSS 616262: 2.250807285308838
LOSS 616262: 2.259195327758789
LOSS 616262: 2.2441248893737793
LOSS 616262: 2.2552268505096436
LOSS 616262: 2.2403528690338135
LOSS 616262: 2.252925395965576
LOSS 616262: 2.2844905853271484
LOSS 616262: 2.2757515907287598
LOSS 616262: 2.2831482887268066
LOSS 616262: 2.2604496479034424
LOSS 616262: 2.2464118003845215
LOSS 616262: 2.2514946460723877
LOSS 616262: 2.24434232711792
LOSS 616262: 2.25742769241333
LOSS 616262: 2.2254648208618164
LOSS 616262: 2.236475944519043
LOSS 616262: 2.2577104568481445
LOSS 616262: 2.2323760986328125
LOSS 616262: 2.238892078399658
LOSS 616262: 2.243208169937134
LOSS 616262: 2.2582907676696777
LOSS 616262: 2.2511627674102783
LOSS 616262: 2.231210708618164
LOSS 616262: 2.263291358947754
LOSS 616262: 2.254272222518921
LOSS 616262: 2.2330331802368164
LOSS 616262: 2.253448009490967
LOSS 616262: 2.245197296142578
LOSS 616262: 2.2523293495178223
LOSS 616262: 2.237778663635254
LOSS 616262: 2.249159812927246
LOSS 616262: 2.243990421295166
LOSS 616262: 2.2299485206604004
LOSS 616262: 2.2500925064086914
LOSS 616262: 2.253844976425171
LOSS 616262: 2.2568328380584717
LOSS 616262: 2.2516069412231445
LOSS 616262: 2.2487192153930664
LOSS 616262: 2.230827808380127
LOSS 616262: 2.24652361869812
LOSS 616262: 2.2381086349487305
LOSS 616262: 2.230543613433838
LOSS 616262: 2.227466106414795
LOSS 616262: 2.2260470390319824
LOSS 616262: 2.2460098266601562
LOSS 616262: 2.236276149749756
LOSS 616262: 2.2519545555114746
LOSS 616262: 2.2221016883850098
LOSS 616262: 2.2345943450927734
LOSS 616262: 2.2261595726013184
LOSS 616262: 2.2328529357910156
LOSS 616262: 2.2345101833343506
LOSS 616262: 2.236586570739746
LOSS 616262: 2.2423555850982666
LOSS 616262: 2.2292799949645996
LOSS 616262: 2.2447190284729004
LOSS 616262: 2.2502589225769043
LOSS 616262: 2.247284412384033
LOSS 616262: 2.2424213886260986
LOSS 616262: 2.230844259262085
LOSS 616262: 2.2454051971435547
LOSS 616262: 2.2292466163635254
LOSS 616262: 2.245354175567627
LOSS 616262: 2.2406492233276367
LOSS 616262: 2.2386181354522705
LOSS 616262: 2.2377610206604004
LOSS 616262: 2.2315285205841064
LOSS 616262: 2.218674659729004
LOSS 616262: 2.226346492767334
LOSS 616262: 2.247220039367676
LOSS 616262: 2.237623929977417
LOSS 616262: 2.2259654998779297
LOSS 616262: 2.241055965423584
LOSS 616262: 2.2405800819396973
LOSS 616262: 2.22487211227417
LOSS 616262: 2.2273449897766113
LOSS 616262: 2.227431535720825
LOSS 616262: 2.2365899085998535
LOSS 616262: 2.2400031089782715
LOSS 616262: 2.213700771331787
LOSS 616262: 2.2298192977905273
LOSS 616262: 2.2344322204589844
LOSS 616262: 2.2324275970458984
LOSS 616262: 2.223524570465088
LOSS 616262: 2.227046012878418
LOSS 616262: 2.2379860877990723
LOSS 616262: 2.2520036697387695
LOSS 616262: 2.2219557762145996
LOSS 616262: 2.2400877475738525
LOSS 616262: 2.2277464866638184
LOSS 616262: 2.226186513900757
LOSS 616262: 2.2227683067321777
LOSS 616262: 2.231708526611328
LOSS 616262: 2.2342662811279297
LOSS 616262: 2.2251381874084473
LOSS 616262: 2.22831392288208
LOSS 616262: 2.2193522453308105
LOSS 616262: 2.2107672691345215
LOSS 616262: 2.2420449256896973
LOSS 616262: 2.2255327701568604
LOSS 616262: 2.2257673740386963
LOSS 616262: 2.221607208251953
LOSS 616262: 2.209012746810913
LOSS 616262: 2.230402946472168
LOSS 616262: 2.2057385444641113
LOSS 616262: 2.22381854057312
LOSS 616262: 2.2236340045928955
LOSS 616262: 2.2127559185028076
LOSS 616262: 2.237234592437744
LOSS 616262: 2.2120816707611084
LOSS 616262: 2.234438419342041
LOSS 616262: 2.2304086685180664
LOSS 616262: 2.225886583328247
LOSS 616262: 2.217141628265381
LOSS 616262: 2.2186222076416016
LOSS 616262: 2.21852445602417
LOSS 616262: 2.21661639213562
LOSS 616262: 2.211110830307007
LOSS 616262: 2.2251205444335938
LOSS 616262: 2.2187113761901855
LOSS 616262: 2.2368533611297607
LOSS 616262: 2.217557907104492
LOSS 616262: 2.201136827468872
LOSS 616262: 2.2009081840515137
LOSS 616262: 2.2425761222839355
LOSS 616262: 2.2187914848327637
LOSS 616262: 2.2040982246398926
LOSS 616262: 2.225369691848755
LOSS 616262: 2.2216506004333496
LOSS 616262: 2.240445613861084
LOSS 616262: 2.1913585662841797
LOSS 616262: 2.218696355819702
LOSS 616262: 2.2110443115234375
LOSS 616262: 2.206876277923584
LOSS 616262: 2.214022397994995
LOSS 616262: 2.210519313812256
LOSS 616262: 2.211019277572632
LOSS 616262: 2.2087841033935547
LOSS 616262: 2.218233585357666
LOSS 616262: 2.2122488021850586
LOSS 616262: 2.2091400623321533
LOSS 616262: 2.20174503326416
LOSS 616262: 2.214876651763916
LOSS 616262: 2.232044219970703
LOSS 616262: 2.195194721221924
LOSS 616262: 2.2084569931030273
LOSS 616262: 2.220249652862549
LOSS 616262: 2.194042205810547
LOSS 616262: 2.2160139083862305
LOSS 616262: 2.197141647338867
LOSS 616262: 2.216999053955078
LOSS 616262: 2.218557834625244
LOSS 616262: 2.224527597427368
LOSS 616262: 2.2018282413482666
LOSS 616262: 2.23225736618042
LOSS 616262: 2.2215733528137207
LOSS 616262: 2.214247226715088
LOSS 616262: 2.209778308868408
LOSS 616262: 2.2158281803131104
LOSS 616262: 2.225627899169922
LOSS 616262: 2.2097537517547607
LOSS 616262: 2.220895290374756
LOSS 616262: 2.2063422203063965
LOSS 616262: 2.215108633041382
LOSS 616262: 2.1927900314331055
LOSS 616262: 2.218883991241455
LOSS 616262: 2.200782299041748
LOSS 616262: 2.208763599395752
LOSS 616262: 2.212430953979492
LOSS 616262: 2.2037158012390137
LOSS 616262: 2.209414005279541
LOSS 616262: 2.2395615577697754
LOSS 616262: 2.202460765838623
LOSS 616262: 2.1924543380737305
LOSS 616262: 2.207533836364746
LOSS 616262: 2.207839012145996
LOSS 616262: 2.212146282196045
LOSS 616262: 2.1954169273376465
LOSS 616262: 2.195645332336426
LOSS 616262: 2.2126379013061523
LOSS 616262: 2.2085399627685547
LOSS 616262: 2.1935079097747803
LOSS 616262: 2.1967484951019287
LOSS 616262: 2.1968517303466797
LOSS 616262: 2.1753640174865723
LOSS 616262: 2.1893820762634277
LOSS 616262: 2.2078378200531006
LOSS 616262: 2.189889430999756
LOSS 616262: 2.2158010005950928
LOSS 616262: 2.1988120079040527
LOSS 616262: 2.216709613800049
LOSS 616262: 2.204936981201172
LOSS 616262: 2.1943359375
LOSS 616262: 2.189650297164917
LOSS 616262: 2.2147233486175537
LOSS 616262: 2.2059550285339355
LOSS 616262: 2.184535026550293
LOSS 616262: 2.1894662380218506
LOSS 616262: 2.1995723247528076
LOSS 616262: 2.2109532356262207
LOSS 616262: 2.1950669288635254
LOSS 616262: 2.217663049697876
LOSS 616262: 2.2012081146240234
LOSS 616262: 2.184405565261841
LOSS 616262: 2.2106804847717285
LOSS 616262: 2.1917552947998047
LOSS 616262: 2.1852307319641113
LOSS 616262: 2.1800193786621094
LOSS 616262: 2.1973047256469727
LOSS 616262: 2.1956024169921875
LOSS 616262: 2.1951675415039062
LOSS 616262: 2.189103603363037
LOSS 616262: 2.188157796859741
LOSS 616262: 2.2036654949188232
LOSS 616262: 2.202883005142212
LOSS 616262: 2.1803719997406006
LOSS 616262: 2.2001917362213135
LOSS 616262: 2.1946706771850586
LOSS 616262: 2.1846725940704346
LOSS 616262: 2.1791832447052
LOSS 616262: 2.175715923309326
LOSS 616262: 2.1941921710968018
LOSS 616262: 2.20139741897583
LOSS 616262: 2.194389820098877
LOSS 616262: 2.198970317840576
LOSS 616262: 2.1849732398986816
LOSS 616262: 2.196808338165283
LOSS 616262: 2.184938669204712
LOSS 616262: 2.1901283264160156
LOSS 616262: 2.187105655670166
LOSS 616262: 2.200927257537842
LOSS 616262: 2.1761512756347656
LOSS 616262: 2.2008721828460693
LOSS 616262: 2.187567949295044
LOSS 616262: 2.1982951164245605
LOSS 616262: 2.211170196533203
LOSS 616262: 2.1688027381896973
LOSS 616262: 2.1855788230895996
LOSS 616262: 2.1886565685272217
LOSS 616262: 2.192483901977539
LOSS 616262: 2.1787352561950684
LOSS 616262: 2.170518159866333
LOSS 616262: 2.1917617321014404
LOSS 616262: 2.197511911392212
LOSS 616262: 2.1969966888427734
LOSS 616262: 2.1896536350250244
LOSS 616262: 2.1996259689331055
LOSS 616262: 2.175180435180664
LOSS 616262: 2.161471366882324
LOSS 616262: 2.1871752738952637
LOSS 616262: 2.204658269882202
LOSS 616262: 2.172719955444336
LOSS 616262: 2.161388635635376
LOSS 616262: 2.1812195777893066
LOSS 616262: 2.182159423828125
LOSS 616262: 2.1934328079223633
LOSS 616262: 2.187140464782715
LOSS 616262: 2.1810975074768066
LOSS 616262: 2.1977145671844482
LOSS 616262: 2.179910182952881
LOSS 616262: 2.194176197052002
LOSS 616262: 2.184626579284668
LOSS 616262: 2.161856174468994
LOSS 616262: 2.18292236328125
LOSS 616262: 2.1903536319732666
LOSS 616262: 2.1909048557281494
LOSS 616262: 2.1832456588745117
LOSS 616262: 2.203901767730713
LOSS 616262: 2.182577610015869
LOSS 616262: 2.1705918312072754
LOSS 616262: 2.1866774559020996
LOSS 616262: 2.170454502105713
LOSS 616262: 2.166740894317627
LOSS 616262: 2.1781139373779297
LOSS 616262: 2.179062843322754
LOSS 616262: 2.1939401626586914
LOSS 616262: 2.171741008758545
LOSS 616262: 2.182809829711914
LOSS 616262: 2.1656415462493896
LOSS 616262: 2.166231870651245
LOSS 616262: 2.176177978515625
LOSS 616262: 2.174395799636841
LOSS 616262: 2.186643600463867
LOSS 616262: 2.1549644470214844
LOSS 616262: 2.197094440460205
LOSS 616262: 2.172616481781006
LOSS 616262: 2.1747679710388184
LOSS 616262: 2.1676948070526123
LOSS 616262: 2.177868604660034
LOSS 616262: 2.1901278495788574
LOSS 616262: 2.153128147125244
LOSS 616262: 2.1908884048461914
LOSS 616262: 2.1679344177246094
LOSS 616262: 2.1820154190063477
LOSS 616262: 2.1556520462036133
LOSS 616262: 2.155992031097412
LOSS 616262: 2.179943561553955
LOSS 616262: 2.1905770301818848
LOSS 616262: 2.158450126647949
LOSS 616262: 2.165576457977295
LOSS 616262: 2.17934513092041
LOSS 616262: 2.1712915897369385
LOSS 616262: 2.176140785217285
LOSS 616262: 2.1552720069885254
LOSS 616262: 2.1863555908203125
LOSS 616262: 2.171997308731079
LOSS 616262: 2.160743236541748
LOSS 616262: 2.155379056930542
LOSS 616262: 2.183088779449463
LOSS 616262: 2.157651901245117
LOSS 616262: 2.155630350112915
LOSS 616262: 2.1637892723083496
LOSS 616262: 2.164174795150757
LOSS 616262: 2.1584458351135254
LOSS 616262: 2.1807613372802734
LOSS 616262: 2.15549898147583
LOSS 616262: 2.1727194786071777
LOSS 616262: 2.1848089694976807
LOSS 616262: 2.1455206871032715
LOSS 616262: 2.1832120418548584
LOSS 616262: 2.1529948711395264
[2025-05-10 17:43:33] Running iteration 2 of 10000
