ERROR: Unable to locate a modulefile for 'cudatoolkit/12.4'
[2025-05-10 14:48:58] Python version: Python 3.12.7
PyTorch version: 2.5.1
CUDA available: False
CUDA version: 12.4
[2025-05-10 14:49:09] CUDA not installed or GPUs not available.
[2025-05-10 14:49:09] Running iteration 1 of 10000
model id 704081
LOSS 704081: 71.46690368652344
LOSS 704081: 1345.5770263671875
LOSS 704081: 1138.6124267578125
LOSS 704081: 169.56787109375
LOSS 704081: 90.06198120117188
LOSS 704081: 70.3367919921875
LOSS 704081: 58.59412384033203
LOSS 704081: 50.04890441894531
LOSS 704081: 43.765533447265625
LOSS 704081: 39.1407470703125
LOSS 704081: 35.21471405029297
LOSS 704081: 31.844650268554688
LOSS 704081: 29.51881217956543
LOSS 704081: 27.18862533569336
LOSS 704081: 25.70125961303711
LOSS 704081: 23.85879135131836
LOSS 704081: 22.560134887695312
LOSS 704081: 21.239944458007812
LOSS 704081: 20.34971046447754
LOSS 704081: 19.268661499023438
LOSS 704081: 18.848108291625977
LOSS 704081: 17.930301666259766
LOSS 704081: 17.501707077026367
LOSS 704081: 16.928634643554688
LOSS 704081: 16.523691177368164
LOSS 704081: 16.151912689208984
LOSS 704081: 15.565896987915039
LOSS 704081: 15.36087417602539
LOSS 704081: 15.02504825592041
LOSS 704081: 14.879426002502441
LOSS 704081: 14.575319290161133
LOSS 704081: 14.292074203491211
LOSS 704081: 14.083454132080078
LOSS 704081: 13.840249061584473
LOSS 704081: 13.801675796508789
LOSS 704081: 13.709358215332031
LOSS 704081: 13.459492683410645
LOSS 704081: 13.344265937805176
LOSS 704081: 13.193124771118164
LOSS 704081: 12.851385116577148
LOSS 704081: 12.911195755004883
LOSS 704081: 12.922420501708984
LOSS 704081: 12.704071044921875
LOSS 704081: 12.57160758972168
LOSS 704081: 12.571929931640625
LOSS 704081: 12.543371200561523
LOSS 704081: 12.317633628845215
LOSS 704081: 12.2769136428833
LOSS 704081: 12.368242263793945
LOSS 704081: 12.103835105895996
LOSS 704081: 12.07598876953125
LOSS 704081: 12.003933906555176
LOSS 704081: 11.848230361938477
LOSS 704081: 11.955617904663086
LOSS 704081: 11.630664825439453
LOSS 704081: 11.614782333374023
LOSS 704081: 11.703821182250977
LOSS 704081: 11.617509841918945
LOSS 704081: 11.481277465820312
LOSS 704081: 11.356948852539062
LOSS 704081: 11.300426483154297
LOSS 704081: 11.308433532714844
LOSS 704081: 11.276866912841797
LOSS 704081: 11.128141403198242
LOSS 704081: 11.247169494628906
LOSS 704081: 11.183324813842773
LOSS 704081: 10.983463287353516
LOSS 704081: 11.068122863769531
LOSS 704081: 10.969583511352539
LOSS 704081: 10.908086776733398
LOSS 704081: 10.918209075927734
LOSS 704081: 10.817763328552246
LOSS 704081: 10.78449821472168
LOSS 704081: 10.801822662353516
LOSS 704081: 10.662321090698242
LOSS 704081: 10.67557144165039
LOSS 704081: 10.662803649902344
LOSS 704081: 10.511938095092773
LOSS 704081: 10.48550796508789
LOSS 704081: 10.582073211669922
LOSS 704081: 10.492941856384277
LOSS 704081: 10.353015899658203
LOSS 704081: 10.318597793579102
LOSS 704081: 10.270727157592773
LOSS 704081: 10.290715217590332
LOSS 704081: 10.320258140563965
LOSS 704081: 10.176716804504395
LOSS 704081: 10.160757064819336
LOSS 704081: 10.140633583068848
LOSS 704081: 10.083065032958984
LOSS 704081: 10.133930206298828
LOSS 704081: 9.97581672668457
LOSS 704081: 9.918006896972656
LOSS 704081: 9.989282608032227
LOSS 704081: 9.820198059082031
LOSS 704081: 9.845457077026367
LOSS 704081: 9.888370513916016
LOSS 704081: 9.81420612335205
LOSS 704081: 9.760564804077148
LOSS 704081: 9.734841346740723
LOSS 704081: 9.660310745239258
LOSS 704081: 9.57761287689209
LOSS 704081: 9.60150146484375
LOSS 704081: 9.476011276245117
LOSS 704081: 9.589466094970703
LOSS 704081: 9.436759948730469
LOSS 704081: 9.523492813110352
LOSS 704081: 9.51416301727295
LOSS 704081: 9.470717430114746
LOSS 704081: 9.391546249389648
LOSS 704081: 9.433000564575195
LOSS 704081: 9.305119514465332
LOSS 704081: 9.33367919921875
LOSS 704081: 9.305939674377441
LOSS 704081: 9.224641799926758
LOSS 704081: 9.129255294799805
LOSS 704081: 9.226268768310547
LOSS 704081: 9.212657928466797
LOSS 704081: 9.109821319580078
LOSS 704081: 9.15222454071045
LOSS 704081: 9.106786727905273
LOSS 704081: 9.056137084960938
LOSS 704081: 9.035202026367188
LOSS 704081: 9.024730682373047
LOSS 704081: 8.991632461547852
LOSS 704081: 8.88221549987793
LOSS 704081: 8.848401069641113
LOSS 704081: 8.876102447509766
LOSS 704081: 8.850493431091309
LOSS 704081: 8.845043182373047
LOSS 704081: 8.82846736907959
LOSS 704081: 8.963399887084961
LOSS 704081: 8.801875114440918
LOSS 704081: 8.863739013671875
LOSS 704081: 8.690309524536133
LOSS 704081: 8.765800476074219
LOSS 704081: 8.707099914550781
LOSS 704081: 8.688331604003906
LOSS 704081: 8.609877586364746
LOSS 704081: 8.743380546569824
LOSS 704081: 8.61825942993164
LOSS 704081: 8.529397964477539
LOSS 704081: 8.532459259033203
LOSS 704081: 8.55858039855957
LOSS 704081: 8.516423225402832
LOSS 704081: 8.523622512817383
LOSS 704081: 8.48616886138916
LOSS 704081: 8.434648513793945
LOSS 704081: 8.324097633361816
LOSS 704081: 8.343982696533203
LOSS 704081: 8.374399185180664
LOSS 704081: 8.399375915527344
LOSS 704081: 8.257080078125
LOSS 704081: 8.307908058166504
LOSS 704081: 8.210429191589355
LOSS 704081: 8.271528244018555
LOSS 704081: 8.327427864074707
LOSS 704081: 8.1517333984375
LOSS 704081: 8.156524658203125
LOSS 704081: 8.199649810791016
LOSS 704081: 8.115890502929688
LOSS 704081: 8.213249206542969
LOSS 704081: 8.123640060424805
LOSS 704081: 8.05714225769043
LOSS 704081: 8.045470237731934
LOSS 704081: 7.997139930725098
LOSS 704081: 8.036052703857422
LOSS 704081: 8.023508071899414
LOSS 704081: 8.073932647705078
LOSS 704081: 8.051689147949219
LOSS 704081: 7.979805946350098
LOSS 704081: 7.962766647338867
LOSS 704081: 8.039934158325195
LOSS 704081: 7.985678195953369
LOSS 704081: 7.9491963386535645
LOSS 704081: 7.817147731781006
LOSS 704081: 7.955941200256348
LOSS 704081: 7.863502025604248
LOSS 704081: 7.856792449951172
LOSS 704081: 7.8763837814331055
LOSS 704081: 7.810977935791016
LOSS 704081: 7.843132019042969
LOSS 704081: 7.7934675216674805
LOSS 704081: 7.750513553619385
LOSS 704081: 7.800238609313965
LOSS 704081: 7.737053394317627
LOSS 704081: 7.700563907623291
LOSS 704081: 7.688902854919434
LOSS 704081: 7.705634117126465
LOSS 704081: 7.677267074584961
LOSS 704081: 7.678513050079346
LOSS 704081: 7.656680583953857
LOSS 704081: 7.709067344665527
LOSS 704081: 7.599638938903809
LOSS 704081: 7.559633255004883
LOSS 704081: 7.626010894775391
LOSS 704081: 7.570553779602051
LOSS 704081: 7.565116882324219
LOSS 704081: 7.437451362609863
LOSS 704081: 7.491326332092285
LOSS 704081: 7.532342910766602
LOSS 704081: 7.478214263916016
LOSS 704081: 7.4766387939453125
LOSS 704081: 7.443786144256592
LOSS 704081: 7.49104118347168
LOSS 704081: 7.503483772277832
LOSS 704081: 7.5094499588012695
LOSS 704081: 7.421405792236328
LOSS 704081: 7.441275596618652
LOSS 704081: 7.397941589355469
LOSS 704081: 7.351222038269043
LOSS 704081: 7.37570858001709
LOSS 704081: 7.382450103759766
LOSS 704081: 7.406152725219727
LOSS 704081: 7.310102462768555
LOSS 704081: 7.3622941970825195
LOSS 704081: 7.340567111968994
LOSS 704081: 7.311908721923828
LOSS 704081: 7.286012172698975
LOSS 704081: 7.264490127563477
LOSS 704081: 7.2966628074646
LOSS 704081: 7.274265289306641
LOSS 704081: 7.224045753479004
LOSS 704081: 7.228742599487305
LOSS 704081: 7.208452224731445
LOSS 704081: 7.225138187408447
LOSS 704081: 7.157227516174316
LOSS 704081: 7.255826950073242
LOSS 704081: 7.195972442626953
LOSS 704081: 7.1730570793151855
LOSS 704081: 7.104034423828125
LOSS 704081: 7.192575931549072
LOSS 704081: 7.143645286560059
LOSS 704081: 7.073453426361084
LOSS 704081: 7.085880279541016
LOSS 704081: 7.037213325500488
LOSS 704081: 7.101493835449219
LOSS 704081: 7.054131031036377
LOSS 704081: 7.073987007141113
LOSS 704081: 7.052981853485107
LOSS 704081: 7.020392417907715
LOSS 704081: 7.01169490814209
LOSS 704081: 7.019993782043457
LOSS 704081: 7.053831100463867
LOSS 704081: 6.96829891204834
LOSS 704081: 7.050596237182617
LOSS 704081: 6.917876243591309
LOSS 704081: 7.024857997894287
LOSS 704081: 6.943231582641602
LOSS 704081: 7.011399269104004
LOSS 704081: 6.941007614135742
LOSS 704081: 6.851727485656738
LOSS 704081: 6.931716442108154
LOSS 704081: 6.910672664642334
LOSS 704081: 6.881011009216309
LOSS 704081: 6.849360466003418
LOSS 704081: 6.828474521636963
LOSS 704081: 6.891737937927246
LOSS 704081: 6.827776908874512
LOSS 704081: 6.880686283111572
LOSS 704081: 6.845459938049316
LOSS 704081: 6.763882637023926
LOSS 704081: 6.894854545593262
LOSS 704081: 6.800382614135742
LOSS 704081: 6.792747497558594
LOSS 704081: 6.774264335632324
LOSS 704081: 6.8299455642700195
LOSS 704081: 6.779064655303955
LOSS 704081: 6.718359470367432
LOSS 704081: 6.75064754486084
LOSS 704081: 6.7468438148498535
LOSS 704081: 6.718379974365234
LOSS 704081: 6.677668571472168
LOSS 704081: 6.724367141723633
LOSS 704081: 6.706426620483398
LOSS 704081: 6.668076515197754
LOSS 704081: 6.66358757019043
LOSS 704081: 6.709782600402832
LOSS 704081: 6.696903228759766
LOSS 704081: 6.692111968994141
LOSS 704081: 6.658773899078369
LOSS 704081: 6.633594036102295
LOSS 704081: 6.674680709838867
LOSS 704081: 6.660355091094971
LOSS 704081: 6.5889482498168945
LOSS 704081: 6.636353492736816
LOSS 704081: 6.570932388305664
LOSS 704081: 6.576077938079834
LOSS 704081: 6.560567378997803
LOSS 704081: 6.544744968414307
LOSS 704081: 6.484820365905762
LOSS 704081: 6.6078996658325195
LOSS 704081: 6.606369972229004
LOSS 704081: 6.5726213455200195
LOSS 704081: 6.562359809875488
LOSS 704081: 6.600350379943848
LOSS 704081: 6.492542266845703
LOSS 704081: 6.501720428466797
LOSS 704081: 6.5007452964782715
LOSS 704081: 6.4996562004089355
LOSS 704081: 6.457929611206055
LOSS 704081: 6.505067348480225
LOSS 704081: 6.530794620513916
LOSS 704081: 6.498954772949219
LOSS 704081: 6.455347061157227
LOSS 704081: 6.414523124694824
LOSS 704081: 6.509051322937012
LOSS 704081: 6.458744049072266
LOSS 704081: 6.435567855834961
LOSS 704081: 6.438776969909668
LOSS 704081: 6.389369010925293
LOSS 704081: 6.392312049865723
LOSS 704081: 6.466094017028809
LOSS 704081: 6.392187595367432
LOSS 704081: 6.340514659881592
LOSS 704081: 6.392966270446777
LOSS 704081: 6.430482387542725
LOSS 704081: 6.4242844581604
LOSS 704081: 6.303020477294922
LOSS 704081: 6.422344207763672
LOSS 704081: 6.361757278442383
LOSS 704081: 6.448399543762207
LOSS 704081: 6.389801979064941
LOSS 704081: 6.388260841369629
LOSS 704081: 6.368472099304199
LOSS 704081: 6.335474491119385
LOSS 704081: 6.338161468505859
LOSS 704081: 6.251697540283203
LOSS 704081: 6.3529510498046875
LOSS 704081: 6.344662666320801
LOSS 704081: 6.29265022277832
LOSS 704081: 6.25545072555542
LOSS 704081: 6.297252178192139
LOSS 704081: 6.272922039031982
LOSS 704081: 6.261458396911621
LOSS 704081: 6.218315124511719
LOSS 704081: 6.2403106689453125
LOSS 704081: 6.271522045135498
LOSS 704081: 6.220211982727051
LOSS 704081: 6.231259822845459
LOSS 704081: 6.271084785461426
LOSS 704081: 6.243743419647217
LOSS 704081: 6.259322643280029
LOSS 704081: 6.2197465896606445
LOSS 704081: 6.206502914428711
LOSS 704081: 6.228667736053467
LOSS 704081: 6.1334075927734375
LOSS 704081: 6.217478275299072
LOSS 704081: 6.157807350158691
LOSS 704081: 6.208448886871338
LOSS 704081: 6.210099220275879
LOSS 704081: 6.158594131469727
LOSS 704081: 6.194054126739502
LOSS 704081: 6.1105804443359375
LOSS 704081: 6.150750160217285
LOSS 704081: 6.177621841430664
LOSS 704081: 6.1574387550354
LOSS 704081: 6.110222339630127
LOSS 704081: 6.145648956298828
LOSS 704081: 6.14975643157959
LOSS 704081: 6.125168800354004
LOSS 704081: 6.113732814788818
LOSS 704081: 6.112626075744629
LOSS 704081: 6.10086727142334
LOSS 704081: 6.0775604248046875
LOSS 704081: 6.124221324920654
LOSS 704081: 6.076678276062012
LOSS 704081: 6.094408988952637
LOSS 704081: 6.07039737701416
LOSS 704081: 6.096895217895508
LOSS 704081: 6.044190406799316
LOSS 704081: 6.083501815795898
LOSS 704081: 6.045368671417236
LOSS 704081: 6.0654778480529785
LOSS 704081: 5.98994255065918
LOSS 704081: 6.081009864807129
LOSS 704081: 6.033988952636719
LOSS 704081: 6.036974906921387
LOSS 704081: 6.018800735473633
LOSS 704081: 6.0121564865112305
LOSS 704081: 6.051094055175781
LOSS 704081: 6.06218147277832
LOSS 704081: 6.013829708099365
LOSS 704081: 6.004098892211914
LOSS 704081: 5.9801859855651855
LOSS 704081: 5.969719886779785
LOSS 704081: 6.016467094421387
LOSS 704081: 5.971719741821289
LOSS 704081: 5.993003845214844
LOSS 704081: 6.022137641906738
LOSS 704081: 5.971063613891602
LOSS 704081: 5.952964782714844
LOSS 704081: 5.947422504425049
LOSS 704081: 5.9744157791137695
LOSS 704081: 5.894915580749512
LOSS 704081: 5.972829818725586
LOSS 704081: 5.9334211349487305
LOSS 704081: 5.958536148071289
LOSS 704081: 5.901808738708496
LOSS 704081: 5.9273762702941895
LOSS 704081: 5.901500701904297
LOSS 704081: 5.8927459716796875
LOSS 704081: 5.908161163330078
LOSS 704081: 5.885515213012695
LOSS 704081: 5.9172515869140625
LOSS 704081: 5.949275016784668
LOSS 704081: 5.869417190551758
LOSS 704081: 5.8833088874816895
LOSS 704081: 5.977434158325195
LOSS 704081: 5.873780250549316
LOSS 704081: 5.859769821166992
LOSS 704081: 5.870820999145508
LOSS 704081: 5.863248348236084
LOSS 704081: 5.861212730407715
LOSS 704081: 5.8722052574157715
LOSS 704081: 5.864145278930664
LOSS 704081: 5.8678460121154785
LOSS 704081: 5.827903747558594
LOSS 704081: 5.896215915679932
LOSS 704081: 5.81650447845459
LOSS 704081: 5.856828689575195
LOSS 704081: 5.798152923583984
LOSS 704081: 5.847090721130371
LOSS 704081: 5.901882171630859
LOSS 704081: 5.840146064758301
LOSS 704081: 5.812829971313477
LOSS 704081: 5.856823921203613
LOSS 704081: 5.856542587280273
LOSS 704081: 5.7719316482543945
LOSS 704081: 5.840698719024658
LOSS 704081: 5.869533538818359
LOSS 704081: 5.7703857421875
LOSS 704081: 5.814479827880859
LOSS 704081: 5.804696559906006
LOSS 704081: 5.725286960601807
LOSS 704081: 5.763913154602051
LOSS 704081: 5.816462516784668
LOSS 704081: 5.77545166015625
LOSS 704081: 5.7510528564453125
LOSS 704081: 5.765380859375
LOSS 704081: 5.786710739135742
LOSS 704081: 5.731414794921875
LOSS 704081: 5.790124893188477
LOSS 704081: 5.7681450843811035
LOSS 704081: 5.829610824584961
LOSS 704081: 5.710597991943359
LOSS 704081: 5.7165327072143555
LOSS 704081: 5.714074611663818
LOSS 704081: 5.777582168579102
LOSS 704081: 5.701316833496094
LOSS 704081: 5.7249755859375
LOSS 704081: 5.7391357421875
LOSS 704081: 5.7064528465271
LOSS 704081: 5.713353157043457
LOSS 704081: 5.73668909072876
LOSS 704081: 5.795973300933838
LOSS 704081: 5.689364910125732
LOSS 704081: 5.739859580993652
LOSS 704081: 5.689151763916016
LOSS 704081: 5.697222709655762
LOSS 704081: 5.724600315093994
LOSS 704081: 5.6913652420043945
LOSS 704081: 5.696096420288086
LOSS 704081: 5.718687057495117
LOSS 704081: 5.743502616882324
LOSS 704081: 5.673933982849121
LOSS 704081: 5.718084335327148
LOSS 704081: 5.694658279418945
LOSS 704081: 5.662685871124268
LOSS 704081: 5.710909843444824
LOSS 704081: 5.6520304679870605
LOSS 704081: 5.638708114624023
LOSS 704081: 5.717428684234619
LOSS 704081: 5.601558685302734
LOSS 704081: 5.6703996658325195
LOSS 704081: 5.662109375
LOSS 704081: 5.658841609954834
LOSS 704081: 5.624717712402344
LOSS 704081: 5.663570880889893
LOSS 704081: 5.649661064147949
LOSS 704081: 5.6434125900268555
LOSS 704081: 5.577332019805908
LOSS 704081: 5.628269672393799
LOSS 704081: 5.673474311828613
LOSS 704081: 5.635410308837891
LOSS 704081: 5.609877586364746
LOSS 704081: 5.571460723876953
LOSS 704081: 5.583774566650391
LOSS 704081: 5.613672256469727
LOSS 704081: 5.613396644592285
LOSS 704081: 5.560380935668945
LOSS 704081: 5.574169158935547
LOSS 704081: 5.620145797729492
LOSS 704081: 5.582887172698975
LOSS 704081: 5.577373504638672
LOSS 704081: 5.541887283325195
LOSS 704081: 5.594484329223633
LOSS 704081: 5.583986282348633
LOSS 704081: 5.587144374847412
LOSS 704081: 5.54966926574707
LOSS 704081: 5.606843948364258
LOSS 704081: 5.559636116027832
LOSS 704081: 5.609837532043457
LOSS 704081: 5.574774742126465
LOSS 704081: 5.557264804840088
LOSS 704081: 5.567949295043945
LOSS 704081: 5.594305038452148
LOSS 704081: 5.550614833831787
LOSS 704081: 5.53172492980957
LOSS 704081: 5.545935153961182
LOSS 704081: 5.572019100189209
LOSS 704081: 5.612616539001465
LOSS 704081: 5.526406288146973
LOSS 704081: 5.501857757568359
LOSS 704081: 5.527853965759277
LOSS 704081: 5.5279669761657715
LOSS 704081: 5.5395827293396
LOSS 704081: 5.5536346435546875
LOSS 704081: 5.485931396484375
LOSS 704081: 5.512738227844238
LOSS 704081: 5.529111862182617
LOSS 704081: 5.576939582824707
LOSS 704081: 5.5083770751953125
LOSS 704081: 5.5445756912231445
LOSS 704081: 5.532464981079102
LOSS 704081: 5.514530181884766
LOSS 704081: 5.551455497741699
LOSS 704081: 5.514394283294678
LOSS 704081: 5.512718200683594
LOSS 704081: 5.550440788269043
LOSS 704081: 5.543880462646484
LOSS 704081: 5.484500408172607
LOSS 704081: 5.524184703826904
LOSS 704081: 5.479537010192871
LOSS 704081: 5.504673957824707
LOSS 704081: 5.484437465667725
LOSS 704081: 5.462978839874268
LOSS 704081: 5.472058296203613
LOSS 704081: 5.451861381530762
LOSS 704081: 5.46282434463501
LOSS 704081: 5.469958305358887
LOSS 704081: 5.474704742431641
LOSS 704081: 5.502793312072754
LOSS 704081: 5.420831680297852
LOSS 704081: 5.453823566436768
LOSS 704081: 5.437047004699707
LOSS 704081: 5.427280426025391
LOSS 704081: 5.430159568786621
LOSS 704081: 5.371670722961426
LOSS 704081: 5.452712059020996
LOSS 704081: 5.4427900314331055
LOSS 704081: 5.509030342102051
LOSS 704081: 5.444402694702148
LOSS 704081: 5.421046257019043
LOSS 704081: 5.444891929626465
LOSS 704081: 5.410745620727539
LOSS 704081: 5.409736633300781
LOSS 704081: 5.41254997253418
LOSS 704081: 5.452741622924805
LOSS 704081: 5.401457786560059
LOSS 704081: 5.4215192794799805
LOSS 704081: 5.391736030578613
LOSS 704081: 5.430191516876221
LOSS 704081: 5.448955535888672
LOSS 704081: 5.3992815017700195
LOSS 704081: 5.410648345947266
LOSS 704081: 5.398451328277588
LOSS 704081: 5.460090637207031
LOSS 704081: 5.440417289733887
LOSS 704081: 5.378138542175293
LOSS 704081: 5.404627323150635
LOSS 704081: 5.430762767791748
LOSS 704081: 5.410895347595215
LOSS 704081: 5.412106513977051
LOSS 704081: 5.4064788818359375
LOSS 704081: 5.400322437286377
LOSS 704081: 5.434880256652832
LOSS 704081: 5.3562211990356445
LOSS 704081: 5.344427108764648
LOSS 704081: 5.401103496551514
LOSS 704081: 5.3969926834106445
LOSS 704081: 5.411884307861328
LOSS 704081: 5.400241851806641
LOSS 704081: 5.354658126831055
LOSS 704081: 5.37971305847168
LOSS 704081: 5.413634300231934
LOSS 704081: 5.3922624588012695
LOSS 704081: 5.392039775848389
LOSS 704081: 5.349089622497559
LOSS 704081: 5.380904197692871
LOSS 704081: 5.38820219039917
LOSS 704081: 5.357054710388184
LOSS 704081: 5.399844169616699
LOSS 704081: 5.3561625480651855
LOSS 704081: 5.373851299285889
LOSS 704081: 5.381494522094727
LOSS 704081: 5.304086685180664
LOSS 704081: 5.329930305480957
LOSS 704081: 5.365666389465332
LOSS 704081: 5.33976411819458
LOSS 704081: 5.3423566818237305
LOSS 704081: 5.343392372131348
LOSS 704081: 5.353382110595703
LOSS 704081: 5.337429046630859
LOSS 704081: 5.353893280029297
LOSS 704081: 5.301556587219238
LOSS 704081: 5.3162431716918945
LOSS 704081: 5.303722858428955
LOSS 704081: 5.330922603607178
LOSS 704081: 5.294024467468262
LOSS 704081: 5.293456077575684
LOSS 704081: 5.325500965118408
LOSS 704081: 5.315629482269287
LOSS 704081: 5.3353471755981445
LOSS 704081: 5.335605144500732
LOSS 704081: 5.30802059173584
LOSS 704081: 5.308821678161621
LOSS 704081: 5.3147478103637695
LOSS 704081: 5.298804759979248
LOSS 704081: 5.297579288482666
LOSS 704081: 5.300108432769775
LOSS 704081: 5.252257347106934
LOSS 704081: 5.273706436157227
LOSS 704081: 5.290322780609131
LOSS 704081: 5.299932479858398
LOSS 704081: 5.283223628997803
LOSS 704081: 5.338448524475098
LOSS 704081: 5.2859601974487305
LOSS 704081: 5.298983097076416
LOSS 704081: 5.2736496925354
LOSS 704081: 5.295485496520996
LOSS 704081: 5.295566558837891
LOSS 704081: 5.262240409851074
LOSS 704081: 5.260759353637695
LOSS 704081: 5.270663738250732
LOSS 704081: 5.330039024353027
LOSS 704081: 5.271727561950684
LOSS 704081: 5.261039733886719
LOSS 704081: 5.289949417114258
LOSS 704081: 5.284438133239746
LOSS 704081: 5.259858131408691
LOSS 704081: 5.241696357727051
LOSS 704081: 5.260698318481445
LOSS 704081: 5.3055419921875
LOSS 704081: 5.213796615600586
LOSS 704081: 5.22452449798584
LOSS 704081: 5.248628616333008
LOSS 704081: 5.299260139465332
LOSS 704081: 5.227739334106445
LOSS 704081: 5.2245283126831055
LOSS 704081: 5.244988441467285
LOSS 704081: 5.212535858154297
LOSS 704081: 5.260520935058594
LOSS 704081: 5.252480506896973
LOSS 704081: 5.24484920501709
LOSS 704081: 5.244405746459961
LOSS 704081: 5.21962833404541
LOSS 704081: 5.246894359588623
LOSS 704081: 5.193501949310303
LOSS 704081: 5.2561845779418945
LOSS 704081: 5.235836982727051
LOSS 704081: 5.2197675704956055
LOSS 704081: 5.285601615905762
LOSS 704081: 5.190706253051758
LOSS 704081: 5.197734355926514
LOSS 704081: 5.170541763305664
LOSS 704081: 5.203411102294922
LOSS 704081: 5.2255096435546875
LOSS 704081: 5.226503372192383
LOSS 704081: 5.21825647354126
LOSS 704081: 5.193772315979004
LOSS 704081: 5.178899765014648
LOSS 704081: 5.2156219482421875
LOSS 704081: 5.20766544342041
LOSS 704081: 5.179492473602295
LOSS 704081: 5.182787895202637
LOSS 704081: 5.22602653503418
LOSS 704081: 5.253325939178467
LOSS 704081: 5.192948341369629
LOSS 704081: 5.24185848236084
LOSS 704081: 5.176992416381836
LOSS 704081: 5.211240291595459
LOSS 704081: 5.191581726074219
LOSS 704081: 5.208474159240723
LOSS 704081: 5.200123310089111
LOSS 704081: 5.197994232177734
LOSS 704081: 5.174385070800781
LOSS 704081: 5.203239440917969
LOSS 704081: 5.1758904457092285
LOSS 704081: 5.163329601287842
LOSS 704081: 5.217249870300293
LOSS 704081: 5.177141189575195
LOSS 704081: 5.135666847229004
LOSS 704081: 5.15023136138916
LOSS 704081: 5.210620880126953
LOSS 704081: 5.1620259284973145
LOSS 704081: 5.138638496398926
LOSS 704081: 5.243443489074707
LOSS 704081: 5.151358604431152
LOSS 704081: 5.152131080627441
LOSS 704081: 5.177075386047363
LOSS 704081: 5.205432891845703
LOSS 704081: 5.151100158691406
LOSS 704081: 5.164919853210449
LOSS 704081: 5.138180732727051
LOSS 704081: 5.166771411895752
LOSS 704081: 5.137017250061035
LOSS 704081: 5.170907974243164
LOSS 704081: 5.14304256439209
LOSS 704081: 5.149664402008057
LOSS 704081: 5.154722213745117
LOSS 704081: 5.139285087585449
LOSS 704081: 5.1678009033203125
LOSS 704081: 5.153303146362305
LOSS 704081: 5.1385087966918945
LOSS 704081: 5.133257865905762
LOSS 704081: 5.127103805541992
LOSS 704081: 5.1446027755737305
LOSS 704081: 5.116517066955566
LOSS 704081: 5.09141731262207
LOSS 704081: 5.168769359588623
LOSS 704081: 5.1665496826171875
LOSS 704081: 5.128380298614502
LOSS 704081: 5.100850582122803
LOSS 704081: 5.134529113769531
LOSS 704081: 5.191758632659912
LOSS 704081: 5.147014617919922
LOSS 704081: 5.139177322387695
LOSS 704081: 5.109360218048096
LOSS 704081: 5.153861999511719
LOSS 704081: 5.111309051513672
LOSS 704081: 5.111736297607422
LOSS 704081: 5.1130523681640625
LOSS 704081: 5.104095458984375
LOSS 704081: 5.116997241973877
LOSS 704081: 5.080521106719971
LOSS 704081: 5.1248321533203125
LOSS 704081: 5.175223350524902
LOSS 704081: 5.106784820556641
LOSS 704081: 5.104114532470703
LOSS 704081: 5.091589450836182
LOSS 704081: 5.120784759521484
LOSS 704081: 5.118684768676758
LOSS 704081: 5.138556480407715
LOSS 704081: 5.10313606262207
LOSS 704081: 5.077634811401367
LOSS 704081: 5.121766567230225
LOSS 704081: 5.118321895599365
LOSS 704081: 5.082952976226807
LOSS 704081: 5.108920097351074
LOSS 704081: 5.057328224182129
LOSS 704081: 5.089173793792725
LOSS 704081: 5.09913444519043
LOSS 704081: 5.076861381530762
LOSS 704081: 5.095209121704102
LOSS 704081: 5.043943405151367
LOSS 704081: 5.023862838745117
LOSS 704081: 5.057621479034424
LOSS 704081: 5.082143783569336
LOSS 704081: 5.071856498718262
LOSS 704081: 5.050858497619629
LOSS 704081: 5.130535125732422
LOSS 704081: 5.040918350219727
LOSS 704081: 5.094756126403809
LOSS 704081: 5.054516792297363
LOSS 704081: 5.075007438659668
LOSS 704081: 5.121603012084961
LOSS 704081: 4.998030662536621
LOSS 704081: 5.064809322357178
LOSS 704081: 5.10573673248291
LOSS 704081: 5.1080827713012695
LOSS 704081: 5.071924209594727
LOSS 704081: 5.0971999168396
LOSS 704081: 5.106072425842285
LOSS 704081: 5.080592155456543
LOSS 704081: 5.105719089508057
LOSS 704081: 5.079070091247559
LOSS 704081: 5.016633987426758
LOSS 704081: 5.094659805297852
LOSS 704081: 5.06697940826416
LOSS 704081: 5.008984565734863
LOSS 704081: 5.053481578826904
LOSS 704081: 5.082757949829102
LOSS 704081: 5.051424980163574
LOSS 704081: 5.0120158195495605
LOSS 704081: 5.090113639831543
LOSS 704081: 5.036306858062744
LOSS 704081: 5.0951924324035645
LOSS 704081: 4.998239517211914
LOSS 704081: 4.988339424133301
LOSS 704081: 5.029727935791016
LOSS 704081: 5.054193019866943
LOSS 704081: 5.044901371002197
LOSS 704081: 5.0390119552612305
LOSS 704081: 5.040178298950195
LOSS 704081: 5.003246307373047
LOSS 704081: 5.028834342956543
LOSS 704081: 5.037503242492676
LOSS 704081: 5.049670219421387
LOSS 704081: 5.0124616622924805
LOSS 704081: 5.008556842803955
LOSS 704081: 4.990189552307129
LOSS 704081: 5.063416481018066
LOSS 704081: 5.010135650634766
LOSS 704081: 5.014113903045654
LOSS 704081: 5.031950950622559
LOSS 704081: 4.993117332458496
LOSS 704081: 4.9578070640563965
LOSS 704081: 5.01016092300415
LOSS 704081: 4.999861717224121
LOSS 704081: 5.016304016113281
LOSS 704081: 5.0208516120910645
LOSS 704081: 4.978947162628174
LOSS 704081: 5.01032829284668
LOSS 704081: 5.028742790222168
LOSS 704081: 5.0037970542907715
LOSS 704081: 4.921566009521484
LOSS 704081: 5.037339210510254
LOSS 704081: 4.977505207061768
LOSS 704081: 5.00330924987793
LOSS 704081: 4.967401027679443
LOSS 704081: 4.950108051300049
LOSS 704081: 5.0038299560546875
LOSS 704081: 5.045009136199951
LOSS 704081: 5.011415481567383
LOSS 704081: 5.007203102111816
LOSS 704081: 5.047163963317871
LOSS 704081: 5.046085357666016
LOSS 704081: 5.001955032348633
LOSS 704081: 5.026442050933838
LOSS 704081: 4.956485748291016
LOSS 704081: 4.96875
LOSS 704081: 4.972157001495361
LOSS 704081: 4.983807563781738
LOSS 704081: 4.902234077453613
LOSS 704081: 4.962929725646973
LOSS 704081: 4.983736991882324
LOSS 704081: 4.971057891845703
LOSS 704081: 5.010582447052002
LOSS 704081: 4.972804546356201
LOSS 704081: 4.9716997146606445
LOSS 704081: 4.95196008682251
LOSS 704081: 4.9670867919921875
LOSS 704081: 4.990684509277344
LOSS 704081: 4.979035377502441
LOSS 704081: 4.982183456420898
LOSS 704081: 5.002103805541992
LOSS 704081: 4.9838762283325195
LOSS 704081: 4.993413925170898
LOSS 704081: 5.003414154052734
LOSS 704081: 4.957241058349609
LOSS 704081: 4.924933433532715
LOSS 704081: 4.935877799987793
LOSS 704081: 4.930150985717773
LOSS 704081: 4.962820053100586
LOSS 704081: 4.980269432067871
LOSS 704081: 4.940748691558838
LOSS 704081: 4.906486511230469
LOSS 704081: 4.965994834899902
LOSS 704081: 4.988848686218262
LOSS 704081: 4.935762405395508
LOSS 704081: 4.968072414398193
LOSS 704081: 4.935965538024902
LOSS 704081: 4.967009544372559
LOSS 704081: 4.9503583908081055
LOSS 704081: 4.934867858886719
LOSS 704081: 4.964290618896484
LOSS 704081: 4.952167510986328
LOSS 704081: 4.982696533203125
LOSS 704081: 4.943528175354004
LOSS 704081: 4.951512813568115
LOSS 704081: 4.916512489318848
LOSS 704081: 4.983829498291016
LOSS 704081: 4.923589706420898
LOSS 704081: 4.9350786209106445
LOSS 704081: 4.917596817016602
LOSS 704081: 4.9571733474731445
LOSS 704081: 5.00156307220459
LOSS 704081: 4.929477214813232
LOSS 704081: 4.932724952697754
LOSS 704081: 4.877948760986328
LOSS 704081: 4.93665885925293
LOSS 704081: 4.939228534698486
LOSS 704081: 4.906508445739746
LOSS 704081: 4.905801296234131
LOSS 704081: 4.953612804412842
LOSS 704081: 4.911994934082031
LOSS 704081: 4.925806999206543
LOSS 704081: 4.869124889373779
LOSS 704081: 4.936079025268555
LOSS 704081: 4.930834770202637
LOSS 704081: 4.923189640045166
LOSS 704081: 4.9280219078063965
LOSS 704081: 4.966209888458252
LOSS 704081: 4.920889854431152
LOSS 704081: 4.896544933319092
LOSS 704081: 4.874624252319336
LOSS 704081: 4.850953102111816
LOSS 704081: 4.890865325927734
LOSS 704081: 4.89240837097168
LOSS 704081: 4.937948226928711
LOSS 704081: 4.916997909545898
LOSS 704081: 4.891894340515137
LOSS 704081: 4.832270622253418
LOSS 704081: 4.902015209197998
LOSS 704081: 4.885069847106934
LOSS 704081: 4.90572452545166
LOSS 704081: 4.932882308959961
LOSS 704081: 4.900932312011719
LOSS 704081: 4.871631622314453
LOSS 704081: 4.914280414581299
LOSS 704081: 4.9381608963012695
LOSS 704081: 4.891546726226807
LOSS 704081: 4.883840560913086
LOSS 704081: 4.893295764923096
LOSS 704081: 4.9163360595703125
LOSS 704081: 4.912755012512207
LOSS 704081: 4.907132148742676
LOSS 704081: 4.877081871032715
LOSS 704081: 4.878815650939941
LOSS 704081: 4.86286735534668
LOSS 704081: 4.894241809844971
LOSS 704081: 4.843916893005371
LOSS 704081: 4.901321887969971
LOSS 704081: 4.899267196655273
LOSS 704081: 4.853659629821777
LOSS 704081: 4.900054931640625
LOSS 704081: 4.815624237060547
LOSS 704081: 4.839157581329346
LOSS 704081: 4.909794807434082
LOSS 704081: 4.832061767578125
LOSS 704081: 4.877529621124268
LOSS 704081: 4.911795616149902
LOSS 704081: 4.888731956481934
LOSS 704081: 4.902785778045654
LOSS 704081: 4.935993194580078
LOSS 704081: 4.863329887390137
LOSS 704081: 4.89591121673584
LOSS 704081: 4.888257026672363
LOSS 704081: 4.873268127441406
LOSS 704081: 4.880817413330078
LOSS 704081: 4.887154579162598
LOSS 704081: 4.844620704650879
LOSS 704081: 4.83350133895874
LOSS 704081: 4.842987060546875
LOSS 704081: 4.872323036193848
LOSS 704081: 4.917742729187012
LOSS 704081: 4.849157810211182
LOSS 704081: 4.869433403015137
LOSS 704081: 4.833920478820801
LOSS 704081: 4.858454704284668
LOSS 704081: 4.88087272644043
LOSS 704081: 4.820732116699219
LOSS 704081: 4.845727920532227
LOSS 704081: 4.83205509185791
LOSS 704081: 4.8375349044799805
LOSS 704081: 4.874473571777344
LOSS 704081: 4.876411437988281
LOSS 704081: 4.862053871154785
LOSS 704081: 4.887823104858398
LOSS 704081: 4.829315185546875
LOSS 704081: 4.83806037902832
LOSS 704081: 4.851850509643555
LOSS 704081: 4.849077224731445
LOSS 704081: 4.839573860168457
LOSS 704081: 4.825887680053711
LOSS 704081: 4.856709957122803
LOSS 704081: 4.864375114440918
LOSS 704081: 4.81129264831543
LOSS 704081: 4.876291751861572
LOSS 704081: 4.825072288513184
LOSS 704081: 4.852085113525391
LOSS 704081: 4.865018367767334
LOSS 704081: 4.839982986450195
LOSS 704081: 4.861145973205566
LOSS 704081: 4.857451438903809
LOSS 704081: 4.84906005859375
LOSS 704081: 4.80679178237915
LOSS 704081: 4.8538618087768555
LOSS 704081: 4.840408802032471
LOSS 704081: 4.783644199371338
LOSS 704081: 4.821681499481201
LOSS 704081: 4.8514204025268555
LOSS 704081: 4.828839302062988
LOSS 704081: 4.8736572265625
LOSS 704081: 4.882110118865967
LOSS 704081: 4.8459906578063965
LOSS 704081: 4.811678886413574
LOSS 704081: 4.774971961975098
LOSS 704081: 4.864811897277832
LOSS 704081: 4.849566459655762
LOSS 704081: 4.818155765533447
LOSS 704081: 4.868607521057129
LOSS 704081: 4.846146583557129
LOSS 704081: 4.860325813293457
LOSS 704081: 4.84699821472168
LOSS 704081: 4.824771881103516
LOSS 704081: 4.83907413482666
LOSS 704081: 4.836897850036621
LOSS 704081: 4.7924017906188965
LOSS 704081: 4.814788818359375
LOSS 704081: 4.797841548919678
LOSS 704081: 4.844818592071533
LOSS 704081: 4.804497718811035
LOSS 704081: 4.848043441772461
LOSS 704081: 4.798101425170898
LOSS 704081: 4.817139625549316
LOSS 704081: 4.756770610809326
LOSS 704081: 4.790060997009277
LOSS 704081: 4.839444160461426
LOSS 704081: 4.816309452056885
LOSS 704081: 4.811333656311035
LOSS 704081: 4.766634941101074
LOSS 704081: 4.856353759765625
LOSS 704081: 4.803313255310059
LOSS 704081: 4.817044258117676
LOSS 704081: 4.799233436584473
LOSS 704081: 4.811993598937988
LOSS 704081: 4.838970184326172
LOSS 704081: 4.790337562561035
LOSS 704081: 4.7924652099609375
LOSS 704081: 4.832311630249023
LOSS 704081: 4.808403968811035
LOSS 704081: 4.7853498458862305
LOSS 704081: 4.8378705978393555
LOSS 704081: 4.804875373840332
LOSS 704081: 4.7837700843811035
LOSS 704081: 4.734177112579346
LOSS 704081: 4.765293121337891
LOSS 704081: 4.77207088470459
LOSS 704081: 4.759105205535889
LOSS 704081: 4.810321807861328
LOSS 704081: 4.785599231719971
LOSS 704081: 4.7517409324646
LOSS 704081: 4.800676345825195
LOSS 704081: 4.808142185211182
LOSS 704081: 4.78145694732666
LOSS 704081: 4.830526351928711
LOSS 704081: 4.755884170532227
LOSS 704081: 4.753536701202393
LOSS 704081: 4.7193498611450195
LOSS 704081: 4.756237506866455
LOSS 704081: 4.820051193237305
LOSS 704081: 4.811740875244141
LOSS 704081: 4.810610771179199
LOSS 704081: 4.743683815002441
LOSS 704081: 4.764976501464844
LOSS 704081: 4.811847686767578
LOSS 704081: 4.77398681640625
LOSS 704081: 4.797949314117432
LOSS 704081: 4.8040876388549805
LOSS 704081: 4.815340995788574
LOSS 704081: 4.784751892089844
LOSS 704081: 4.781436920166016
LOSS 704081: 4.763186454772949
LOSS 704081: 4.763277053833008
LOSS 704081: 4.750504493713379
LOSS 704081: 4.784094333648682
LOSS 704081: 4.779139518737793
LOSS 704081: 4.772294521331787
LOSS 704081: 4.743786811828613
LOSS 704081: 4.844107627868652
LOSS 704081: 4.752564430236816
LOSS 704081: 4.775629043579102
LOSS 704081: 4.752964973449707
LOSS 704081: 4.759608268737793
LOSS 704081: 4.77388858795166
LOSS 704081: 4.70905876159668
LOSS 704081: 4.742600440979004
LOSS 704081: 4.7422308921813965
LOSS 704081: 4.732033729553223
LOSS 704081: 4.748462677001953
LOSS 704081: 4.7787933349609375
LOSS 704081: 4.794338703155518
LOSS 704081: 4.767843723297119
LOSS 704081: 4.749085426330566
LOSS 704081: 4.755034446716309
LOSS 704081: 4.75260066986084
LOSS 704081: 4.792044639587402
LOSS 704081: 4.802133560180664
LOSS 704081: 4.71378231048584
LOSS 704081: 4.772474765777588
LOSS 704081: 4.717385292053223
LOSS 704081: 4.709353923797607
LOSS 704081: 4.769089221954346
LOSS 704081: 4.753793239593506
LOSS 704081: 4.754887580871582
LOSS 704081: 4.756906509399414
LOSS 704081: 4.745584487915039
LOSS 704081: 4.749557018280029
LOSS 704081: 4.720859527587891
LOSS 704081: 4.756754398345947
LOSS 704081: 4.736189842224121
LOSS 704081: 4.770162105560303
LOSS 704081: 4.759819030761719
LOSS 704081: 4.710745811462402
LOSS 704081: 4.738574981689453
LOSS 704081: 4.682228088378906
LOSS 704081: 4.738677024841309
LOSS 704081: 4.722471714019775
LOSS 704081: 4.737837791442871
LOSS 704081: 4.773170471191406
LOSS 704081: 4.747866630554199
LOSS 704081: 4.754924774169922
LOSS 704081: 4.745754718780518
LOSS 704081: 4.738048553466797
LOSS 704081: 4.719818592071533
LOSS 704081: 4.721579551696777
LOSS 704081: 4.781754493713379
LOSS 704081: 4.694730758666992
LOSS 704081: 4.7478251457214355
LOSS 704081: 4.737448692321777
LOSS 704081: 4.742134094238281
LOSS 704081: 4.748866081237793
LOSS 704081: 4.717263221740723
LOSS 704081: 4.684998989105225
LOSS 704081: 4.793859481811523
LOSS 704081: 4.7216267585754395
LOSS 704081: 4.6891303062438965
LOSS 704081: 4.742302894592285
LOSS 704081: 4.757582664489746
LOSS 704081: 4.764265060424805
LOSS 704081: 4.713410377502441
LOSS 704081: 4.714754104614258
LOSS 704081: 4.699923992156982
LOSS 704081: 4.6657514572143555
LOSS 704081: 4.728116989135742
LOSS 704081: 4.733614921569824
LOSS 704081: 4.706602096557617
LOSS 704081: 4.68385124206543
LOSS 704081: 4.717511177062988
LOSS 704081: 4.717844009399414
LOSS 704081: 4.720539093017578
LOSS 704081: 4.747175216674805
LOSS 704081: 4.719751358032227
LOSS 704081: 4.746574401855469
LOSS 704081: 4.682549476623535
LOSS 704081: 4.745598316192627
LOSS 704081: 4.6899518966674805
LOSS 704081: 4.686502456665039
LOSS 704081: 4.724426746368408
LOSS 704081: 4.681591987609863
LOSS 704081: 4.642832279205322
LOSS 704081: 4.707935810089111
LOSS 704081: 4.738743782043457
LOSS 704081: 4.6958160400390625
LOSS 704081: 4.673340797424316
LOSS 704081: 4.708253860473633
LOSS 704081: 4.673060894012451
LOSS 704081: 4.704125881195068
LOSS 704081: 4.684545516967773
LOSS 704081: 4.729808807373047
LOSS 704081: 4.732558250427246
LOSS 704081: 4.731418609619141
LOSS 704081: 4.676450252532959
LOSS 704081: 4.655633926391602
LOSS 704081: 4.680418968200684
LOSS 704081: 4.679798126220703
LOSS 704081: 4.665198802947998
LOSS 704081: 4.651301383972168
LOSS 704081: 4.738892555236816
LOSS 704081: 4.670622825622559
LOSS 704081: 4.685054779052734
LOSS 704081: 4.680484771728516
LOSS 704081: 4.675820350646973
LOSS 704081: 4.684191703796387
LOSS 704081: 4.66384220123291
LOSS 704081: 4.719934463500977
LOSS 704081: 4.6559906005859375
LOSS 704081: 4.706050872802734
LOSS 704081: 4.68092679977417
LOSS 704081: 4.681794166564941
LOSS 704081: 4.692687511444092
LOSS 704081: 4.676420211791992
LOSS 704081: 4.714715957641602
LOSS 704081: 4.675479412078857
LOSS 704081: 4.701348304748535
LOSS 704081: 4.639812469482422
LOSS 704081: 4.658256530761719
LOSS 704081: 4.633124351501465
LOSS 704081: 4.6532392501831055
LOSS 704081: 4.678594589233398
LOSS 704081: 4.659708499908447
LOSS 704081: 4.650914669036865
LOSS 704081: 4.648111343383789
LOSS 704081: 4.668895721435547
LOSS 704081: 4.6790242195129395
LOSS 704081: 4.709770202636719
LOSS 704081: 4.652346611022949
LOSS 704081: 4.668287754058838
LOSS 704081: 4.620458602905273
LOSS 704081: 4.674332618713379
LOSS 704081: 4.686550140380859
LOSS 704081: 4.657565116882324
LOSS 704081: 4.659915447235107
LOSS 704081: 4.664734840393066
LOSS 704081: 4.663653373718262
LOSS 704081: 4.6289520263671875
LOSS 704081: 4.63308572769165
LOSS 704081: 4.639230728149414
LOSS 704081: 4.667123794555664
LOSS 704081: 4.683416366577148
LOSS 704081: 4.652609825134277
LOSS 704081: 4.70520544052124
LOSS 704081: 4.6586456298828125
LOSS 704081: 4.6969499588012695
LOSS 704081: 4.712625503540039
LOSS 704081: 4.670114517211914
LOSS 704081: 4.649926662445068
LOSS 704081: 4.651057243347168
LOSS 704081: 4.67294454574585
LOSS 704081: 4.6319684982299805
LOSS 704081: 4.6444292068481445
LOSS 704081: 4.645691871643066
LOSS 704081: 4.655485153198242
LOSS 704081: 4.628422737121582
LOSS 704081: 4.62645959854126
LOSS 704081: 4.607610702514648
LOSS 704081: 4.641139984130859
LOSS 704081: 4.6518120765686035
LOSS 704081: 4.642931938171387
LOSS 704081: 4.653664588928223
LOSS 704081: 4.660632133483887
LOSS 704081: 4.641028881072998
LOSS 704081: 4.6251349449157715
LOSS 704081: 4.605905055999756
LOSS 704081: 4.669842720031738
LOSS 704081: 4.630346298217773
LOSS 704081: 4.685301303863525
LOSS 704081: 4.655735969543457
LOSS 704081: 4.65986442565918
LOSS 704081: 4.6726484298706055
LOSS 704081: 4.63344144821167
LOSS 704081: 4.597733020782471
LOSS 704081: 4.6779985427856445
LOSS 704081: 4.653581619262695
LOSS 704081: 4.644063949584961
LOSS 704081: 4.661405563354492
LOSS 704081: 4.653839588165283
LOSS 704081: 4.660621643066406
LOSS 704081: 4.628816604614258
LOSS 704081: 4.638157844543457
LOSS 704081: 4.601682662963867
LOSS 704081: 4.68058967590332
LOSS 704081: 4.669307708740234
LOSS 704081: 4.638789176940918
LOSS 704081: 4.683496475219727
LOSS 704081: 4.626473426818848
LOSS 704081: 4.670083045959473
LOSS 704081: 4.603755950927734
LOSS 704081: 4.648096561431885
LOSS 704081: 4.61310338973999
LOSS 704081: 4.617938041687012
LOSS 704081: 4.641651630401611
LOSS 704081: 4.641294479370117
LOSS 704081: 4.592540740966797
LOSS 704081: 4.657210350036621
LOSS 704081: 4.614473342895508
LOSS 704081: 4.618067741394043
LOSS 704081: 4.656638145446777
LOSS 704081: 4.614635944366455
LOSS 704081: 4.57073974609375
LOSS 704081: 4.637683391571045
LOSS 704081: 4.6188225746154785
LOSS 704081: 4.635125160217285
LOSS 704081: 4.639132499694824
LOSS 704081: 4.628027439117432
LOSS 704081: 4.615347862243652
LOSS 704081: 4.624922752380371
LOSS 704081: 4.612551689147949
LOSS 704081: 4.640557289123535
LOSS 704081: 4.611179351806641
LOSS 704081: 4.608428478240967
LOSS 704081: 4.652748107910156
LOSS 704081: 4.632338523864746
LOSS 704081: 4.593960762023926
LOSS 704081: 4.602190017700195
LOSS 704081: 4.628166675567627
LOSS 704081: 4.653568267822266
LOSS 704081: 4.58846378326416
LOSS 704081: 4.597904205322266
LOSS 704081: 4.645810127258301
LOSS 704081: 4.647183418273926
LOSS 704081: 4.560257434844971
LOSS 704081: 4.597403526306152
LOSS 704081: 4.6290411949157715
LOSS 704081: 4.592992782592773
LOSS 704081: 4.63545036315918
LOSS 704081: 4.598889350891113
LOSS 704081: 4.643711090087891
LOSS 704081: 4.626694679260254
LOSS 704081: 4.652467727661133
LOSS 704081: 4.624126434326172
LOSS 704081: 4.596892356872559
LOSS 704081: 4.613348007202148
LOSS 704081: 4.573175430297852
LOSS 704081: 4.5886640548706055
LOSS 704081: 4.56344747543335
LOSS 704081: 4.601663112640381
LOSS 704081: 4.5717034339904785
LOSS 704081: 4.587947845458984
LOSS 704081: 4.571320533752441
LOSS 704081: 4.60406494140625
LOSS 704081: 4.628600120544434
LOSS 704081: 4.587985992431641
LOSS 704081: 4.609262943267822
LOSS 704081: 4.556867599487305
LOSS 704081: 4.606456279754639
LOSS 704081: 4.598721981048584
LOSS 704081: 4.585805892944336
LOSS 704081: 4.608476161956787
LOSS 704081: 4.559311389923096
LOSS 704081: 4.565993309020996
LOSS 704081: 4.60414981842041
LOSS 704081: 4.582505226135254
LOSS 704081: 4.610882759094238
LOSS 704081: 4.593330383300781
LOSS 704081: 4.587307453155518
LOSS 704081: 4.555228233337402
LOSS 704081: 4.582927703857422
LOSS 704081: 4.607683181762695
LOSS 704081: 4.616593360900879
LOSS 704081: 4.625601768493652
LOSS 704081: 4.5926833152771
LOSS 704081: 4.5672454833984375
LOSS 704081: 4.5534868240356445
LOSS 704081: 4.5502214431762695
LOSS 704081: 4.581496238708496
LOSS 704081: 4.566702365875244
LOSS 704081: 4.557060718536377
LOSS 704081: 4.539900779724121
LOSS 704081: 4.596785545349121
LOSS 704081: 4.555819034576416
LOSS 704081: 4.574332237243652
LOSS 704081: 4.628289222717285
LOSS 704081: 4.586745262145996
LOSS 704081: 4.563140392303467
LOSS 704081: 4.6221089363098145
LOSS 704081: 4.552574157714844
LOSS 704081: 4.562094688415527
LOSS 704081: 4.580784797668457
LOSS 704081: 4.583379745483398
LOSS 704081: 4.5606889724731445
LOSS 704081: 4.574834823608398
LOSS 704081: 4.5726213455200195
LOSS 704081: 4.554598808288574
LOSS 704081: 4.584136009216309
LOSS 704081: 4.579283714294434
LOSS 704081: 4.556396961212158
LOSS 704081: 4.561132431030273
LOSS 704081: 4.587913513183594
LOSS 704081: 4.56630802154541
LOSS 704081: 4.588374137878418
LOSS 704081: 4.56573486328125
LOSS 704081: 4.591464996337891
LOSS 704081: 4.524241924285889
LOSS 704081: 4.597340106964111
LOSS 704081: 4.5561723709106445
LOSS 704081: 4.551645278930664
LOSS 704081: 4.608746528625488
LOSS 704081: 4.541293144226074
LOSS 704081: 4.609346389770508
LOSS 704081: 4.602663040161133
LOSS 704081: 4.533041954040527
LOSS 704081: 4.528202056884766
LOSS 704081: 4.537029266357422
LOSS 704081: 4.576820373535156
LOSS 704081: 4.592628479003906
LOSS 704081: 4.545690536499023
LOSS 704081: 4.58065938949585
LOSS 704081: 4.610445976257324
LOSS 704081: 4.561556339263916
LOSS 704081: 4.5702691078186035
LOSS 704081: 4.523011207580566
LOSS 704081: 4.574167728424072
LOSS 704081: 4.571268081665039
LOSS 704081: 4.553097724914551
LOSS 704081: 4.549016952514648
LOSS 704081: 4.546245574951172
LOSS 704081: 4.53909158706665
LOSS 704081: 4.55340576171875
LOSS 704081: 4.615874767303467
LOSS 704081: 4.567119121551514
LOSS 704081: 4.536767959594727
LOSS 704081: 4.596708297729492
LOSS 704081: 4.567936897277832
LOSS 704081: 4.606253623962402
LOSS 704081: 4.594809532165527
LOSS 704081: 4.569265842437744
LOSS 704081: 4.551424980163574
LOSS 704081: 4.53855562210083
LOSS 704081: 4.511844635009766
LOSS 704081: 4.5059661865234375
LOSS 704081: 4.521155834197998
LOSS 704081: 4.5409345626831055
LOSS 704081: 4.551182746887207
LOSS 704081: 4.523627281188965
LOSS 704081: 4.548712730407715
LOSS 704081: 4.548731803894043
LOSS 704081: 4.5598344802856445
LOSS 704081: 4.550027847290039
LOSS 704081: 4.589878082275391
LOSS 704081: 4.535378456115723
LOSS 704081: 4.5320143699646
LOSS 704081: 4.531861782073975
LOSS 704081: 4.527770042419434
LOSS 704081: 4.550882339477539
LOSS 704081: 4.510952949523926
LOSS 704081: 4.505664825439453
LOSS 704081: 4.537207126617432
LOSS 704081: 4.526715278625488
LOSS 704081: 4.478525161743164
LOSS 704081: 4.488102912902832
LOSS 704081: 4.555386543273926
LOSS 704081: 4.580188751220703
LOSS 704081: 4.50260591506958
LOSS 704081: 4.532710075378418
LOSS 704081: 4.498297691345215
LOSS 704081: 4.523494720458984
LOSS 704081: 4.569429397583008
LOSS 704081: 4.544915676116943
LOSS 704081: 4.5473504066467285
LOSS 704081: 4.523473739624023
LOSS 704081: 4.563110828399658
LOSS 704081: 4.490030288696289
LOSS 704081: 4.568382740020752
LOSS 704081: 4.518363952636719
LOSS 704081: 4.482314109802246
LOSS 704081: 4.544466018676758
LOSS 704081: 4.555529594421387
LOSS 704081: 4.560474395751953
LOSS 704081: 4.509209632873535
LOSS 704081: 4.486971378326416
LOSS 704081: 4.496262550354004
LOSS 704081: 4.523983955383301
LOSS 704081: 4.5202860832214355
LOSS 704081: 4.527474880218506
LOSS 704081: 4.538811683654785
LOSS 704081: 4.495921611785889
LOSS 704081: 4.530515193939209
LOSS 704081: 4.541347980499268
LOSS 704081: 4.543028831481934
LOSS 704081: 4.500977516174316
LOSS 704081: 4.495244979858398
LOSS 704081: 4.588102340698242
LOSS 704081: 4.4876298904418945
LOSS 704081: 4.497714519500732
LOSS 704081: 4.525422096252441
LOSS 704081: 4.479485511779785
LOSS 704081: 4.548999786376953
LOSS 704081: 4.487368583679199
LOSS 704081: 4.542817115783691
LOSS 704081: 4.476401329040527
LOSS 704081: 4.475101470947266
LOSS 704081: 4.514860153198242
LOSS 704081: 4.5087151527404785
LOSS 704081: 4.515079498291016
LOSS 704081: 4.464215278625488
LOSS 704081: 4.5025177001953125
LOSS 704081: 4.49465799331665
LOSS 704081: 4.546982765197754
LOSS 704081: 4.565230846405029
LOSS 704081: 4.5026469230651855
LOSS 704081: 4.474328517913818
LOSS 704081: 4.458526611328125
LOSS 704081: 4.517075538635254
LOSS 704081: 4.475184440612793
LOSS 704081: 4.516026496887207
LOSS 704081: 4.503448486328125
LOSS 704081: 4.494302749633789
LOSS 704081: 4.500880241394043
LOSS 704081: 4.504397392272949
LOSS 704081: 4.513980865478516
LOSS 704081: 4.507516860961914
LOSS 704081: 4.495018005371094
LOSS 704081: 4.519289970397949
LOSS 704081: 4.457415580749512
LOSS 704081: 4.460031509399414
LOSS 704081: 4.5429205894470215
LOSS 704081: 4.4944939613342285
LOSS 704081: 4.509136199951172
LOSS 704081: 4.459994316101074
LOSS 704081: 4.504561424255371
LOSS 704081: 4.479330062866211
LOSS 704081: 4.506176948547363
LOSS 704081: 4.526482105255127
LOSS 704081: 4.536167621612549
LOSS 704081: 4.465618133544922
LOSS 704081: 4.511265754699707
LOSS 704081: 4.478731155395508
LOSS 704081: 4.520195484161377
LOSS 704081: 4.479824542999268
LOSS 704081: 4.437889099121094
LOSS 704081: 4.453448295593262
LOSS 704081: 4.507597923278809
LOSS 704081: 4.47372579574585
LOSS 704081: 4.47593355178833
LOSS 704081: 4.507217884063721
LOSS 704081: 4.505429267883301
LOSS 704081: 4.490029335021973
LOSS 704081: 4.492515563964844
LOSS 704081: 4.502469062805176
LOSS 704081: 4.4823408126831055
LOSS 704081: 4.478930473327637
LOSS 704081: 4.498869895935059
LOSS 704081: 4.489082336425781
LOSS 704081: 4.506513595581055
LOSS 704081: 4.474395751953125
LOSS 704081: 4.47950553894043
LOSS 704081: 4.461182594299316
LOSS 704081: 4.500092029571533
LOSS 704081: 4.44022798538208
LOSS 704081: 4.466117858886719
LOSS 704081: 4.52888298034668
LOSS 704081: 4.482555389404297
LOSS 704081: 4.483051300048828
LOSS 704081: 4.438260078430176
LOSS 704081: 4.521947860717773
LOSS 704081: 4.490002632141113
LOSS 704081: 4.445638656616211
LOSS 704081: 4.444733619689941
LOSS 704081: 4.43730354309082
LOSS 704081: 4.470353126525879
LOSS 704081: 4.483814716339111
LOSS 704081: 4.466878890991211
LOSS 704081: 4.499464511871338
LOSS 704081: 4.454878330230713
LOSS 704081: 4.457337379455566
LOSS 704081: 4.460824489593506
LOSS 704081: 4.487770080566406
LOSS 704081: 4.464247703552246
LOSS 704081: 4.472519874572754
LOSS 704081: 4.438912391662598
LOSS 704081: 4.461374282836914
LOSS 704081: 4.517735958099365
LOSS 704081: 4.431634902954102
LOSS 704081: 4.474250793457031
LOSS 704081: 4.511104106903076
LOSS 704081: 4.474115371704102
LOSS 704081: 4.481081962585449
LOSS 704081: 4.483401775360107
LOSS 704081: 4.5254082679748535
LOSS 704081: 4.464906215667725
LOSS 704081: 4.466920852661133
LOSS 704081: 4.414583206176758
LOSS 704081: 4.444195747375488
LOSS 704081: 4.430569648742676
LOSS 704081: 4.459980010986328
LOSS 704081: 4.463626384735107
LOSS 704081: 4.467249870300293
LOSS 704081: 4.440132141113281
LOSS 704081: 4.444217681884766
LOSS 704081: 4.448736190795898
LOSS 704081: 4.510176658630371
LOSS 704081: 4.442184925079346
LOSS 704081: 4.488824844360352
LOSS 704081: 4.472357749938965
LOSS 704081: 4.4820733070373535
LOSS 704081: 4.490792274475098
LOSS 704081: 4.468726634979248
LOSS 704081: 4.460569381713867
LOSS 704081: 4.4283952713012695
LOSS 704081: 4.512454509735107
LOSS 704081: 4.446398735046387
LOSS 704081: 4.450571060180664
LOSS 704081: 4.432672500610352
LOSS 704081: 4.440177917480469
LOSS 704081: 4.447124481201172
LOSS 704081: 4.409109115600586
LOSS 704081: 4.489664077758789
LOSS 704081: 4.407188415527344
LOSS 704081: 4.455379486083984
LOSS 704081: 4.50698184967041
LOSS 704081: 4.412221431732178
LOSS 704081: 4.42817497253418
LOSS 704081: 4.446441650390625
LOSS 704081: 4.418907165527344
LOSS 704081: 4.4880194664001465
LOSS 704081: 4.404868125915527
LOSS 704081: 4.44089412689209
LOSS 704081: 4.406722068786621
LOSS 704081: 4.44448184967041
LOSS 704081: 4.404953479766846
LOSS 704081: 4.412818908691406
LOSS 704081: 4.493631362915039
LOSS 704081: 4.4488019943237305
LOSS 704081: 4.430769920349121
LOSS 704081: 4.444394588470459
LOSS 704081: 4.413492202758789
LOSS 704081: 4.442261695861816
LOSS 704081: 4.4409708976745605
LOSS 704081: 4.462976455688477
LOSS 704081: 4.473407745361328
LOSS 704081: 4.45410680770874
LOSS 704081: 4.469653129577637
LOSS 704081: 4.406359672546387
LOSS 704081: 4.426989555358887
LOSS 704081: 4.391101360321045
LOSS 704081: 4.4619340896606445
LOSS 704081: 4.412927150726318
LOSS 704081: 4.482055187225342
LOSS 704081: 4.477025985717773
LOSS 704081: 4.472908020019531
LOSS 704081: 4.39206075668335
LOSS 704081: 4.43337345123291
LOSS 704081: 4.428755760192871
LOSS 704081: 4.451415061950684
LOSS 704081: 4.395717144012451
LOSS 704081: 4.485503196716309
LOSS 704081: 4.406681060791016
LOSS 704081: 4.4596662521362305
LOSS 704081: 4.4097442626953125
LOSS 704081: 4.4233245849609375
LOSS 704081: 4.435468673706055
LOSS 704081: 4.400046348571777
LOSS 704081: 4.444645881652832
LOSS 704081: 4.461165428161621
LOSS 704081: 4.42397403717041
LOSS 704081: 4.444200038909912
LOSS 704081: 4.429476737976074
LOSS 704081: 4.453649520874023
LOSS 704081: 4.464715957641602
LOSS 704081: 4.421877861022949
LOSS 704081: 4.466466903686523
LOSS 704081: 4.453220367431641
LOSS 704081: 4.457127571105957
LOSS 704081: 4.457977294921875
LOSS 704081: 4.424685478210449
LOSS 704081: 4.473541736602783
LOSS 704081: 4.4305620193481445
LOSS 704081: 4.4629926681518555
LOSS 704081: 4.442691326141357
LOSS 704081: 4.403297424316406
LOSS 704081: 4.458946228027344
LOSS 704081: 4.455713272094727
LOSS 704081: 4.437783241271973
LOSS 704081: 4.386672496795654
LOSS 704081: 4.375740051269531
LOSS 704081: 4.457657337188721
LOSS 704081: 4.4505791664123535
LOSS 704081: 4.422314643859863
LOSS 704081: 4.386363983154297
LOSS 704081: 4.401200294494629
LOSS 704081: 4.415158271789551
LOSS 704081: 4.49308967590332
LOSS 704081: 4.4194536209106445
LOSS 704081: 4.393281936645508
LOSS 704081: 4.415951251983643
LOSS 704081: 4.453479290008545
LOSS 704081: 4.439261436462402
LOSS 704081: 4.44415283203125
LOSS 704081: 4.411083698272705
LOSS 704081: 4.465510368347168
LOSS 704081: 4.400341987609863
LOSS 704081: 4.429072380065918
LOSS 704081: 4.4212541580200195
LOSS 704081: 4.387110233306885
LOSS 704081: 4.389876365661621
LOSS 704081: 4.415002822875977
LOSS 704081: 4.409970283508301
LOSS 704081: 4.399102210998535
LOSS 704081: 4.416540622711182
LOSS 704081: 4.427157878875732
LOSS 704081: 4.376981735229492
LOSS 704081: 4.414806365966797
LOSS 704081: 4.445625305175781
LOSS 704081: 4.392147064208984
LOSS 704081: 4.380525588989258
LOSS 704081: 4.413879871368408
LOSS 704081: 4.389608383178711
LOSS 704081: 4.407369136810303
LOSS 704081: 4.391762733459473
LOSS 704081: 4.39107608795166
LOSS 704081: 4.4190168380737305
LOSS 704081: 4.40178108215332
LOSS 704081: 4.41555118560791
LOSS 704081: 4.434971809387207
LOSS 704081: 4.412518501281738
LOSS 704081: 4.399137020111084
LOSS 704081: 4.407583236694336
LOSS 704081: 4.415767669677734
LOSS 704081: 4.3771514892578125
LOSS 704081: 4.404230117797852
LOSS 704081: 4.371273994445801
LOSS 704081: 4.353787422180176
LOSS 704081: 4.409926414489746
LOSS 704081: 4.386019706726074
LOSS 704081: 4.399011611938477
LOSS 704081: 4.408761978149414
LOSS 704081: 4.422205448150635
LOSS 704081: 4.411642074584961
LOSS 704081: 4.410083293914795
LOSS 704081: 4.406037330627441
LOSS 704081: 4.4052886962890625
LOSS 704081: 4.438787460327148
LOSS 704081: 4.402074337005615
LOSS 704081: 4.389596939086914
LOSS 704081: 4.3948564529418945
LOSS 704081: 4.4489641189575195
LOSS 704081: 4.367607116699219
LOSS 704081: 4.34715461730957
LOSS 704081: 4.403819561004639
LOSS 704081: 4.394172668457031
LOSS 704081: 4.382037162780762
LOSS 704081: 4.4020795822143555
LOSS 704081: 4.405923366546631
LOSS 704081: 4.401858806610107
LOSS 704081: 4.348884582519531
LOSS 704081: 4.403259754180908
LOSS 704081: 4.419192790985107
LOSS 704081: 4.405216217041016
LOSS 704081: 4.394423484802246
LOSS 704081: 4.381399154663086
LOSS 704081: 4.413942337036133
LOSS 704081: 4.397885322570801
LOSS 704081: 4.392940521240234
LOSS 704081: 4.463871479034424
LOSS 704081: 4.391279220581055
LOSS 704081: 4.387178897857666
LOSS 704081: 4.352603912353516
LOSS 704081: 4.396175384521484
LOSS 704081: 4.425629615783691
LOSS 704081: 4.384596347808838
LOSS 704081: 4.374692916870117
LOSS 704081: 4.409524917602539
LOSS 704081: 4.421167850494385
LOSS 704081: 4.367804050445557
LOSS 704081: 4.377544403076172
LOSS 704081: 4.389342308044434
LOSS 704081: 4.387870788574219
LOSS 704081: 4.395982265472412
LOSS 704081: 4.360807418823242
LOSS 704081: 4.386308670043945
LOSS 704081: 4.36509895324707
LOSS 704081: 4.346395015716553
LOSS 704081: 4.411088943481445
LOSS 704081: 4.363509178161621
LOSS 704081: 4.340019226074219
LOSS 704081: 4.384344100952148
LOSS 704081: 4.358424663543701
LOSS 704081: 4.3530497550964355
LOSS 704081: 4.352912902832031
LOSS 704081: 4.396772861480713
LOSS 704081: 4.360452651977539
LOSS 704081: 4.365085601806641
LOSS 704081: 4.366198539733887
LOSS 704081: 4.375637054443359
LOSS 704081: 4.410950183868408
LOSS 704081: 4.413120269775391
LOSS 704081: 4.410717010498047
LOSS 704081: 4.386086463928223
LOSS 704081: 4.332070827484131
LOSS 704081: 4.348357200622559
LOSS 704081: 4.348383903503418
LOSS 704081: 4.339900016784668
LOSS 704081: 4.359506607055664
LOSS 704081: 4.366785049438477
LOSS 704081: 4.387144088745117
LOSS 704081: 4.353329658508301
LOSS 704081: 4.354153633117676
LOSS 704081: 4.363588333129883
LOSS 704081: 4.403999328613281
LOSS 704081: 4.378116607666016
LOSS 704081: 4.379702091217041
LOSS 704081: 4.372759819030762
LOSS 704081: 4.361729621887207
LOSS 704081: 4.368713855743408
LOSS 704081: 4.407268047332764
LOSS 704081: 4.3995442390441895
LOSS 704081: 4.358821392059326
LOSS 704081: 4.310722351074219
LOSS 704081: 4.356627464294434
LOSS 704081: 4.3837127685546875
LOSS 704081: 4.365571022033691
LOSS 704081: 4.352937698364258
LOSS 704081: 4.304461479187012
LOSS 704081: 4.3488054275512695
LOSS 704081: 4.344839096069336
LOSS 704081: 4.315551280975342
LOSS 704081: 4.398870468139648
LOSS 704081: 4.351290702819824
LOSS 704081: 4.374672889709473
LOSS 704081: 4.3412652015686035
LOSS 704081: 4.344785213470459
LOSS 704081: 4.378225326538086
LOSS 704081: 4.385990142822266
LOSS 704081: 4.360697269439697
LOSS 704081: 4.4048004150390625
LOSS 704081: 4.333429336547852
LOSS 704081: 4.350980758666992
LOSS 704081: 4.3612141609191895
LOSS 704081: 4.371421813964844
LOSS 704081: 4.296699523925781
LOSS 704081: 4.346469402313232
LOSS 704081: 4.321774482727051
LOSS 704081: 4.39393424987793
LOSS 704081: 4.377249717712402
LOSS 704081: 4.358827590942383
LOSS 704081: 4.322864055633545
LOSS 704081: 4.369049072265625
LOSS 704081: 4.3571624755859375
LOSS 704081: 4.3471198081970215
LOSS 704081: 4.326613903045654
LOSS 704081: 4.308150768280029
LOSS 704081: 4.337421417236328
LOSS 704081: 4.354920387268066
LOSS 704081: 4.351021766662598
LOSS 704081: 4.350127220153809
LOSS 704081: 4.36367130279541
LOSS 704081: 4.354684829711914
LOSS 704081: 4.377520561218262
LOSS 704081: 4.381290435791016
LOSS 704081: 4.33314323425293
LOSS 704081: 4.32724666595459
LOSS 704081: 4.365019798278809
LOSS 704081: 4.367989540100098
LOSS 704081: 4.342769622802734
LOSS 704081: 4.324217796325684
LOSS 704081: 4.316550254821777
LOSS 704081: 4.354856967926025
LOSS 704081: 4.349517822265625
LOSS 704081: 4.342628002166748
LOSS 704081: 4.328741073608398
LOSS 704081: 4.374040603637695
LOSS 704081: 4.346991062164307
LOSS 704081: 4.4077467918396
LOSS 704081: 4.3301520347595215
LOSS 704081: 4.345617294311523
LOSS 704081: 4.367197036743164
LOSS 704081: 4.330291748046875
LOSS 704081: 4.360001564025879
LOSS 704081: 4.335047245025635
LOSS 704081: 4.365077495574951
LOSS 704081: 4.378715515136719
LOSS 704081: 4.362421035766602
LOSS 704081: 4.385560989379883
LOSS 704081: 4.325194358825684
LOSS 704081: 4.332564353942871
LOSS 704081: 4.342067718505859
LOSS 704081: 4.35823917388916
LOSS 704081: 4.366949081420898
LOSS 704081: 4.321516036987305
LOSS 704081: 4.360201358795166
LOSS 704081: 4.294215202331543
LOSS 704081: 4.351592063903809
LOSS 704081: 4.362209320068359
LOSS 704081: 4.338366508483887
LOSS 704081: 4.359135150909424
LOSS 704081: 4.383058547973633
LOSS 704081: 4.340322494506836
LOSS 704081: 4.344097137451172
LOSS 704081: 4.338014602661133
LOSS 704081: 4.330624103546143
LOSS 704081: 4.337259292602539
LOSS 704081: 4.344074249267578
LOSS 704081: 4.326169013977051
LOSS 704081: 4.31113862991333
LOSS 704081: 4.344210624694824
LOSS 704081: 4.339405059814453
LOSS 704081: 4.348405838012695
LOSS 704081: 4.357838153839111
LOSS 704081: 4.27970027923584
LOSS 704081: 4.302491188049316
LOSS 704081: 4.364993095397949
LOSS 704081: 4.349878311157227
LOSS 704081: 4.326682090759277
LOSS 704081: 4.276946067810059
LOSS 704081: 4.347297668457031
LOSS 704081: 4.313629150390625
LOSS 704081: 4.322161674499512
LOSS 704081: 4.277950286865234
LOSS 704081: 4.313916206359863
LOSS 704081: 4.288571834564209
LOSS 704081: 4.3028106689453125
LOSS 704081: 4.291877746582031
LOSS 704081: 4.349362373352051
LOSS 704081: 4.327880859375
LOSS 704081: 4.3103227615356445
LOSS 704081: 4.349005699157715
LOSS 704081: 4.323760032653809
LOSS 704081: 4.36327600479126
LOSS 704081: 4.316964149475098
LOSS 704081: 4.309813976287842
LOSS 704081: 4.325560569763184
LOSS 704081: 4.30070686340332
LOSS 704081: 4.299524784088135
LOSS 704081: 4.3498382568359375
LOSS 704081: 4.292097091674805
LOSS 704081: 4.327564716339111
LOSS 704081: 4.339909553527832
LOSS 704081: 4.32041072845459
LOSS 704081: 4.334112167358398
LOSS 704081: 4.298137664794922
LOSS 704081: 4.3529205322265625
LOSS 704081: 4.323638916015625
LOSS 704081: 4.301824569702148
LOSS 704081: 4.325821876525879
LOSS 704081: 4.307814598083496
LOSS 704081: 4.288430213928223
LOSS 704081: 4.341636657714844
LOSS 704081: 4.349997043609619
LOSS 704081: 4.308043479919434
LOSS 704081: 4.3319549560546875
LOSS 704081: 4.299801826477051
LOSS 704081: 4.320772171020508
LOSS 704081: 4.3018693923950195
LOSS 704081: 4.339892387390137
LOSS 704081: 4.304018020629883
LOSS 704081: 4.307858467102051
LOSS 704081: 4.295258522033691
LOSS 704081: 4.325697422027588
LOSS 704081: 4.330134391784668
LOSS 704081: 4.334511756896973
LOSS 704081: 4.357334136962891
LOSS 704081: 4.335529327392578
LOSS 704081: 4.284228324890137
LOSS 704081: 4.307409763336182
LOSS 704081: 4.267726898193359
LOSS 704081: 4.283041954040527
LOSS 704081: 4.318205833435059
LOSS 704081: 4.3028974533081055
LOSS 704081: 4.26183557510376
LOSS 704081: 4.312585830688477
LOSS 704081: 4.299727439880371
LOSS 704081: 4.315201759338379
LOSS 704081: 4.285006523132324
LOSS 704081: 4.278022766113281
LOSS 704081: 4.311161994934082
LOSS 704081: 4.33203125
LOSS 704081: 4.32487678527832
LOSS 704081: 4.306502819061279
LOSS 704081: 4.367115497589111
LOSS 704081: 4.308074951171875
LOSS 704081: 4.282505035400391
LOSS 704081: 4.312032699584961
LOSS 704081: 4.322811126708984
LOSS 704081: 4.27156925201416
LOSS 704081: 4.282358169555664
LOSS 704081: 4.281571388244629
LOSS 704081: 4.268947124481201
LOSS 704081: 4.292364120483398
LOSS 704081: 4.31767463684082
LOSS 704081: 4.281468391418457
LOSS 704081: 4.301424026489258
LOSS 704081: 4.245861530303955
LOSS 704081: 4.285573959350586
LOSS 704081: 4.314526557922363
LOSS 704081: 4.285715103149414
LOSS 704081: 4.328766822814941
LOSS 704081: 4.335013389587402
LOSS 704081: 4.320626258850098
LOSS 704081: 4.300185203552246
LOSS 704081: 4.344781875610352
LOSS 704081: 4.269278526306152
LOSS 704081: 4.323530197143555
LOSS 704081: 4.278715133666992
LOSS 704081: 4.284786224365234
LOSS 704081: 4.283702373504639
LOSS 704081: 4.298081874847412
LOSS 704081: 4.283001899719238
LOSS 704081: 4.261183738708496
LOSS 704081: 4.254201889038086
LOSS 704081: 4.303678512573242
LOSS 704081: 4.287121295928955
LOSS 704081: 4.274238586425781
LOSS 704081: 4.2548933029174805
LOSS 704081: 4.3056440353393555
LOSS 704081: 4.291958808898926
LOSS 704081: 4.308852195739746
LOSS 704081: 4.243190288543701
LOSS 704081: 4.264453887939453
LOSS 704081: 4.228440761566162
LOSS 704081: 4.290256500244141
LOSS 704081: 4.294816970825195
LOSS 704081: 4.304328918457031
LOSS 704081: 4.320972442626953
LOSS 704081: 4.254664421081543
LOSS 704081: 4.338474273681641
LOSS 704081: 4.321342468261719
LOSS 704081: 4.264150142669678
LOSS 704081: 4.2481231689453125
LOSS 704081: 4.252799034118652
LOSS 704081: 4.271231651306152
LOSS 704081: 4.308933258056641
LOSS 704081: 4.308526039123535
LOSS 704081: 4.287489414215088
LOSS 704081: 4.283750534057617
LOSS 704081: 4.250043869018555
LOSS 704081: 4.272934913635254
LOSS 704081: 4.273777484893799
LOSS 704081: 4.297335624694824
LOSS 704081: 4.323095321655273
LOSS 704081: 4.289700508117676
LOSS 704081: 4.2947845458984375
LOSS 704081: 4.309640884399414
LOSS 704081: 4.282471656799316
LOSS 704081: 4.251883506774902
LOSS 704081: 4.277535915374756
LOSS 704081: 4.254506587982178
LOSS 704081: 4.295663833618164
[2025-05-10 17:36:03] Running iteration 2 of 10000
